######  Start fixing tests  /home/donghwan/defects4j/framework/util/fix_test_suite.pl: 2017-07-19 14:04:35  ######
- Found 1 test archive(s)
######  End fixing tests  /home/donghwan/defects4j/framework/util/fix_test_suite.pl: 2017-07-19 14:05:25  ######
######  Start fixing tests  /home/donghwan/defects4j/framework/util/fix_test_suite.pl: 2017-07-19 14:09:57  ######
- Found 1 test archive(s)
######  End fixing tests  /home/donghwan/defects4j/framework/util/fix_test_suite.pl: 2017-07-19 14:10:43  ######
######  Start fixing tests  /home/donghwan/defects4j/framework/util/fix_test_suite.pl: 2017-07-19 14:17:09  ######
- Found 1 test archive(s)
######  End fixing tests  /home/donghwan/defects4j/framework/util/fix_test_suite.pl: 2017-07-19 14:18:00  ######
######  Start fixing tests  /home/donghwan/defects4j/framework/util/fix_test_suite.pl: 2017-07-19 14:19:20  ######
- Found 1 test archive(s)
 - Removing 1 test methods: Math-4f-evosuite-branch.4.tar.bz2
--- org.apache.commons.math3.geometry.euclidean.twod.SubLine_ESTest11::test11
junit.framework.AssertionFailedError: expected:<PLUS> but was:<HYPER>
	at org.junit.Assert.fail(Assert.java:88)
	at org.junit.Assert.failNotEquals(Assert.java:743)
	at org.junit.Assert.assertEquals(Assert.java:118)
	at org.junit.Assert.assertEquals(Assert.java:144)
	at org.apache.commons.math3.geometry.euclidean.twod.SubLine_ESTest11.test11(SubLine_ESTest11.java:44)
	at sun.reflect.NativeMethodAccessorImpl.invoke0(Native Method)
	at sun.reflect.NativeMethodAccessorImpl.invoke(NativeMethodAccessorImpl.java:57)
	at sun.reflect.DelegatingMethodAccessorImpl.invoke(DelegatingMethodAccessorImpl.java:43)
	at java.lang.reflect.Method.invoke(Method.java:606)
	at org.junit.runners.model.FrameworkMethod$1.runReflectiveCall(FrameworkMethod.java:47)
	at org.junit.internal.runners.model.ReflectiveCallable.run(ReflectiveCallable.java:12)
	at org.junit.runners.model.FrameworkMethod.invokeExplosively(FrameworkMethod.java:44)
	at org.junit.internal.runners.statements.InvokeMethod.evaluate(InvokeMethod.java:17)
	at org.junit.internal.runners.statements.RunBefores.evaluate(RunBefores.java:26)
	at org.junit.internal.runners.statements.RunAfters.evaluate(RunAfters.java:27)
	at org.junit.internal.runners.statements.FailOnTimeout$StatementThread.run(FailOnTimeout.java:74)
######  End fixing tests  /home/donghwan/defects4j/framework/util/fix_test_suite.pl: 2017-07-19 14:20:17  ######
######  Start fixing tests  /home/donghwan/defects4j/framework/util/fix_test_suite.pl: 2017-07-19 14:27:19  ######
- Found 1 test archive(s)
######  End fixing tests  /home/donghwan/defects4j/framework/util/fix_test_suite.pl: 2017-07-19 14:28:11  ######
######  Start fixing tests  /home/donghwan/defects4j/framework/util/fix_test_suite.pl: 2017-07-19 15:05:18  ######
- Found 1 test archive(s)
######  End fixing tests  /home/donghwan/defects4j/framework/util/fix_test_suite.pl: 2017-07-19 15:06:27  ######
######  Start fixing tests  /home/donghwan/defects4j/framework/util/fix_test_suite.pl: 2017-07-19 15:12:01  ######
- Found 1 test archive(s)
######  End fixing tests  /home/donghwan/defects4j/framework/util/fix_test_suite.pl: 2017-07-19 15:12:49  ######
######  Start fixing tests  /home/donghwan/defects4j/framework/util/fix_test_suite.pl: 2017-07-19 15:18:26  ######
- Found 1 test archive(s)
######  End fixing tests  /home/donghwan/defects4j/framework/util/fix_test_suite.pl: 2017-07-19 15:19:27  ######
######  Start fixing tests  /home/donghwan/defects4j/framework/util/fix_test_suite.pl: 2017-07-19 15:20:14  ######
- Found 1 test archive(s)
######  End fixing tests  /home/donghwan/defects4j/framework/util/fix_test_suite.pl: 2017-07-19 15:21:23  ######
######  Start fixing tests  /home/donghwan/defects4j/framework/util/fix_test_suite.pl: 2017-07-19 15:37:10  ######
- Found 0 test archive(s)
######  End fixing tests  /home/donghwan/defects4j/framework/util/fix_test_suite.pl: 2017-07-19 15:37:10  ######
######  Start fixing tests  /home/donghwan/defects4j/framework/util/fix_test_suite.pl: 2017-07-19 15:37:55  ######
- Found 1 test archive(s)
######  End fixing tests  /home/donghwan/defects4j/framework/util/fix_test_suite.pl: 2017-07-19 15:38:40  ######
######  Start fixing tests  /home/donghwan/defects4j/framework/util/fix_test_suite.pl: 2017-07-19 15:39:36  ######
- Found 1 test archive(s)
######  End fixing tests  /home/donghwan/defects4j/framework/util/fix_test_suite.pl: 2017-07-19 15:40:18  ######
######  Start fixing tests  /home/donghwan/defects4j/framework/util/fix_test_suite.pl: 2017-07-19 15:40:38  ######
- Found 0 test archive(s)
######  End fixing tests  /home/donghwan/defects4j/framework/util/fix_test_suite.pl: 2017-07-19 15:40:38  ######
######  Start fixing tests  /home/donghwan/defects4j/framework/util/fix_test_suite.pl: 2017-07-19 15:46:24  ######
- Found 1 test archive(s)
######  End fixing tests  /home/donghwan/defects4j/framework/util/fix_test_suite.pl: 2017-07-19 15:47:09  ######
######  Start fixing tests  /home/donghwan/defects4j/framework/util/fix_test_suite.pl: 2017-07-19 15:54:17  ######
- Found 1 test archive(s)
 - Removing 1 test methods: Math-15f-evosuite-branch.4.tar.bz2
--- org.apache.commons.math3.util.FastMath_ESTest2::test002
junit.framework.AssertionFailedError: expected:<710.1881780014921> but was:<NaN>
	at org.junit.Assert.fail(Assert.java:88)
	at org.junit.Assert.failNotEquals(Assert.java:743)
	at org.junit.Assert.assertEquals(Assert.java:494)
	at org.junit.Assert.assertEquals(Assert.java:592)
	at org.apache.commons.math3.util.FastMath_ESTest2.test002(FastMath_ESTest2.java:26)
	at sun.reflect.NativeMethodAccessorImpl.invoke0(Native Method)
	at sun.reflect.NativeMethodAccessorImpl.invoke(NativeMethodAccessorImpl.java:57)
	at sun.reflect.DelegatingMethodAccessorImpl.invoke(DelegatingMethodAccessorImpl.java:43)
	at java.lang.reflect.Method.invoke(Method.java:606)
	at org.junit.runners.model.FrameworkMethod$1.runReflectiveCall(FrameworkMethod.java:47)
	at org.junit.internal.runners.model.ReflectiveCallable.run(ReflectiveCallable.java:12)
	at org.junit.runners.model.FrameworkMethod.invokeExplosively(FrameworkMethod.java:44)
	at org.junit.internal.runners.statements.InvokeMethod.evaluate(InvokeMethod.java:17)
	at org.junit.internal.runners.statements.RunBefores.evaluate(RunBefores.java:26)
	at org.junit.internal.runners.statements.RunAfters.evaluate(RunAfters.java:27)
	at org.junit.internal.runners.statements.FailOnTimeout$StatementThread.run(FailOnTimeout.java:74)
######  End fixing tests  /home/donghwan/defects4j/framework/util/fix_test_suite.pl: 2017-07-19 15:55:31  ######
######  Start fixing tests  /home/donghwan/defects4j/framework/util/fix_test_suite.pl: 2017-07-19 16:02:50  ######
- Found 1 test archive(s)
 - Removing 2 test methods: Math-16f-evosuite-branch.4.tar.bz2
--- org.apache.commons.math3.util.FastMath_ESTest3::test003
junit.framework.AssertionFailedError: expected:<710.1881780014921> but was:<NaN>
	at org.junit.Assert.fail(Assert.java:88)
	at org.junit.Assert.failNotEquals(Assert.java:743)
	at org.junit.Assert.assertEquals(Assert.java:494)
	at org.junit.Assert.assertEquals(Assert.java:592)
	at org.apache.commons.math3.util.FastMath_ESTest3.test003(FastMath_ESTest3.java:26)
	at sun.reflect.NativeMethodAccessorImpl.invoke0(Native Method)
	at sun.reflect.NativeMethodAccessorImpl.invoke(NativeMethodAccessorImpl.java:57)
	at sun.reflect.DelegatingMethodAccessorImpl.invoke(DelegatingMethodAccessorImpl.java:43)
	at java.lang.reflect.Method.invoke(Method.java:606)
	at org.junit.runners.model.FrameworkMethod$1.runReflectiveCall(FrameworkMethod.java:47)
	at org.junit.internal.runners.model.ReflectiveCallable.run(ReflectiveCallable.java:12)
	at org.junit.runners.model.FrameworkMethod.invokeExplosively(FrameworkMethod.java:44)
	at org.junit.internal.runners.statements.InvokeMethod.evaluate(InvokeMethod.java:17)
	at org.junit.internal.runners.statements.RunBefores.evaluate(RunBefores.java:26)
	at org.junit.internal.runners.statements.RunAfters.evaluate(RunAfters.java:27)
	at org.junit.internal.runners.statements.FailOnTimeout$StatementThread.run(FailOnTimeout.java:74)
--- org.apache.commons.math3.util.FastMath_ESTest50::test050
junit.framework.AssertionFailedError: expected:<3.708456430845337E-309> but was:<NaN>
	at org.junit.Assert.fail(Assert.java:88)
	at org.junit.Assert.failNotEquals(Assert.java:743)
	at org.junit.Assert.assertEquals(Assert.java:494)
	at org.junit.Assert.assertEquals(Assert.java:592)
	at org.apache.commons.math3.util.FastMath_ESTest50.test050(FastMath_ESTest50.java:26)
	at sun.reflect.NativeMethodAccessorImpl.invoke0(Native Method)
	at sun.reflect.NativeMethodAccessorImpl.invoke(NativeMethodAccessorImpl.java:57)
	at sun.reflect.DelegatingMethodAccessorImpl.invoke(DelegatingMethodAccessorImpl.java:43)
	at java.lang.reflect.Method.invoke(Method.java:606)
	at org.junit.runners.model.FrameworkMethod$1.runReflectiveCall(FrameworkMethod.java:47)
	at org.junit.internal.runners.model.ReflectiveCallable.run(ReflectiveCallable.java:12)
	at org.junit.runners.model.FrameworkMethod.invokeExplosively(FrameworkMethod.java:44)
	at org.junit.internal.runners.statements.InvokeMethod.evaluate(InvokeMethod.java:17)
	at org.junit.internal.runners.statements.RunBefores.evaluate(RunBefores.java:26)
	at org.junit.internal.runners.statements.RunAfters.evaluate(RunAfters.java:27)
	at org.junit.internal.runners.statements.FailOnTimeout$StatementThread.run(FailOnTimeout.java:74)
######  End fixing tests  /home/donghwan/defects4j/framework/util/fix_test_suite.pl: 2017-07-19 16:04:10  ######
######  Start fixing tests  /home/donghwan/defects4j/framework/util/fix_test_suite.pl: 2017-07-19 16:19:23  ######
- Found 0 test archive(s)
######  End fixing tests  /home/donghwan/defects4j/framework/util/fix_test_suite.pl: 2017-07-19 16:19:23  ######
######  Start fixing tests  /home/donghwan/defects4j/framework/util/fix_test_suite.pl: 2017-07-19 16:33:24  ######
- Found 1 test archive(s)
 - Removing 4 test methods: Math-18f-evosuite-branch.4.tar.bz2
--- org.apache.commons.math3.optimization.direct.CMAESOptimizer_ESTest19::test19
org.apache.commons.math3.exception.DimensionMismatchException: 2 != 3
--- org.apache.commons.math3.optimization.direct.CMAESOptimizer_ESTest2::test02
org.evosuite.runtime.TooManyResourcesException: Loop has been executed more times than the allowed 100000
	at org.evosuite.runtime.LoopCounter.checkLoop(LoopCounter.java:82)
	at org.apache.commons.math3.linear.Array2DRowRealMatrix.getColumnDimension(Array2DRowRealMatrix.java:345)
	at org.apache.commons.math3.linear.MatrixUtils.checkColumnIndex(MatrixUtils.java:418)
	at org.apache.commons.math3.linear.MatrixUtils.checkMatrixIndex(MatrixUtils.java:390)
	at org.apache.commons.math3.linear.Array2DRowRealMatrix.getEntry(Array2DRowRealMatrix.java:306)
	at org.apache.commons.math3.linear.AbstractRealMatrix.multiply(AbstractRealMatrix.java:151)
	at org.apache.commons.math3.optimization.direct.CMAESOptimizer.updateCovariance(CMAESOptimizer.java:755)
	at org.apache.commons.math3.optimization.direct.CMAESOptimizer.doOptimize(CMAESOptimizer.java:413)
	at org.apache.commons.math3.optimization.direct.BaseAbstractMultivariateOptimizer.optimizeInternal(BaseAbstractMultivariateOptimizer.java:148)
	at org.apache.commons.math3.optimization.direct.BaseAbstractMultivariateOptimizer.optimize(BaseAbstractMultivariateOptimizer.java:105)
	at org.apache.commons.math3.optimization.direct.BaseAbstractMultivariateSimpleBoundsOptimizer.optimize(BaseAbstractMultivariateSimpleBoundsOptimizer.java:140)
	at org.apache.commons.math3.optimization.direct.BaseAbstractMultivariateSimpleBoundsOptimizer.optimize(BaseAbstractMultivariateSimpleBoundsOptimizer.java:87)
	at org.apache.commons.math3.optimization.direct.CMAESOptimizer_ESTest2.test02(CMAESOptimizer_ESTest2.java:61)
	at sun.reflect.NativeMethodAccessorImpl.invoke0(Native Method)
	at sun.reflect.NativeMethodAccessorImpl.invoke(NativeMethodAccessorImpl.java:57)
	at sun.reflect.DelegatingMethodAccessorImpl.invoke(DelegatingMethodAccessorImpl.java:43)
	at java.lang.reflect.Method.invoke(Method.java:606)
	at org.junit.runners.model.FrameworkMethod$1.runReflectiveCall(FrameworkMethod.java:47)
	at org.junit.internal.runners.model.ReflectiveCallable.run(ReflectiveCallable.java:12)
	at org.junit.runners.model.FrameworkMethod.invokeExplosively(FrameworkMethod.java:44)
	at org.junit.internal.runners.statements.InvokeMethod.evaluate(InvokeMethod.java:17)
	at org.junit.internal.runners.statements.RunBefores.evaluate(RunBefores.java:26)
	at org.junit.internal.runners.statements.RunAfters.evaluate(RunAfters.java:27)
	at org.junit.internal.runners.statements.FailOnTimeout$StatementThread.run(FailOnTimeout.java:74)
--- org.apache.commons.math3.optimization.direct.CMAESOptimizer_ESTest3::test03
org.evosuite.runtime.TooManyResourcesException: Loop has been executed more times than the allowed 100000
	at org.evosuite.runtime.LoopCounter.checkLoop(LoopCounter.java:82)
	at org.apache.commons.math3.linear.Array2DRowRealMatrix.getColumnDimension(Array2DRowRealMatrix.java:345)
	at org.apache.commons.math3.linear.MatrixUtils.checkColumnIndex(MatrixUtils.java:418)
	at org.apache.commons.math3.linear.MatrixUtils.checkMatrixIndex(MatrixUtils.java:390)
	at org.apache.commons.math3.linear.Array2DRowRealMatrix.getEntry(Array2DRowRealMatrix.java:306)
	at org.apache.commons.math3.linear.AbstractRealMatrix.multiply(AbstractRealMatrix.java:151)
	at org.apache.commons.math3.optimization.direct.CMAESOptimizer.updateCovariance(CMAESOptimizer.java:755)
	at org.apache.commons.math3.optimization.direct.CMAESOptimizer.doOptimize(CMAESOptimizer.java:413)
	at org.apache.commons.math3.optimization.direct.BaseAbstractMultivariateOptimizer.optimizeInternal(BaseAbstractMultivariateOptimizer.java:148)
	at org.apache.commons.math3.optimization.direct.BaseAbstractMultivariateOptimizer.optimize(BaseAbstractMultivariateOptimizer.java:105)
	at org.apache.commons.math3.optimization.direct.BaseAbstractMultivariateSimpleBoundsOptimizer.optimize(BaseAbstractMultivariateSimpleBoundsOptimizer.java:140)
	at org.apache.commons.math3.optimization.direct.BaseAbstractMultivariateSimpleBoundsOptimizer.optimize(BaseAbstractMultivariateSimpleBoundsOptimizer.java:87)
	at org.apache.commons.math3.optimization.direct.CMAESOptimizer_ESTest3.test03(CMAESOptimizer_ESTest3.java:61)
	at sun.reflect.NativeMethodAccessorImpl.invoke0(Native Method)
	at sun.reflect.NativeMethodAccessorImpl.invoke(NativeMethodAccessorImpl.java:57)
	at sun.reflect.DelegatingMethodAccessorImpl.invoke(DelegatingMethodAccessorImpl.java:43)
	at java.lang.reflect.Method.invoke(Method.java:606)
	at org.junit.runners.model.FrameworkMethod$1.runReflectiveCall(FrameworkMethod.java:47)
	at org.junit.internal.runners.model.ReflectiveCallable.run(ReflectiveCallable.java:12)
	at org.junit.runners.model.FrameworkMethod.invokeExplosively(FrameworkMethod.java:44)
	at org.junit.internal.runners.statements.InvokeMethod.evaluate(InvokeMethod.java:17)
	at org.junit.internal.runners.statements.RunBefores.evaluate(RunBefores.java:26)
	at org.junit.internal.runners.statements.RunAfters.evaluate(RunAfters.java:27)
	at org.junit.internal.runners.statements.FailOnTimeout$StatementThread.run(FailOnTimeout.java:74)
--- org.apache.commons.math3.optimization.direct.CMAESOptimizer_ESTest7::test07
org.apache.commons.math3.exception.DimensionMismatchException: 2 != 3
######  End fixing tests  /home/donghwan/defects4j/framework/util/fix_test_suite.pl: 2017-07-19 16:35:04  ######
######  Start fixing tests  /home/donghwan/defects4j/framework/util/fix_test_suite.pl: 2017-07-19 16:50:14  ######
- Found 0 test archive(s)
######  End fixing tests  /home/donghwan/defects4j/framework/util/fix_test_suite.pl: 2017-07-19 16:50:14  ######
######  Start fixing tests  /home/donghwan/defects4j/framework/util/fix_test_suite.pl: 2017-07-19 17:05:42  ######
- Found 1 test archive(s)
######  End fixing tests  /home/donghwan/defects4j/framework/util/fix_test_suite.pl: 2017-07-19 17:06:16  ######
######  Start fixing tests  /home/donghwan/defects4j/framework/util/fix_test_suite.pl: 2017-07-19 17:07:34  ######
- Found 1 test archive(s)
######  End fixing tests  /home/donghwan/defects4j/framework/util/fix_test_suite.pl: 2017-07-19 17:08:37  ######
######  Start fixing tests  /home/donghwan/defects4j/framework/util/fix_test_suite.pl: 2017-07-19 17:10:00  ######
- Found 1 test archive(s)
 - Removing 1 test methods: Math-22f-evosuite-branch.4.tar.bz2
--- org.apache.commons.math3.distribution.UniformRealDistribution_ESTest8::test8
junit.framework.AssertionFailedError: expected:<0.0> but was:<NaN>
	at org.junit.Assert.fail(Assert.java:88)
	at org.junit.Assert.failNotEquals(Assert.java:743)
	at org.junit.Assert.assertEquals(Assert.java:494)
	at org.junit.Assert.assertEquals(Assert.java:592)
	at org.apache.commons.math3.distribution.UniformRealDistribution_ESTest8.test8(UniformRealDistribution_ESTest8.java:29)
	at sun.reflect.NativeMethodAccessorImpl.invoke0(Native Method)
	at sun.reflect.NativeMethodAccessorImpl.invoke(NativeMethodAccessorImpl.java:57)
	at sun.reflect.DelegatingMethodAccessorImpl.invoke(DelegatingMethodAccessorImpl.java:43)
	at java.lang.reflect.Method.invoke(Method.java:606)
	at org.junit.runners.model.FrameworkMethod$1.runReflectiveCall(FrameworkMethod.java:47)
	at org.junit.internal.runners.model.ReflectiveCallable.run(ReflectiveCallable.java:12)
	at org.junit.runners.model.FrameworkMethod.invokeExplosively(FrameworkMethod.java:44)
	at org.junit.internal.runners.statements.InvokeMethod.evaluate(InvokeMethod.java:17)
	at org.junit.internal.runners.statements.RunBefores.evaluate(RunBefores.java:26)
	at org.junit.internal.runners.statements.RunAfters.evaluate(RunAfters.java:27)
	at org.junit.internal.runners.statements.FailOnTimeout$StatementThread.run(FailOnTimeout.java:74)
######  End fixing tests  /home/donghwan/defects4j/framework/util/fix_test_suite.pl: 2017-07-19 17:11:18  ######
######  Start fixing tests  /home/donghwan/defects4j/framework/util/fix_test_suite.pl: 2017-07-19 18:02:51  ######
- Found 0 test archive(s)
######  End fixing tests  /home/donghwan/defects4j/framework/util/fix_test_suite.pl: 2017-07-19 18:02:51  ######
######  Start fixing tests  /home/donghwan/defects4j/framework/util/fix_test_suite.pl: 2017-07-19 18:14:01  ######
- Found 1 test archive(s)
 - Removing 3 test methods: Math-24f-evosuite-branch.4.tar.bz2
--- org.apache.commons.math3.optimization.univariate.BrentOptimizer_ESTest3::test3
junit.framework.AssertionFailedError: expected:<3> but was:<12>
	at org.junit.Assert.fail(Assert.java:88)
	at org.junit.Assert.failNotEquals(Assert.java:743)
	at org.junit.Assert.assertEquals(Assert.java:118)
	at org.junit.Assert.assertEquals(Assert.java:555)
	at org.junit.Assert.assertEquals(Assert.java:542)
	at org.apache.commons.math3.optimization.univariate.BrentOptimizer_ESTest3.test3(BrentOptimizer_ESTest3.java:36)
	at sun.reflect.NativeMethodAccessorImpl.invoke0(Native Method)
	at sun.reflect.NativeMethodAccessorImpl.invoke(NativeMethodAccessorImpl.java:57)
	at sun.reflect.DelegatingMethodAccessorImpl.invoke(DelegatingMethodAccessorImpl.java:43)
	at java.lang.reflect.Method.invoke(Method.java:606)
	at org.junit.runners.model.FrameworkMethod$1.runReflectiveCall(FrameworkMethod.java:47)
	at org.junit.internal.runners.model.ReflectiveCallable.run(ReflectiveCallable.java:12)
	at org.junit.runners.model.FrameworkMethod.invokeExplosively(FrameworkMethod.java:44)
	at org.junit.internal.runners.statements.InvokeMethod.evaluate(InvokeMethod.java:17)
	at org.junit.internal.runners.statements.RunBefores.evaluate(RunBefores.java:26)
	at org.junit.internal.runners.statements.RunAfters.evaluate(RunAfters.java:27)
	at org.junit.internal.runners.statements.FailOnTimeout$StatementThread.run(FailOnTimeout.java:74)
--- org.apache.commons.math3.optimization.univariate.BrentOptimizer_ESTest4::test4
junit.framework.AssertionFailedError: expected:<3> but was:<11>
	at org.junit.Assert.fail(Assert.java:88)
	at org.junit.Assert.failNotEquals(Assert.java:743)
	at org.junit.Assert.assertEquals(Assert.java:118)
	at org.junit.Assert.assertEquals(Assert.java:555)
	at org.junit.Assert.assertEquals(Assert.java:542)
	at org.apache.commons.math3.optimization.univariate.BrentOptimizer_ESTest4.test4(BrentOptimizer_ESTest4.java:36)
	at sun.reflect.NativeMethodAccessorImpl.invoke0(Native Method)
	at sun.reflect.NativeMethodAccessorImpl.invoke(NativeMethodAccessorImpl.java:57)
	at sun.reflect.DelegatingMethodAccessorImpl.invoke(DelegatingMethodAccessorImpl.java:43)
	at java.lang.reflect.Method.invoke(Method.java:606)
	at org.junit.runners.model.FrameworkMethod$1.runReflectiveCall(FrameworkMethod.java:47)
	at org.junit.internal.runners.model.ReflectiveCallable.run(ReflectiveCallable.java:12)
	at org.junit.runners.model.FrameworkMethod.invokeExplosively(FrameworkMethod.java:44)
	at org.junit.internal.runners.statements.InvokeMethod.evaluate(InvokeMethod.java:17)
	at org.junit.internal.runners.statements.RunBefores.evaluate(RunBefores.java:26)
	at org.junit.internal.runners.statements.RunAfters.evaluate(RunAfters.java:27)
	at org.junit.internal.runners.statements.FailOnTimeout$StatementThread.run(FailOnTimeout.java:74)
--- org.apache.commons.math3.optimization.univariate.BrentOptimizer_ESTest5::test5
junit.framework.AssertionFailedError: expected:<7> but was:<4>
	at org.junit.Assert.fail(Assert.java:88)
	at org.junit.Assert.failNotEquals(Assert.java:743)
	at org.junit.Assert.assertEquals(Assert.java:118)
	at org.junit.Assert.assertEquals(Assert.java:555)
	at org.junit.Assert.assertEquals(Assert.java:542)
	at org.apache.commons.math3.optimization.univariate.BrentOptimizer_ESTest5.test5(BrentOptimizer_ESTest5.java:36)
	at sun.reflect.NativeMethodAccessorImpl.invoke0(Native Method)
	at sun.reflect.NativeMethodAccessorImpl.invoke(NativeMethodAccessorImpl.java:57)
	at sun.reflect.DelegatingMethodAccessorImpl.invoke(DelegatingMethodAccessorImpl.java:43)
	at java.lang.reflect.Method.invoke(Method.java:606)
	at org.junit.runners.model.FrameworkMethod$1.runReflectiveCall(FrameworkMethod.java:47)
	at org.junit.internal.runners.model.ReflectiveCallable.run(ReflectiveCallable.java:12)
	at org.junit.runners.model.FrameworkMethod.invokeExplosively(FrameworkMethod.java:44)
	at org.junit.internal.runners.statements.InvokeMethod.evaluate(InvokeMethod.java:17)
	at org.junit.internal.runners.statements.RunBefores.evaluate(RunBefores.java:26)
	at org.junit.internal.runners.statements.RunAfters.evaluate(RunAfters.java:27)
	at org.junit.internal.runners.statements.FailOnTimeout$StatementThread.run(FailOnTimeout.java:74)
######  End fixing tests  /home/donghwan/defects4j/framework/util/fix_test_suite.pl: 2017-07-19 18:14:53  ######
######  Start fixing tests  /home/donghwan/defects4j/framework/util/fix_test_suite.pl: 2017-07-19 18:21:16  ######
- Found 1 test archive(s)
######  End fixing tests  /home/donghwan/defects4j/framework/util/fix_test_suite.pl: 2017-07-19 18:22:11  ######
######  Start fixing tests  /home/donghwan/defects4j/framework/util/fix_test_suite.pl: 2017-07-19 18:27:57  ######
- Found 1 test archive(s)
######  End fixing tests  /home/donghwan/defects4j/framework/util/fix_test_suite.pl: 2017-07-19 18:28:51  ######
######  Start fixing tests  /home/donghwan/defects4j/framework/util/fix_test_suite.pl: 2017-07-19 18:34:36  ######
- Found 1 test archive(s)
######  End fixing tests  /home/donghwan/defects4j/framework/util/fix_test_suite.pl: 2017-07-19 18:35:32  ######
######  Start fixing tests  /home/donghwan/defects4j/framework/util/fix_test_suite.pl: 2017-07-19 18:41:05  ######
- Found 1 test archive(s)
######  End fixing tests  /home/donghwan/defects4j/framework/util/fix_test_suite.pl: 2017-07-19 18:41:51  ######
######  Start fixing tests  /home/donghwan/defects4j/framework/util/fix_test_suite.pl: 2017-07-19 18:53:53  ######
- Found 1 test archive(s)
 - Removing 7 test methods: Math-29f-evosuite-branch.4.tar.bz2
--- org.apache.commons.math3.linear.OpenMapRealVector_ESTest1::test01
org.apache.commons.math3.exception.OutOfRangeException: index (-2,262)
--- org.apache.commons.math3.linear.OpenMapRealVector_ESTest13::test13
java.lang.UnsupportedOperationException: Not supported
	at org.apache.commons.math3.linear.OpenMapRealVector$OpenMapSparseIterator.remove(OpenMapRealVector.java:841)
	at org.apache.commons.math3.linear.OpenMapRealVector_ESTest13.test13(OpenMapRealVector_ESTest13.java:53)
	at sun.reflect.NativeMethodAccessorImpl.invoke0(Native Method)
	at sun.reflect.NativeMethodAccessorImpl.invoke(NativeMethodAccessorImpl.java:57)
	at sun.reflect.DelegatingMethodAccessorImpl.invoke(DelegatingMethodAccessorImpl.java:43)
	at java.lang.reflect.Method.invoke(Method.java:606)
	at org.junit.runners.model.FrameworkMethod$1.runReflectiveCall(FrameworkMethod.java:47)
	at org.junit.internal.runners.model.ReflectiveCallable.run(ReflectiveCallable.java:12)
	at org.junit.runners.model.FrameworkMethod.invokeExplosively(FrameworkMethod.java:44)
	at org.junit.internal.runners.statements.InvokeMethod.evaluate(InvokeMethod.java:17)
	at org.junit.internal.runners.statements.RunBefores.evaluate(RunBefores.java:26)
	at org.junit.internal.runners.statements.RunAfters.evaluate(RunAfters.java:27)
	at org.junit.internal.runners.statements.FailOnTimeout$StatementThread.run(FailOnTimeout.java:74)
--- org.apache.commons.math3.linear.OpenMapRealVector_ESTest38::test38
java.util.NoSuchElementException
	at org.apache.commons.math3.util.OpenIntToDoubleHashMap$Iterator.advance(OpenIntToDoubleHashMap.java:575)
	at org.apache.commons.math3.linear.OpenMapRealVector$OpenMapSparseIterator.next(OpenMapRealVector.java:835)
	at org.apache.commons.math3.linear.OpenMapRealVector_ESTest38.test38(OpenMapRealVector_ESTest38.java:45)
	at sun.reflect.NativeMethodAccessorImpl.invoke0(Native Method)
	at sun.reflect.NativeMethodAccessorImpl.invoke(NativeMethodAccessorImpl.java:57)
	at sun.reflect.DelegatingMethodAccessorImpl.invoke(DelegatingMethodAccessorImpl.java:43)
	at java.lang.reflect.Method.invoke(Method.java:606)
	at org.junit.runners.model.FrameworkMethod$1.runReflectiveCall(FrameworkMethod.java:47)
	at org.junit.internal.runners.model.ReflectiveCallable.run(ReflectiveCallable.java:12)
	at org.junit.runners.model.FrameworkMethod.invokeExplosively(FrameworkMethod.java:44)
	at org.junit.internal.runners.statements.InvokeMethod.evaluate(InvokeMethod.java:17)
	at org.junit.internal.runners.statements.RunBefores.evaluate(RunBefores.java:26)
	at org.junit.internal.runners.statements.RunAfters.evaluate(RunAfters.java:27)
	at org.junit.internal.runners.statements.FailOnTimeout$StatementThread.run(FailOnTimeout.java:74)
--- org.apache.commons.math3.linear.OpenMapRealVector_ESTest40::test40
org.apache.commons.math3.exception.DimensionMismatchException: 1,599 != 3,198
--- org.apache.commons.math3.linear.OpenMapRealVector_ESTest45::test45
java.lang.UnsupportedOperationException: Not supported
	at org.apache.commons.math3.linear.OpenMapRealVector$OpenMapSparseIterator.remove(OpenMapRealVector.java:841)
	at org.apache.commons.math3.linear.OpenMapRealVector_ESTest45.test45(OpenMapRealVector_ESTest45.java:52)
	at sun.reflect.NativeMethodAccessorImpl.invoke0(Native Method)
	at sun.reflect.NativeMethodAccessorImpl.invoke(NativeMethodAccessorImpl.java:57)
	at sun.reflect.DelegatingMethodAccessorImpl.invoke(DelegatingMethodAccessorImpl.java:43)
	at java.lang.reflect.Method.invoke(Method.java:606)
	at org.junit.runners.model.FrameworkMethod$1.runReflectiveCall(FrameworkMethod.java:47)
	at org.junit.internal.runners.model.ReflectiveCallable.run(ReflectiveCallable.java:12)
	at org.junit.runners.model.FrameworkMethod.invokeExplosively(FrameworkMethod.java:44)
	at org.junit.internal.runners.statements.InvokeMethod.evaluate(InvokeMethod.java:17)
	at org.junit.internal.runners.statements.RunBefores.evaluate(RunBefores.java:26)
	at org.junit.internal.runners.statements.RunAfters.evaluate(RunAfters.java:27)
	at org.junit.internal.runners.statements.FailOnTimeout$StatementThread.run(FailOnTimeout.java:74)
--- org.apache.commons.math3.linear.OpenMapRealVector_ESTest57::test57
org.apache.commons.math3.exception.MathArithmeticException: zero norm
--- org.apache.commons.math3.linear.OpenMapRealVector_ESTest61::test61
java.lang.UnsupportedOperationException: Not supported
	at org.apache.commons.math3.linear.OpenMapRealVector$OpenMapSparseIterator.remove(OpenMapRealVector.java:841)
	at org.apache.commons.math3.linear.OpenMapRealVector_ESTest61.test61(OpenMapRealVector_ESTest61.java:53)
	at sun.reflect.NativeMethodAccessorImpl.invoke0(Native Method)
	at sun.reflect.NativeMethodAccessorImpl.invoke(NativeMethodAccessorImpl.java:57)
	at sun.reflect.DelegatingMethodAccessorImpl.invoke(DelegatingMethodAccessorImpl.java:43)
	at java.lang.reflect.Method.invoke(Method.java:606)
	at org.junit.runners.model.FrameworkMethod$1.runReflectiveCall(FrameworkMethod.java:47)
	at org.junit.internal.runners.model.ReflectiveCallable.run(ReflectiveCallable.java:12)
	at org.junit.runners.model.FrameworkMethod.invokeExplosively(FrameworkMethod.java:44)
	at org.junit.internal.runners.statements.InvokeMethod.evaluate(InvokeMethod.java:17)
	at org.junit.internal.runners.statements.RunBefores.evaluate(RunBefores.java:26)
	at org.junit.internal.runners.statements.RunAfters.evaluate(RunAfters.java:27)
	at org.junit.internal.runners.statements.FailOnTimeout$StatementThread.run(FailOnTimeout.java:74)
######  End fixing tests  /home/donghwan/defects4j/framework/util/fix_test_suite.pl: 2017-07-19 18:55:15  ######
######  Start fixing tests  /home/donghwan/defects4j/framework/util/fix_test_suite.pl: 2017-07-19 19:00:43  ######
- Found 1 test archive(s)
######  End fixing tests  /home/donghwan/defects4j/framework/util/fix_test_suite.pl: 2017-07-19 19:01:45  ######
######  Start fixing tests  /home/donghwan/defects4j/framework/util/fix_test_suite.pl: 2017-07-19 19:07:15  ######
- Found 0 test archive(s)
######  End fixing tests  /home/donghwan/defects4j/framework/util/fix_test_suite.pl: 2017-07-19 19:07:15  ######
######  Start fixing tests  /home/donghwan/defects4j/framework/util/fix_test_suite.pl: 2017-07-19 19:13:02  ######
- Found 1 test archive(s)
######  End fixing tests  /home/donghwan/defects4j/framework/util/fix_test_suite.pl: 2017-07-19 19:14:11  ######
######  Start fixing tests  /home/donghwan/defects4j/framework/util/fix_test_suite.pl: 2017-07-19 19:20:39  ######
- Found 1 test archive(s)
 - Removing 5 test methods: Math-33f-evosuite-branch.4.tar.bz2
--- org.apache.commons.math3.optimization.linear.SimplexTableau_ESTest11::test11
junit.framework.AssertionFailedError: Expecting exception: NullPointerException
	at org.junit.Assert.fail(Assert.java:88)
	at org.apache.commons.math3.optimization.linear.SimplexTableau_ESTest11.test11(SimplexTableau_ESTest11.java:45)
	at sun.reflect.NativeMethodAccessorImpl.invoke0(Native Method)
	at sun.reflect.NativeMethodAccessorImpl.invoke(NativeMethodAccessorImpl.java:57)
	at sun.reflect.DelegatingMethodAccessorImpl.invoke(DelegatingMethodAccessorImpl.java:43)
	at java.lang.reflect.Method.invoke(Method.java:606)
	at org.junit.runners.model.FrameworkMethod$1.runReflectiveCall(FrameworkMethod.java:47)
	at org.junit.internal.runners.model.ReflectiveCallable.run(ReflectiveCallable.java:12)
	at org.junit.runners.model.FrameworkMethod.invokeExplosively(FrameworkMethod.java:44)
	at org.junit.internal.runners.statements.InvokeMethod.evaluate(InvokeMethod.java:17)
	at org.junit.internal.runners.statements.RunBefores.evaluate(RunBefores.java:26)
	at org.junit.internal.runners.statements.RunAfters.evaluate(RunAfters.java:27)
	at org.junit.internal.runners.statements.FailOnTimeout$StatementThread.run(FailOnTimeout.java:74)
--- org.apache.commons.math3.optimization.linear.SimplexTableau_ESTest12::test12
junit.framework.AssertionFailedError: Expecting exception: NullPointerException
	at org.junit.Assert.fail(Assert.java:88)
	at org.apache.commons.math3.optimization.linear.SimplexTableau_ESTest12.test12(SimplexTableau_ESTest12.java:48)
	at sun.reflect.NativeMethodAccessorImpl.invoke0(Native Method)
	at sun.reflect.NativeMethodAccessorImpl.invoke(NativeMethodAccessorImpl.java:57)
	at sun.reflect.DelegatingMethodAccessorImpl.invoke(DelegatingMethodAccessorImpl.java:43)
	at java.lang.reflect.Method.invoke(Method.java:606)
	at org.junit.runners.model.FrameworkMethod$1.runReflectiveCall(FrameworkMethod.java:47)
	at org.junit.internal.runners.model.ReflectiveCallable.run(ReflectiveCallable.java:12)
	at org.junit.runners.model.FrameworkMethod.invokeExplosively(FrameworkMethod.java:44)
	at org.junit.internal.runners.statements.InvokeMethod.evaluate(InvokeMethod.java:17)
	at org.junit.internal.runners.statements.RunBefores.evaluate(RunBefores.java:26)
	at org.junit.internal.runners.statements.RunAfters.evaluate(RunAfters.java:27)
	at org.junit.internal.runners.statements.FailOnTimeout$StatementThread.run(FailOnTimeout.java:74)
--- org.apache.commons.math3.optimization.linear.SimplexTableau_ESTest14::test14
junit.framework.AssertionFailedError
	at org.junit.Assert.fail(Assert.java:86)
	at org.junit.Assert.assertTrue(Assert.java:41)
	at org.junit.Assert.assertTrue(Assert.java:52)
	at org.apache.commons.math3.optimization.linear.SimplexTableau_ESTest14.test14(SimplexTableau_ESTest14.java:44)
	at sun.reflect.NativeMethodAccessorImpl.invoke0(Native Method)
	at sun.reflect.NativeMethodAccessorImpl.invoke(NativeMethodAccessorImpl.java:57)
	at sun.reflect.DelegatingMethodAccessorImpl.invoke(DelegatingMethodAccessorImpl.java:43)
	at java.lang.reflect.Method.invoke(Method.java:606)
	at org.junit.runners.model.FrameworkMethod$1.runReflectiveCall(FrameworkMethod.java:47)
	at org.junit.internal.runners.model.ReflectiveCallable.run(ReflectiveCallable.java:12)
	at org.junit.runners.model.FrameworkMethod.invokeExplosively(FrameworkMethod.java:44)
	at org.junit.internal.runners.statements.InvokeMethod.evaluate(InvokeMethod.java:17)
	at org.junit.internal.runners.statements.RunBefores.evaluate(RunBefores.java:26)
	at org.junit.internal.runners.statements.RunAfters.evaluate(RunAfters.java:27)
	at org.junit.internal.runners.statements.FailOnTimeout$StatementThread.run(FailOnTimeout.java:74)
--- org.apache.commons.math3.optimization.linear.SimplexTableau_ESTest19::test19
junit.framework.AssertionFailedError
	at org.junit.Assert.fail(Assert.java:86)
	at org.junit.Assert.assertTrue(Assert.java:41)
	at org.junit.Assert.assertTrue(Assert.java:52)
	at org.apache.commons.math3.optimization.linear.SimplexTableau_ESTest19.test19(SimplexTableau_ESTest19.java:47)
	at sun.reflect.NativeMethodAccessorImpl.invoke0(Native Method)
	at sun.reflect.NativeMethodAccessorImpl.invoke(NativeMethodAccessorImpl.java:57)
	at sun.reflect.DelegatingMethodAccessorImpl.invoke(DelegatingMethodAccessorImpl.java:43)
	at java.lang.reflect.Method.invoke(Method.java:606)
	at org.junit.runners.model.FrameworkMethod$1.runReflectiveCall(FrameworkMethod.java:47)
	at org.junit.internal.runners.model.ReflectiveCallable.run(ReflectiveCallable.java:12)
	at org.junit.runners.model.FrameworkMethod.invokeExplosively(FrameworkMethod.java:44)
	at org.junit.internal.runners.statements.InvokeMethod.evaluate(InvokeMethod.java:17)
	at org.junit.internal.runners.statements.RunBefores.evaluate(RunBefores.java:26)
	at org.junit.internal.runners.statements.RunAfters.evaluate(RunAfters.java:27)
	at org.junit.internal.runners.statements.FailOnTimeout$StatementThread.run(FailOnTimeout.java:74)
--- org.apache.commons.math3.optimization.linear.SimplexTableau_ESTest8::test08
junit.framework.AssertionFailedError: Expecting exception: ArrayIndexOutOfBoundsException
	at org.junit.Assert.fail(Assert.java:88)
	at org.apache.commons.math3.optimization.linear.SimplexTableau_ESTest8.test08(SimplexTableau_ESTest8.java:53)
	at sun.reflect.NativeMethodAccessorImpl.invoke0(Native Method)
	at sun.reflect.NativeMethodAccessorImpl.invoke(NativeMethodAccessorImpl.java:57)
	at sun.reflect.DelegatingMethodAccessorImpl.invoke(DelegatingMethodAccessorImpl.java:43)
	at java.lang.reflect.Method.invoke(Method.java:606)
	at org.junit.runners.model.FrameworkMethod$1.runReflectiveCall(FrameworkMethod.java:47)
	at org.junit.internal.runners.model.ReflectiveCallable.run(ReflectiveCallable.java:12)
	at org.junit.runners.model.FrameworkMethod.invokeExplosively(FrameworkMethod.java:44)
	at org.junit.internal.runners.statements.InvokeMethod.evaluate(InvokeMethod.java:17)
	at org.junit.internal.runners.statements.RunBefores.evaluate(RunBefores.java:26)
	at org.junit.internal.runners.statements.RunAfters.evaluate(RunAfters.java:27)
	at org.junit.internal.runners.statements.FailOnTimeout$StatementThread.run(FailOnTimeout.java:74)
######  End fixing tests  /home/donghwan/defects4j/framework/util/fix_test_suite.pl: 2017-07-19 19:22:05  ######
######  Start fixing tests  /home/donghwan/defects4j/framework/util/fix_test_suite.pl: 2017-07-19 19:27:37  ######
- Found 1 test archive(s)
######  End fixing tests  /home/donghwan/defects4j/framework/util/fix_test_suite.pl: 2017-07-19 19:28:40  ######
######  Start fixing tests  /home/donghwan/defects4j/framework/util/fix_test_suite.pl: 2017-07-19 19:29:39  ######
- Found 1 test archive(s)
######  End fixing tests  /home/donghwan/defects4j/framework/util/fix_test_suite.pl: 2017-07-19 19:30:40  ######
######  Start fixing tests  /home/donghwan/defects4j/framework/util/fix_test_suite.pl: 2017-07-19 19:41:31  ######
- Found 1 test archive(s)
######  End fixing tests  /home/donghwan/defects4j/framework/util/fix_test_suite.pl: 2017-07-19 19:42:44  ######
######  Start fixing tests  /home/donghwan/defects4j/framework/util/fix_test_suite.pl: 2017-07-19 19:48:53  ######
- Found 1 test archive(s)
######  End fixing tests  /home/donghwan/defects4j/framework/util/fix_test_suite.pl: 2017-07-19 19:49:52  ######
######  Start fixing tests  /home/donghwan/defects4j/framework/util/fix_test_suite.pl: 2017-07-19 20:04:57  ######
- Found 0 test archive(s)
######  End fixing tests  /home/donghwan/defects4j/framework/util/fix_test_suite.pl: 2017-07-19 20:04:57  ######
######  Start fixing tests  /home/donghwan/defects4j/framework/util/fix_test_suite.pl: 2017-07-19 20:10:28  ######
- Found 1 test archive(s)
######  End fixing tests  /home/donghwan/defects4j/framework/util/fix_test_suite.pl: 2017-07-19 20:11:15  ######
######  Start fixing tests  /home/donghwan/defects4j/framework/util/fix_test_suite.pl: 2017-07-19 20:18:58  ######
- Found 1 test archive(s)
######  End fixing tests  /home/donghwan/defects4j/framework/util/fix_test_suite.pl: 2017-07-19 20:19:44  ######
######  Start fixing tests  /home/donghwan/defects4j/framework/util/fix_test_suite.pl: 2017-07-19 20:25:27  ######
- Found 1 test archive(s)
######  End fixing tests  /home/donghwan/defects4j/framework/util/fix_test_suite.pl: 2017-07-19 20:26:11  ######
######  Start fixing tests  /home/donghwan/defects4j/framework/util/fix_test_suite.pl: 2017-07-19 20:32:08  ######
- Found 1 test archive(s)
 - Removing 6 test methods: Math-42f-evosuite-branch.4.tar.bz2
--- org.apache.commons.math.optimization.linear.SimplexTableau_ESTest12::test12
junit.framework.AssertionFailedError: Expecting exception: NullPointerException
	at org.junit.Assert.fail(Assert.java:88)
	at org.apache.commons.math.optimization.linear.SimplexTableau_ESTest12.test12(SimplexTableau_ESTest12.java:42)
	at sun.reflect.NativeMethodAccessorImpl.invoke0(Native Method)
	at sun.reflect.NativeMethodAccessorImpl.invoke(NativeMethodAccessorImpl.java:57)
	at sun.reflect.DelegatingMethodAccessorImpl.invoke(DelegatingMethodAccessorImpl.java:43)
	at java.lang.reflect.Method.invoke(Method.java:606)
	at org.junit.runners.model.FrameworkMethod$1.runReflectiveCall(FrameworkMethod.java:47)
	at org.junit.internal.runners.model.ReflectiveCallable.run(ReflectiveCallable.java:12)
	at org.junit.runners.model.FrameworkMethod.invokeExplosively(FrameworkMethod.java:44)
	at org.junit.internal.runners.statements.InvokeMethod.evaluate(InvokeMethod.java:17)
	at org.junit.internal.runners.statements.RunBefores.evaluate(RunBefores.java:26)
	at org.junit.internal.runners.statements.RunAfters.evaluate(RunAfters.java:27)
	at org.junit.internal.runners.statements.FailOnTimeout$StatementThread.run(FailOnTimeout.java:74)
--- org.apache.commons.math.optimization.linear.SimplexTableau_ESTest14::test14
junit.framework.AssertionFailedError: Expecting exception: NullPointerException
	at org.junit.Assert.fail(Assert.java:88)
	at org.apache.commons.math.optimization.linear.SimplexTableau_ESTest14.test14(SimplexTableau_ESTest14.java:42)
	at sun.reflect.NativeMethodAccessorImpl.invoke0(Native Method)
	at sun.reflect.NativeMethodAccessorImpl.invoke(NativeMethodAccessorImpl.java:57)
	at sun.reflect.DelegatingMethodAccessorImpl.invoke(DelegatingMethodAccessorImpl.java:43)
	at java.lang.reflect.Method.invoke(Method.java:606)
	at org.junit.runners.model.FrameworkMethod$1.runReflectiveCall(FrameworkMethod.java:47)
	at org.junit.internal.runners.model.ReflectiveCallable.run(ReflectiveCallable.java:12)
	at org.junit.runners.model.FrameworkMethod.invokeExplosively(FrameworkMethod.java:44)
	at org.junit.internal.runners.statements.InvokeMethod.evaluate(InvokeMethod.java:17)
	at org.junit.internal.runners.statements.RunBefores.evaluate(RunBefores.java:26)
	at org.junit.internal.runners.statements.RunAfters.evaluate(RunAfters.java:27)
	at org.junit.internal.runners.statements.FailOnTimeout$StatementThread.run(FailOnTimeout.java:74)
--- org.apache.commons.math.optimization.linear.SimplexTableau_ESTest15::test15
junit.framework.AssertionFailedError: Expecting exception: NullPointerException
	at org.junit.Assert.fail(Assert.java:88)
	at org.apache.commons.math.optimization.linear.SimplexTableau_ESTest15.test15(SimplexTableau_ESTest15.java:47)
	at sun.reflect.NativeMethodAccessorImpl.invoke0(Native Method)
	at sun.reflect.NativeMethodAccessorImpl.invoke(NativeMethodAccessorImpl.java:57)
	at sun.reflect.DelegatingMethodAccessorImpl.invoke(DelegatingMethodAccessorImpl.java:43)
	at java.lang.reflect.Method.invoke(Method.java:606)
	at org.junit.runners.model.FrameworkMethod$1.runReflectiveCall(FrameworkMethod.java:47)
	at org.junit.internal.runners.model.ReflectiveCallable.run(ReflectiveCallable.java:12)
	at org.junit.runners.model.FrameworkMethod.invokeExplosively(FrameworkMethod.java:44)
	at org.junit.internal.runners.statements.InvokeMethod.evaluate(InvokeMethod.java:17)
	at org.junit.internal.runners.statements.RunBefores.evaluate(RunBefores.java:26)
	at org.junit.internal.runners.statements.RunAfters.evaluate(RunAfters.java:27)
	at org.junit.internal.runners.statements.FailOnTimeout$StatementThread.run(FailOnTimeout.java:74)
--- org.apache.commons.math.optimization.linear.SimplexTableau_ESTest16::test16
junit.framework.AssertionFailedError: Expecting exception: NullPointerException
	at org.junit.Assert.fail(Assert.java:88)
	at org.apache.commons.math.optimization.linear.SimplexTableau_ESTest16.test16(SimplexTableau_ESTest16.java:47)
	at sun.reflect.NativeMethodAccessorImpl.invoke0(Native Method)
	at sun.reflect.NativeMethodAccessorImpl.invoke(NativeMethodAccessorImpl.java:57)
	at sun.reflect.DelegatingMethodAccessorImpl.invoke(DelegatingMethodAccessorImpl.java:43)
	at java.lang.reflect.Method.invoke(Method.java:606)
	at org.junit.runners.model.FrameworkMethod$1.runReflectiveCall(FrameworkMethod.java:47)
	at org.junit.internal.runners.model.ReflectiveCallable.run(ReflectiveCallable.java:12)
	at org.junit.runners.model.FrameworkMethod.invokeExplosively(FrameworkMethod.java:44)
	at org.junit.internal.runners.statements.InvokeMethod.evaluate(InvokeMethod.java:17)
	at org.junit.internal.runners.statements.RunBefores.evaluate(RunBefores.java:26)
	at org.junit.internal.runners.statements.RunAfters.evaluate(RunAfters.java:27)
	at org.junit.internal.runners.statements.FailOnTimeout$StatementThread.run(FailOnTimeout.java:74)
--- org.apache.commons.math.optimization.linear.SimplexTableau_ESTest18::test18
junit.framework.AssertionFailedError
	at org.junit.Assert.fail(Assert.java:86)
	at org.junit.Assert.assertTrue(Assert.java:41)
	at org.junit.Assert.assertTrue(Assert.java:52)
	at org.apache.commons.math.optimization.linear.SimplexTableau_ESTest18.test18(SimplexTableau_ESTest18.java:41)
	at sun.reflect.NativeMethodAccessorImpl.invoke0(Native Method)
	at sun.reflect.NativeMethodAccessorImpl.invoke(NativeMethodAccessorImpl.java:57)
	at sun.reflect.DelegatingMethodAccessorImpl.invoke(DelegatingMethodAccessorImpl.java:43)
	at java.lang.reflect.Method.invoke(Method.java:606)
	at org.junit.runners.model.FrameworkMethod$1.runReflectiveCall(FrameworkMethod.java:47)
	at org.junit.internal.runners.model.ReflectiveCallable.run(ReflectiveCallable.java:12)
	at org.junit.runners.model.FrameworkMethod.invokeExplosively(FrameworkMethod.java:44)
	at org.junit.internal.runners.statements.InvokeMethod.evaluate(InvokeMethod.java:17)
	at org.junit.internal.runners.statements.RunBefores.evaluate(RunBefores.java:26)
	at org.junit.internal.runners.statements.RunAfters.evaluate(RunAfters.java:27)
	at org.junit.internal.runners.statements.FailOnTimeout$StatementThread.run(FailOnTimeout.java:74)
--- org.apache.commons.math.optimization.linear.SimplexTableau_ESTest6::test06
junit.framework.AssertionFailedError: Expecting exception: NullPointerException
	at org.junit.Assert.fail(Assert.java:88)
	at org.apache.commons.math.optimization.linear.SimplexTableau_ESTest6.test06(SimplexTableau_ESTest6.java:46)
	at sun.reflect.NativeMethodAccessorImpl.invoke0(Native Method)
	at sun.reflect.NativeMethodAccessorImpl.invoke(NativeMethodAccessorImpl.java:57)
	at sun.reflect.DelegatingMethodAccessorImpl.invoke(DelegatingMethodAccessorImpl.java:43)
	at java.lang.reflect.Method.invoke(Method.java:606)
	at org.junit.runners.model.FrameworkMethod$1.runReflectiveCall(FrameworkMethod.java:47)
	at org.junit.internal.runners.model.ReflectiveCallable.run(ReflectiveCallable.java:12)
	at org.junit.runners.model.FrameworkMethod.invokeExplosively(FrameworkMethod.java:44)
	at org.junit.internal.runners.statements.InvokeMethod.evaluate(InvokeMethod.java:17)
	at org.junit.internal.runners.statements.RunBefores.evaluate(RunBefores.java:26)
	at org.junit.internal.runners.statements.RunAfters.evaluate(RunAfters.java:27)
	at org.junit.internal.runners.statements.FailOnTimeout$StatementThread.run(FailOnTimeout.java:74)
######  End fixing tests  /home/donghwan/defects4j/framework/util/fix_test_suite.pl: 2017-07-19 20:33:07  ######
######  Start fixing tests  /home/donghwan/defects4j/framework/util/fix_test_suite.pl: 2017-07-19 20:34:00  ######
- Found 1 test archive(s)
######  End fixing tests  /home/donghwan/defects4j/framework/util/fix_test_suite.pl: 2017-07-19 20:34:50  ######
######  Start fixing tests  /home/donghwan/defects4j/framework/util/fix_test_suite.pl: 2017-07-19 20:40:18  ######
- Found 1 test archive(s)
######  End fixing tests  /home/donghwan/defects4j/framework/util/fix_test_suite.pl: 2017-07-19 20:41:08  ######
######  Start fixing tests  /home/donghwan/defects4j/framework/util/fix_test_suite.pl: 2017-07-19 20:51:19  ######
- Found 1 test archive(s)
 - Removing 8 test methods: Math-45f-evosuite-branch.4.tar.bz2
--- org.apache.commons.math.linear.OpenMapRealMatrix_ESTest0::test00
org.evosuite.runtime.TooManyResourcesException: Loop has been executed more times than the allowed 100000
	at org.evosuite.runtime.LoopCounter.checkLoop(LoopCounter.java:82)
	at org.apache.commons.math.linear.MatrixUtils.checkRowIndex(MatrixUtils.java:379)
	at org.apache.commons.math.linear.OpenMapRealMatrix.setEntry(OpenMapRealMatrix.java:230)
	at org.apache.commons.math.linear.AbstractRealMatrix.walkInRowOrder(AbstractRealMatrix.java:727)
	at org.apache.commons.math.linear.AbstractRealMatrix.walkInOptimizedOrder(AbstractRealMatrix.java:840)
	at org.apache.commons.math.linear.OpenMapRealMatrix_ESTest0.test00(OpenMapRealMatrix_ESTest0.java:33)
	at sun.reflect.NativeMethodAccessorImpl.invoke0(Native Method)
	at sun.reflect.NativeMethodAccessorImpl.invoke(NativeMethodAccessorImpl.java:57)
	at sun.reflect.DelegatingMethodAccessorImpl.invoke(DelegatingMethodAccessorImpl.java:43)
	at java.lang.reflect.Method.invoke(Method.java:606)
	at org.junit.runners.model.FrameworkMethod$1.runReflectiveCall(FrameworkMethod.java:47)
	at org.junit.internal.runners.model.ReflectiveCallable.run(ReflectiveCallable.java:12)
	at org.junit.runners.model.FrameworkMethod.invokeExplosively(FrameworkMethod.java:44)
	at org.junit.internal.runners.statements.InvokeMethod.evaluate(InvokeMethod.java:17)
	at org.junit.internal.runners.statements.RunBefores.evaluate(RunBefores.java:26)
	at org.junit.internal.runners.statements.RunAfters.evaluate(RunAfters.java:27)
	at org.junit.internal.runners.statements.FailOnTimeout$StatementThread.run(FailOnTimeout.java:74)
--- org.apache.commons.math.linear.OpenMapRealMatrix_ESTest10::test10
java.lang.NullPointerException
	at org.apache.commons.math.linear.AbstractRealMatrix.preMultiply(AbstractRealMatrix.java:696)
	at org.apache.commons.math.linear.OpenMapRealMatrix_ESTest10.test10(OpenMapRealMatrix_ESTest10.java:35)
	at sun.reflect.NativeMethodAccessorImpl.invoke0(Native Method)
	at sun.reflect.NativeMethodAccessorImpl.invoke(NativeMethodAccessorImpl.java:57)
	at sun.reflect.DelegatingMethodAccessorImpl.invoke(DelegatingMethodAccessorImpl.java:43)
	at java.lang.reflect.Method.invoke(Method.java:606)
	at org.junit.runners.model.FrameworkMethod$1.runReflectiveCall(FrameworkMethod.java:47)
	at org.junit.internal.runners.model.ReflectiveCallable.run(ReflectiveCallable.java:12)
	at org.junit.runners.model.FrameworkMethod.invokeExplosively(FrameworkMethod.java:44)
	at org.junit.internal.runners.statements.InvokeMethod.evaluate(InvokeMethod.java:17)
	at org.junit.internal.runners.statements.RunBefores.evaluate(RunBefores.java:26)
	at org.junit.internal.runners.statements.RunAfters.evaluate(RunAfters.java:27)
	at org.junit.internal.runners.statements.FailOnTimeout$StatementThread.run(FailOnTimeout.java:74)
--- org.apache.commons.math.linear.OpenMapRealMatrix_ESTest12::test12
java.lang.NullPointerException
	at org.apache.commons.math.linear.OpenMapRealMatrix.<init>(OpenMapRealMatrix.java:66)
	at org.apache.commons.math.linear.OpenMapRealMatrix_ESTest12.test12(OpenMapRealMatrix_ESTest12.java:35)
	at sun.reflect.NativeMethodAccessorImpl.invoke0(Native Method)
	at sun.reflect.NativeMethodAccessorImpl.invoke(NativeMethodAccessorImpl.java:57)
	at sun.reflect.DelegatingMethodAccessorImpl.invoke(DelegatingMethodAccessorImpl.java:43)
	at java.lang.reflect.Method.invoke(Method.java:606)
	at org.junit.runners.model.FrameworkMethod$1.runReflectiveCall(FrameworkMethod.java:47)
	at org.junit.internal.runners.model.ReflectiveCallable.run(ReflectiveCallable.java:12)
	at org.junit.runners.model.FrameworkMethod.invokeExplosively(FrameworkMethod.java:44)
	at org.junit.internal.runners.statements.InvokeMethod.evaluate(InvokeMethod.java:17)
	at org.junit.internal.runners.statements.RunBefores.evaluate(RunBefores.java:26)
	at org.junit.internal.runners.statements.RunAfters.evaluate(RunAfters.java:27)
	at org.junit.internal.runners.statements.FailOnTimeout$StatementThread.run(FailOnTimeout.java:74)
--- org.apache.commons.math.linear.OpenMapRealMatrix_ESTest3::test03
org.apache.commons.math.exception.OutOfRangeException: row index (1,089)
--- org.apache.commons.math.linear.OpenMapRealMatrix_ESTest4::test04
org.apache.commons.math.exception.OutOfRangeException: row index (2,263)
--- org.apache.commons.math.linear.OpenMapRealMatrix_ESTest5::test05
org.apache.commons.math.linear.MatrixDimensionMismatchException: got 2,099x2,099 but expected 285x285
--- org.apache.commons.math.linear.OpenMapRealMatrix_ESTest8::test08
org.evosuite.runtime.TooManyResourcesException: Loop has been executed more times than the allowed 100000
	at org.evosuite.runtime.LoopCounter.checkLoop(LoopCounter.java:82)
	at org.apache.commons.math.linear.MatrixUtils.checkRowIndex(MatrixUtils.java:379)
	at org.apache.commons.math.linear.OpenMapRealMatrix.setEntry(OpenMapRealMatrix.java:230)
	at org.apache.commons.math.linear.AbstractRealMatrix.walkInRowOrder(AbstractRealMatrix.java:727)
	at org.apache.commons.math.linear.AbstractRealMatrix.walkInOptimizedOrder(AbstractRealMatrix.java:840)
	at org.apache.commons.math.linear.OpenMapRealMatrix_ESTest8.test08(OpenMapRealMatrix_ESTest8.java:34)
	at sun.reflect.NativeMethodAccessorImpl.invoke0(Native Method)
	at sun.reflect.NativeMethodAccessorImpl.invoke(NativeMethodAccessorImpl.java:57)
	at sun.reflect.DelegatingMethodAccessorImpl.invoke(DelegatingMethodAccessorImpl.java:43)
	at java.lang.reflect.Method.invoke(Method.java:606)
	at org.junit.runners.model.FrameworkMethod$1.runReflectiveCall(FrameworkMethod.java:47)
	at org.junit.internal.runners.model.ReflectiveCallable.run(ReflectiveCallable.java:12)
	at org.junit.runners.model.FrameworkMethod.invokeExplosively(FrameworkMethod.java:44)
	at org.junit.internal.runners.statements.InvokeMethod.evaluate(InvokeMethod.java:17)
	at org.junit.internal.runners.statements.RunBefores.evaluate(RunBefores.java:26)
	at org.junit.internal.runners.statements.RunAfters.evaluate(RunAfters.java:27)
	at org.junit.internal.runners.statements.FailOnTimeout$StatementThread.run(FailOnTimeout.java:74)
--- org.apache.commons.math.linear.OpenMapRealMatrix_ESTest9::test09
org.evosuite.runtime.TooManyResourcesException: Loop has been executed more times than the allowed 100000
	at org.evosuite.runtime.LoopCounter.checkLoop(LoopCounter.java:82)
	at org.apache.commons.math.linear.MatrixUtils.checkRowIndex(MatrixUtils.java:379)
	at org.apache.commons.math.linear.OpenMapRealMatrix.getEntry(OpenMapRealMatrix.java:216)
	at org.apache.commons.math.linear.AbstractRealMatrix.scalarAdd(AbstractRealMatrix.java:109)
	at org.apache.commons.math.linear.OpenMapRealMatrix_ESTest9.test09(OpenMapRealMatrix_ESTest9.java:35)
	at sun.reflect.NativeMethodAccessorImpl.invoke0(Native Method)
	at sun.reflect.NativeMethodAccessorImpl.invoke(NativeMethodAccessorImpl.java:57)
	at sun.reflect.DelegatingMethodAccessorImpl.invoke(DelegatingMethodAccessorImpl.java:43)
	at java.lang.reflect.Method.invoke(Method.java:606)
	at org.junit.runners.model.FrameworkMethod$1.runReflectiveCall(FrameworkMethod.java:47)
	at org.junit.internal.runners.model.ReflectiveCallable.run(ReflectiveCallable.java:12)
	at org.junit.runners.model.FrameworkMethod.invokeExplosively(FrameworkMethod.java:44)
	at org.junit.internal.runners.statements.InvokeMethod.evaluate(InvokeMethod.java:17)
	at org.junit.internal.runners.statements.RunBefores.evaluate(RunBefores.java:26)
	at org.junit.internal.runners.statements.RunAfters.evaluate(RunAfters.java:27)
	at org.junit.internal.runners.statements.FailOnTimeout$StatementThread.run(FailOnTimeout.java:74)
######  End fixing tests  /home/donghwan/defects4j/framework/util/fix_test_suite.pl: 2017-07-19 20:52:15  ######
######  Start fixing tests  /home/donghwan/defects4j/framework/util/fix_test_suite.pl: 2017-07-19 20:57:52  ######
- Found 1 test archive(s)
######  End fixing tests  /home/donghwan/defects4j/framework/util/fix_test_suite.pl: 2017-07-19 20:58:40  ######
######  Start fixing tests  /home/donghwan/defects4j/framework/util/fix_test_suite.pl: 2017-07-19 21:04:15  ######
- Found 1 test archive(s)
######  End fixing tests  /home/donghwan/defects4j/framework/util/fix_test_suite.pl: 2017-07-19 21:05:06  ######
######  Start fixing tests  /home/donghwan/defects4j/framework/util/fix_test_suite.pl: 2017-07-19 21:10:33  ######
- Found 1 test archive(s)
######  End fixing tests  /home/donghwan/defects4j/framework/util/fix_test_suite.pl: 2017-07-19 21:11:40  ######
######  Start fixing tests  /home/donghwan/defects4j/framework/util/fix_test_suite.pl: 2017-07-19 21:17:24  ######
- Found 1 test archive(s)
######  End fixing tests  /home/donghwan/defects4j/framework/util/fix_test_suite.pl: 2017-07-19 21:18:20  ######
######  Start fixing tests  /home/donghwan/defects4j/framework/util/fix_test_suite.pl: 2017-07-19 21:23:45  ######
- Found 1 test archive(s)
######  End fixing tests  /home/donghwan/defects4j/framework/util/fix_test_suite.pl: 2017-07-19 21:24:27  ######
######  Start fixing tests  /home/donghwan/defects4j/framework/util/fix_test_suite.pl: 2017-07-19 21:29:52  ######
- Found 1 test archive(s)
######  End fixing tests  /home/donghwan/defects4j/framework/util/fix_test_suite.pl: 2017-07-19 21:30:42  ######
######  Start fixing tests  /home/donghwan/defects4j/framework/util/fix_test_suite.pl: 2017-07-19 21:36:27  ######
- Found 1 test archive(s)
######  End fixing tests  /home/donghwan/defects4j/framework/util/fix_test_suite.pl: 2017-07-19 21:37:24  ######
######  Start fixing tests  /home/donghwan/defects4j/framework/util/fix_test_suite.pl: 2017-07-19 21:42:56  ######
- Found 1 test archive(s)
######  End fixing tests  /home/donghwan/defects4j/framework/util/fix_test_suite.pl: 2017-07-19 21:43:51  ######
######  Start fixing tests  /home/donghwan/defects4j/framework/util/fix_test_suite.pl: 2017-07-19 21:59:23  ######
- Found 0 test archive(s)
######  End fixing tests  /home/donghwan/defects4j/framework/util/fix_test_suite.pl: 2017-07-19 21:59:23  ######
######  Start fixing tests  /home/donghwan/defects4j/framework/util/fix_test_suite.pl: 2017-07-19 22:05:17  ######
- Found 1 test archive(s)
######  End fixing tests  /home/donghwan/defects4j/framework/util/fix_test_suite.pl: 2017-07-19 22:06:02  ######
######  Start fixing tests  /home/donghwan/defects4j/framework/util/fix_test_suite.pl: 2017-07-19 22:11:25  ######
- Found 0 test archive(s)
######  End fixing tests  /home/donghwan/defects4j/framework/util/fix_test_suite.pl: 2017-07-19 22:11:25  ######
######  Start fixing tests  /home/donghwan/defects4j/framework/util/fix_test_suite.pl: 2017-07-19 22:17:55  ######
- Found 1 test archive(s)
######  End fixing tests  /home/donghwan/defects4j/framework/util/fix_test_suite.pl: 2017-07-19 22:18:35  ######
######  Start fixing tests  /home/donghwan/defects4j/framework/util/fix_test_suite.pl: 2017-07-19 22:24:09  ######
- Found 1 test archive(s)
######  End fixing tests  /home/donghwan/defects4j/framework/util/fix_test_suite.pl: 2017-07-19 22:24:55  ######
######  Start fixing tests  /home/donghwan/defects4j/framework/util/fix_test_suite.pl: 2017-07-19 22:25:15  ######
- Found 0 test archive(s)
######  End fixing tests  /home/donghwan/defects4j/framework/util/fix_test_suite.pl: 2017-07-19 22:25:15  ######
######  Start fixing tests  /home/donghwan/defects4j/framework/util/fix_test_suite.pl: 2017-07-19 22:25:33  ######
- Found 0 test archive(s)
######  End fixing tests  /home/donghwan/defects4j/framework/util/fix_test_suite.pl: 2017-07-19 22:25:33  ######
######  Start fixing tests  /home/donghwan/defects4j/framework/util/fix_test_suite.pl: 2017-07-19 22:30:57  ######
- Found 1 test archive(s)
######  End fixing tests  /home/donghwan/defects4j/framework/util/fix_test_suite.pl: 2017-07-19 22:31:37  ######
######  Start fixing tests  /home/donghwan/defects4j/framework/util/fix_test_suite.pl: 2017-07-19 22:36:58  ######
- Found 1 test archive(s)
######  End fixing tests  /home/donghwan/defects4j/framework/util/fix_test_suite.pl: 2017-07-19 22:37:40  ######
######  Start fixing tests  /home/donghwan/defects4j/framework/util/fix_test_suite.pl: 2017-07-19 22:47:21  ######
- Found 1 test archive(s)
 - Removing 3 test methods: Math-63f-evosuite-branch.4.tar.bz2
--- org.apache.commons.math.util.MathUtils_ESTest13::test013
junit.framework.AssertionFailedError: Expecting exception: ArithmeticException
	at org.junit.Assert.fail(Assert.java:88)
	at org.apache.commons.math.util.MathUtils_ESTest13.test013(MathUtils_ESTest13.java:29)
	at sun.reflect.NativeMethodAccessorImpl.invoke0(Native Method)
	at sun.reflect.NativeMethodAccessorImpl.invoke(NativeMethodAccessorImpl.java:57)
	at sun.reflect.DelegatingMethodAccessorImpl.invoke(DelegatingMethodAccessorImpl.java:43)
	at java.lang.reflect.Method.invoke(Method.java:606)
	at org.junit.runners.model.FrameworkMethod$1.runReflectiveCall(FrameworkMethod.java:47)
	at org.junit.internal.runners.model.ReflectiveCallable.run(ReflectiveCallable.java:12)
	at org.junit.runners.model.FrameworkMethod.invokeExplosively(FrameworkMethod.java:44)
	at org.junit.internal.runners.statements.InvokeMethod.evaluate(InvokeMethod.java:17)
	at org.junit.internal.runners.statements.RunBefores.evaluate(RunBefores.java:26)
	at org.junit.internal.runners.statements.RunAfters.evaluate(RunAfters.java:27)
	at org.junit.internal.runners.statements.FailOnTimeout$StatementThread.run(FailOnTimeout.java:74)
--- org.apache.commons.math.util.MathUtils_ESTest43::test043
java.lang.NoClassDefFoundError: Could not initialize class org.apache.commons.math.util.FastMath
	at org.apache.commons.math.util.MathUtils.equals(MathUtils.java:492)
	at org.apache.commons.math.util.MathUtils.equalsIncludingNaN(MathUtils.java:509)
	at org.apache.commons.math.util.MathUtils_ESTest43.test043(MathUtils_ESTest43.java:28)
	at sun.reflect.NativeMethodAccessorImpl.invoke0(Native Method)
	at sun.reflect.NativeMethodAccessorImpl.invoke(NativeMethodAccessorImpl.java:57)
	at sun.reflect.DelegatingMethodAccessorImpl.invoke(DelegatingMethodAccessorImpl.java:43)
	at java.lang.reflect.Method.invoke(Method.java:606)
	at org.junit.runners.model.FrameworkMethod$1.runReflectiveCall(FrameworkMethod.java:47)
	at org.junit.internal.runners.model.ReflectiveCallable.run(ReflectiveCallable.java:12)
	at org.junit.runners.model.FrameworkMethod.invokeExplosively(FrameworkMethod.java:44)
	at org.junit.internal.runners.statements.InvokeMethod.evaluate(InvokeMethod.java:17)
	at org.junit.internal.runners.statements.RunBefores.evaluate(RunBefores.java:26)
	at org.junit.internal.runners.statements.RunAfters.evaluate(RunAfters.java:27)
	at org.junit.internal.runners.statements.FailOnTimeout$StatementThread.run(FailOnTimeout.java:74)
--- org.apache.commons.math.util.MathUtils_ESTest46::test046
java.lang.NoClassDefFoundError: Could not initialize class org.apache.commons.math.util.FastMath
	at org.apache.commons.math.util.MathUtils.equals(MathUtils.java:492)
	at org.apache.commons.math.util.MathUtils.equalsIncludingNaN(MathUtils.java:509)
	at org.apache.commons.math.util.MathUtils_ESTest46.test046(MathUtils_ESTest46.java:28)
	at sun.reflect.NativeMethodAccessorImpl.invoke0(Native Method)
	at sun.reflect.NativeMethodAccessorImpl.invoke(NativeMethodAccessorImpl.java:57)
	at sun.reflect.DelegatingMethodAccessorImpl.invoke(DelegatingMethodAccessorImpl.java:43)
	at java.lang.reflect.Method.invoke(Method.java:606)
	at org.junit.runners.model.FrameworkMethod$1.runReflectiveCall(FrameworkMethod.java:47)
	at org.junit.internal.runners.model.ReflectiveCallable.run(ReflectiveCallable.java:12)
	at org.junit.runners.model.FrameworkMethod.invokeExplosively(FrameworkMethod.java:44)
	at org.junit.internal.runners.statements.InvokeMethod.evaluate(InvokeMethod.java:17)
	at org.junit.internal.runners.statements.RunBefores.evaluate(RunBefores.java:26)
	at org.junit.internal.runners.statements.RunAfters.evaluate(RunAfters.java:27)
	at org.junit.internal.runners.statements.FailOnTimeout$StatementThread.run(FailOnTimeout.java:74)
######  End fixing tests  /home/donghwan/defects4j/framework/util/fix_test_suite.pl: 2017-07-19 22:48:26  ######
######  Start fixing tests  /home/donghwan/defects4j/framework/util/fix_test_suite.pl: 2017-07-19 22:53:48  ######
- Found 1 test archive(s)
######  End fixing tests  /home/donghwan/defects4j/framework/util/fix_test_suite.pl: 2017-07-19 22:54:25  ######
######  Start fixing tests  /home/donghwan/defects4j/framework/util/fix_test_suite.pl: 2017-07-19 22:59:46  ######
- Found 1 test archive(s)
######  End fixing tests  /home/donghwan/defects4j/framework/util/fix_test_suite.pl: 2017-07-19 23:00:25  ######
######  Start fixing tests  /home/donghwan/defects4j/framework/util/fix_test_suite.pl: 2017-07-19 23:01:12  ######
- Found 1 test archive(s)
 - Removing 1 test methods: Math-66f-evosuite-branch.4.tar.bz2
--- org.apache.commons.math.optimization.univariate.BrentOptimizer_ESTest5::test5
junit.framework.AssertionFailedError: expected:<5> but was:<23>
	at org.junit.Assert.fail(Assert.java:88)
	at org.junit.Assert.failNotEquals(Assert.java:743)
	at org.junit.Assert.assertEquals(Assert.java:118)
	at org.junit.Assert.assertEquals(Assert.java:555)
	at org.junit.Assert.assertEquals(Assert.java:542)
	at org.apache.commons.math.optimization.univariate.BrentOptimizer_ESTest5.test5(BrentOptimizer_ESTest5.java:35)
	at sun.reflect.NativeMethodAccessorImpl.invoke0(Native Method)
	at sun.reflect.NativeMethodAccessorImpl.invoke(NativeMethodAccessorImpl.java:57)
	at sun.reflect.DelegatingMethodAccessorImpl.invoke(DelegatingMethodAccessorImpl.java:43)
	at java.lang.reflect.Method.invoke(Method.java:606)
	at org.junit.runners.model.FrameworkMethod$1.runReflectiveCall(FrameworkMethod.java:47)
	at org.junit.internal.runners.model.ReflectiveCallable.run(ReflectiveCallable.java:12)
	at org.junit.runners.model.FrameworkMethod.invokeExplosively(FrameworkMethod.java:44)
	at org.junit.internal.runners.statements.InvokeMethod.evaluate(InvokeMethod.java:17)
	at org.junit.internal.runners.statements.RunBefores.evaluate(RunBefores.java:26)
	at org.junit.internal.runners.statements.RunAfters.evaluate(RunAfters.java:27)
	at org.junit.internal.runners.statements.FailOnTimeout$StatementThread.run(FailOnTimeout.java:74)
######  End fixing tests  /home/donghwan/defects4j/framework/util/fix_test_suite.pl: 2017-07-19 23:01:58  ######
######  Start fixing tests  /home/donghwan/defects4j/framework/util/fix_test_suite.pl: 2017-07-19 23:07:19  ######
- Found 1 test archive(s)
######  End fixing tests  /home/donghwan/defects4j/framework/util/fix_test_suite.pl: 2017-07-19 23:07:59  ######
######  Start fixing tests  /home/donghwan/defects4j/framework/util/fix_test_suite.pl: 2017-07-19 23:13:21  ######
- Found 1 test archive(s)
######  End fixing tests  /home/donghwan/defects4j/framework/util/fix_test_suite.pl: 2017-07-19 23:13:58  ######
######  Start fixing tests  /home/donghwan/defects4j/framework/util/fix_test_suite.pl: 2017-07-19 23:15:22  ######
- Found 1 test archive(s)
######  End fixing tests  /home/donghwan/defects4j/framework/util/fix_test_suite.pl: 2017-07-19 23:16:19  ######
######  Start fixing tests  /home/donghwan/defects4j/framework/util/fix_test_suite.pl: 2017-07-19 23:21:43  ######
- Found 1 test archive(s)
######  End fixing tests  /home/donghwan/defects4j/framework/util/fix_test_suite.pl: 2017-07-19 23:22:20  ######
######  Start fixing tests  /home/donghwan/defects4j/framework/util/fix_test_suite.pl: 2017-07-19 23:32:51  ######
- Found 1 test archive(s)
######  End fixing tests  /home/donghwan/defects4j/framework/util/fix_test_suite.pl: 2017-07-19 23:33:30  ######
######  Start fixing tests  /home/donghwan/defects4j/framework/util/fix_test_suite.pl: 2017-07-19 23:39:02  ######
- Found 1 test archive(s)
######  End fixing tests  /home/donghwan/defects4j/framework/util/fix_test_suite.pl: 2017-07-19 23:39:40  ######
######  Start fixing tests  /home/donghwan/defects4j/framework/util/fix_test_suite.pl: 2017-07-19 23:45:09  ######
- Found 1 test archive(s)
 - Removing 1 test methods: Math-73f-evosuite-branch.4.tar.bz2
--- org.apache.commons.math.analysis.solvers.BrentSolver_ESTest10::test10
junit.framework.AssertionFailedError: Expecting exception: IllegalArgumentException
	at org.junit.Assert.fail(Assert.java:88)
	at org.apache.commons.math.analysis.solvers.BrentSolver_ESTest10.test10(BrentSolver_ESTest10.java:35)
	at sun.reflect.NativeMethodAccessorImpl.invoke0(Native Method)
	at sun.reflect.NativeMethodAccessorImpl.invoke(NativeMethodAccessorImpl.java:57)
	at sun.reflect.DelegatingMethodAccessorImpl.invoke(DelegatingMethodAccessorImpl.java:43)
	at java.lang.reflect.Method.invoke(Method.java:606)
	at org.junit.runners.model.FrameworkMethod$1.runReflectiveCall(FrameworkMethod.java:47)
	at org.junit.internal.runners.model.ReflectiveCallable.run(ReflectiveCallable.java:12)
	at org.junit.runners.model.FrameworkMethod.invokeExplosively(FrameworkMethod.java:44)
	at org.junit.internal.runners.statements.InvokeMethod.evaluate(InvokeMethod.java:17)
	at org.junit.internal.runners.statements.RunBefores.evaluate(RunBefores.java:26)
	at org.junit.internal.runners.statements.RunAfters.evaluate(RunAfters.java:27)
	at org.junit.internal.runners.statements.FailOnTimeout$StatementThread.run(FailOnTimeout.java:74)
######  End fixing tests  /home/donghwan/defects4j/framework/util/fix_test_suite.pl: 2017-07-19 23:45:55  ######
######  Start fixing tests  /home/donghwan/defects4j/framework/util/fix_test_suite.pl: 2017-07-19 23:51:18  ######
- Found 1 test archive(s)
######  End fixing tests  /home/donghwan/defects4j/framework/util/fix_test_suite.pl: 2017-07-19 23:52:03  ######
######  Start fixing tests  /home/donghwan/defects4j/framework/util/fix_test_suite.pl: 2017-07-19 23:57:26  ######
- Found 1 test archive(s)
######  End fixing tests  /home/donghwan/defects4j/framework/util/fix_test_suite.pl: 2017-07-19 23:58:06  ######
######  Start fixing tests  /home/donghwan/defects4j/framework/util/fix_test_suite.pl: 2017-07-20 00:03:44  ######
- Found 1 test archive(s)
######  End fixing tests  /home/donghwan/defects4j/framework/util/fix_test_suite.pl: 2017-07-20 00:04:35  ######
######  Start fixing tests  /home/donghwan/defects4j/framework/util/fix_test_suite.pl: 2017-07-20 00:26:13  ######
- Found 1 test archive(s)
 - Removing 1 test methods: Math-77f-evosuite-branch.4.tar.bz2
--- org.apache.commons.math.linear.OpenMapRealVector_ESTest46::test46
junit.framework.AssertionFailedError
	at org.junit.Assert.fail(Assert.java:86)
	at org.junit.Assert.assertTrue(Assert.java:41)
	at org.junit.Assert.assertFalse(Assert.java:64)
	at org.junit.Assert.assertFalse(Assert.java:74)
	at org.apache.commons.math.linear.OpenMapRealVector_ESTest46.test46(OpenMapRealVector_ESTest46.java:32)
	at sun.reflect.NativeMethodAccessorImpl.invoke0(Native Method)
	at sun.reflect.NativeMethodAccessorImpl.invoke(NativeMethodAccessorImpl.java:57)
	at sun.reflect.DelegatingMethodAccessorImpl.invoke(DelegatingMethodAccessorImpl.java:43)
	at java.lang.reflect.Method.invoke(Method.java:606)
	at org.junit.runners.model.FrameworkMethod$1.runReflectiveCall(FrameworkMethod.java:47)
	at org.junit.internal.runners.model.ReflectiveCallable.run(ReflectiveCallable.java:12)
	at org.junit.runners.model.FrameworkMethod.invokeExplosively(FrameworkMethod.java:44)
	at org.junit.internal.runners.statements.InvokeMethod.evaluate(InvokeMethod.java:17)
	at org.junit.internal.runners.statements.RunBefores.evaluate(RunBefores.java:26)
	at org.junit.internal.runners.statements.RunAfters.evaluate(RunAfters.java:27)
	at org.junit.internal.runners.statements.FailOnTimeout$StatementThread.run(FailOnTimeout.java:74)
######  End fixing tests  /home/donghwan/defects4j/framework/util/fix_test_suite.pl: 2017-07-20 00:27:21  ######
######  Start fixing tests  /home/donghwan/defects4j/framework/util/fix_test_suite.pl: 2017-07-20 00:32:43  ######
- Found 1 test archive(s)
######  End fixing tests  /home/donghwan/defects4j/framework/util/fix_test_suite.pl: 2017-07-20 00:33:22  ######
######  Start fixing tests  /home/donghwan/defects4j/framework/util/fix_test_suite.pl: 2017-07-20 00:43:27  ######
- Found 1 test archive(s)
 - Removing 1 test methods: Math-79f-evosuite-branch.4.tar.bz2
--- org.apache.commons.math.util.MathUtils_ESTest16::test016
junit.framework.AssertionFailedError: Expecting exception: ArithmeticException
	at org.junit.Assert.fail(Assert.java:88)
	at org.apache.commons.math.util.MathUtils_ESTest16.test016(MathUtils_ESTest16.java:31)
	at sun.reflect.NativeMethodAccessorImpl.invoke0(Native Method)
	at sun.reflect.NativeMethodAccessorImpl.invoke(NativeMethodAccessorImpl.java:57)
	at sun.reflect.DelegatingMethodAccessorImpl.invoke(DelegatingMethodAccessorImpl.java:43)
	at java.lang.reflect.Method.invoke(Method.java:606)
	at org.junit.runners.model.FrameworkMethod$1.runReflectiveCall(FrameworkMethod.java:47)
	at org.junit.internal.runners.model.ReflectiveCallable.run(ReflectiveCallable.java:12)
	at org.junit.runners.model.FrameworkMethod.invokeExplosively(FrameworkMethod.java:44)
	at org.junit.internal.runners.statements.InvokeMethod.evaluate(InvokeMethod.java:17)
	at org.junit.internal.runners.statements.RunBefores.evaluate(RunBefores.java:26)
	at org.junit.internal.runners.statements.RunAfters.evaluate(RunAfters.java:27)
	at org.junit.internal.runners.statements.FailOnTimeout$StatementThread.run(FailOnTimeout.java:74)
######  End fixing tests  /home/donghwan/defects4j/framework/util/fix_test_suite.pl: 2017-07-20 00:44:30  ######
######  Start fixing tests  /home/donghwan/defects4j/framework/util/fix_test_suite.pl: 2017-07-20 00:58:29  ######
- Found 1 test archive(s)
 - Removing 16 test methods: Math-80f-evosuite-branch.4.tar.bz2
--- org.apache.commons.math.linear.EigenDecompositionImpl_ESTest10::test10
java.lang.ArrayIndexOutOfBoundsException: 20
	at org.apache.commons.math.linear.EigenDecompositionImpl.computeSplits(EigenDecompositionImpl.java:699)
	at org.apache.commons.math.linear.EigenDecompositionImpl.findEigenvalues(EigenDecompositionImpl.java:616)
	at org.apache.commons.math.linear.EigenDecompositionImpl.decompose(EigenDecompositionImpl.java:246)
	at org.apache.commons.math.linear.EigenDecompositionImpl.<init>(EigenDecompositionImpl.java:205)
	at org.apache.commons.math.linear.EigenDecompositionImpl_ESTest10.test10(EigenDecompositionImpl_ESTest10.java:63)
	at sun.reflect.NativeMethodAccessorImpl.invoke0(Native Method)
	at sun.reflect.NativeMethodAccessorImpl.invoke(NativeMethodAccessorImpl.java:57)
	at sun.reflect.DelegatingMethodAccessorImpl.invoke(DelegatingMethodAccessorImpl.java:43)
	at java.lang.reflect.Method.invoke(Method.java:606)
	at org.junit.runners.model.FrameworkMethod$1.runReflectiveCall(FrameworkMethod.java:47)
	at org.junit.internal.runners.model.ReflectiveCallable.run(ReflectiveCallable.java:12)
	at org.junit.runners.model.FrameworkMethod.invokeExplosively(FrameworkMethod.java:44)
	at org.junit.internal.runners.statements.InvokeMethod.evaluate(InvokeMethod.java:17)
	at org.junit.internal.runners.statements.RunBefores.evaluate(RunBefores.java:26)
	at org.junit.internal.runners.statements.RunAfters.evaluate(RunAfters.java:27)
	at org.junit.internal.runners.statements.FailOnTimeout$StatementThread.run(FailOnTimeout.java:74)
--- org.apache.commons.math.linear.EigenDecompositionImpl_ESTest13::test13
java.lang.ArrayIndexOutOfBoundsException: 20
	at org.apache.commons.math.linear.EigenDecompositionImpl.computeSplits(EigenDecompositionImpl.java:699)
	at org.apache.commons.math.linear.EigenDecompositionImpl.findEigenvalues(EigenDecompositionImpl.java:616)
	at org.apache.commons.math.linear.EigenDecompositionImpl.decompose(EigenDecompositionImpl.java:246)
	at org.apache.commons.math.linear.EigenDecompositionImpl.<init>(EigenDecompositionImpl.java:205)
	at org.apache.commons.math.linear.EigenDecompositionImpl_ESTest13.test13(EigenDecompositionImpl_ESTest13.java:63)
	at sun.reflect.NativeMethodAccessorImpl.invoke0(Native Method)
	at sun.reflect.NativeMethodAccessorImpl.invoke(NativeMethodAccessorImpl.java:57)
	at sun.reflect.DelegatingMethodAccessorImpl.invoke(DelegatingMethodAccessorImpl.java:43)
	at java.lang.reflect.Method.invoke(Method.java:606)
	at org.junit.runners.model.FrameworkMethod$1.runReflectiveCall(FrameworkMethod.java:47)
	at org.junit.internal.runners.model.ReflectiveCallable.run(ReflectiveCallable.java:12)
	at org.junit.runners.model.FrameworkMethod.invokeExplosively(FrameworkMethod.java:44)
	at org.junit.internal.runners.statements.InvokeMethod.evaluate(InvokeMethod.java:17)
	at org.junit.internal.runners.statements.RunBefores.evaluate(RunBefores.java:26)
	at org.junit.internal.runners.statements.RunAfters.evaluate(RunAfters.java:27)
	at org.junit.internal.runners.statements.FailOnTimeout$StatementThread.run(FailOnTimeout.java:74)
--- org.apache.commons.math.linear.EigenDecompositionImpl_ESTest15::test15
java.lang.ArrayIndexOutOfBoundsException: 20
	at org.apache.commons.math.linear.EigenDecompositionImpl.computeSplits(EigenDecompositionImpl.java:699)
	at org.apache.commons.math.linear.EigenDecompositionImpl.findEigenvalues(EigenDecompositionImpl.java:616)
	at org.apache.commons.math.linear.EigenDecompositionImpl.decompose(EigenDecompositionImpl.java:246)
	at org.apache.commons.math.linear.EigenDecompositionImpl.<init>(EigenDecompositionImpl.java:205)
	at org.apache.commons.math.linear.EigenDecompositionImpl_ESTest15.test15(EigenDecompositionImpl_ESTest15.java:62)
	at sun.reflect.NativeMethodAccessorImpl.invoke0(Native Method)
	at sun.reflect.NativeMethodAccessorImpl.invoke(NativeMethodAccessorImpl.java:57)
	at sun.reflect.DelegatingMethodAccessorImpl.invoke(DelegatingMethodAccessorImpl.java:43)
	at java.lang.reflect.Method.invoke(Method.java:606)
	at org.junit.runners.model.FrameworkMethod$1.runReflectiveCall(FrameworkMethod.java:47)
	at org.junit.internal.runners.model.ReflectiveCallable.run(ReflectiveCallable.java:12)
	at org.junit.runners.model.FrameworkMethod.invokeExplosively(FrameworkMethod.java:44)
	at org.junit.internal.runners.statements.InvokeMethod.evaluate(InvokeMethod.java:17)
	at org.junit.internal.runners.statements.RunBefores.evaluate(RunBefores.java:26)
	at org.junit.internal.runners.statements.RunAfters.evaluate(RunAfters.java:27)
	at org.junit.internal.runners.statements.FailOnTimeout$StatementThread.run(FailOnTimeout.java:74)
--- org.apache.commons.math.linear.EigenDecompositionImpl_ESTest16::test16
java.lang.ArrayIndexOutOfBoundsException: 20
	at org.apache.commons.math.linear.EigenDecompositionImpl.computeSplits(EigenDecompositionImpl.java:699)
	at org.apache.commons.math.linear.EigenDecompositionImpl.findEigenvalues(EigenDecompositionImpl.java:616)
	at org.apache.commons.math.linear.EigenDecompositionImpl.decompose(EigenDecompositionImpl.java:246)
	at org.apache.commons.math.linear.EigenDecompositionImpl.<init>(EigenDecompositionImpl.java:205)
	at org.apache.commons.math.linear.EigenDecompositionImpl_ESTest16.test16(EigenDecompositionImpl_ESTest16.java:62)
	at sun.reflect.NativeMethodAccessorImpl.invoke0(Native Method)
	at sun.reflect.NativeMethodAccessorImpl.invoke(NativeMethodAccessorImpl.java:57)
	at sun.reflect.DelegatingMethodAccessorImpl.invoke(DelegatingMethodAccessorImpl.java:43)
	at java.lang.reflect.Method.invoke(Method.java:606)
	at org.junit.runners.model.FrameworkMethod$1.runReflectiveCall(FrameworkMethod.java:47)
	at org.junit.internal.runners.model.ReflectiveCallable.run(ReflectiveCallable.java:12)
	at org.junit.runners.model.FrameworkMethod.invokeExplosively(FrameworkMethod.java:44)
	at org.junit.internal.runners.statements.InvokeMethod.evaluate(InvokeMethod.java:17)
	at org.junit.internal.runners.statements.RunBefores.evaluate(RunBefores.java:26)
	at org.junit.internal.runners.statements.RunAfters.evaluate(RunAfters.java:27)
	at org.junit.internal.runners.statements.FailOnTimeout$StatementThread.run(FailOnTimeout.java:74)
--- org.apache.commons.math.linear.EigenDecompositionImpl_ESTest20::test20
java.lang.ArrayIndexOutOfBoundsException: 38
	at org.apache.commons.math.linear.EigenDecompositionImpl.computeSplits(EigenDecompositionImpl.java:699)
	at org.apache.commons.math.linear.EigenDecompositionImpl.findEigenvalues(EigenDecompositionImpl.java:616)
	at org.apache.commons.math.linear.EigenDecompositionImpl.decompose(EigenDecompositionImpl.java:246)
	at org.apache.commons.math.linear.EigenDecompositionImpl.<init>(EigenDecompositionImpl.java:205)
	at org.apache.commons.math.linear.EigenDecompositionImpl_ESTest20.test20(EigenDecompositionImpl_ESTest20.java:96)
	at sun.reflect.NativeMethodAccessorImpl.invoke0(Native Method)
	at sun.reflect.NativeMethodAccessorImpl.invoke(NativeMethodAccessorImpl.java:57)
	at sun.reflect.DelegatingMethodAccessorImpl.invoke(DelegatingMethodAccessorImpl.java:43)
	at java.lang.reflect.Method.invoke(Method.java:606)
	at org.junit.runners.model.FrameworkMethod$1.runReflectiveCall(FrameworkMethod.java:47)
	at org.junit.internal.runners.model.ReflectiveCallable.run(ReflectiveCallable.java:12)
	at org.junit.runners.model.FrameworkMethod.invokeExplosively(FrameworkMethod.java:44)
	at org.junit.internal.runners.statements.InvokeMethod.evaluate(InvokeMethod.java:17)
	at org.junit.internal.runners.statements.RunBefores.evaluate(RunBefores.java:26)
	at org.junit.internal.runners.statements.RunAfters.evaluate(RunAfters.java:27)
	at org.junit.internal.runners.statements.FailOnTimeout$StatementThread.run(FailOnTimeout.java:74)
--- org.apache.commons.math.linear.EigenDecompositionImpl_ESTest25::test25
java.lang.ArrayIndexOutOfBoundsException: 20
	at org.apache.commons.math.linear.EigenDecompositionImpl.computeSplits(EigenDecompositionImpl.java:699)
	at org.apache.commons.math.linear.EigenDecompositionImpl.findEigenvalues(EigenDecompositionImpl.java:616)
	at org.apache.commons.math.linear.EigenDecompositionImpl.decompose(EigenDecompositionImpl.java:246)
	at org.apache.commons.math.linear.EigenDecompositionImpl.<init>(EigenDecompositionImpl.java:205)
	at org.apache.commons.math.linear.EigenDecompositionImpl_ESTest25.test25(EigenDecompositionImpl_ESTest25.java:81)
	at sun.reflect.NativeMethodAccessorImpl.invoke0(Native Method)
	at sun.reflect.NativeMethodAccessorImpl.invoke(NativeMethodAccessorImpl.java:57)
	at sun.reflect.DelegatingMethodAccessorImpl.invoke(DelegatingMethodAccessorImpl.java:43)
	at java.lang.reflect.Method.invoke(Method.java:606)
	at org.junit.runners.model.FrameworkMethod$1.runReflectiveCall(FrameworkMethod.java:47)
	at org.junit.internal.runners.model.ReflectiveCallable.run(ReflectiveCallable.java:12)
	at org.junit.runners.model.FrameworkMethod.invokeExplosively(FrameworkMethod.java:44)
	at org.junit.internal.runners.statements.InvokeMethod.evaluate(InvokeMethod.java:17)
	at org.junit.internal.runners.statements.RunBefores.evaluate(RunBefores.java:26)
	at org.junit.internal.runners.statements.RunAfters.evaluate(RunAfters.java:27)
	at org.junit.internal.runners.statements.FailOnTimeout$StatementThread.run(FailOnTimeout.java:74)
--- org.apache.commons.math.linear.EigenDecompositionImpl_ESTest30::test30
org.apache.commons.math.linear.InvalidMatrixException: 
Caused by: org.apache.commons.math.MaxIterationsExceededException: Maximal number of iterations (930) exceeded
--- org.apache.commons.math.linear.EigenDecompositionImpl_ESTest32::test32
java.lang.ArrayIndexOutOfBoundsException: 20
	at org.apache.commons.math.linear.EigenDecompositionImpl.computeSplits(EigenDecompositionImpl.java:699)
	at org.apache.commons.math.linear.EigenDecompositionImpl.findEigenvalues(EigenDecompositionImpl.java:616)
	at org.apache.commons.math.linear.EigenDecompositionImpl.decompose(EigenDecompositionImpl.java:246)
	at org.apache.commons.math.linear.EigenDecompositionImpl.<init>(EigenDecompositionImpl.java:205)
	at org.apache.commons.math.linear.EigenDecompositionImpl_ESTest32.test32(EigenDecompositionImpl_ESTest32.java:62)
	at sun.reflect.NativeMethodAccessorImpl.invoke0(Native Method)
	at sun.reflect.NativeMethodAccessorImpl.invoke(NativeMethodAccessorImpl.java:57)
	at sun.reflect.DelegatingMethodAccessorImpl.invoke(DelegatingMethodAccessorImpl.java:43)
	at java.lang.reflect.Method.invoke(Method.java:606)
	at org.junit.runners.model.FrameworkMethod$1.runReflectiveCall(FrameworkMethod.java:47)
	at org.junit.internal.runners.model.ReflectiveCallable.run(ReflectiveCallable.java:12)
	at org.junit.runners.model.FrameworkMethod.invokeExplosively(FrameworkMethod.java:44)
	at org.junit.internal.runners.statements.InvokeMethod.evaluate(InvokeMethod.java:17)
	at org.junit.internal.runners.statements.RunBefores.evaluate(RunBefores.java:26)
	at org.junit.internal.runners.statements.RunAfters.evaluate(RunAfters.java:27)
	at org.junit.internal.runners.statements.FailOnTimeout$StatementThread.run(FailOnTimeout.java:74)
--- org.apache.commons.math.linear.EigenDecompositionImpl_ESTest37::test37
java.lang.ArrayIndexOutOfBoundsException: 20
	at org.apache.commons.math.linear.EigenDecompositionImpl.computeSplits(EigenDecompositionImpl.java:699)
	at org.apache.commons.math.linear.EigenDecompositionImpl.findEigenvalues(EigenDecompositionImpl.java:616)
	at org.apache.commons.math.linear.EigenDecompositionImpl.decompose(EigenDecompositionImpl.java:246)
	at org.apache.commons.math.linear.EigenDecompositionImpl.<init>(EigenDecompositionImpl.java:205)
	at org.apache.commons.math.linear.EigenDecompositionImpl_ESTest37.test37(EigenDecompositionImpl_ESTest37.java:60)
	at sun.reflect.NativeMethodAccessorImpl.invoke0(Native Method)
	at sun.reflect.NativeMethodAccessorImpl.invoke(NativeMethodAccessorImpl.java:57)
	at sun.reflect.DelegatingMethodAccessorImpl.invoke(DelegatingMethodAccessorImpl.java:43)
	at java.lang.reflect.Method.invoke(Method.java:606)
	at org.junit.runners.model.FrameworkMethod$1.runReflectiveCall(FrameworkMethod.java:47)
	at org.junit.internal.runners.model.ReflectiveCallable.run(ReflectiveCallable.java:12)
	at org.junit.runners.model.FrameworkMethod.invokeExplosively(FrameworkMethod.java:44)
	at org.junit.internal.runners.statements.InvokeMethod.evaluate(InvokeMethod.java:17)
	at org.junit.internal.runners.statements.RunBefores.evaluate(RunBefores.java:26)
	at org.junit.internal.runners.statements.RunAfters.evaluate(RunAfters.java:27)
	at org.junit.internal.runners.statements.FailOnTimeout$StatementThread.run(FailOnTimeout.java:74)
--- org.apache.commons.math.linear.EigenDecompositionImpl_ESTest38::test38
java.lang.ArrayIndexOutOfBoundsException: 20
	at org.apache.commons.math.linear.EigenDecompositionImpl.computeSplits(EigenDecompositionImpl.java:699)
	at org.apache.commons.math.linear.EigenDecompositionImpl.findEigenvalues(EigenDecompositionImpl.java:616)
	at org.apache.commons.math.linear.EigenDecompositionImpl.decompose(EigenDecompositionImpl.java:246)
	at org.apache.commons.math.linear.EigenDecompositionImpl.<init>(EigenDecompositionImpl.java:205)
	at org.apache.commons.math.linear.EigenDecompositionImpl_ESTest38.test38(EigenDecompositionImpl_ESTest38.java:61)
	at sun.reflect.NativeMethodAccessorImpl.invoke0(Native Method)
	at sun.reflect.NativeMethodAccessorImpl.invoke(NativeMethodAccessorImpl.java:57)
	at sun.reflect.DelegatingMethodAccessorImpl.invoke(DelegatingMethodAccessorImpl.java:43)
	at java.lang.reflect.Method.invoke(Method.java:606)
	at org.junit.runners.model.FrameworkMethod$1.runReflectiveCall(FrameworkMethod.java:47)
	at org.junit.internal.runners.model.ReflectiveCallable.run(ReflectiveCallable.java:12)
	at org.junit.runners.model.FrameworkMethod.invokeExplosively(FrameworkMethod.java:44)
	at org.junit.internal.runners.statements.InvokeMethod.evaluate(InvokeMethod.java:17)
	at org.junit.internal.runners.statements.RunBefores.evaluate(RunBefores.java:26)
	at org.junit.internal.runners.statements.RunAfters.evaluate(RunAfters.java:27)
	at org.junit.internal.runners.statements.FailOnTimeout$StatementThread.run(FailOnTimeout.java:74)
--- org.apache.commons.math.linear.EigenDecompositionImpl_ESTest39::test39
java.lang.ArrayIndexOutOfBoundsException: 20
	at org.apache.commons.math.linear.EigenDecompositionImpl.computeSplits(EigenDecompositionImpl.java:699)
	at org.apache.commons.math.linear.EigenDecompositionImpl.findEigenvalues(EigenDecompositionImpl.java:616)
	at org.apache.commons.math.linear.EigenDecompositionImpl.decompose(EigenDecompositionImpl.java:246)
	at org.apache.commons.math.linear.EigenDecompositionImpl.<init>(EigenDecompositionImpl.java:205)
	at org.apache.commons.math.linear.EigenDecompositionImpl_ESTest39.test39(EigenDecompositionImpl_ESTest39.java:81)
	at sun.reflect.NativeMethodAccessorImpl.invoke0(Native Method)
	at sun.reflect.NativeMethodAccessorImpl.invoke(NativeMethodAccessorImpl.java:57)
	at sun.reflect.DelegatingMethodAccessorImpl.invoke(DelegatingMethodAccessorImpl.java:43)
	at java.lang.reflect.Method.invoke(Method.java:606)
	at org.junit.runners.model.FrameworkMethod$1.runReflectiveCall(FrameworkMethod.java:47)
	at org.junit.internal.runners.model.ReflectiveCallable.run(ReflectiveCallable.java:12)
	at org.junit.runners.model.FrameworkMethod.invokeExplosively(FrameworkMethod.java:44)
	at org.junit.internal.runners.statements.InvokeMethod.evaluate(InvokeMethod.java:17)
	at org.junit.internal.runners.statements.RunBefores.evaluate(RunBefores.java:26)
	at org.junit.internal.runners.statements.RunAfters.evaluate(RunAfters.java:27)
	at org.junit.internal.runners.statements.FailOnTimeout$StatementThread.run(FailOnTimeout.java:74)
--- org.apache.commons.math.linear.EigenDecompositionImpl_ESTest45::test45
java.lang.ArrayIndexOutOfBoundsException: 20
	at org.apache.commons.math.linear.EigenDecompositionImpl.computeSplits(EigenDecompositionImpl.java:699)
	at org.apache.commons.math.linear.EigenDecompositionImpl.findEigenvalues(EigenDecompositionImpl.java:616)
	at org.apache.commons.math.linear.EigenDecompositionImpl.decompose(EigenDecompositionImpl.java:246)
	at org.apache.commons.math.linear.EigenDecompositionImpl.<init>(EigenDecompositionImpl.java:205)
	at org.apache.commons.math.linear.EigenDecompositionImpl_ESTest45.test45(EigenDecompositionImpl_ESTest45.java:63)
	at sun.reflect.NativeMethodAccessorImpl.invoke0(Native Method)
	at sun.reflect.NativeMethodAccessorImpl.invoke(NativeMethodAccessorImpl.java:57)
	at sun.reflect.DelegatingMethodAccessorImpl.invoke(DelegatingMethodAccessorImpl.java:43)
	at java.lang.reflect.Method.invoke(Method.java:606)
	at org.junit.runners.model.FrameworkMethod$1.runReflectiveCall(FrameworkMethod.java:47)
	at org.junit.internal.runners.model.ReflectiveCallable.run(ReflectiveCallable.java:12)
	at org.junit.runners.model.FrameworkMethod.invokeExplosively(FrameworkMethod.java:44)
	at org.junit.internal.runners.statements.InvokeMethod.evaluate(InvokeMethod.java:17)
	at org.junit.internal.runners.statements.RunBefores.evaluate(RunBefores.java:26)
	at org.junit.internal.runners.statements.RunAfters.evaluate(RunAfters.java:27)
	at org.junit.internal.runners.statements.FailOnTimeout$StatementThread.run(FailOnTimeout.java:74)
--- org.apache.commons.math.linear.EigenDecompositionImpl_ESTest50::test50
org.apache.commons.math.linear.InvalidMatrixException: 
Caused by: org.apache.commons.math.MaxIterationsExceededException: Maximal number of iterations (150) exceeded
--- org.apache.commons.math.linear.EigenDecompositionImpl_ESTest57::test57
java.lang.ArrayIndexOutOfBoundsException: 20
	at org.apache.commons.math.linear.EigenDecompositionImpl.computeSplits(EigenDecompositionImpl.java:699)
	at org.apache.commons.math.linear.EigenDecompositionImpl.findEigenvalues(EigenDecompositionImpl.java:616)
	at org.apache.commons.math.linear.EigenDecompositionImpl.decompose(EigenDecompositionImpl.java:246)
	at org.apache.commons.math.linear.EigenDecompositionImpl.<init>(EigenDecompositionImpl.java:205)
	at org.apache.commons.math.linear.EigenDecompositionImpl_ESTest57.test57(EigenDecompositionImpl_ESTest57.java:80)
	at sun.reflect.NativeMethodAccessorImpl.invoke0(Native Method)
	at sun.reflect.NativeMethodAccessorImpl.invoke(NativeMethodAccessorImpl.java:57)
	at sun.reflect.DelegatingMethodAccessorImpl.invoke(DelegatingMethodAccessorImpl.java:43)
	at java.lang.reflect.Method.invoke(Method.java:606)
	at org.junit.runners.model.FrameworkMethod$1.runReflectiveCall(FrameworkMethod.java:47)
	at org.junit.internal.runners.model.ReflectiveCallable.run(ReflectiveCallable.java:12)
	at org.junit.runners.model.FrameworkMethod.invokeExplosively(FrameworkMethod.java:44)
	at org.junit.internal.runners.statements.InvokeMethod.evaluate(InvokeMethod.java:17)
	at org.junit.internal.runners.statements.RunBefores.evaluate(RunBefores.java:26)
	at org.junit.internal.runners.statements.RunAfters.evaluate(RunAfters.java:27)
	at org.junit.internal.runners.statements.FailOnTimeout$StatementThread.run(FailOnTimeout.java:74)
--- org.apache.commons.math.linear.EigenDecompositionImpl_ESTest62::test62
java.lang.ArrayIndexOutOfBoundsException: 20
	at org.apache.commons.math.linear.EigenDecompositionImpl.computeSplits(EigenDecompositionImpl.java:699)
	at org.apache.commons.math.linear.EigenDecompositionImpl.findEigenvalues(EigenDecompositionImpl.java:616)
	at org.apache.commons.math.linear.EigenDecompositionImpl.decompose(EigenDecompositionImpl.java:246)
	at org.apache.commons.math.linear.EigenDecompositionImpl.<init>(EigenDecompositionImpl.java:205)
	at org.apache.commons.math.linear.EigenDecompositionImpl_ESTest62.test62(EigenDecompositionImpl_ESTest62.java:60)
	at sun.reflect.NativeMethodAccessorImpl.invoke0(Native Method)
	at sun.reflect.NativeMethodAccessorImpl.invoke(NativeMethodAccessorImpl.java:57)
	at sun.reflect.DelegatingMethodAccessorImpl.invoke(DelegatingMethodAccessorImpl.java:43)
	at java.lang.reflect.Method.invoke(Method.java:606)
	at org.junit.runners.model.FrameworkMethod$1.runReflectiveCall(FrameworkMethod.java:47)
	at org.junit.internal.runners.model.ReflectiveCallable.run(ReflectiveCallable.java:12)
	at org.junit.runners.model.FrameworkMethod.invokeExplosively(FrameworkMethod.java:44)
	at org.junit.internal.runners.statements.InvokeMethod.evaluate(InvokeMethod.java:17)
	at org.junit.internal.runners.statements.RunBefores.evaluate(RunBefores.java:26)
	at org.junit.internal.runners.statements.RunAfters.evaluate(RunAfters.java:27)
	at org.junit.internal.runners.statements.FailOnTimeout$StatementThread.run(FailOnTimeout.java:74)
--- org.apache.commons.math.linear.EigenDecompositionImpl_ESTest63::test63
java.lang.ArrayIndexOutOfBoundsException: 20
	at org.apache.commons.math.linear.EigenDecompositionImpl.computeSplits(EigenDecompositionImpl.java:699)
	at org.apache.commons.math.linear.EigenDecompositionImpl.findEigenvalues(EigenDecompositionImpl.java:616)
	at org.apache.commons.math.linear.EigenDecompositionImpl.decompose(EigenDecompositionImpl.java:246)
	at org.apache.commons.math.linear.EigenDecompositionImpl.<init>(EigenDecompositionImpl.java:205)
	at org.apache.commons.math.linear.EigenDecompositionImpl_ESTest63.test63(EigenDecompositionImpl_ESTest63.java:60)
	at sun.reflect.NativeMethodAccessorImpl.invoke0(Native Method)
	at sun.reflect.NativeMethodAccessorImpl.invoke(NativeMethodAccessorImpl.java:57)
	at sun.reflect.DelegatingMethodAccessorImpl.invoke(DelegatingMethodAccessorImpl.java:43)
	at java.lang.reflect.Method.invoke(Method.java:606)
	at org.junit.runners.model.FrameworkMethod$1.runReflectiveCall(FrameworkMethod.java:47)
	at org.junit.internal.runners.model.ReflectiveCallable.run(ReflectiveCallable.java:12)
	at org.junit.runners.model.FrameworkMethod.invokeExplosively(FrameworkMethod.java:44)
	at org.junit.internal.runners.statements.InvokeMethod.evaluate(InvokeMethod.java:17)
	at org.junit.internal.runners.statements.RunBefores.evaluate(RunBefores.java:26)
	at org.junit.internal.runners.statements.RunAfters.evaluate(RunAfters.java:27)
	at org.junit.internal.runners.statements.FailOnTimeout$StatementThread.run(FailOnTimeout.java:74)
######  End fixing tests  /home/donghwan/defects4j/framework/util/fix_test_suite.pl: 2017-07-20 00:59:37  ######
######  Start fixing tests  /home/donghwan/defects4j/framework/util/fix_test_suite.pl: 2017-07-20 01:10:33  ######
- Found 1 test archive(s)
 - Removing 4 test methods: Math-81f-evosuite-branch.4.tar.bz2
--- org.apache.commons.math.linear.EigenDecompositionImpl_ESTest1::test01
org.apache.commons.math.linear.InvalidMatrixException: 
Caused by: org.apache.commons.math.MaxIterationsExceededException: Maximal number of iterations (300) exceeded
--- org.apache.commons.math.linear.EigenDecompositionImpl_ESTest16::test16
org.apache.commons.math.linear.InvalidMatrixException: 
Caused by: org.apache.commons.math.MaxIterationsExceededException: Maximal number of iterations (120) exceeded
--- org.apache.commons.math.linear.EigenDecompositionImpl_ESTest17::test17
junit.framework.AssertionFailedError: Expecting exception: RuntimeException
	at org.junit.Assert.fail(Assert.java:88)
	at org.apache.commons.math.linear.EigenDecompositionImpl_ESTest17.test17(EigenDecompositionImpl_ESTest17.java:40)
	at sun.reflect.NativeMethodAccessorImpl.invoke0(Native Method)
	at sun.reflect.NativeMethodAccessorImpl.invoke(NativeMethodAccessorImpl.java:57)
	at sun.reflect.DelegatingMethodAccessorImpl.invoke(DelegatingMethodAccessorImpl.java:43)
	at java.lang.reflect.Method.invoke(Method.java:606)
	at org.junit.runners.model.FrameworkMethod$1.runReflectiveCall(FrameworkMethod.java:47)
	at org.junit.internal.runners.model.ReflectiveCallable.run(ReflectiveCallable.java:12)
	at org.junit.runners.model.FrameworkMethod.invokeExplosively(FrameworkMethod.java:44)
	at org.junit.internal.runners.statements.InvokeMethod.evaluate(InvokeMethod.java:17)
	at org.junit.internal.runners.statements.RunBefores.evaluate(RunBefores.java:26)
	at org.junit.internal.runners.statements.RunAfters.evaluate(RunAfters.java:27)
	at org.junit.internal.runners.statements.FailOnTimeout$StatementThread.run(FailOnTimeout.java:74)
--- org.apache.commons.math.linear.EigenDecompositionImpl_ESTest3::test03
org.apache.commons.math.linear.InvalidMatrixException: 
Caused by: org.apache.commons.math.MaxIterationsExceededException: Maximal number of iterations (210) exceeded
######  End fixing tests  /home/donghwan/defects4j/framework/util/fix_test_suite.pl: 2017-07-20 01:11:35  ######
######  Start fixing tests  /home/donghwan/defects4j/framework/util/fix_test_suite.pl: 2017-07-20 01:17:08  ######
- Found 1 test archive(s)
######  End fixing tests  /home/donghwan/defects4j/framework/util/fix_test_suite.pl: 2017-07-20 01:17:55  ######
######  Start fixing tests  /home/donghwan/defects4j/framework/util/fix_test_suite.pl: 2017-07-20 01:23:35  ######
- Found 1 test archive(s)
 - Removing 2 test methods: Math-83f-evosuite-branch.4.tar.bz2
--- org.apache.commons.math.optimization.linear.SimplexTableau_ESTest20::test20
junit.framework.AssertionFailedError
	at org.junit.Assert.fail(Assert.java:86)
	at org.junit.Assert.assertTrue(Assert.java:41)
	at org.junit.Assert.assertTrue(Assert.java:52)
	at org.apache.commons.math.optimization.linear.SimplexTableau_ESTest20.test20(SimplexTableau_ESTest20.java:41)
	at sun.reflect.NativeMethodAccessorImpl.invoke0(Native Method)
	at sun.reflect.NativeMethodAccessorImpl.invoke(NativeMethodAccessorImpl.java:57)
	at sun.reflect.DelegatingMethodAccessorImpl.invoke(DelegatingMethodAccessorImpl.java:43)
	at java.lang.reflect.Method.invoke(Method.java:606)
	at org.junit.runners.model.FrameworkMethod$1.runReflectiveCall(FrameworkMethod.java:47)
	at org.junit.internal.runners.model.ReflectiveCallable.run(ReflectiveCallable.java:12)
	at org.junit.runners.model.FrameworkMethod.invokeExplosively(FrameworkMethod.java:44)
	at org.junit.internal.runners.statements.InvokeMethod.evaluate(InvokeMethod.java:17)
	at org.junit.internal.runners.statements.RunBefores.evaluate(RunBefores.java:26)
	at org.junit.internal.runners.statements.RunAfters.evaluate(RunAfters.java:27)
	at org.junit.internal.runners.statements.FailOnTimeout$StatementThread.run(FailOnTimeout.java:74)
--- org.apache.commons.math.optimization.linear.SimplexTableau_ESTest9::test09
junit.framework.AssertionFailedError: Expecting exception: NullPointerException
	at org.junit.Assert.fail(Assert.java:88)
	at org.apache.commons.math.optimization.linear.SimplexTableau_ESTest9.test09(SimplexTableau_ESTest9.java:41)
	at sun.reflect.NativeMethodAccessorImpl.invoke0(Native Method)
	at sun.reflect.NativeMethodAccessorImpl.invoke(NativeMethodAccessorImpl.java:57)
	at sun.reflect.DelegatingMethodAccessorImpl.invoke(DelegatingMethodAccessorImpl.java:43)
	at java.lang.reflect.Method.invoke(Method.java:606)
	at org.junit.runners.model.FrameworkMethod$1.runReflectiveCall(FrameworkMethod.java:47)
	at org.junit.internal.runners.model.ReflectiveCallable.run(ReflectiveCallable.java:12)
	at org.junit.runners.model.FrameworkMethod.invokeExplosively(FrameworkMethod.java:44)
	at org.junit.internal.runners.statements.InvokeMethod.evaluate(InvokeMethod.java:17)
	at org.junit.internal.runners.statements.RunBefores.evaluate(RunBefores.java:26)
	at org.junit.internal.runners.statements.RunAfters.evaluate(RunAfters.java:27)
	at org.junit.internal.runners.statements.FailOnTimeout$StatementThread.run(FailOnTimeout.java:74)
######  End fixing tests  /home/donghwan/defects4j/framework/util/fix_test_suite.pl: 2017-07-20 01:24:30  ######
######  Start fixing tests  /home/donghwan/defects4j/framework/util/fix_test_suite.pl: 2017-07-20 01:29:52  ######
- Found 1 test archive(s)
######  End fixing tests  /home/donghwan/defects4j/framework/util/fix_test_suite.pl: 2017-07-20 01:30:31  ######
######  Start fixing tests  /home/donghwan/defects4j/framework/util/fix_test_suite.pl: 2017-07-20 01:31:45  ######
- Found 1 test archive(s)
######  End fixing tests  /home/donghwan/defects4j/framework/util/fix_test_suite.pl: 2017-07-20 01:32:26  ######
######  Start fixing tests  /home/donghwan/defects4j/framework/util/fix_test_suite.pl: 2017-07-20 01:38:27  ######
- Found 1 test archive(s)
 - Removing 1 test methods: Math-86f-evosuite-branch.4.tar.bz2
--- org.apache.commons.math.linear.CholeskyDecompositionImpl_ESTest3::test3
junit.framework.AssertionFailedError: Expecting exception: Exception
	at org.junit.Assert.fail(Assert.java:88)
	at org.apache.commons.math.linear.CholeskyDecompositionImpl_ESTest3.test3(CholeskyDecompositionImpl_ESTest3.java:37)
	at sun.reflect.NativeMethodAccessorImpl.invoke0(Native Method)
	at sun.reflect.NativeMethodAccessorImpl.invoke(NativeMethodAccessorImpl.java:57)
	at sun.reflect.DelegatingMethodAccessorImpl.invoke(DelegatingMethodAccessorImpl.java:43)
	at java.lang.reflect.Method.invoke(Method.java:606)
	at org.junit.runners.model.FrameworkMethod$1.runReflectiveCall(FrameworkMethod.java:47)
	at org.junit.internal.runners.model.ReflectiveCallable.run(ReflectiveCallable.java:12)
	at org.junit.runners.model.FrameworkMethod.invokeExplosively(FrameworkMethod.java:44)
	at org.junit.internal.runners.statements.InvokeMethod.evaluate(InvokeMethod.java:17)
	at org.junit.internal.runners.statements.RunBefores.evaluate(RunBefores.java:26)
	at org.junit.internal.runners.statements.RunAfters.evaluate(RunAfters.java:27)
	at org.junit.internal.runners.statements.FailOnTimeout$StatementThread.run(FailOnTimeout.java:74)
######  End fixing tests  /home/donghwan/defects4j/framework/util/fix_test_suite.pl: 2017-07-20 01:39:14  ######
######  Start fixing tests  /home/donghwan/defects4j/framework/util/fix_test_suite.pl: 2017-07-20 01:45:01  ######
- Found 1 test archive(s)
 - Removing 2 test methods: Math-87f-evosuite-branch.4.tar.bz2
--- org.apache.commons.math.optimization.linear.SimplexTableau_ESTest11::test11
junit.framework.AssertionFailedError: Expecting exception: NullPointerException
	at org.junit.Assert.fail(Assert.java:88)
	at org.apache.commons.math.optimization.linear.SimplexTableau_ESTest11.test11(SimplexTableau_ESTest11.java:43)
	at sun.reflect.NativeMethodAccessorImpl.invoke0(Native Method)
	at sun.reflect.NativeMethodAccessorImpl.invoke(NativeMethodAccessorImpl.java:57)
	at sun.reflect.DelegatingMethodAccessorImpl.invoke(DelegatingMethodAccessorImpl.java:43)
	at java.lang.reflect.Method.invoke(Method.java:606)
	at org.junit.runners.model.FrameworkMethod$1.runReflectiveCall(FrameworkMethod.java:47)
	at org.junit.internal.runners.model.ReflectiveCallable.run(ReflectiveCallable.java:12)
	at org.junit.runners.model.FrameworkMethod.invokeExplosively(FrameworkMethod.java:44)
	at org.junit.internal.runners.statements.InvokeMethod.evaluate(InvokeMethod.java:17)
	at org.junit.internal.runners.statements.RunBefores.evaluate(RunBefores.java:26)
	at org.junit.internal.runners.statements.RunAfters.evaluate(RunAfters.java:27)
	at org.junit.internal.runners.statements.FailOnTimeout$StatementThread.run(FailOnTimeout.java:74)
--- org.apache.commons.math.optimization.linear.SimplexTableau_ESTest21::test21
junit.framework.AssertionFailedError
	at org.junit.Assert.fail(Assert.java:86)
	at org.junit.Assert.assertTrue(Assert.java:41)
	at org.junit.Assert.assertTrue(Assert.java:52)
	at org.apache.commons.math.optimization.linear.SimplexTableau_ESTest21.test21(SimplexTableau_ESTest21.java:42)
	at sun.reflect.NativeMethodAccessorImpl.invoke0(Native Method)
	at sun.reflect.NativeMethodAccessorImpl.invoke(NativeMethodAccessorImpl.java:57)
	at sun.reflect.DelegatingMethodAccessorImpl.invoke(DelegatingMethodAccessorImpl.java:43)
	at java.lang.reflect.Method.invoke(Method.java:606)
	at org.junit.runners.model.FrameworkMethod$1.runReflectiveCall(FrameworkMethod.java:47)
	at org.junit.internal.runners.model.ReflectiveCallable.run(ReflectiveCallable.java:12)
	at org.junit.runners.model.FrameworkMethod.invokeExplosively(FrameworkMethod.java:44)
	at org.junit.internal.runners.statements.InvokeMethod.evaluate(InvokeMethod.java:17)
	at org.junit.internal.runners.statements.RunBefores.evaluate(RunBefores.java:26)
	at org.junit.internal.runners.statements.RunAfters.evaluate(RunAfters.java:27)
	at org.junit.internal.runners.statements.FailOnTimeout$StatementThread.run(FailOnTimeout.java:74)
######  End fixing tests  /home/donghwan/defects4j/framework/util/fix_test_suite.pl: 2017-07-20 01:45:54  ######
######  Start fixing tests  /home/donghwan/defects4j/framework/util/fix_test_suite.pl: 2017-07-20 01:51:35  ######
- Found 1 test archive(s)
 - Removing 3 test methods: Math-88f-evosuite-branch.4.tar.bz2
--- org.apache.commons.math.optimization.linear.SimplexTableau_ESTest22::test22
junit.framework.AssertionFailedError
	at org.junit.Assert.fail(Assert.java:86)
	at org.junit.Assert.assertTrue(Assert.java:41)
	at org.junit.Assert.assertTrue(Assert.java:52)
	at org.apache.commons.math.optimization.linear.SimplexTableau_ESTest22.test22(SimplexTableau_ESTest22.java:44)
	at sun.reflect.NativeMethodAccessorImpl.invoke0(Native Method)
	at sun.reflect.NativeMethodAccessorImpl.invoke(NativeMethodAccessorImpl.java:57)
	at sun.reflect.DelegatingMethodAccessorImpl.invoke(DelegatingMethodAccessorImpl.java:43)
	at java.lang.reflect.Method.invoke(Method.java:606)
	at org.junit.runners.model.FrameworkMethod$1.runReflectiveCall(FrameworkMethod.java:47)
	at org.junit.internal.runners.model.ReflectiveCallable.run(ReflectiveCallable.java:12)
	at org.junit.runners.model.FrameworkMethod.invokeExplosively(FrameworkMethod.java:44)
	at org.junit.internal.runners.statements.InvokeMethod.evaluate(InvokeMethod.java:17)
	at org.junit.internal.runners.statements.RunBefores.evaluate(RunBefores.java:26)
	at org.junit.internal.runners.statements.RunAfters.evaluate(RunAfters.java:27)
	at org.junit.internal.runners.statements.FailOnTimeout$StatementThread.run(FailOnTimeout.java:74)
--- org.apache.commons.math.optimization.linear.SimplexTableau_ESTest6::test06
java.lang.NullPointerException
	at org.apache.commons.math.optimization.linear.SimplexTableau.initialize(SimplexTableau.java:249)
	at org.apache.commons.math.optimization.linear.SimplexTableau.<init>(SimplexTableau.java:115)
	at org.apache.commons.math.optimization.linear.SimplexTableau_ESTest6.test06(SimplexTableau_ESTest6.java:43)
	at sun.reflect.NativeMethodAccessorImpl.invoke0(Native Method)
	at sun.reflect.NativeMethodAccessorImpl.invoke(NativeMethodAccessorImpl.java:57)
	at sun.reflect.DelegatingMethodAccessorImpl.invoke(DelegatingMethodAccessorImpl.java:43)
	at java.lang.reflect.Method.invoke(Method.java:606)
	at org.junit.runners.model.FrameworkMethod$1.runReflectiveCall(FrameworkMethod.java:47)
	at org.junit.internal.runners.model.ReflectiveCallable.run(ReflectiveCallable.java:12)
	at org.junit.runners.model.FrameworkMethod.invokeExplosively(FrameworkMethod.java:44)
	at org.junit.internal.runners.statements.InvokeMethod.evaluate(InvokeMethod.java:17)
	at org.junit.internal.runners.statements.RunBefores.evaluate(RunBefores.java:26)
	at org.junit.internal.runners.statements.RunAfters.evaluate(RunAfters.java:27)
	at org.junit.internal.runners.statements.FailOnTimeout$StatementThread.run(FailOnTimeout.java:74)
--- org.apache.commons.math.optimization.linear.SimplexTableau_ESTest7::test07
java.lang.NullPointerException
	at org.apache.commons.math.optimization.linear.SimplexTableau.initialize(SimplexTableau.java:249)
	at org.apache.commons.math.optimization.linear.SimplexTableau.<init>(SimplexTableau.java:115)
	at org.apache.commons.math.optimization.linear.SimplexTableau_ESTest7.test07(SimplexTableau_ESTest7.java:42)
	at sun.reflect.NativeMethodAccessorImpl.invoke0(Native Method)
	at sun.reflect.NativeMethodAccessorImpl.invoke(NativeMethodAccessorImpl.java:57)
	at sun.reflect.DelegatingMethodAccessorImpl.invoke(DelegatingMethodAccessorImpl.java:43)
	at java.lang.reflect.Method.invoke(Method.java:606)
	at org.junit.runners.model.FrameworkMethod$1.runReflectiveCall(FrameworkMethod.java:47)
	at org.junit.internal.runners.model.ReflectiveCallable.run(ReflectiveCallable.java:12)
	at org.junit.runners.model.FrameworkMethod.invokeExplosively(FrameworkMethod.java:44)
	at org.junit.internal.runners.statements.InvokeMethod.evaluate(InvokeMethod.java:17)
	at org.junit.internal.runners.statements.RunBefores.evaluate(RunBefores.java:26)
	at org.junit.internal.runners.statements.RunAfters.evaluate(RunAfters.java:27)
	at org.junit.internal.runners.statements.FailOnTimeout$StatementThread.run(FailOnTimeout.java:74)
######  End fixing tests  /home/donghwan/defects4j/framework/util/fix_test_suite.pl: 2017-07-20 01:52:37  ######
######  Start fixing tests  /home/donghwan/defects4j/framework/util/fix_test_suite.pl: 2017-07-20 01:58:02  ######
- Found 1 test archive(s)
######  End fixing tests  /home/donghwan/defects4j/framework/util/fix_test_suite.pl: 2017-07-20 01:58:39  ######
######  Start fixing tests  /home/donghwan/defects4j/framework/util/fix_test_suite.pl: 2017-07-20 02:04:00  ######
- Found 1 test archive(s)
######  End fixing tests  /home/donghwan/defects4j/framework/util/fix_test_suite.pl: 2017-07-20 02:04:38  ######
######  Start fixing tests  /home/donghwan/defects4j/framework/util/fix_test_suite.pl: 2017-07-20 02:10:12  ######
- Found 1 test archive(s)
 - Removing 1 test methods: Math-91f-evosuite-branch.4.tar.bz2
--- org.apache.commons.math.fraction.Fraction_ESTest11::test11
junit.framework.AssertionFailedError: Expecting exception: Exception
	at org.junit.Assert.fail(Assert.java:88)
	at org.apache.commons.math.fraction.Fraction_ESTest11.test11(Fraction_ESTest11.java:28)
	at sun.reflect.NativeMethodAccessorImpl.invoke0(Native Method)
	at sun.reflect.NativeMethodAccessorImpl.invoke(NativeMethodAccessorImpl.java:57)
	at sun.reflect.DelegatingMethodAccessorImpl.invoke(DelegatingMethodAccessorImpl.java:43)
	at java.lang.reflect.Method.invoke(Method.java:606)
	at org.junit.runners.model.FrameworkMethod$1.runReflectiveCall(FrameworkMethod.java:47)
	at org.junit.internal.runners.model.ReflectiveCallable.run(ReflectiveCallable.java:12)
	at org.junit.runners.model.FrameworkMethod.invokeExplosively(FrameworkMethod.java:44)
	at org.junit.internal.runners.statements.InvokeMethod.evaluate(InvokeMethod.java:17)
	at org.junit.internal.runners.statements.RunBefores.evaluate(RunBefores.java:26)
	at org.junit.internal.runners.statements.RunAfters.evaluate(RunAfters.java:27)
	at org.junit.internal.runners.statements.FailOnTimeout$StatementThread.run(FailOnTimeout.java:74)
######  End fixing tests  /home/donghwan/defects4j/framework/util/fix_test_suite.pl: 2017-07-20 02:11:07  ######
######  Start fixing tests  /home/donghwan/defects4j/framework/util/fix_test_suite.pl: 2017-07-20 02:17:53  ######
- Found 1 test archive(s)
######  End fixing tests  /home/donghwan/defects4j/framework/util/fix_test_suite.pl: 2017-07-20 02:18:41  ######
######  Start fixing tests  /home/donghwan/defects4j/framework/util/fix_test_suite.pl: 2017-07-20 02:25:30  ######
- Found 1 test archive(s)
 - Removing 1 test methods: Math-93f-evosuite-branch.4.tar.bz2
--- org.apache.commons.math.util.MathUtils_ESTest15::test015
junit.framework.AssertionFailedError: Expecting exception: ArithmeticException
	at org.junit.Assert.fail(Assert.java:88)
	at org.apache.commons.math.util.MathUtils_ESTest15.test015(MathUtils_ESTest15.java:28)
	at sun.reflect.NativeMethodAccessorImpl.invoke0(Native Method)
	at sun.reflect.NativeMethodAccessorImpl.invoke(NativeMethodAccessorImpl.java:57)
	at sun.reflect.DelegatingMethodAccessorImpl.invoke(DelegatingMethodAccessorImpl.java:43)
	at java.lang.reflect.Method.invoke(Method.java:606)
	at org.junit.runners.model.FrameworkMethod$1.runReflectiveCall(FrameworkMethod.java:47)
	at org.junit.internal.runners.model.ReflectiveCallable.run(ReflectiveCallable.java:12)
	at org.junit.runners.model.FrameworkMethod.invokeExplosively(FrameworkMethod.java:44)
	at org.junit.internal.runners.statements.InvokeMethod.evaluate(InvokeMethod.java:17)
	at org.junit.internal.runners.statements.RunBefores.evaluate(RunBefores.java:26)
	at org.junit.internal.runners.statements.RunAfters.evaluate(RunAfters.java:27)
	at org.junit.internal.runners.statements.FailOnTimeout$StatementThread.run(FailOnTimeout.java:74)
######  End fixing tests  /home/donghwan/defects4j/framework/util/fix_test_suite.pl: 2017-07-20 02:26:22  ######
######  Start fixing tests  /home/donghwan/defects4j/framework/util/fix_test_suite.pl: 2017-07-20 02:32:52  ######
- Found 1 test archive(s)
######  End fixing tests  /home/donghwan/defects4j/framework/util/fix_test_suite.pl: 2017-07-20 02:33:37  ######
######  Start fixing tests  /home/donghwan/defects4j/framework/util/fix_test_suite.pl: 2017-07-20 02:34:00  ######
- Found 1 test archive(s)
######  End fixing tests  /home/donghwan/defects4j/framework/util/fix_test_suite.pl: 2017-07-20 02:34:36  ######
######  Start fixing tests  /home/donghwan/defects4j/framework/util/fix_test_suite.pl: 2017-07-20 02:40:13  ######
- Found 1 test archive(s)
######  End fixing tests  /home/donghwan/defects4j/framework/util/fix_test_suite.pl: 2017-07-20 02:40:51  ######
######  Start fixing tests  /home/donghwan/defects4j/framework/util/fix_test_suite.pl: 2017-07-20 02:46:23  ######
- Found 1 test archive(s)
######  End fixing tests  /home/donghwan/defects4j/framework/util/fix_test_suite.pl: 2017-07-20 02:46:58  ######
######  Start fixing tests  /home/donghwan/defects4j/framework/util/fix_test_suite.pl: 2017-07-20 03:03:21  ######
- Found 1 test archive(s)
######  End fixing tests  /home/donghwan/defects4j/framework/util/fix_test_suite.pl: 2017-07-20 03:04:11  ######
######  Start fixing tests  /home/donghwan/defects4j/framework/util/fix_test_suite.pl: 2017-07-20 03:11:02  ######
- Found 1 test archive(s)
 - Removing 2 test methods: Math-99f-evosuite-branch.4.tar.bz2
--- org.apache.commons.math.util.MathUtils_ESTest106::test106
org.evosuite.runtime.mock.java.lang.MockArithmeticException: Inexact result from rounding
--- org.apache.commons.math.util.MathUtils_ESTest16::test016
junit.framework.AssertionFailedError: Expecting exception: ArithmeticException
	at org.junit.Assert.fail(Assert.java:88)
	at org.apache.commons.math.util.MathUtils_ESTest16.test016(MathUtils_ESTest16.java:29)
	at sun.reflect.NativeMethodAccessorImpl.invoke0(Native Method)
	at sun.reflect.NativeMethodAccessorImpl.invoke(NativeMethodAccessorImpl.java:57)
	at sun.reflect.DelegatingMethodAccessorImpl.invoke(DelegatingMethodAccessorImpl.java:43)
	at java.lang.reflect.Method.invoke(Method.java:606)
	at org.junit.runners.model.FrameworkMethod$1.runReflectiveCall(FrameworkMethod.java:47)
	at org.junit.internal.runners.model.ReflectiveCallable.run(ReflectiveCallable.java:12)
	at org.junit.runners.model.FrameworkMethod.invokeExplosively(FrameworkMethod.java:44)
	at org.junit.internal.runners.statements.InvokeMethod.evaluate(InvokeMethod.java:17)
	at org.junit.internal.runners.statements.RunBefores.evaluate(RunBefores.java:26)
	at org.junit.internal.runners.statements.RunAfters.evaluate(RunAfters.java:27)
	at org.junit.internal.runners.statements.FailOnTimeout$StatementThread.run(FailOnTimeout.java:74)
######  End fixing tests  /home/donghwan/defects4j/framework/util/fix_test_suite.pl: 2017-07-20 03:11:58  ######
######  Start fixing tests  /home/donghwan/defects4j/framework/util/fix_test_suite.pl: 2017-07-20 03:17:24  ######
- Found 1 test archive(s)
######  End fixing tests  /home/donghwan/defects4j/framework/util/fix_test_suite.pl: 2017-07-20 03:18:03  ######
######  Start fixing tests  /home/donghwan/defects4j/framework/util/fix_test_suite.pl: 2017-07-20 03:23:47  ######
- Found 1 test archive(s)
######  End fixing tests  /home/donghwan/defects4j/framework/util/fix_test_suite.pl: 2017-07-20 03:24:34  ######
######  Start fixing tests  /home/donghwan/defects4j/framework/util/fix_test_suite.pl: 2017-07-20 03:28:37  ######
- Found 1 test archive(s)
######  End fixing tests  /home/donghwan/defects4j/framework/util/fix_test_suite.pl: 2017-07-20 03:29:19  ######
######  Start fixing tests  /home/donghwan/defects4j/framework/util/fix_test_suite.pl: 2017-07-20 03:29:48  ######
- Found 1 test archive(s)
 - Removing 1 test methods: Math-103f-evosuite-branch.4.tar.bz2
--- org.apache.commons.math.distribution.NormalDistributionImpl_ESTest4::test04
junit.framework.AssertionFailedError: Expecting exception: Exception
	at org.junit.Assert.fail(Assert.java:88)
	at org.apache.commons.math.distribution.NormalDistributionImpl_ESTest4.test04(NormalDistributionImpl_ESTest4.java:28)
	at sun.reflect.NativeMethodAccessorImpl.invoke0(Native Method)
	at sun.reflect.NativeMethodAccessorImpl.invoke(NativeMethodAccessorImpl.java:57)
	at sun.reflect.DelegatingMethodAccessorImpl.invoke(DelegatingMethodAccessorImpl.java:43)
	at java.lang.reflect.Method.invoke(Method.java:606)
	at org.junit.runners.model.FrameworkMethod$1.runReflectiveCall(FrameworkMethod.java:47)
	at org.junit.internal.runners.model.ReflectiveCallable.run(ReflectiveCallable.java:12)
	at org.junit.runners.model.FrameworkMethod.invokeExplosively(FrameworkMethod.java:44)
	at org.junit.internal.runners.statements.InvokeMethod.evaluate(InvokeMethod.java:17)
	at org.junit.internal.runners.statements.RunBefores.evaluate(RunBefores.java:26)
	at org.junit.internal.runners.statements.RunAfters.evaluate(RunAfters.java:27)
	at org.junit.internal.runners.statements.FailOnTimeout$StatementThread.run(FailOnTimeout.java:74)
######  End fixing tests  /home/donghwan/defects4j/framework/util/fix_test_suite.pl: 2017-07-20 03:30:32  ######
######  Start fixing tests  /home/donghwan/defects4j/framework/util/fix_test_suite.pl: 2017-07-20 03:32:50  ######
- Found 1 test archive(s)
######  End fixing tests  /home/donghwan/defects4j/framework/util/fix_test_suite.pl: 2017-07-20 03:33:34  ######
######  Start fixing tests  /home/donghwan/defects4j/framework/util/fix_test_suite.pl: 2017-07-20 03:33:57  ######
- Found 1 test archive(s)
######  End fixing tests  /home/donghwan/defects4j/framework/util/fix_test_suite.pl: 2017-07-20 03:34:34  ######
######  Start fixing tests  /home/donghwan/defects4j/framework/util/fix_test_suite.pl: 2017-07-20 03:39:50  ######
- Found 1 test archive(s)
######  End fixing tests  /home/donghwan/defects4j/framework/util/fix_test_suite.pl: 2017-07-20 03:40:25  ######
