--- org.apache.commons.math.analysis.BrentSolver_ESTest0::test00
org.evosuite.runtime.mock.java.lang.MockIllegalArgumentException: Function values at endpoints do not have different signs.  Endpoints: [-834.2210438412,2.0]  Values: [0.0,0.0]
--- org.apache.commons.math.analysis.BrentSolver_ESTest10::test10
org.evosuite.runtime.mock.java.lang.MockIllegalArgumentException: Function values at endpoints do not have different signs.  Endpoints: [-953.41268562,0.0]  Values: [-953.41268562,0.0]
--- org.apache.commons.math.analysis.BrentSolver_ESTest7::test07
junit.framework.AssertionFailedError: expected:<124.0724> but was:<Infinity>
	at org.junit.Assert.fail(Assert.java:88)
	at org.junit.Assert.failNotEquals(Assert.java:743)
	at org.junit.Assert.assertEquals(Assert.java:494)
	at org.junit.Assert.assertEquals(Assert.java:592)
	at org.apache.commons.math.analysis.BrentSolver_ESTest7.test07(BrentSolver_ESTest7.java:32)
	at sun.reflect.NativeMethodAccessorImpl.invoke0(Native Method)
	at sun.reflect.NativeMethodAccessorImpl.invoke(NativeMethodAccessorImpl.java:57)
	at sun.reflect.DelegatingMethodAccessorImpl.invoke(DelegatingMethodAccessorImpl.java:43)
	at java.lang.reflect.Method.invoke(Method.java:606)
	at org.junit.runners.model.FrameworkMethod$1.runReflectiveCall(FrameworkMethod.java:47)
	at org.junit.internal.runners.model.ReflectiveCallable.run(ReflectiveCallable.java:12)
	at org.junit.runners.model.FrameworkMethod.invokeExplosively(FrameworkMethod.java:44)
	at org.junit.internal.runners.statements.InvokeMethod.evaluate(InvokeMethod.java:17)
	at org.junit.internal.runners.statements.RunBefores.evaluate(RunBefores.java:26)
	at org.junit.internal.runners.statements.RunAfters.evaluate(RunAfters.java:27)
	at org.junit.internal.runners.statements.FailOnTimeout$StatementThread.run(FailOnTimeout.java:74)
