######  Start fixing tests  /home/to_donghwan/defects4j/framework/util/fix_test_suite.pl: 2017-07-13 03:58:03  ######
- Found 1 test archive(s)
######  End fixing tests  /home/to_donghwan/defects4j/framework/util/fix_test_suite.pl: 2017-07-13 03:58:47  ######
######  Start fixing tests  /home/to_donghwan/defects4j/framework/util/fix_test_suite.pl: 2017-07-13 04:13:07  ######
- Found 1 test archive(s)
######  End fixing tests  /home/to_donghwan/defects4j/framework/util/fix_test_suite.pl: 2017-07-13 04:13:44  ######
######  Start fixing tests  /home/to_donghwan/defects4j/framework/util/fix_test_suite.pl: 2017-07-13 04:19:52  ######
- Found 1 test archive(s)
######  End fixing tests  /home/to_donghwan/defects4j/framework/util/fix_test_suite.pl: 2017-07-13 04:20:35  ######
######  Start fixing tests  /home/to_donghwan/defects4j/framework/util/fix_test_suite.pl: 2017-07-13 04:21:26  ######
- Found 1 test archive(s)
 - Removing 1 test methods: Math-4f-evosuite-branch.1.tar.bz2
--- org.apache.commons.math3.geometry.euclidean.twod.SubLine_ESTest11::test11
junit.framework.AssertionFailedError: expected:<PLUS> but was:<HYPER>
	at org.junit.Assert.fail(Assert.java:88)
	at org.junit.Assert.failNotEquals(Assert.java:743)
	at org.junit.Assert.assertEquals(Assert.java:118)
	at org.junit.Assert.assertEquals(Assert.java:144)
	at org.apache.commons.math3.geometry.euclidean.twod.SubLine_ESTest11.test11(SubLine_ESTest11.java:45)
	at sun.reflect.NativeMethodAccessorImpl.invoke0(Native Method)
	at sun.reflect.NativeMethodAccessorImpl.invoke(NativeMethodAccessorImpl.java:57)
	at sun.reflect.DelegatingMethodAccessorImpl.invoke(DelegatingMethodAccessorImpl.java:43)
	at java.lang.reflect.Method.invoke(Method.java:606)
	at org.junit.runners.model.FrameworkMethod$1.runReflectiveCall(FrameworkMethod.java:47)
	at org.junit.internal.runners.model.ReflectiveCallable.run(ReflectiveCallable.java:12)
	at org.junit.runners.model.FrameworkMethod.invokeExplosively(FrameworkMethod.java:44)
	at org.junit.internal.runners.statements.InvokeMethod.evaluate(InvokeMethod.java:17)
	at org.junit.internal.runners.statements.RunBefores.evaluate(RunBefores.java:26)
	at org.junit.internal.runners.statements.RunAfters.evaluate(RunAfters.java:27)
	at org.junit.internal.runners.statements.FailOnTimeout$StatementThread.run(FailOnTimeout.java:74)
######  End fixing tests  /home/to_donghwan/defects4j/framework/util/fix_test_suite.pl: 2017-07-13 04:22:11  ######
######  Start fixing tests  /home/to_donghwan/defects4j/framework/util/fix_test_suite.pl: 2017-07-13 04:28:12  ######
- Found 1 test archive(s)
######  End fixing tests  /home/to_donghwan/defects4j/framework/util/fix_test_suite.pl: 2017-07-13 04:28:54  ######
######  Start fixing tests  /home/to_donghwan/defects4j/framework/util/fix_test_suite.pl: 2017-07-13 05:05:18  ######
- Found 1 test archive(s)
######  End fixing tests  /home/to_donghwan/defects4j/framework/util/fix_test_suite.pl: 2017-07-13 05:06:01  ######
######  Start fixing tests  /home/to_donghwan/defects4j/framework/util/fix_test_suite.pl: 2017-07-13 05:11:24  ######
- Found 1 test archive(s)
######  End fixing tests  /home/to_donghwan/defects4j/framework/util/fix_test_suite.pl: 2017-07-13 05:12:11  ######
######  Start fixing tests  /home/to_donghwan/defects4j/framework/util/fix_test_suite.pl: 2017-07-13 05:17:33  ######
- Found 1 test archive(s)
######  End fixing tests  /home/to_donghwan/defects4j/framework/util/fix_test_suite.pl: 2017-07-13 05:18:10  ######
######  Start fixing tests  /home/to_donghwan/defects4j/framework/util/fix_test_suite.pl: 2017-07-13 05:18:33  ######
- Found 1 test archive(s)
######  End fixing tests  /home/to_donghwan/defects4j/framework/util/fix_test_suite.pl: 2017-07-13 05:19:09  ######
######  Start fixing tests  /home/to_donghwan/defects4j/framework/util/fix_test_suite.pl: 2017-07-13 05:34:32  ######
- Found 0 test archive(s)
######  End fixing tests  /home/to_donghwan/defects4j/framework/util/fix_test_suite.pl: 2017-07-13 05:34:32  ######
######  Start fixing tests  /home/to_donghwan/defects4j/framework/util/fix_test_suite.pl: 2017-07-13 05:35:19  ######
- Found 1 test archive(s)
######  End fixing tests  /home/to_donghwan/defects4j/framework/util/fix_test_suite.pl: 2017-07-13 05:35:59  ######
######  Start fixing tests  /home/to_donghwan/defects4j/framework/util/fix_test_suite.pl: 2017-07-13 05:36:46  ######
- Found 1 test archive(s)
######  End fixing tests  /home/to_donghwan/defects4j/framework/util/fix_test_suite.pl: 2017-07-13 05:37:21  ######
######  Start fixing tests  /home/to_donghwan/defects4j/framework/util/fix_test_suite.pl: 2017-07-13 05:37:38  ######
- Found 0 test archive(s)
######  End fixing tests  /home/to_donghwan/defects4j/framework/util/fix_test_suite.pl: 2017-07-13 05:37:38  ######
######  Start fixing tests  /home/to_donghwan/defects4j/framework/util/fix_test_suite.pl: 2017-07-13 05:43:09  ######
- Found 1 test archive(s)
######  End fixing tests  /home/to_donghwan/defects4j/framework/util/fix_test_suite.pl: 2017-07-13 05:43:46  ######
######  Start fixing tests  /home/to_donghwan/defects4j/framework/util/fix_test_suite.pl: 2017-07-13 05:50:36  ######
- Found 1 test archive(s)
 - Removing 5 test methods: Math-15f-evosuite-branch.1.tar.bz2
--- org.apache.commons.math3.util.FastMath_ESTest122::test122
junit.framework.AssertionFailedError: expected:<-1.5707963267948966> but was:<NaN>
	at org.junit.Assert.fail(Assert.java:88)
	at org.junit.Assert.failNotEquals(Assert.java:743)
	at org.junit.Assert.assertEquals(Assert.java:494)
	at org.junit.Assert.assertEquals(Assert.java:592)
	at org.apache.commons.math3.util.FastMath_ESTest122.test122(FastMath_ESTest122.java:26)
	at sun.reflect.NativeMethodAccessorImpl.invoke0(Native Method)
	at sun.reflect.NativeMethodAccessorImpl.invoke(NativeMethodAccessorImpl.java:57)
	at sun.reflect.DelegatingMethodAccessorImpl.invoke(DelegatingMethodAccessorImpl.java:43)
	at java.lang.reflect.Method.invoke(Method.java:606)
	at org.junit.runners.model.FrameworkMethod$1.runReflectiveCall(FrameworkMethod.java:47)
	at org.junit.internal.runners.model.ReflectiveCallable.run(ReflectiveCallable.java:12)
	at org.junit.runners.model.FrameworkMethod.invokeExplosively(FrameworkMethod.java:44)
	at org.junit.internal.runners.statements.InvokeMethod.evaluate(InvokeMethod.java:17)
	at org.junit.internal.runners.statements.RunBefores.evaluate(RunBefores.java:26)
	at org.junit.internal.runners.statements.RunAfters.evaluate(RunAfters.java:27)
	at org.junit.internal.runners.statements.FailOnTimeout$StatementThread.run(FailOnTimeout.java:74)
--- org.apache.commons.math3.util.FastMath_ESTest241::test241
junit.framework.AssertionFailedError: expected:<4046> but was:<-9223372036854775808>
	at org.junit.Assert.fail(Assert.java:88)
	at org.junit.Assert.failNotEquals(Assert.java:743)
	at org.junit.Assert.assertEquals(Assert.java:118)
	at org.junit.Assert.assertEquals(Assert.java:555)
	at org.junit.Assert.assertEquals(Assert.java:542)
	at org.apache.commons.math3.util.FastMath_ESTest241.test241(FastMath_ESTest241.java:26)
	at sun.reflect.NativeMethodAccessorImpl.invoke0(Native Method)
	at sun.reflect.NativeMethodAccessorImpl.invoke(NativeMethodAccessorImpl.java:57)
	at sun.reflect.DelegatingMethodAccessorImpl.invoke(DelegatingMethodAccessorImpl.java:43)
	at java.lang.reflect.Method.invoke(Method.java:606)
	at org.junit.runners.model.FrameworkMethod$1.runReflectiveCall(FrameworkMethod.java:47)
	at org.junit.internal.runners.model.ReflectiveCallable.run(ReflectiveCallable.java:12)
	at org.junit.runners.model.FrameworkMethod.invokeExplosively(FrameworkMethod.java:44)
	at org.junit.internal.runners.statements.InvokeMethod.evaluate(InvokeMethod.java:17)
	at org.junit.internal.runners.statements.RunBefores.evaluate(RunBefores.java:26)
	at org.junit.internal.runners.statements.RunAfters.evaluate(RunAfters.java:27)
	at org.junit.internal.runners.statements.FailOnTimeout$StatementThread.run(FailOnTimeout.java:74)
--- org.apache.commons.math3.util.FastMath_ESTest70::test070
junit.framework.AssertionFailedError: expected:<0.0> but was:<NaN>
	at org.junit.Assert.fail(Assert.java:88)
	at org.junit.Assert.failNotEquals(Assert.java:743)
	at org.junit.Assert.assertEquals(Assert.java:494)
	at org.junit.Assert.assertEquals(Assert.java:592)
	at org.apache.commons.math3.util.FastMath_ESTest70.test070(FastMath_ESTest70.java:26)
	at sun.reflect.NativeMethodAccessorImpl.invoke0(Native Method)
	at sun.reflect.NativeMethodAccessorImpl.invoke(NativeMethodAccessorImpl.java:57)
	at sun.reflect.DelegatingMethodAccessorImpl.invoke(DelegatingMethodAccessorImpl.java:43)
	at java.lang.reflect.Method.invoke(Method.java:606)
	at org.junit.runners.model.FrameworkMethod$1.runReflectiveCall(FrameworkMethod.java:47)
	at org.junit.internal.runners.model.ReflectiveCallable.run(ReflectiveCallable.java:12)
	at org.junit.runners.model.FrameworkMethod.invokeExplosively(FrameworkMethod.java:44)
	at org.junit.internal.runners.statements.InvokeMethod.evaluate(InvokeMethod.java:17)
	at org.junit.internal.runners.statements.RunBefores.evaluate(RunBefores.java:26)
	at org.junit.internal.runners.statements.RunAfters.evaluate(RunAfters.java:27)
	at org.junit.internal.runners.statements.FailOnTimeout$StatementThread.run(FailOnTimeout.java:74)
--- org.apache.commons.math3.util.FastMath_ESTest77::test077
junit.framework.AssertionFailedError: expected:<Infinity> but was:<NaN>
	at org.junit.Assert.fail(Assert.java:88)
	at org.junit.Assert.failNotEquals(Assert.java:743)
	at org.junit.Assert.assertEquals(Assert.java:494)
	at org.junit.Assert.assertEquals(Assert.java:592)
	at org.apache.commons.math3.util.FastMath_ESTest77.test077(FastMath_ESTest77.java:26)
	at sun.reflect.NativeMethodAccessorImpl.invoke0(Native Method)
	at sun.reflect.NativeMethodAccessorImpl.invoke(NativeMethodAccessorImpl.java:57)
	at sun.reflect.DelegatingMethodAccessorImpl.invoke(DelegatingMethodAccessorImpl.java:43)
	at java.lang.reflect.Method.invoke(Method.java:606)
	at org.junit.runners.model.FrameworkMethod$1.runReflectiveCall(FrameworkMethod.java:47)
	at org.junit.internal.runners.model.ReflectiveCallable.run(ReflectiveCallable.java:12)
	at org.junit.runners.model.FrameworkMethod.invokeExplosively(FrameworkMethod.java:44)
	at org.junit.internal.runners.statements.InvokeMethod.evaluate(InvokeMethod.java:17)
	at org.junit.internal.runners.statements.RunBefores.evaluate(RunBefores.java:26)
	at org.junit.internal.runners.statements.RunAfters.evaluate(RunAfters.java:27)
	at org.junit.internal.runners.statements.FailOnTimeout$StatementThread.run(FailOnTimeout.java:74)
--- org.apache.commons.math3.util.FastMath_ESTest86::test086
junit.framework.AssertionFailedError: expected:<0.0> but was:<NaN>
	at org.junit.Assert.fail(Assert.java:88)
	at org.junit.Assert.failNotEquals(Assert.java:743)
	at org.junit.Assert.assertEquals(Assert.java:494)
	at org.junit.Assert.assertEquals(Assert.java:592)
	at org.apache.commons.math3.util.FastMath_ESTest86.test086(FastMath_ESTest86.java:26)
	at sun.reflect.NativeMethodAccessorImpl.invoke0(Native Method)
	at sun.reflect.NativeMethodAccessorImpl.invoke(NativeMethodAccessorImpl.java:57)
	at sun.reflect.DelegatingMethodAccessorImpl.invoke(DelegatingMethodAccessorImpl.java:43)
	at java.lang.reflect.Method.invoke(Method.java:606)
	at org.junit.runners.model.FrameworkMethod$1.runReflectiveCall(FrameworkMethod.java:47)
	at org.junit.internal.runners.model.ReflectiveCallable.run(ReflectiveCallable.java:12)
	at org.junit.runners.model.FrameworkMethod.invokeExplosively(FrameworkMethod.java:44)
	at org.junit.internal.runners.statements.InvokeMethod.evaluate(InvokeMethod.java:17)
	at org.junit.internal.runners.statements.RunBefores.evaluate(RunBefores.java:26)
	at org.junit.internal.runners.statements.RunAfters.evaluate(RunAfters.java:27)
	at org.junit.internal.runners.statements.FailOnTimeout$StatementThread.run(FailOnTimeout.java:74)
######  End fixing tests  /home/to_donghwan/defects4j/framework/util/fix_test_suite.pl: 2017-07-13 05:51:37  ######
######  Start fixing tests  /home/to_donghwan/defects4j/framework/util/fix_test_suite.pl: 2017-07-13 05:58:35  ######
- Found 1 test archive(s)
 - Removing 3 test methods: Math-16f-evosuite-branch.1.tar.bz2
--- org.apache.commons.math3.util.FastMath_ESTest117::test117
junit.framework.AssertionFailedError: expected:<1.5707963267948966> but was:<NaN>
	at org.junit.Assert.fail(Assert.java:88)
	at org.junit.Assert.failNotEquals(Assert.java:743)
	at org.junit.Assert.assertEquals(Assert.java:494)
	at org.junit.Assert.assertEquals(Assert.java:592)
	at org.apache.commons.math3.util.FastMath_ESTest117.test117(FastMath_ESTest117.java:26)
	at sun.reflect.NativeMethodAccessorImpl.invoke0(Native Method)
	at sun.reflect.NativeMethodAccessorImpl.invoke(NativeMethodAccessorImpl.java:57)
	at sun.reflect.DelegatingMethodAccessorImpl.invoke(DelegatingMethodAccessorImpl.java:43)
	at java.lang.reflect.Method.invoke(Method.java:606)
	at org.junit.runners.model.FrameworkMethod$1.runReflectiveCall(FrameworkMethod.java:47)
	at org.junit.internal.runners.model.ReflectiveCallable.run(ReflectiveCallable.java:12)
	at org.junit.runners.model.FrameworkMethod.invokeExplosively(FrameworkMethod.java:44)
	at org.junit.internal.runners.statements.InvokeMethod.evaluate(InvokeMethod.java:17)
	at org.junit.internal.runners.statements.RunBefores.evaluate(RunBefores.java:26)
	at org.junit.internal.runners.statements.RunAfters.evaluate(RunAfters.java:27)
	at org.junit.internal.runners.statements.FailOnTimeout$StatementThread.run(FailOnTimeout.java:74)
--- org.apache.commons.math3.util.FastMath_ESTest243::test243
junit.framework.AssertionFailedError: expected:<4.634817120492781E-114> but was:<NaN>
	at org.junit.Assert.fail(Assert.java:88)
	at org.junit.Assert.failNotEquals(Assert.java:743)
	at org.junit.Assert.assertEquals(Assert.java:494)
	at org.junit.Assert.assertEquals(Assert.java:592)
	at org.apache.commons.math3.util.FastMath_ESTest243.test243(FastMath_ESTest243.java:26)
	at sun.reflect.NativeMethodAccessorImpl.invoke0(Native Method)
	at sun.reflect.NativeMethodAccessorImpl.invoke(NativeMethodAccessorImpl.java:57)
	at sun.reflect.DelegatingMethodAccessorImpl.invoke(DelegatingMethodAccessorImpl.java:43)
	at java.lang.reflect.Method.invoke(Method.java:606)
	at org.junit.runners.model.FrameworkMethod$1.runReflectiveCall(FrameworkMethod.java:47)
	at org.junit.internal.runners.model.ReflectiveCallable.run(ReflectiveCallable.java:12)
	at org.junit.runners.model.FrameworkMethod.invokeExplosively(FrameworkMethod.java:44)
	at org.junit.internal.runners.statements.InvokeMethod.evaluate(InvokeMethod.java:17)
	at org.junit.internal.runners.statements.RunBefores.evaluate(RunBefores.java:26)
	at org.junit.internal.runners.statements.RunAfters.evaluate(RunAfters.java:27)
	at org.junit.internal.runners.statements.FailOnTimeout$StatementThread.run(FailOnTimeout.java:74)
--- org.apache.commons.math3.util.FastMath_ESTest36::test036
junit.framework.AssertionFailedError: expected:<-355.09408900074607> but was:<NaN>
	at org.junit.Assert.fail(Assert.java:88)
	at org.junit.Assert.failNotEquals(Assert.java:743)
	at org.junit.Assert.assertEquals(Assert.java:494)
	at org.junit.Assert.assertEquals(Assert.java:592)
	at org.apache.commons.math3.util.FastMath_ESTest36.test036(FastMath_ESTest36.java:26)
	at sun.reflect.NativeMethodAccessorImpl.invoke0(Native Method)
	at sun.reflect.NativeMethodAccessorImpl.invoke(NativeMethodAccessorImpl.java:57)
	at sun.reflect.DelegatingMethodAccessorImpl.invoke(DelegatingMethodAccessorImpl.java:43)
	at java.lang.reflect.Method.invoke(Method.java:606)
	at org.junit.runners.model.FrameworkMethod$1.runReflectiveCall(FrameworkMethod.java:47)
	at org.junit.internal.runners.model.ReflectiveCallable.run(ReflectiveCallable.java:12)
	at org.junit.runners.model.FrameworkMethod.invokeExplosively(FrameworkMethod.java:44)
	at org.junit.internal.runners.statements.InvokeMethod.evaluate(InvokeMethod.java:17)
	at org.junit.internal.runners.statements.RunBefores.evaluate(RunBefores.java:26)
	at org.junit.internal.runners.statements.RunAfters.evaluate(RunAfters.java:27)
	at org.junit.internal.runners.statements.FailOnTimeout$StatementThread.run(FailOnTimeout.java:74)
######  End fixing tests  /home/to_donghwan/defects4j/framework/util/fix_test_suite.pl: 2017-07-13 05:59:45  ######
######  Start fixing tests  /home/to_donghwan/defects4j/framework/util/fix_test_suite.pl: 2017-07-13 06:10:30  ######
- Found 0 test archive(s)
######  End fixing tests  /home/to_donghwan/defects4j/framework/util/fix_test_suite.pl: 2017-07-13 06:10:30  ######
######  Start fixing tests  /home/to_donghwan/defects4j/framework/util/fix_test_suite.pl: 2017-07-13 06:25:20  ######
- Found 1 test archive(s)
 - Removing 9 test methods: Math-18f-evosuite-branch.1.tar.bz2
--- org.apache.commons.math3.optimization.direct.CMAESOptimizer_ESTest1::test01
org.evosuite.runtime.TooManyResourcesException: Loop has been executed more times than the allowed 100000
	at org.evosuite.runtime.LoopCounter.checkLoop(LoopCounter.java:82)
	at org.apache.commons.math3.linear.Array2DRowRealMatrix.getRowDimension(Array2DRowRealMatrix.java:339)
	at org.apache.commons.math3.linear.MatrixUtils.checkRowIndex(MatrixUtils.java:402)
	at org.apache.commons.math3.linear.MatrixUtils.checkMatrixIndex(MatrixUtils.java:389)
	at org.apache.commons.math3.linear.Array2DRowRealMatrix.getEntry(Array2DRowRealMatrix.java:306)
	at org.apache.commons.math3.optimization.direct.CMAESOptimizer.copyColumn(CMAESOptimizer.java:1197)
	at org.apache.commons.math3.optimization.direct.CMAESOptimizer.doOptimize(CMAESOptimizer.java:396)
	at org.apache.commons.math3.optimization.direct.BaseAbstractMultivariateOptimizer.optimizeInternal(BaseAbstractMultivariateOptimizer.java:148)
	at org.apache.commons.math3.optimization.direct.BaseAbstractMultivariateOptimizer.optimize(BaseAbstractMultivariateOptimizer.java:105)
	at org.apache.commons.math3.optimization.direct.BaseAbstractMultivariateSimpleBoundsOptimizer.optimize(BaseAbstractMultivariateSimpleBoundsOptimizer.java:140)
	at org.apache.commons.math3.optimization.direct.CMAESOptimizer_ESTest1.test01(CMAESOptimizer_ESTest1.java:57)
	at sun.reflect.NativeMethodAccessorImpl.invoke0(Native Method)
	at sun.reflect.NativeMethodAccessorImpl.invoke(NativeMethodAccessorImpl.java:57)
	at sun.reflect.DelegatingMethodAccessorImpl.invoke(DelegatingMethodAccessorImpl.java:43)
	at java.lang.reflect.Method.invoke(Method.java:606)
	at org.junit.runners.model.FrameworkMethod$1.runReflectiveCall(FrameworkMethod.java:47)
	at org.junit.internal.runners.model.ReflectiveCallable.run(ReflectiveCallable.java:12)
	at org.junit.runners.model.FrameworkMethod.invokeExplosively(FrameworkMethod.java:44)
	at org.junit.internal.runners.statements.InvokeMethod.evaluate(InvokeMethod.java:17)
	at org.junit.internal.runners.statements.RunBefores.evaluate(RunBefores.java:26)
	at org.junit.internal.runners.statements.RunAfters.evaluate(RunAfters.java:27)
	at org.junit.internal.runners.statements.FailOnTimeout$StatementThread.run(FailOnTimeout.java:74)
--- org.apache.commons.math3.optimization.direct.CMAESOptimizer_ESTest11::test11
org.evosuite.runtime.TooManyResourcesException: Loop has been executed more times than the allowed 100000
	at org.evosuite.runtime.LoopCounter.checkLoop(LoopCounter.java:82)
	at org.apache.commons.math3.random.UnitSphereRandomVectorGenerator.nextVector(UnitSphereRandomVectorGenerator.java:68)
	at org.apache.commons.math3.analysis.interpolation.MicrosphereInterpolatingFunction.<init>(MicrosphereInterpolatingFunction.java:189)
	at org.apache.commons.math3.optimization.direct.CMAESOptimizer_ESTest11.test11(CMAESOptimizer_ESTest11.java:54)
	at sun.reflect.NativeMethodAccessorImpl.invoke0(Native Method)
	at sun.reflect.NativeMethodAccessorImpl.invoke(NativeMethodAccessorImpl.java:57)
	at sun.reflect.DelegatingMethodAccessorImpl.invoke(DelegatingMethodAccessorImpl.java:43)
	at java.lang.reflect.Method.invoke(Method.java:606)
	at org.junit.runners.model.FrameworkMethod$1.runReflectiveCall(FrameworkMethod.java:47)
	at org.junit.internal.runners.model.ReflectiveCallable.run(ReflectiveCallable.java:12)
	at org.junit.runners.model.FrameworkMethod.invokeExplosively(FrameworkMethod.java:44)
	at org.junit.internal.runners.statements.InvokeMethod.evaluate(InvokeMethod.java:17)
	at org.junit.internal.runners.statements.RunBefores.evaluate(RunBefores.java:26)
	at org.junit.internal.runners.statements.RunAfters.evaluate(RunAfters.java:27)
	at org.junit.internal.runners.statements.FailOnTimeout$StatementThread.run(FailOnTimeout.java:74)
--- org.apache.commons.math3.optimization.direct.CMAESOptimizer_ESTest2::test02
org.evosuite.runtime.TooManyResourcesException: Loop has been executed more times than the allowed 100000
	at org.evosuite.runtime.LoopCounter.checkLoop(LoopCounter.java:82)
	at org.apache.commons.math3.random.UnitSphereRandomVectorGenerator.nextVector(UnitSphereRandomVectorGenerator.java:68)
	at org.apache.commons.math3.analysis.interpolation.MicrosphereInterpolatingFunction.<init>(MicrosphereInterpolatingFunction.java:189)
	at org.apache.commons.math3.optimization.direct.CMAESOptimizer_ESTest2.test02(CMAESOptimizer_ESTest2.java:68)
	at sun.reflect.NativeMethodAccessorImpl.invoke0(Native Method)
	at sun.reflect.NativeMethodAccessorImpl.invoke(NativeMethodAccessorImpl.java:57)
	at sun.reflect.DelegatingMethodAccessorImpl.invoke(DelegatingMethodAccessorImpl.java:43)
	at java.lang.reflect.Method.invoke(Method.java:606)
	at org.junit.runners.model.FrameworkMethod$1.runReflectiveCall(FrameworkMethod.java:47)
	at org.junit.internal.runners.model.ReflectiveCallable.run(ReflectiveCallable.java:12)
	at org.junit.runners.model.FrameworkMethod.invokeExplosively(FrameworkMethod.java:44)
	at org.junit.internal.runners.statements.InvokeMethod.evaluate(InvokeMethod.java:17)
	at org.junit.internal.runners.statements.RunBefores.evaluate(RunBefores.java:26)
	at org.junit.internal.runners.statements.RunAfters.evaluate(RunAfters.java:27)
	at org.junit.internal.runners.statements.FailOnTimeout$StatementThread.run(FailOnTimeout.java:74)
--- org.apache.commons.math3.optimization.direct.CMAESOptimizer_ESTest20::test20
org.evosuite.runtime.TooManyResourcesException: Loop has been executed more times than the allowed 100000
	at org.evosuite.runtime.LoopCounter.checkLoop(LoopCounter.java:82)
	at org.apache.commons.math3.random.Well44497a.next(Well44497a.java:100)
	at org.apache.commons.math3.random.BitsStreamGenerator.nextDouble(BitsStreamGenerator.java:86)
	at org.apache.commons.math3.random.UnitSphereRandomVectorGenerator.nextVector(UnitSphereRandomVectorGenerator.java:69)
	at org.apache.commons.math3.analysis.interpolation.MicrosphereInterpolatingFunction.<init>(MicrosphereInterpolatingFunction.java:189)
	at org.apache.commons.math3.optimization.direct.CMAESOptimizer_ESTest20.test20(CMAESOptimizer_ESTest20.java:51)
	at sun.reflect.NativeMethodAccessorImpl.invoke0(Native Method)
	at sun.reflect.NativeMethodAccessorImpl.invoke(NativeMethodAccessorImpl.java:57)
	at sun.reflect.DelegatingMethodAccessorImpl.invoke(DelegatingMethodAccessorImpl.java:43)
	at java.lang.reflect.Method.invoke(Method.java:606)
	at org.junit.runners.model.FrameworkMethod$1.runReflectiveCall(FrameworkMethod.java:47)
	at org.junit.internal.runners.model.ReflectiveCallable.run(ReflectiveCallable.java:12)
	at org.junit.runners.model.FrameworkMethod.invokeExplosively(FrameworkMethod.java:44)
	at org.junit.internal.runners.statements.InvokeMethod.evaluate(InvokeMethod.java:17)
	at org.junit.internal.runners.statements.RunBefores.evaluate(RunBefores.java:26)
	at org.junit.internal.runners.statements.RunAfters.evaluate(RunAfters.java:27)
	at org.junit.internal.runners.statements.FailOnTimeout$StatementThread.run(FailOnTimeout.java:74)
--- org.apache.commons.math3.optimization.direct.CMAESOptimizer_ESTest3::test03
org.evosuite.runtime.TooManyResourcesException: Loop has been executed more times than the allowed 100000
	at org.evosuite.runtime.LoopCounter.checkLoop(LoopCounter.java:82)
	at org.apache.commons.math3.random.UnitSphereRandomVectorGenerator.nextVector(UnitSphereRandomVectorGenerator.java:68)
	at org.apache.commons.math3.analysis.interpolation.MicrosphereInterpolatingFunction.<init>(MicrosphereInterpolatingFunction.java:189)
	at org.apache.commons.math3.optimization.direct.CMAESOptimizer_ESTest3.test03(CMAESOptimizer_ESTest3.java:52)
	at sun.reflect.NativeMethodAccessorImpl.invoke0(Native Method)
	at sun.reflect.NativeMethodAccessorImpl.invoke(NativeMethodAccessorImpl.java:57)
	at sun.reflect.DelegatingMethodAccessorImpl.invoke(DelegatingMethodAccessorImpl.java:43)
	at java.lang.reflect.Method.invoke(Method.java:606)
	at org.junit.runners.model.FrameworkMethod$1.runReflectiveCall(FrameworkMethod.java:47)
	at org.junit.internal.runners.model.ReflectiveCallable.run(ReflectiveCallable.java:12)
	at org.junit.runners.model.FrameworkMethod.invokeExplosively(FrameworkMethod.java:44)
	at org.junit.internal.runners.statements.InvokeMethod.evaluate(InvokeMethod.java:17)
	at org.junit.internal.runners.statements.RunBefores.evaluate(RunBefores.java:26)
	at org.junit.internal.runners.statements.RunAfters.evaluate(RunAfters.java:27)
	at org.junit.internal.runners.statements.FailOnTimeout$StatementThread.run(FailOnTimeout.java:74)
--- org.apache.commons.math3.optimization.direct.CMAESOptimizer_ESTest4::test04
org.evosuite.runtime.TooManyResourcesException: Loop has been executed more times than the allowed 100000
	at org.evosuite.runtime.LoopCounter.checkLoop(LoopCounter.java:82)
	at org.apache.commons.math3.random.UnitSphereRandomVectorGenerator.nextVector(UnitSphereRandomVectorGenerator.java:68)
	at org.apache.commons.math3.analysis.interpolation.MicrosphereInterpolatingFunction.<init>(MicrosphereInterpolatingFunction.java:189)
	at org.apache.commons.math3.optimization.direct.CMAESOptimizer_ESTest4.test04(CMAESOptimizer_ESTest4.java:51)
	at sun.reflect.NativeMethodAccessorImpl.invoke0(Native Method)
	at sun.reflect.NativeMethodAccessorImpl.invoke(NativeMethodAccessorImpl.java:57)
	at sun.reflect.DelegatingMethodAccessorImpl.invoke(DelegatingMethodAccessorImpl.java:43)
	at java.lang.reflect.Method.invoke(Method.java:606)
	at org.junit.runners.model.FrameworkMethod$1.runReflectiveCall(FrameworkMethod.java:47)
	at org.junit.internal.runners.model.ReflectiveCallable.run(ReflectiveCallable.java:12)
	at org.junit.runners.model.FrameworkMethod.invokeExplosively(FrameworkMethod.java:44)
	at org.junit.internal.runners.statements.InvokeMethod.evaluate(InvokeMethod.java:17)
	at org.junit.internal.runners.statements.RunBefores.evaluate(RunBefores.java:26)
	at org.junit.internal.runners.statements.RunAfters.evaluate(RunAfters.java:27)
	at org.junit.internal.runners.statements.FailOnTimeout$StatementThread.run(FailOnTimeout.java:74)
--- org.apache.commons.math3.optimization.direct.CMAESOptimizer_ESTest6::test06
org.evosuite.runtime.TooManyResourcesException: Loop has been executed more times than the allowed 100000
	at org.evosuite.runtime.LoopCounter.checkLoop(LoopCounter.java:82)
	at org.apache.commons.math3.random.Well44497a.next(Well44497a.java:100)
	at org.apache.commons.math3.random.BitsStreamGenerator.nextDouble(BitsStreamGenerator.java:86)
	at org.apache.commons.math3.random.UnitSphereRandomVectorGenerator.nextVector(UnitSphereRandomVectorGenerator.java:69)
	at org.apache.commons.math3.analysis.interpolation.MicrosphereInterpolatingFunction.<init>(MicrosphereInterpolatingFunction.java:189)
	at org.apache.commons.math3.optimization.direct.CMAESOptimizer_ESTest6.test06(CMAESOptimizer_ESTest6.java:54)
	at sun.reflect.NativeMethodAccessorImpl.invoke0(Native Method)
	at sun.reflect.NativeMethodAccessorImpl.invoke(NativeMethodAccessorImpl.java:57)
	at sun.reflect.DelegatingMethodAccessorImpl.invoke(DelegatingMethodAccessorImpl.java:43)
	at java.lang.reflect.Method.invoke(Method.java:606)
	at org.junit.runners.model.FrameworkMethod$1.runReflectiveCall(FrameworkMethod.java:47)
	at org.junit.internal.runners.model.ReflectiveCallable.run(ReflectiveCallable.java:12)
	at org.junit.runners.model.FrameworkMethod.invokeExplosively(FrameworkMethod.java:44)
	at org.junit.internal.runners.statements.InvokeMethod.evaluate(InvokeMethod.java:17)
	at org.junit.internal.runners.statements.RunBefores.evaluate(RunBefores.java:26)
	at org.junit.internal.runners.statements.RunAfters.evaluate(RunAfters.java:27)
	at org.junit.internal.runners.statements.FailOnTimeout$StatementThread.run(FailOnTimeout.java:74)
--- org.apache.commons.math3.optimization.direct.CMAESOptimizer_ESTest7::test07
org.evosuite.runtime.TooManyResourcesException: Loop has been executed more times than the allowed 100000
	at org.evosuite.runtime.LoopCounter.checkLoop(LoopCounter.java:82)
	at org.apache.commons.math3.linear.Array2DRowRealMatrix.getRowDimension(Array2DRowRealMatrix.java:339)
	at org.apache.commons.math3.linear.MatrixUtils.checkRowIndex(MatrixUtils.java:402)
	at org.apache.commons.math3.linear.MatrixUtils.checkMatrixIndex(MatrixUtils.java:389)
	at org.apache.commons.math3.linear.Array2DRowRealMatrix.getEntry(Array2DRowRealMatrix.java:306)
	at org.apache.commons.math3.optimization.direct.CMAESOptimizer.copyColumn(CMAESOptimizer.java:1197)
	at org.apache.commons.math3.optimization.direct.CMAESOptimizer.doOptimize(CMAESOptimizer.java:396)
	at org.apache.commons.math3.optimization.direct.BaseAbstractMultivariateOptimizer.optimizeInternal(BaseAbstractMultivariateOptimizer.java:148)
	at org.apache.commons.math3.optimization.direct.BaseAbstractMultivariateOptimizer.optimize(BaseAbstractMultivariateOptimizer.java:105)
	at org.apache.commons.math3.optimization.direct.BaseAbstractMultivariateSimpleBoundsOptimizer.optimize(BaseAbstractMultivariateSimpleBoundsOptimizer.java:140)
	at org.apache.commons.math3.optimization.direct.CMAESOptimizer_ESTest7.test07(CMAESOptimizer_ESTest7.java:59)
	at sun.reflect.NativeMethodAccessorImpl.invoke0(Native Method)
	at sun.reflect.NativeMethodAccessorImpl.invoke(NativeMethodAccessorImpl.java:57)
	at sun.reflect.DelegatingMethodAccessorImpl.invoke(DelegatingMethodAccessorImpl.java:43)
	at java.lang.reflect.Method.invoke(Method.java:606)
	at org.junit.runners.model.FrameworkMethod$1.runReflectiveCall(FrameworkMethod.java:47)
	at org.junit.internal.runners.model.ReflectiveCallable.run(ReflectiveCallable.java:12)
	at org.junit.runners.model.FrameworkMethod.invokeExplosively(FrameworkMethod.java:44)
	at org.junit.internal.runners.statements.InvokeMethod.evaluate(InvokeMethod.java:17)
	at org.junit.internal.runners.statements.RunBefores.evaluate(RunBefores.java:26)
	at org.junit.internal.runners.statements.RunAfters.evaluate(RunAfters.java:27)
	at org.junit.internal.runners.statements.FailOnTimeout$StatementThread.run(FailOnTimeout.java:74)
--- org.apache.commons.math3.optimization.direct.CMAESOptimizer_ESTest8::test08
org.evosuite.runtime.TooManyResourcesException: Loop has been executed more times than the allowed 100000
	at org.evosuite.runtime.LoopCounter.checkLoop(LoopCounter.java:82)
	at org.apache.commons.math3.linear.Array2DRowRealMatrix.getRowDimension(Array2DRowRealMatrix.java:339)
	at org.apache.commons.math3.linear.MatrixUtils.checkRowIndex(MatrixUtils.java:402)
	at org.apache.commons.math3.linear.MatrixUtils.checkMatrixIndex(MatrixUtils.java:389)
	at org.apache.commons.math3.linear.Array2DRowRealMatrix.getEntry(Array2DRowRealMatrix.java:306)
	at org.apache.commons.math3.optimization.direct.CMAESOptimizer.copyColumn(CMAESOptimizer.java:1197)
	at org.apache.commons.math3.optimization.direct.CMAESOptimizer.doOptimize(CMAESOptimizer.java:396)
	at org.apache.commons.math3.optimization.direct.BaseAbstractMultivariateOptimizer.optimizeInternal(BaseAbstractMultivariateOptimizer.java:148)
	at org.apache.commons.math3.optimization.direct.BaseAbstractMultivariateOptimizer.optimize(BaseAbstractMultivariateOptimizer.java:105)
	at org.apache.commons.math3.optimization.direct.BaseAbstractMultivariateSimpleBoundsOptimizer.optimize(BaseAbstractMultivariateSimpleBoundsOptimizer.java:140)
	at org.apache.commons.math3.optimization.direct.CMAESOptimizer_ESTest8.test08(CMAESOptimizer_ESTest8.java:59)
	at sun.reflect.NativeMethodAccessorImpl.invoke0(Native Method)
	at sun.reflect.NativeMethodAccessorImpl.invoke(NativeMethodAccessorImpl.java:57)
	at sun.reflect.DelegatingMethodAccessorImpl.invoke(DelegatingMethodAccessorImpl.java:43)
	at java.lang.reflect.Method.invoke(Method.java:606)
	at org.junit.runners.model.FrameworkMethod$1.runReflectiveCall(FrameworkMethod.java:47)
	at org.junit.internal.runners.model.ReflectiveCallable.run(ReflectiveCallable.java:12)
	at org.junit.runners.model.FrameworkMethod.invokeExplosively(FrameworkMethod.java:44)
	at org.junit.internal.runners.statements.InvokeMethod.evaluate(InvokeMethod.java:17)
	at org.junit.internal.runners.statements.RunBefores.evaluate(RunBefores.java:26)
	at org.junit.internal.runners.statements.RunAfters.evaluate(RunAfters.java:27)
	at org.junit.internal.runners.statements.FailOnTimeout$StatementThread.run(FailOnTimeout.java:74)
######  End fixing tests  /home/to_donghwan/defects4j/framework/util/fix_test_suite.pl: 2017-07-13 06:26:13  ######
######  Start fixing tests  /home/to_donghwan/defects4j/framework/util/fix_test_suite.pl: 2017-07-13 06:41:25  ######
- Found 0 test archive(s)
######  End fixing tests  /home/to_donghwan/defects4j/framework/util/fix_test_suite.pl: 2017-07-13 06:41:25  ######
######  Start fixing tests  /home/to_donghwan/defects4j/framework/util/fix_test_suite.pl: 2017-07-13 06:56:36  ######
- Found 1 test archive(s)
######  End fixing tests  /home/to_donghwan/defects4j/framework/util/fix_test_suite.pl: 2017-07-13 06:56:56  ######
######  Start fixing tests  /home/to_donghwan/defects4j/framework/util/fix_test_suite.pl: 2017-07-13 06:58:14  ######
- Found 1 test archive(s)
######  End fixing tests  /home/to_donghwan/defects4j/framework/util/fix_test_suite.pl: 2017-07-13 06:58:53  ######
######  Start fixing tests  /home/to_donghwan/defects4j/framework/util/fix_test_suite.pl: 2017-07-13 07:00:11  ######
- Found 1 test archive(s)
######  End fixing tests  /home/to_donghwan/defects4j/framework/util/fix_test_suite.pl: 2017-07-13 07:00:54  ######
######  Start fixing tests  /home/to_donghwan/defects4j/framework/util/fix_test_suite.pl: 2017-07-13 07:06:17  ######
- Found 1 test archive(s)
 - Removing 2 test methods: Math-23f-evosuite-branch.1.tar.bz2
--- org.apache.commons.math3.optimization.univariate.BrentOptimizer_ESTest0::test0
junit.framework.AssertionFailedError: expected:<4> but was:<2>
	at org.junit.Assert.fail(Assert.java:88)
	at org.junit.Assert.failNotEquals(Assert.java:743)
	at org.junit.Assert.assertEquals(Assert.java:118)
	at org.junit.Assert.assertEquals(Assert.java:555)
	at org.junit.Assert.assertEquals(Assert.java:542)
	at org.apache.commons.math3.optimization.univariate.BrentOptimizer_ESTest0.test0(BrentOptimizer_ESTest0.java:35)
	at sun.reflect.NativeMethodAccessorImpl.invoke0(Native Method)
	at sun.reflect.NativeMethodAccessorImpl.invoke(NativeMethodAccessorImpl.java:57)
	at sun.reflect.DelegatingMethodAccessorImpl.invoke(DelegatingMethodAccessorImpl.java:43)
	at java.lang.reflect.Method.invoke(Method.java:606)
	at org.junit.runners.model.FrameworkMethod$1.runReflectiveCall(FrameworkMethod.java:47)
	at org.junit.internal.runners.model.ReflectiveCallable.run(ReflectiveCallable.java:12)
	at org.junit.runners.model.FrameworkMethod.invokeExplosively(FrameworkMethod.java:44)
	at org.junit.internal.runners.statements.InvokeMethod.evaluate(InvokeMethod.java:17)
	at org.junit.internal.runners.statements.RunBefores.evaluate(RunBefores.java:26)
	at org.junit.internal.runners.statements.RunAfters.evaluate(RunAfters.java:27)
	at org.junit.internal.runners.statements.FailOnTimeout$StatementThread.run(FailOnTimeout.java:74)
--- org.apache.commons.math3.optimization.univariate.BrentOptimizer_ESTest6::test6
junit.framework.AssertionFailedError: expected:<18> but was:<44>
	at org.junit.Assert.fail(Assert.java:88)
	at org.junit.Assert.failNotEquals(Assert.java:743)
	at org.junit.Assert.assertEquals(Assert.java:118)
	at org.junit.Assert.assertEquals(Assert.java:555)
	at org.junit.Assert.assertEquals(Assert.java:542)
	at org.apache.commons.math3.optimization.univariate.BrentOptimizer_ESTest6.test6(BrentOptimizer_ESTest6.java:35)
	at sun.reflect.NativeMethodAccessorImpl.invoke0(Native Method)
	at sun.reflect.NativeMethodAccessorImpl.invoke(NativeMethodAccessorImpl.java:57)
	at sun.reflect.DelegatingMethodAccessorImpl.invoke(DelegatingMethodAccessorImpl.java:43)
	at java.lang.reflect.Method.invoke(Method.java:606)
	at org.junit.runners.model.FrameworkMethod$1.runReflectiveCall(FrameworkMethod.java:47)
	at org.junit.internal.runners.model.ReflectiveCallable.run(ReflectiveCallable.java:12)
	at org.junit.runners.model.FrameworkMethod.invokeExplosively(FrameworkMethod.java:44)
	at org.junit.internal.runners.statements.InvokeMethod.evaluate(InvokeMethod.java:17)
	at org.junit.internal.runners.statements.RunBefores.evaluate(RunBefores.java:26)
	at org.junit.internal.runners.statements.RunAfters.evaluate(RunAfters.java:27)
	at org.junit.internal.runners.statements.FailOnTimeout$StatementThread.run(FailOnTimeout.java:74)
######  End fixing tests  /home/to_donghwan/defects4j/framework/util/fix_test_suite.pl: 2017-07-13 07:07:03  ######
######  Start fixing tests  /home/to_donghwan/defects4j/framework/util/fix_test_suite.pl: 2017-07-13 07:15:17  ######
- Found 1 test archive(s)
 - Removing 2 test methods: Math-24f-evosuite-branch.1.tar.bz2
--- org.apache.commons.math3.optimization.univariate.BrentOptimizer_ESTest3::test3
junit.framework.AssertionFailedError: expected:<2> but was:<4>
	at org.junit.Assert.fail(Assert.java:88)
	at org.junit.Assert.failNotEquals(Assert.java:743)
	at org.junit.Assert.assertEquals(Assert.java:118)
	at org.junit.Assert.assertEquals(Assert.java:555)
	at org.junit.Assert.assertEquals(Assert.java:542)
	at org.apache.commons.math3.optimization.univariate.BrentOptimizer_ESTest3.test3(BrentOptimizer_ESTest3.java:37)
	at sun.reflect.NativeMethodAccessorImpl.invoke0(Native Method)
	at sun.reflect.NativeMethodAccessorImpl.invoke(NativeMethodAccessorImpl.java:57)
	at sun.reflect.DelegatingMethodAccessorImpl.invoke(DelegatingMethodAccessorImpl.java:43)
	at java.lang.reflect.Method.invoke(Method.java:606)
	at org.junit.runners.model.FrameworkMethod$1.runReflectiveCall(FrameworkMethod.java:47)
	at org.junit.internal.runners.model.ReflectiveCallable.run(ReflectiveCallable.java:12)
	at org.junit.runners.model.FrameworkMethod.invokeExplosively(FrameworkMethod.java:44)
	at org.junit.internal.runners.statements.InvokeMethod.evaluate(InvokeMethod.java:17)
	at org.junit.internal.runners.statements.RunBefores.evaluate(RunBefores.java:26)
	at org.junit.internal.runners.statements.RunAfters.evaluate(RunAfters.java:27)
	at org.junit.internal.runners.statements.FailOnTimeout$StatementThread.run(FailOnTimeout.java:74)
--- org.apache.commons.math3.optimization.univariate.BrentOptimizer_ESTest6::test6
junit.framework.AssertionFailedError: expected:<2> but was:<5>
	at org.junit.Assert.fail(Assert.java:88)
	at org.junit.Assert.failNotEquals(Assert.java:743)
	at org.junit.Assert.assertEquals(Assert.java:118)
	at org.junit.Assert.assertEquals(Assert.java:555)
	at org.junit.Assert.assertEquals(Assert.java:542)
	at org.apache.commons.math3.optimization.univariate.BrentOptimizer_ESTest6.test6(BrentOptimizer_ESTest6.java:37)
	at sun.reflect.NativeMethodAccessorImpl.invoke0(Native Method)
	at sun.reflect.NativeMethodAccessorImpl.invoke(NativeMethodAccessorImpl.java:57)
	at sun.reflect.DelegatingMethodAccessorImpl.invoke(DelegatingMethodAccessorImpl.java:43)
	at java.lang.reflect.Method.invoke(Method.java:606)
	at org.junit.runners.model.FrameworkMethod$1.runReflectiveCall(FrameworkMethod.java:47)
	at org.junit.internal.runners.model.ReflectiveCallable.run(ReflectiveCallable.java:12)
	at org.junit.runners.model.FrameworkMethod.invokeExplosively(FrameworkMethod.java:44)
	at org.junit.internal.runners.statements.InvokeMethod.evaluate(InvokeMethod.java:17)
	at org.junit.internal.runners.statements.RunBefores.evaluate(RunBefores.java:26)
	at org.junit.internal.runners.statements.RunAfters.evaluate(RunAfters.java:27)
	at org.junit.internal.runners.statements.FailOnTimeout$StatementThread.run(FailOnTimeout.java:74)
######  End fixing tests  /home/to_donghwan/defects4j/framework/util/fix_test_suite.pl: 2017-07-13 07:15:59  ######
######  Start fixing tests  /home/to_donghwan/defects4j/framework/util/fix_test_suite.pl: 2017-07-13 07:21:25  ######
- Found 1 test archive(s)
######  End fixing tests  /home/to_donghwan/defects4j/framework/util/fix_test_suite.pl: 2017-07-13 07:22:03  ######
######  Start fixing tests  /home/to_donghwan/defects4j/framework/util/fix_test_suite.pl: 2017-07-13 07:27:36  ######
- Found 1 test archive(s)
######  End fixing tests  /home/to_donghwan/defects4j/framework/util/fix_test_suite.pl: 2017-07-13 07:28:13  ######
######  Start fixing tests  /home/to_donghwan/defects4j/framework/util/fix_test_suite.pl: 2017-07-13 07:33:47  ######
- Found 1 test archive(s)
######  End fixing tests  /home/to_donghwan/defects4j/framework/util/fix_test_suite.pl: 2017-07-13 07:34:26  ######
######  Start fixing tests  /home/to_donghwan/defects4j/framework/util/fix_test_suite.pl: 2017-07-13 07:39:51  ######
- Found 1 test archive(s)
######  End fixing tests  /home/to_donghwan/defects4j/framework/util/fix_test_suite.pl: 2017-07-13 07:40:30  ######
######  Start fixing tests  /home/to_donghwan/defects4j/framework/util/fix_test_suite.pl: 2017-07-13 07:46:49  ######
- Found 1 test archive(s)
######  End fixing tests  /home/to_donghwan/defects4j/framework/util/fix_test_suite.pl: 2017-07-13 07:47:31  ######
######  Start fixing tests  /home/to_donghwan/defects4j/framework/util/fix_test_suite.pl: 2017-07-13 07:52:48  ######
- Found 1 test archive(s)
######  End fixing tests  /home/to_donghwan/defects4j/framework/util/fix_test_suite.pl: 2017-07-13 07:53:26  ######
######  Start fixing tests  /home/to_donghwan/defects4j/framework/util/fix_test_suite.pl: 2017-07-13 07:58:46  ######
- Found 0 test archive(s)
######  End fixing tests  /home/to_donghwan/defects4j/framework/util/fix_test_suite.pl: 2017-07-13 07:58:46  ######
######  Start fixing tests  /home/to_donghwan/defects4j/framework/util/fix_test_suite.pl: 2017-07-13 08:04:10  ######
- Found 1 test archive(s)
######  End fixing tests  /home/to_donghwan/defects4j/framework/util/fix_test_suite.pl: 2017-07-13 08:04:45  ######
######  Start fixing tests  /home/to_donghwan/defects4j/framework/util/fix_test_suite.pl: 2017-07-13 08:10:52  ######
- Found 1 test archive(s)
 - Removing 1 test methods: Math-33f-evosuite-branch.1.tar.bz2
--- org.apache.commons.math3.optimization.linear.SimplexTableau_ESTest14::test14
junit.framework.AssertionFailedError: Expecting exception: NullPointerException
	at org.junit.Assert.fail(Assert.java:88)
	at org.apache.commons.math3.optimization.linear.SimplexTableau_ESTest14.test14(SimplexTableau_ESTest14.java:43)
	at sun.reflect.NativeMethodAccessorImpl.invoke0(Native Method)
	at sun.reflect.NativeMethodAccessorImpl.invoke(NativeMethodAccessorImpl.java:57)
	at sun.reflect.DelegatingMethodAccessorImpl.invoke(DelegatingMethodAccessorImpl.java:43)
	at java.lang.reflect.Method.invoke(Method.java:606)
	at org.junit.runners.model.FrameworkMethod$1.runReflectiveCall(FrameworkMethod.java:47)
	at org.junit.internal.runners.model.ReflectiveCallable.run(ReflectiveCallable.java:12)
	at org.junit.runners.model.FrameworkMethod.invokeExplosively(FrameworkMethod.java:44)
	at org.junit.internal.runners.statements.InvokeMethod.evaluate(InvokeMethod.java:17)
	at org.junit.internal.runners.statements.RunBefores.evaluate(RunBefores.java:26)
	at org.junit.internal.runners.statements.RunAfters.evaluate(RunAfters.java:27)
	at org.junit.internal.runners.statements.FailOnTimeout$StatementThread.run(FailOnTimeout.java:74)
######  End fixing tests  /home/to_donghwan/defects4j/framework/util/fix_test_suite.pl: 2017-07-13 08:11:38  ######
######  Start fixing tests  /home/to_donghwan/defects4j/framework/util/fix_test_suite.pl: 2017-07-13 08:16:55  ######
- Found 1 test archive(s)
######  End fixing tests  /home/to_donghwan/defects4j/framework/util/fix_test_suite.pl: 2017-07-13 08:17:29  ######
######  Start fixing tests  /home/to_donghwan/defects4j/framework/util/fix_test_suite.pl: 2017-07-13 08:22:46  ######
- Found 1 test archive(s)
######  End fixing tests  /home/to_donghwan/defects4j/framework/util/fix_test_suite.pl: 2017-07-13 08:23:18  ######
######  Start fixing tests  /home/to_donghwan/defects4j/framework/util/fix_test_suite.pl: 2017-07-13 08:31:57  ######
- Found 1 test archive(s)
######  End fixing tests  /home/to_donghwan/defects4j/framework/util/fix_test_suite.pl: 2017-07-13 08:32:34  ######
######  Start fixing tests  /home/to_donghwan/defects4j/framework/util/fix_test_suite.pl: 2017-07-13 08:38:51  ######
- Found 1 test archive(s)
######  End fixing tests  /home/to_donghwan/defects4j/framework/util/fix_test_suite.pl: 2017-07-13 08:39:30  ######
######  Start fixing tests  /home/to_donghwan/defects4j/framework/util/fix_test_suite.pl: 2017-07-13 08:46:02  ######
- Found 1 test archive(s)
 - Removing 2 test methods: Math-38f-evosuite-branch.1.tar.bz2
--- org.apache.commons.math.optimization.direct.BOBYQAOptimizer_ESTest1::test1
junit.framework.AssertionFailedError: Expecting exception: IllegalStateException
	at org.junit.Assert.fail(Assert.java:88)
	at org.apache.commons.math.optimization.direct.BOBYQAOptimizer_ESTest1.test1(BOBYQAOptimizer_ESTest1.java:46)
	at sun.reflect.NativeMethodAccessorImpl.invoke0(Native Method)
	at sun.reflect.NativeMethodAccessorImpl.invoke(NativeMethodAccessorImpl.java:57)
	at sun.reflect.DelegatingMethodAccessorImpl.invoke(DelegatingMethodAccessorImpl.java:43)
	at java.lang.reflect.Method.invoke(Method.java:606)
	at org.junit.runners.model.FrameworkMethod$1.runReflectiveCall(FrameworkMethod.java:47)
	at org.junit.internal.runners.model.ReflectiveCallable.run(ReflectiveCallable.java:12)
	at org.junit.runners.model.FrameworkMethod.invokeExplosively(FrameworkMethod.java:44)
	at org.junit.internal.runners.statements.InvokeMethod.evaluate(InvokeMethod.java:17)
	at org.junit.internal.runners.statements.RunBefores.evaluate(RunBefores.java:26)
	at org.junit.internal.runners.statements.RunAfters.evaluate(RunAfters.java:27)
	at org.junit.internal.runners.statements.FailOnTimeout$StatementThread.run(FailOnTimeout.java:74)
--- org.apache.commons.math.optimization.direct.BOBYQAOptimizer_ESTest2::test2
junit.framework.AssertionFailedError: Expecting exception: IllegalStateException
	at org.junit.Assert.fail(Assert.java:88)
	at org.apache.commons.math.optimization.direct.BOBYQAOptimizer_ESTest2.test2(BOBYQAOptimizer_ESTest2.java:46)
	at sun.reflect.NativeMethodAccessorImpl.invoke0(Native Method)
	at sun.reflect.NativeMethodAccessorImpl.invoke(NativeMethodAccessorImpl.java:57)
	at sun.reflect.DelegatingMethodAccessorImpl.invoke(DelegatingMethodAccessorImpl.java:43)
	at java.lang.reflect.Method.invoke(Method.java:606)
	at org.junit.runners.model.FrameworkMethod$1.runReflectiveCall(FrameworkMethod.java:47)
	at org.junit.internal.runners.model.ReflectiveCallable.run(ReflectiveCallable.java:12)
	at org.junit.runners.model.FrameworkMethod.invokeExplosively(FrameworkMethod.java:44)
	at org.junit.internal.runners.statements.InvokeMethod.evaluate(InvokeMethod.java:17)
	at org.junit.internal.runners.statements.RunBefores.evaluate(RunBefores.java:26)
	at org.junit.internal.runners.statements.RunAfters.evaluate(RunAfters.java:27)
	at org.junit.internal.runners.statements.FailOnTimeout$StatementThread.run(FailOnTimeout.java:74)
######  End fixing tests  /home/to_donghwan/defects4j/framework/util/fix_test_suite.pl: 2017-07-13 08:46:52  ######
######  Start fixing tests  /home/to_donghwan/defects4j/framework/util/fix_test_suite.pl: 2017-07-13 08:52:18  ######
- Found 1 test archive(s)
######  End fixing tests  /home/to_donghwan/defects4j/framework/util/fix_test_suite.pl: 2017-07-13 08:53:09  ######
######  Start fixing tests  /home/to_donghwan/defects4j/framework/util/fix_test_suite.pl: 2017-07-13 09:01:38  ######
- Found 1 test archive(s)
######  End fixing tests  /home/to_donghwan/defects4j/framework/util/fix_test_suite.pl: 2017-07-13 09:02:35  ######
######  Start fixing tests  /home/to_donghwan/defects4j/framework/util/fix_test_suite.pl: 2017-07-13 09:08:18  ######
- Found 1 test archive(s)
######  End fixing tests  /home/to_donghwan/defects4j/framework/util/fix_test_suite.pl: 2017-07-13 09:09:16  ######
######  Start fixing tests  /home/to_donghwan/defects4j/framework/util/fix_test_suite.pl: 2017-07-13 09:15:36  ######
- Found 1 test archive(s)
 - Removing 6 test methods: Math-42f-evosuite-branch.1.tar.bz2
--- org.apache.commons.math.optimization.linear.SimplexTableau_ESTest10::test10
junit.framework.AssertionFailedError: Expecting exception: NullPointerException
	at org.junit.Assert.fail(Assert.java:88)
	at org.apache.commons.math.optimization.linear.SimplexTableau_ESTest10.test10(SimplexTableau_ESTest10.java:46)
	at sun.reflect.NativeMethodAccessorImpl.invoke0(Native Method)
	at sun.reflect.NativeMethodAccessorImpl.invoke(NativeMethodAccessorImpl.java:57)
	at sun.reflect.DelegatingMethodAccessorImpl.invoke(DelegatingMethodAccessorImpl.java:43)
	at java.lang.reflect.Method.invoke(Method.java:606)
	at org.junit.runners.model.FrameworkMethod$1.runReflectiveCall(FrameworkMethod.java:47)
	at org.junit.internal.runners.model.ReflectiveCallable.run(ReflectiveCallable.java:12)
	at org.junit.runners.model.FrameworkMethod.invokeExplosively(FrameworkMethod.java:44)
	at org.junit.internal.runners.statements.InvokeMethod.evaluate(InvokeMethod.java:17)
	at org.junit.internal.runners.statements.RunBefores.evaluate(RunBefores.java:26)
	at org.junit.internal.runners.statements.RunAfters.evaluate(RunAfters.java:27)
	at org.junit.internal.runners.statements.FailOnTimeout$StatementThread.run(FailOnTimeout.java:74)
--- org.apache.commons.math.optimization.linear.SimplexTableau_ESTest12::test12
junit.framework.AssertionFailedError: Expecting exception: NullPointerException
	at org.junit.Assert.fail(Assert.java:88)
	at org.apache.commons.math.optimization.linear.SimplexTableau_ESTest12.test12(SimplexTableau_ESTest12.java:47)
	at sun.reflect.NativeMethodAccessorImpl.invoke0(Native Method)
	at sun.reflect.NativeMethodAccessorImpl.invoke(NativeMethodAccessorImpl.java:57)
	at sun.reflect.DelegatingMethodAccessorImpl.invoke(DelegatingMethodAccessorImpl.java:43)
	at java.lang.reflect.Method.invoke(Method.java:606)
	at org.junit.runners.model.FrameworkMethod$1.runReflectiveCall(FrameworkMethod.java:47)
	at org.junit.internal.runners.model.ReflectiveCallable.run(ReflectiveCallable.java:12)
	at org.junit.runners.model.FrameworkMethod.invokeExplosively(FrameworkMethod.java:44)
	at org.junit.internal.runners.statements.InvokeMethod.evaluate(InvokeMethod.java:17)
	at org.junit.internal.runners.statements.RunBefores.evaluate(RunBefores.java:26)
	at org.junit.internal.runners.statements.RunAfters.evaluate(RunAfters.java:27)
	at org.junit.internal.runners.statements.FailOnTimeout$StatementThread.run(FailOnTimeout.java:74)
--- org.apache.commons.math.optimization.linear.SimplexTableau_ESTest13::test13
junit.framework.AssertionFailedError: Expecting exception: NullPointerException
	at org.junit.Assert.fail(Assert.java:88)
	at org.apache.commons.math.optimization.linear.SimplexTableau_ESTest13.test13(SimplexTableau_ESTest13.java:47)
	at sun.reflect.NativeMethodAccessorImpl.invoke0(Native Method)
	at sun.reflect.NativeMethodAccessorImpl.invoke(NativeMethodAccessorImpl.java:57)
	at sun.reflect.DelegatingMethodAccessorImpl.invoke(DelegatingMethodAccessorImpl.java:43)
	at java.lang.reflect.Method.invoke(Method.java:606)
	at org.junit.runners.model.FrameworkMethod$1.runReflectiveCall(FrameworkMethod.java:47)
	at org.junit.internal.runners.model.ReflectiveCallable.run(ReflectiveCallable.java:12)
	at org.junit.runners.model.FrameworkMethod.invokeExplosively(FrameworkMethod.java:44)
	at org.junit.internal.runners.statements.InvokeMethod.evaluate(InvokeMethod.java:17)
	at org.junit.internal.runners.statements.RunBefores.evaluate(RunBefores.java:26)
	at org.junit.internal.runners.statements.RunAfters.evaluate(RunAfters.java:27)
	at org.junit.internal.runners.statements.FailOnTimeout$StatementThread.run(FailOnTimeout.java:74)
--- org.apache.commons.math.optimization.linear.SimplexTableau_ESTest14::test14
junit.framework.AssertionFailedError: Expecting exception: NullPointerException
	at org.junit.Assert.fail(Assert.java:88)
	at org.apache.commons.math.optimization.linear.SimplexTableau_ESTest14.test14(SimplexTableau_ESTest14.java:47)
	at sun.reflect.NativeMethodAccessorImpl.invoke0(Native Method)
	at sun.reflect.NativeMethodAccessorImpl.invoke(NativeMethodAccessorImpl.java:57)
	at sun.reflect.DelegatingMethodAccessorImpl.invoke(DelegatingMethodAccessorImpl.java:43)
	at java.lang.reflect.Method.invoke(Method.java:606)
	at org.junit.runners.model.FrameworkMethod$1.runReflectiveCall(FrameworkMethod.java:47)
	at org.junit.internal.runners.model.ReflectiveCallable.run(ReflectiveCallable.java:12)
	at org.junit.runners.model.FrameworkMethod.invokeExplosively(FrameworkMethod.java:44)
	at org.junit.internal.runners.statements.InvokeMethod.evaluate(InvokeMethod.java:17)
	at org.junit.internal.runners.statements.RunBefores.evaluate(RunBefores.java:26)
	at org.junit.internal.runners.statements.RunAfters.evaluate(RunAfters.java:27)
	at org.junit.internal.runners.statements.FailOnTimeout$StatementThread.run(FailOnTimeout.java:74)
--- org.apache.commons.math.optimization.linear.SimplexTableau_ESTest24::test24
junit.framework.AssertionFailedError
	at org.junit.Assert.fail(Assert.java:86)
	at org.junit.Assert.assertTrue(Assert.java:41)
	at org.junit.Assert.assertTrue(Assert.java:52)
	at org.apache.commons.math.optimization.linear.SimplexTableau_ESTest24.test24(SimplexTableau_ESTest24.java:41)
	at sun.reflect.NativeMethodAccessorImpl.invoke0(Native Method)
	at sun.reflect.NativeMethodAccessorImpl.invoke(NativeMethodAccessorImpl.java:57)
	at sun.reflect.DelegatingMethodAccessorImpl.invoke(DelegatingMethodAccessorImpl.java:43)
	at java.lang.reflect.Method.invoke(Method.java:606)
	at org.junit.runners.model.FrameworkMethod$1.runReflectiveCall(FrameworkMethod.java:47)
	at org.junit.internal.runners.model.ReflectiveCallable.run(ReflectiveCallable.java:12)
	at org.junit.runners.model.FrameworkMethod.invokeExplosively(FrameworkMethod.java:44)
	at org.junit.internal.runners.statements.InvokeMethod.evaluate(InvokeMethod.java:17)
	at org.junit.internal.runners.statements.RunBefores.evaluate(RunBefores.java:26)
	at org.junit.internal.runners.statements.RunAfters.evaluate(RunAfters.java:27)
	at org.junit.internal.runners.statements.FailOnTimeout$StatementThread.run(FailOnTimeout.java:74)
--- org.apache.commons.math.optimization.linear.SimplexTableau_ESTest9::test09
junit.framework.AssertionFailedError
	at org.junit.Assert.fail(Assert.java:86)
	at org.junit.Assert.assertTrue(Assert.java:41)
	at org.junit.Assert.assertTrue(Assert.java:52)
	at org.apache.commons.math.optimization.linear.SimplexTableau_ESTest9.test09(SimplexTableau_ESTest9.java:45)
	at sun.reflect.NativeMethodAccessorImpl.invoke0(Native Method)
	at sun.reflect.NativeMethodAccessorImpl.invoke(NativeMethodAccessorImpl.java:57)
	at sun.reflect.DelegatingMethodAccessorImpl.invoke(DelegatingMethodAccessorImpl.java:43)
	at java.lang.reflect.Method.invoke(Method.java:606)
	at org.junit.runners.model.FrameworkMethod$1.runReflectiveCall(FrameworkMethod.java:47)
	at org.junit.internal.runners.model.ReflectiveCallable.run(ReflectiveCallable.java:12)
	at org.junit.runners.model.FrameworkMethod.invokeExplosively(FrameworkMethod.java:44)
	at org.junit.internal.runners.statements.InvokeMethod.evaluate(InvokeMethod.java:17)
	at org.junit.internal.runners.statements.RunBefores.evaluate(RunBefores.java:26)
	at org.junit.internal.runners.statements.RunAfters.evaluate(RunAfters.java:27)
	at org.junit.internal.runners.statements.FailOnTimeout$StatementThread.run(FailOnTimeout.java:74)
######  End fixing tests  /home/to_donghwan/defects4j/framework/util/fix_test_suite.pl: 2017-07-13 09:16:35  ######
######  Start fixing tests  /home/to_donghwan/defects4j/framework/util/fix_test_suite.pl: 2017-07-13 09:17:22  ######
- Found 1 test archive(s)
 - Tests do not compile: Math-43f-evosuite-branch.1.tar.bz2
Buildfile: /home/to_donghwan/defects4j/framework/projects/defects4j.build.xml

init:
     [echo] -------- Commons MATH 3.0-SNAPSHOT --------
    [mkdir] Created dir: /tmp/fix_test_suite.pl_110207_1499962642/target
    [mkdir] Created dir: /tmp/fix_test_suite.pl_110207_1499962642/target/classes
    [mkdir] Created dir: /tmp/fix_test_suite.pl_110207_1499962642/target/test-classes
     [copy] Copying 5 files to /tmp/fix_test_suite.pl_110207_1499962642/target/classes

compile:
    [javac] Compiling 620 source files to /tmp/fix_test_suite.pl_110207_1499962642/target/classes
    [javac] warning: [options] bootstrap class path not set in conjunction with -source 1.5
    [javac] Note: Some input files use or override a deprecated API.
    [javac] Note: Recompile with -Xlint:deprecation for details.
    [javac] Note: Some input files use unchecked or unsafe operations.
    [javac] Note: Recompile with -Xlint:unchecked for details.
    [javac] 1 warning
    [javac] Creating empty /tmp/fix_test_suite.pl_110207_1499962642/target/classes/org/apache/commons/math/optimization/direct/package-info.class
    [javac] Creating empty /tmp/fix_test_suite.pl_110207_1499962642/target/classes/org/apache/commons/math/dfp/package-info.class
    [javac] Creating empty /tmp/fix_test_suite.pl_110207_1499962642/target/classes/org/apache/commons/math/optimization/univariate/package-info.class
    [javac] Creating empty /tmp/fix_test_suite.pl_110207_1499962642/target/classes/org/apache/commons/math/filter/package-info.class
    [javac] Creating empty /tmp/fix_test_suite.pl_110207_1499962642/target/classes/org/apache/commons/math/stat/regression/package-info.class
    [javac] Creating empty /tmp/fix_test_suite.pl_110207_1499962642/target/classes/org/apache/commons/math/optimization/linear/package-info.class
    [javac] Creating empty /tmp/fix_test_suite.pl_110207_1499962642/target/classes/org/apache/commons/math/geometry/partitioning/package-info.class
    [javac] Creating empty /tmp/fix_test_suite.pl_110207_1499962642/target/classes/org/apache/commons/math/stat/ranking/package-info.class
    [javac] Creating empty /tmp/fix_test_suite.pl_110207_1499962642/target/classes/org/apache/commons/math/package-info.class
    [javac] Creating empty /tmp/fix_test_suite.pl_110207_1499962642/target/classes/org/apache/commons/math/geometry/euclidean/twod/package-info.class
    [javac] Creating empty /tmp/fix_test_suite.pl_110207_1499962642/target/classes/org/apache/commons/math/stat/package-info.class
    [javac] Creating empty /tmp/fix_test_suite.pl_110207_1499962642/target/classes/org/apache/commons/math/analysis/function/package-info.class
    [javac] Creating empty /tmp/fix_test_suite.pl_110207_1499962642/target/classes/org/apache/commons/math/ode/nonstiff/package-info.class
    [javac] Creating empty /tmp/fix_test_suite.pl_110207_1499962642/target/classes/org/apache/commons/math/analysis/interpolation/package-info.class
    [javac] Creating empty /tmp/fix_test_suite.pl_110207_1499962642/target/classes/org/apache/commons/math/distribution/package-info.class
    [javac] Creating empty /tmp/fix_test_suite.pl_110207_1499962642/target/classes/org/apache/commons/math/analysis/integration/package-info.class
    [javac] Creating empty /tmp/fix_test_suite.pl_110207_1499962642/target/classes/org/apache/commons/math/analysis/polynomials/package-info.class
    [javac] Creating empty /tmp/fix_test_suite.pl_110207_1499962642/target/classes/org/apache/commons/math/transform/package-info.class
    [javac] Creating empty /tmp/fix_test_suite.pl_110207_1499962642/target/classes/org/apache/commons/math/ode/package-info.class
    [javac] Creating empty /tmp/fix_test_suite.pl_110207_1499962642/target/classes/org/apache/commons/math/stat/inference/package-info.class
    [javac] Creating empty /tmp/fix_test_suite.pl_110207_1499962642/target/classes/org/apache/commons/math/stat/descriptive/package-info.class
    [javac] Creating empty /tmp/fix_test_suite.pl_110207_1499962642/target/classes/org/apache/commons/math/exception/package-info.class
    [javac] Creating empty /tmp/fix_test_suite.pl_110207_1499962642/target/classes/org/apache/commons/math/analysis/package-info.class
    [javac] Creating empty /tmp/fix_test_suite.pl_110207_1499962642/target/classes/org/apache/commons/math/geometry/euclidean/threed/package-info.class
    [javac] Creating empty /tmp/fix_test_suite.pl_110207_1499962642/target/classes/org/apache/commons/math/stat/descriptive/summary/package-info.class
    [javac] Creating empty /tmp/fix_test_suite.pl_110207_1499962642/target/classes/org/apache/commons/math/special/package-info.class
    [javac] Creating empty /tmp/fix_test_suite.pl_110207_1499962642/target/classes/org/apache/commons/math/util/package-info.class
    [javac] Creating empty /tmp/fix_test_suite.pl_110207_1499962642/target/classes/org/apache/commons/math/geometry/package-info.class
    [javac] Creating empty /tmp/fix_test_suite.pl_110207_1499962642/target/classes/org/apache/commons/math/optimization/general/package-info.class
    [javac] Creating empty /tmp/fix_test_suite.pl_110207_1499962642/target/classes/org/apache/commons/math/ode/events/package-info.class
    [javac] Creating empty /tmp/fix_test_suite.pl_110207_1499962642/target/classes/org/apache/commons/math/complex/package-info.class
    [javac] Creating empty /tmp/fix_test_suite.pl_110207_1499962642/target/classes/org/apache/commons/math/stat/clustering/package-info.class
    [javac] Creating empty /tmp/fix_test_suite.pl_110207_1499962642/target/classes/org/apache/commons/math/genetics/package-info.class
    [javac] Creating empty /tmp/fix_test_suite.pl_110207_1499962642/target/classes/org/apache/commons/math/geometry/partitioning/utilities/package-info.class
    [javac] Creating empty /tmp/fix_test_suite.pl_110207_1499962642/target/classes/org/apache/commons/math/geometry/euclidean/oned/package-info.class
    [javac] Creating empty /tmp/fix_test_suite.pl_110207_1499962642/target/classes/org/apache/commons/math/stat/correlation/package-info.class
    [javac] Creating empty /tmp/fix_test_suite.pl_110207_1499962642/target/classes/org/apache/commons/math/optimization/package-info.class
    [javac] Creating empty /tmp/fix_test_suite.pl_110207_1499962642/target/classes/org/apache/commons/math/ode/sampling/package-info.class
    [javac] Creating empty /tmp/fix_test_suite.pl_110207_1499962642/target/classes/org/apache/commons/math/analysis/solvers/package-info.class
    [javac] Creating empty /tmp/fix_test_suite.pl_110207_1499962642/target/classes/org/apache/commons/math/fraction/package-info.class
    [javac] Creating empty /tmp/fix_test_suite.pl_110207_1499962642/target/classes/org/apache/commons/math/stat/descriptive/moment/package-info.class
    [javac] Creating empty /tmp/fix_test_suite.pl_110207_1499962642/target/classes/org/apache/commons/math/exception/util/package-info.class
    [javac] Creating empty /tmp/fix_test_suite.pl_110207_1499962642/target/classes/org/apache/commons/math/optimization/fitting/package-info.class
    [javac] Creating empty /tmp/fix_test_suite.pl_110207_1499962642/target/classes/org/apache/commons/math/stat/descriptive/rank/package-info.class
    [javac] Creating empty /tmp/fix_test_suite.pl_110207_1499962642/target/classes/org/apache/commons/math/linear/package-info.class
    [javac] Creating empty /tmp/fix_test_suite.pl_110207_1499962642/target/classes/org/apache/commons/math/random/package-info.class

compile.gen.tests:
     [echo] classes.dir: target/classes
     [echo] build.home: target
    [mkdir] Created dir: /tmp/fix_test_suite.pl_110207_1499962642/target/gen-tests
    [javac] /home/to_donghwan/defects4j/framework/projects/defects4j.build.xml:266: warning: 'includeantruntime' was not set, defaulting to build.sysclasspath=last; set to false for repeatable builds
    [javac] Compiling 39 source files to /tmp/fix_test_suite.pl_110207_1499962642/target/gen-tests
    [javac] /tmp/fix_test_suite.pl_110207_1499962642/evosuite-branch/org/apache/commons/math/stat/descriptive/SummaryStatistics_ESTest0.java:12: error: FirstMoment is not public in org.apache.commons.math.stat.descriptive.moment; cannot be accessed from outside package
    [javac] import org.apache.commons.math.stat.descriptive.moment.FirstMoment;
    [javac]                                                       ^
    [javac] /tmp/fix_test_suite.pl_110207_1499962642/evosuite-branch/org/apache/commons/math/stat/descriptive/SummaryStatistics_ESTest1.java:12: error: FirstMoment is not public in org.apache.commons.math.stat.descriptive.moment; cannot be accessed from outside package
    [javac] import org.apache.commons.math.stat.descriptive.moment.FirstMoment;
    [javac]                                                       ^
    [javac] /tmp/fix_test_suite.pl_110207_1499962642/evosuite-branch/org/apache/commons/math/stat/descriptive/SummaryStatistics_ESTest10.java:12: error: FirstMoment is not public in org.apache.commons.math.stat.descriptive.moment; cannot be accessed from outside package
    [javac] import org.apache.commons.math.stat.descriptive.moment.FirstMoment;
    [javac]                                                       ^
    [javac] /tmp/fix_test_suite.pl_110207_1499962642/evosuite-branch/org/apache/commons/math/stat/descriptive/SummaryStatistics_ESTest11.java:12: error: FirstMoment is not public in org.apache.commons.math.stat.descriptive.moment; cannot be accessed from outside package
    [javac] import org.apache.commons.math.stat.descriptive.moment.FirstMoment;
    [javac]                                                       ^
    [javac] /tmp/fix_test_suite.pl_110207_1499962642/evosuite-branch/org/apache/commons/math/stat/descriptive/SummaryStatistics_ESTest12.java:12: error: FirstMoment is not public in org.apache.commons.math.stat.descriptive.moment; cannot be accessed from outside package
    [javac] import org.apache.commons.math.stat.descriptive.moment.FirstMoment;
    [javac]                                                       ^
    [javac] /tmp/fix_test_suite.pl_110207_1499962642/evosuite-branch/org/apache/commons/math/stat/descriptive/SummaryStatistics_ESTest13.java:12: error: FirstMoment is not public in org.apache.commons.math.stat.descriptive.moment; cannot be accessed from outside package
    [javac] import org.apache.commons.math.stat.descriptive.moment.FirstMoment;
    [javac]                                                       ^
    [javac] /tmp/fix_test_suite.pl_110207_1499962642/evosuite-branch/org/apache/commons/math/stat/descriptive/SummaryStatistics_ESTest14.java:12: error: FirstMoment is not public in org.apache.commons.math.stat.descriptive.moment; cannot be accessed from outside package
    [javac] import org.apache.commons.math.stat.descriptive.moment.FirstMoment;
    [javac]                                                       ^
    [javac] /tmp/fix_test_suite.pl_110207_1499962642/evosuite-branch/org/apache/commons/math/stat/descriptive/SummaryStatistics_ESTest15.java:12: error: FirstMoment is not public in org.apache.commons.math.stat.descriptive.moment; cannot be accessed from outside package
    [javac] import org.apache.commons.math.stat.descriptive.moment.FirstMoment;
    [javac]                                                       ^
    [javac] /tmp/fix_test_suite.pl_110207_1499962642/evosuite-branch/org/apache/commons/math/stat/descriptive/SummaryStatistics_ESTest16.java:12: error: FirstMoment is not public in org.apache.commons.math.stat.descriptive.moment; cannot be accessed from outside package
    [javac] import org.apache.commons.math.stat.descriptive.moment.FirstMoment;
    [javac]                                                       ^
    [javac] /tmp/fix_test_suite.pl_110207_1499962642/evosuite-branch/org/apache/commons/math/stat/descriptive/SummaryStatistics_ESTest17.java:12: error: FirstMoment is not public in org.apache.commons.math.stat.descriptive.moment; cannot be accessed from outside package
    [javac] import org.apache.commons.math.stat.descriptive.moment.FirstMoment;
    [javac]                                                       ^
    [javac] /tmp/fix_test_suite.pl_110207_1499962642/evosuite-branch/org/apache/commons/math/stat/descriptive/SummaryStatistics_ESTest18.java:12: error: FirstMoment is not public in org.apache.commons.math.stat.descriptive.moment; cannot be accessed from outside package
    [javac] import org.apache.commons.math.stat.descriptive.moment.FirstMoment;
    [javac]                                                       ^
    [javac] /tmp/fix_test_suite.pl_110207_1499962642/evosuite-branch/org/apache/commons/math/stat/descriptive/SummaryStatistics_ESTest19.java:12: error: FirstMoment is not public in org.apache.commons.math.stat.descriptive.moment; cannot be accessed from outside package
    [javac] import org.apache.commons.math.stat.descriptive.moment.FirstMoment;
    [javac]                                                       ^
    [javac] /tmp/fix_test_suite.pl_110207_1499962642/evosuite-branch/org/apache/commons/math/stat/descriptive/SummaryStatistics_ESTest2.java:12: error: FirstMoment is not public in org.apache.commons.math.stat.descriptive.moment; cannot be accessed from outside package
    [javac] import org.apache.commons.math.stat.descriptive.moment.FirstMoment;
    [javac]                                                       ^
    [javac] /tmp/fix_test_suite.pl_110207_1499962642/evosuite-branch/org/apache/commons/math/stat/descriptive/SummaryStatistics_ESTest20.java:12: error: FirstMoment is not public in org.apache.commons.math.stat.descriptive.moment; cannot be accessed from outside package
    [javac] import org.apache.commons.math.stat.descriptive.moment.FirstMoment;
    [javac]                                                       ^
    [javac] /tmp/fix_test_suite.pl_110207_1499962642/evosuite-branch/org/apache/commons/math/stat/descriptive/SummaryStatistics_ESTest21.java:12: error: FirstMoment is not public in org.apache.commons.math.stat.descriptive.moment; cannot be accessed from outside package
    [javac] import org.apache.commons.math.stat.descriptive.moment.FirstMoment;
    [javac]                                                       ^
    [javac] /tmp/fix_test_suite.pl_110207_1499962642/evosuite-branch/org/apache/commons/math/stat/descriptive/SummaryStatistics_ESTest22.java:12: error: FirstMoment is not public in org.apache.commons.math.stat.descriptive.moment; cannot be accessed from outside package
    [javac] import org.apache.commons.math.stat.descriptive.moment.FirstMoment;
    [javac]                                                       ^
    [javac] /tmp/fix_test_suite.pl_110207_1499962642/evosuite-branch/org/apache/commons/math/stat/descriptive/SummaryStatistics_ESTest23.java:12: error: FirstMoment is not public in org.apache.commons.math.stat.descriptive.moment; cannot be accessed from outside package
    [javac] import org.apache.commons.math.stat.descriptive.moment.FirstMoment;
    [javac]                                                       ^
    [javac] /tmp/fix_test_suite.pl_110207_1499962642/evosuite-branch/org/apache/commons/math/stat/descriptive/SummaryStatistics_ESTest24.java:12: error: FirstMoment is not public in org.apache.commons.math.stat.descriptive.moment; cannot be accessed from outside package
    [javac] import org.apache.commons.math.stat.descriptive.moment.FirstMoment;
    [javac]                                                       ^
    [javac] /tmp/fix_test_suite.pl_110207_1499962642/evosuite-branch/org/apache/commons/math/stat/descriptive/SummaryStatistics_ESTest25.java:12: error: FirstMoment is not public in org.apache.commons.math.stat.descriptive.moment; cannot be accessed from outside package
    [javac] import org.apache.commons.math.stat.descriptive.moment.FirstMoment;
    [javac]                                                       ^
    [javac] /tmp/fix_test_suite.pl_110207_1499962642/evosuite-branch/org/apache/commons/math/stat/descriptive/SummaryStatistics_ESTest26.java:12: error: FirstMoment is not public in org.apache.commons.math.stat.descriptive.moment; cannot be accessed from outside package
    [javac] import org.apache.commons.math.stat.descriptive.moment.FirstMoment;
    [javac]                                                       ^
    [javac] /tmp/fix_test_suite.pl_110207_1499962642/evosuite-branch/org/apache/commons/math/stat/descriptive/SummaryStatistics_ESTest27.java:12: error: FirstMoment is not public in org.apache.commons.math.stat.descriptive.moment; cannot be accessed from outside package
    [javac] import org.apache.commons.math.stat.descriptive.moment.FirstMoment;
    [javac]                                                       ^
    [javac] /tmp/fix_test_suite.pl_110207_1499962642/evosuite-branch/org/apache/commons/math/stat/descriptive/SummaryStatistics_ESTest28.java:12: error: FirstMoment is not public in org.apache.commons.math.stat.descriptive.moment; cannot be accessed from outside package
    [javac] import org.apache.commons.math.stat.descriptive.moment.FirstMoment;
    [javac]                                                       ^
    [javac] /tmp/fix_test_suite.pl_110207_1499962642/evosuite-branch/org/apache/commons/math/stat/descriptive/SummaryStatistics_ESTest29.java:12: error: FirstMoment is not public in org.apache.commons.math.stat.descriptive.moment; cannot be accessed from outside package
    [javac] import org.apache.commons.math.stat.descriptive.moment.FirstMoment;
    [javac]                                                       ^
    [javac] /tmp/fix_test_suite.pl_110207_1499962642/evosuite-branch/org/apache/commons/math/stat/descriptive/SummaryStatistics_ESTest3.java:12: error: FirstMoment is not public in org.apache.commons.math.stat.descriptive.moment; cannot be accessed from outside package
    [javac] import org.apache.commons.math.stat.descriptive.moment.FirstMoment;
    [javac]                                                       ^
    [javac] /tmp/fix_test_suite.pl_110207_1499962642/evosuite-branch/org/apache/commons/math/stat/descriptive/SummaryStatistics_ESTest30.java:12: error: FirstMoment is not public in org.apache.commons.math.stat.descriptive.moment; cannot be accessed from outside package
    [javac] import org.apache.commons.math.stat.descriptive.moment.FirstMoment;
    [javac]                                                       ^
    [javac] /tmp/fix_test_suite.pl_110207_1499962642/evosuite-branch/org/apache/commons/math/stat/descriptive/SummaryStatistics_ESTest31.java:12: error: FirstMoment is not public in org.apache.commons.math.stat.descriptive.moment; cannot be accessed from outside package
    [javac] import org.apache.commons.math.stat.descriptive.moment.FirstMoment;
    [javac]                                                       ^
    [javac] /tmp/fix_test_suite.pl_110207_1499962642/evosuite-branch/org/apache/commons/math/stat/descriptive/SummaryStatistics_ESTest32.java:12: error: FirstMoment is not public in org.apache.commons.math.stat.descriptive.moment; cannot be accessed from outside package
    [javac] import org.apache.commons.math.stat.descriptive.moment.FirstMoment;
    [javac]                                                       ^
    [javac] /tmp/fix_test_suite.pl_110207_1499962642/evosuite-branch/org/apache/commons/math/stat/descriptive/SummaryStatistics_ESTest33.java:12: error: FirstMoment is not public in org.apache.commons.math.stat.descriptive.moment; cannot be accessed from outside package
    [javac] import org.apache.commons.math.stat.descriptive.moment.FirstMoment;
    [javac]                                                       ^
    [javac] /tmp/fix_test_suite.pl_110207_1499962642/evosuite-branch/org/apache/commons/math/stat/descriptive/SummaryStatistics_ESTest34.java:12: error: FirstMoment is not public in org.apache.commons.math.stat.descriptive.moment; cannot be accessed from outside package
    [javac] import org.apache.commons.math.stat.descriptive.moment.FirstMoment;
    [javac]                                                       ^
    [javac] /tmp/fix_test_suite.pl_110207_1499962642/evosuite-branch/org/apache/commons/math/stat/descriptive/SummaryStatistics_ESTest35.java:12: error: FirstMoment is not public in org.apache.commons.math.stat.descriptive.moment; cannot be accessed from outside package
    [javac] import org.apache.commons.math.stat.descriptive.moment.FirstMoment;
    [javac]                                                       ^
    [javac] /tmp/fix_test_suite.pl_110207_1499962642/evosuite-branch/org/apache/commons/math/stat/descriptive/SummaryStatistics_ESTest36.java:12: error: FirstMoment is not public in org.apache.commons.math.stat.descriptive.moment; cannot be accessed from outside package
    [javac] import org.apache.commons.math.stat.descriptive.moment.FirstMoment;
    [javac]                                                       ^
    [javac] /tmp/fix_test_suite.pl_110207_1499962642/evosuite-branch/org/apache/commons/math/stat/descriptive/SummaryStatistics_ESTest37.java:12: error: FirstMoment is not public in org.apache.commons.math.stat.descriptive.moment; cannot be accessed from outside package
    [javac] import org.apache.commons.math.stat.descriptive.moment.FirstMoment;
    [javac]                                                       ^
    [javac] /tmp/fix_test_suite.pl_110207_1499962642/evosuite-branch/org/apache/commons/math/stat/descriptive/SummaryStatistics_ESTest4.java:12: error: FirstMoment is not public in org.apache.commons.math.stat.descriptive.moment; cannot be accessed from outside package
    [javac] import org.apache.commons.math.stat.descriptive.moment.FirstMoment;
    [javac]                                                       ^
    [javac] /tmp/fix_test_suite.pl_110207_1499962642/evosuite-branch/org/apache/commons/math/stat/descriptive/SummaryStatistics_ESTest5.java:12: error: FirstMoment is not public in org.apache.commons.math.stat.descriptive.moment; cannot be accessed from outside package
    [javac] import org.apache.commons.math.stat.descriptive.moment.FirstMoment;
    [javac]                                                       ^
    [javac] /tmp/fix_test_suite.pl_110207_1499962642/evosuite-branch/org/apache/commons/math/stat/descriptive/SummaryStatistics_ESTest6.java:12: error: FirstMoment is not public in org.apache.commons.math.stat.descriptive.moment; cannot be accessed from outside package
    [javac] import org.apache.commons.math.stat.descriptive.moment.FirstMoment;
    [javac]                                                       ^
    [javac] /tmp/fix_test_suite.pl_110207_1499962642/evosuite-branch/org/apache/commons/math/stat/descriptive/SummaryStatistics_ESTest7.java:12: error: FirstMoment is not public in org.apache.commons.math.stat.descriptive.moment; cannot be accessed from outside package
    [javac] import org.apache.commons.math.stat.descriptive.moment.FirstMoment;
    [javac]                                                       ^
    [javac] /tmp/fix_test_suite.pl_110207_1499962642/evosuite-branch/org/apache/commons/math/stat/descriptive/SummaryStatistics_ESTest8.java:12: error: FirstMoment is not public in org.apache.commons.math.stat.descriptive.moment; cannot be accessed from outside package
    [javac] import org.apache.commons.math.stat.descriptive.moment.FirstMoment;
    [javac]                                                       ^
    [javac] /tmp/fix_test_suite.pl_110207_1499962642/evosuite-branch/org/apache/commons/math/stat/descriptive/SummaryStatistics_ESTest9.java:12: error: FirstMoment is not public in org.apache.commons.math.stat.descriptive.moment; cannot be accessed from outside package
    [javac] import org.apache.commons.math.stat.descriptive.moment.FirstMoment;
    [javac]                                                       ^
    [javac] /tmp/fix_test_suite.pl_110207_1499962642/evosuite-branch/org/apache/commons/math/stat/descriptive/SummaryStatistics_ESTest1.java:37: error: cannot find symbol
    [javac]       Mean mean0 = new Mean((FirstMoment) secondMoment0);
    [javac]                              ^
    [javac]   symbol:   class FirstMoment
    [javac]   location: class SummaryStatistics_ESTest1
    [javac] 39 errors

BUILD FAILED
/home/to_donghwan/defects4j/framework/projects/defects4j.build.xml:266: Compile failed; see the compiler error output for details.

Total time: 6 seconds
 - Removing uncompilable classes: Math-43f-evosuite-branch.1.tar.bz2
org/apache/commons/math/stat/descriptive/SummaryStatistics_ESTest0.java
org/apache/commons/math/stat/descriptive/SummaryStatistics_ESTest1.java
org/apache/commons/math/stat/descriptive/SummaryStatistics_ESTest10.java
org/apache/commons/math/stat/descriptive/SummaryStatistics_ESTest11.java
org/apache/commons/math/stat/descriptive/SummaryStatistics_ESTest12.java
org/apache/commons/math/stat/descriptive/SummaryStatistics_ESTest13.java
org/apache/commons/math/stat/descriptive/SummaryStatistics_ESTest14.java
org/apache/commons/math/stat/descriptive/SummaryStatistics_ESTest15.java
org/apache/commons/math/stat/descriptive/SummaryStatistics_ESTest16.java
org/apache/commons/math/stat/descriptive/SummaryStatistics_ESTest17.java
org/apache/commons/math/stat/descriptive/SummaryStatistics_ESTest18.java
org/apache/commons/math/stat/descriptive/SummaryStatistics_ESTest19.java
org/apache/commons/math/stat/descriptive/SummaryStatistics_ESTest2.java
org/apache/commons/math/stat/descriptive/SummaryStatistics_ESTest20.java
org/apache/commons/math/stat/descriptive/SummaryStatistics_ESTest21.java
org/apache/commons/math/stat/descriptive/SummaryStatistics_ESTest22.java
org/apache/commons/math/stat/descriptive/SummaryStatistics_ESTest23.java
org/apache/commons/math/stat/descriptive/SummaryStatistics_ESTest24.java
org/apache/commons/math/stat/descriptive/SummaryStatistics_ESTest25.java
org/apache/commons/math/stat/descriptive/SummaryStatistics_ESTest26.java
org/apache/commons/math/stat/descriptive/SummaryStatistics_ESTest27.java
org/apache/commons/math/stat/descriptive/SummaryStatistics_ESTest28.java
org/apache/commons/math/stat/descriptive/SummaryStatistics_ESTest29.java
org/apache/commons/math/stat/descriptive/SummaryStatistics_ESTest3.java
org/apache/commons/math/stat/descriptive/SummaryStatistics_ESTest30.java
org/apache/commons/math/stat/descriptive/SummaryStatistics_ESTest31.java
org/apache/commons/math/stat/descriptive/SummaryStatistics_ESTest32.java
org/apache/commons/math/stat/descriptive/SummaryStatistics_ESTest33.java
org/apache/commons/math/stat/descriptive/SummaryStatistics_ESTest34.java
org/apache/commons/math/stat/descriptive/SummaryStatistics_ESTest35.java
org/apache/commons/math/stat/descriptive/SummaryStatistics_ESTest36.java
org/apache/commons/math/stat/descriptive/SummaryStatistics_ESTest37.java
org/apache/commons/math/stat/descriptive/SummaryStatistics_ESTest4.java
org/apache/commons/math/stat/descriptive/SummaryStatistics_ESTest5.java
org/apache/commons/math/stat/descriptive/SummaryStatistics_ESTest6.java
org/apache/commons/math/stat/descriptive/SummaryStatistics_ESTest7.java
org/apache/commons/math/stat/descriptive/SummaryStatistics_ESTest8.java
org/apache/commons/math/stat/descriptive/SummaryStatistics_ESTest9.java
######  End fixing tests  /home/to_donghwan/defects4j/framework/util/fix_test_suite.pl: 2017-07-13 09:17:47  ######
######  Start fixing tests  /home/to_donghwan/defects4j/framework/util/fix_test_suite.pl: 2017-07-13 09:23:07  ######
- Found 1 test archive(s)
######  End fixing tests  /home/to_donghwan/defects4j/framework/util/fix_test_suite.pl: 2017-07-13 09:23:43  ######
######  Start fixing tests  /home/to_donghwan/defects4j/framework/util/fix_test_suite.pl: 2017-07-13 09:38:47  ######
- Found 0 test archive(s)
######  End fixing tests  /home/to_donghwan/defects4j/framework/util/fix_test_suite.pl: 2017-07-13 09:38:47  ######
######  Start fixing tests  /home/to_donghwan/defects4j/framework/util/fix_test_suite.pl: 2017-07-13 09:44:15  ######
- Found 1 test archive(s)
######  End fixing tests  /home/to_donghwan/defects4j/framework/util/fix_test_suite.pl: 2017-07-13 09:44:54  ######
######  Start fixing tests  /home/to_donghwan/defects4j/framework/util/fix_test_suite.pl: 2017-07-13 09:50:21  ######
- Found 1 test archive(s)
######  End fixing tests  /home/to_donghwan/defects4j/framework/util/fix_test_suite.pl: 2017-07-13 09:51:00  ######
######  Start fixing tests  /home/to_donghwan/defects4j/framework/util/fix_test_suite.pl: 2017-07-13 09:56:19  ######
- Found 1 test archive(s)
######  End fixing tests  /home/to_donghwan/defects4j/framework/util/fix_test_suite.pl: 2017-07-13 09:57:00  ######
######  Start fixing tests  /home/to_donghwan/defects4j/framework/util/fix_test_suite.pl: 2017-07-13 10:02:25  ######
- Found 1 test archive(s)
######  End fixing tests  /home/to_donghwan/defects4j/framework/util/fix_test_suite.pl: 2017-07-13 10:03:04  ######
######  Start fixing tests  /home/to_donghwan/defects4j/framework/util/fix_test_suite.pl: 2017-07-13 10:08:23  ######
- Found 1 test archive(s)
######  End fixing tests  /home/to_donghwan/defects4j/framework/util/fix_test_suite.pl: 2017-07-13 10:08:58  ######
######  Start fixing tests  /home/to_donghwan/defects4j/framework/util/fix_test_suite.pl: 2017-07-13 10:14:24  ######
- Found 1 test archive(s)
######  End fixing tests  /home/to_donghwan/defects4j/framework/util/fix_test_suite.pl: 2017-07-13 10:14:58  ######
######  Start fixing tests  /home/to_donghwan/defects4j/framework/util/fix_test_suite.pl: 2017-07-13 10:20:29  ######
- Found 1 test archive(s)
######  End fixing tests  /home/to_donghwan/defects4j/framework/util/fix_test_suite.pl: 2017-07-13 10:21:08  ######
######  Start fixing tests  /home/to_donghwan/defects4j/framework/util/fix_test_suite.pl: 2017-07-13 10:26:33  ######
- Found 1 test archive(s)
######  End fixing tests  /home/to_donghwan/defects4j/framework/util/fix_test_suite.pl: 2017-07-13 10:27:11  ######
######  Start fixing tests  /home/to_donghwan/defects4j/framework/util/fix_test_suite.pl: 2017-07-13 10:38:47  ######
- Found 0 test archive(s)
######  End fixing tests  /home/to_donghwan/defects4j/framework/util/fix_test_suite.pl: 2017-07-13 10:38:47  ######
######  Start fixing tests  /home/to_donghwan/defects4j/framework/util/fix_test_suite.pl: 2017-07-13 10:44:20  ######
- Found 1 test archive(s)
######  End fixing tests  /home/to_donghwan/defects4j/framework/util/fix_test_suite.pl: 2017-07-13 10:44:56  ######
######  Start fixing tests  /home/to_donghwan/defects4j/framework/util/fix_test_suite.pl: 2017-07-13 10:50:13  ######
- Found 0 test archive(s)
######  End fixing tests  /home/to_donghwan/defects4j/framework/util/fix_test_suite.pl: 2017-07-13 10:50:13  ######
######  Start fixing tests  /home/to_donghwan/defects4j/framework/util/fix_test_suite.pl: 2017-07-13 10:56:26  ######
- Found 1 test archive(s)
######  End fixing tests  /home/to_donghwan/defects4j/framework/util/fix_test_suite.pl: 2017-07-13 10:56:58  ######
######  Start fixing tests  /home/to_donghwan/defects4j/framework/util/fix_test_suite.pl: 2017-07-13 11:02:35  ######
- Found 1 test archive(s)
######  End fixing tests  /home/to_donghwan/defects4j/framework/util/fix_test_suite.pl: 2017-07-13 11:03:10  ######
######  Start fixing tests  /home/to_donghwan/defects4j/framework/util/fix_test_suite.pl: 2017-07-13 11:03:25  ######
- Found 0 test archive(s)
######  End fixing tests  /home/to_donghwan/defects4j/framework/util/fix_test_suite.pl: 2017-07-13 11:03:25  ######
######  Start fixing tests  /home/to_donghwan/defects4j/framework/util/fix_test_suite.pl: 2017-07-13 11:03:39  ######
- Found 0 test archive(s)
######  End fixing tests  /home/to_donghwan/defects4j/framework/util/fix_test_suite.pl: 2017-07-13 11:03:39  ######
######  Start fixing tests  /home/to_donghwan/defects4j/framework/util/fix_test_suite.pl: 2017-07-13 11:08:55  ######
- Found 1 test archive(s)
######  End fixing tests  /home/to_donghwan/defects4j/framework/util/fix_test_suite.pl: 2017-07-13 11:09:29  ######
######  Start fixing tests  /home/to_donghwan/defects4j/framework/util/fix_test_suite.pl: 2017-07-13 11:14:44  ######
- Found 1 test archive(s)
######  End fixing tests  /home/to_donghwan/defects4j/framework/util/fix_test_suite.pl: 2017-07-13 11:15:19  ######
######  Start fixing tests  /home/to_donghwan/defects4j/framework/util/fix_test_suite.pl: 2017-07-13 11:26:48  ######
- Found 1 test archive(s)
 - Removing 7 test methods: Math-63f-evosuite-branch.1.tar.bz2
--- org.apache.commons.math.util.MathUtils_ESTest114::test114
java.lang.NoClassDefFoundError: Could not initialize class org.apache.commons.math.util.FastMath
	at org.apache.commons.math.util.MathUtils.equals(MathUtils.java:492)
	at org.apache.commons.math.util.MathUtils_ESTest114.test114(MathUtils_ESTest114.java:32)
	at sun.reflect.NativeMethodAccessorImpl.invoke0(Native Method)
	at sun.reflect.NativeMethodAccessorImpl.invoke(NativeMethodAccessorImpl.java:57)
	at sun.reflect.DelegatingMethodAccessorImpl.invoke(DelegatingMethodAccessorImpl.java:43)
	at java.lang.reflect.Method.invoke(Method.java:606)
	at org.junit.runners.model.FrameworkMethod$1.runReflectiveCall(FrameworkMethod.java:47)
	at org.junit.internal.runners.model.ReflectiveCallable.run(ReflectiveCallable.java:12)
	at org.junit.runners.model.FrameworkMethod.invokeExplosively(FrameworkMethod.java:44)
	at org.junit.internal.runners.statements.InvokeMethod.evaluate(InvokeMethod.java:17)
	at org.junit.internal.runners.statements.RunBefores.evaluate(RunBefores.java:26)
	at org.junit.internal.runners.statements.RunAfters.evaluate(RunAfters.java:27)
	at org.junit.internal.runners.statements.FailOnTimeout$StatementThread.run(FailOnTimeout.java:74)
--- org.apache.commons.math.util.MathUtils_ESTest117::test117
java.lang.NoClassDefFoundError: Could not initialize class org.apache.commons.math.util.FastMath
	at org.apache.commons.math.util.MathUtils.equals(MathUtils.java:492)
	at org.apache.commons.math.util.MathUtils.equalsIncludingNaN(MathUtils.java:509)
	at org.apache.commons.math.util.MathUtils_ESTest117.test117(MathUtils_ESTest117.java:31)
	at sun.reflect.NativeMethodAccessorImpl.invoke0(Native Method)
	at sun.reflect.NativeMethodAccessorImpl.invoke(NativeMethodAccessorImpl.java:57)
	at sun.reflect.DelegatingMethodAccessorImpl.invoke(DelegatingMethodAccessorImpl.java:43)
	at java.lang.reflect.Method.invoke(Method.java:606)
	at org.junit.runners.model.FrameworkMethod$1.runReflectiveCall(FrameworkMethod.java:47)
	at org.junit.internal.runners.model.ReflectiveCallable.run(ReflectiveCallable.java:12)
	at org.junit.runners.model.FrameworkMethod.invokeExplosively(FrameworkMethod.java:44)
	at org.junit.internal.runners.statements.InvokeMethod.evaluate(InvokeMethod.java:17)
	at org.junit.internal.runners.statements.RunBefores.evaluate(RunBefores.java:26)
	at org.junit.internal.runners.statements.RunAfters.evaluate(RunAfters.java:27)
	at org.junit.internal.runners.statements.FailOnTimeout$StatementThread.run(FailOnTimeout.java:74)
--- org.apache.commons.math.util.MathUtils_ESTest155::test155
junit.framework.AssertionFailedError: Expecting exception: ArithmeticException
	at org.junit.Assert.fail(Assert.java:88)
	at org.apache.commons.math.util.MathUtils_ESTest155.test155(MathUtils_ESTest155.java:39)
	at sun.reflect.NativeMethodAccessorImpl.invoke0(Native Method)
	at sun.reflect.NativeMethodAccessorImpl.invoke(NativeMethodAccessorImpl.java:57)
	at sun.reflect.DelegatingMethodAccessorImpl.invoke(DelegatingMethodAccessorImpl.java:43)
	at java.lang.reflect.Method.invoke(Method.java:606)
	at org.junit.runners.model.FrameworkMethod$1.runReflectiveCall(FrameworkMethod.java:47)
	at org.junit.internal.runners.model.ReflectiveCallable.run(ReflectiveCallable.java:12)
	at org.junit.runners.model.FrameworkMethod.invokeExplosively(FrameworkMethod.java:44)
	at org.junit.internal.runners.statements.InvokeMethod.evaluate(InvokeMethod.java:17)
	at org.junit.internal.runners.statements.RunBefores.evaluate(RunBefores.java:26)
	at org.junit.internal.runners.statements.RunAfters.evaluate(RunAfters.java:27)
	at org.junit.internal.runners.statements.FailOnTimeout$StatementThread.run(FailOnTimeout.java:74)
--- org.apache.commons.math.util.MathUtils_ESTest160::test160
java.lang.NoClassDefFoundError: Could not initialize class org.apache.commons.math.util.FastMath
	at org.apache.commons.math.util.MathUtils.equals(MathUtils.java:492)
	at org.apache.commons.math.util.MathUtils_ESTest160.test160(MathUtils_ESTest160.java:30)
	at sun.reflect.NativeMethodAccessorImpl.invoke0(Native Method)
	at sun.reflect.NativeMethodAccessorImpl.invoke(NativeMethodAccessorImpl.java:57)
	at sun.reflect.DelegatingMethodAccessorImpl.invoke(DelegatingMethodAccessorImpl.java:43)
	at java.lang.reflect.Method.invoke(Method.java:606)
	at org.junit.runners.model.FrameworkMethod$1.runReflectiveCall(FrameworkMethod.java:47)
	at org.junit.internal.runners.model.ReflectiveCallable.run(ReflectiveCallable.java:12)
	at org.junit.runners.model.FrameworkMethod.invokeExplosively(FrameworkMethod.java:44)
	at org.junit.internal.runners.statements.InvokeMethod.evaluate(InvokeMethod.java:17)
	at org.junit.internal.runners.statements.RunBefores.evaluate(RunBefores.java:26)
	at org.junit.internal.runners.statements.RunAfters.evaluate(RunAfters.java:27)
	at org.junit.internal.runners.statements.FailOnTimeout$StatementThread.run(FailOnTimeout.java:74)
--- org.apache.commons.math.util.MathUtils_ESTest165::test165
java.lang.NoClassDefFoundError: Could not initialize class org.apache.commons.math.util.FastMath
	at org.apache.commons.math.util.MathUtils.equals(MathUtils.java:492)
	at org.apache.commons.math.util.MathUtils.equalsIncludingNaN(MathUtils.java:509)
	at org.apache.commons.math.util.MathUtils_ESTest165.test165(MathUtils_ESTest165.java:31)
	at sun.reflect.NativeMethodAccessorImpl.invoke0(Native Method)
	at sun.reflect.NativeMethodAccessorImpl.invoke(NativeMethodAccessorImpl.java:57)
	at sun.reflect.DelegatingMethodAccessorImpl.invoke(DelegatingMethodAccessorImpl.java:43)
	at java.lang.reflect.Method.invoke(Method.java:606)
	at org.junit.runners.model.FrameworkMethod$1.runReflectiveCall(FrameworkMethod.java:47)
	at org.junit.internal.runners.model.ReflectiveCallable.run(ReflectiveCallable.java:12)
	at org.junit.runners.model.FrameworkMethod.invokeExplosively(FrameworkMethod.java:44)
	at org.junit.internal.runners.statements.InvokeMethod.evaluate(InvokeMethod.java:17)
	at org.junit.internal.runners.statements.RunBefores.evaluate(RunBefores.java:26)
	at org.junit.internal.runners.statements.RunAfters.evaluate(RunAfters.java:27)
	at org.junit.internal.runners.statements.FailOnTimeout$StatementThread.run(FailOnTimeout.java:74)
--- org.apache.commons.math.util.MathUtils_ESTest4::test004
java.lang.NoClassDefFoundError: Could not initialize class org.apache.commons.math.util.FastMath
	at org.apache.commons.math.util.MathUtils.equals(MathUtils.java:492)
	at org.apache.commons.math.util.MathUtils.equalsIncludingNaN(MathUtils.java:509)
	at org.apache.commons.math.util.MathUtils_ESTest4.test004(MathUtils_ESTest4.java:34)
	at sun.reflect.NativeMethodAccessorImpl.invoke0(Native Method)
	at sun.reflect.NativeMethodAccessorImpl.invoke(NativeMethodAccessorImpl.java:57)
	at sun.reflect.DelegatingMethodAccessorImpl.invoke(DelegatingMethodAccessorImpl.java:43)
	at java.lang.reflect.Method.invoke(Method.java:606)
	at org.junit.runners.model.FrameworkMethod$1.runReflectiveCall(FrameworkMethod.java:47)
	at org.junit.internal.runners.model.ReflectiveCallable.run(ReflectiveCallable.java:12)
	at org.junit.runners.model.FrameworkMethod.invokeExplosively(FrameworkMethod.java:44)
	at org.junit.internal.runners.statements.InvokeMethod.evaluate(InvokeMethod.java:17)
	at org.junit.internal.runners.statements.RunBefores.evaluate(RunBefores.java:26)
	at org.junit.internal.runners.statements.RunAfters.evaluate(RunAfters.java:27)
	at org.junit.internal.runners.statements.FailOnTimeout$StatementThread.run(FailOnTimeout.java:74)
--- org.apache.commons.math.util.MathUtils_ESTest97::test097
java.lang.NoClassDefFoundError: Could not initialize class org.apache.commons.math.util.FastMath
	at org.apache.commons.math.util.MathUtils.equals(MathUtils.java:492)
	at org.apache.commons.math.util.MathUtils_ESTest97.test097(MathUtils_ESTest97.java:38)
	at sun.reflect.NativeMethodAccessorImpl.invoke0(Native Method)
	at sun.reflect.NativeMethodAccessorImpl.invoke(NativeMethodAccessorImpl.java:57)
	at sun.reflect.DelegatingMethodAccessorImpl.invoke(DelegatingMethodAccessorImpl.java:43)
	at java.lang.reflect.Method.invoke(Method.java:606)
	at org.junit.runners.model.FrameworkMethod$1.runReflectiveCall(FrameworkMethod.java:47)
	at org.junit.internal.runners.model.ReflectiveCallable.run(ReflectiveCallable.java:12)
	at org.junit.runners.model.FrameworkMethod.invokeExplosively(FrameworkMethod.java:44)
	at org.junit.internal.runners.statements.InvokeMethod.evaluate(InvokeMethod.java:17)
	at org.junit.internal.runners.statements.RunBefores.evaluate(RunBefores.java:26)
	at org.junit.internal.runners.statements.RunAfters.evaluate(RunAfters.java:27)
	at org.junit.internal.runners.statements.FailOnTimeout$StatementThread.run(FailOnTimeout.java:74)
######  End fixing tests  /home/to_donghwan/defects4j/framework/util/fix_test_suite.pl: 2017-07-13 11:27:46  ######
######  Start fixing tests  /home/to_donghwan/defects4j/framework/util/fix_test_suite.pl: 2017-07-13 11:33:03  ######
- Found 1 test archive(s)
######  End fixing tests  /home/to_donghwan/defects4j/framework/util/fix_test_suite.pl: 2017-07-13 11:33:33  ######
######  Start fixing tests  /home/to_donghwan/defects4j/framework/util/fix_test_suite.pl: 2017-07-13 11:38:50  ######
- Found 1 test archive(s)
######  End fixing tests  /home/to_donghwan/defects4j/framework/util/fix_test_suite.pl: 2017-07-13 11:39:24  ######
######  Start fixing tests  /home/to_donghwan/defects4j/framework/util/fix_test_suite.pl: 2017-07-13 11:39:51  ######
- Found 1 test archive(s)
 - Removing 4 test methods: Math-66f-evosuite-branch.1.tar.bz2
--- org.apache.commons.math.optimization.univariate.BrentOptimizer_ESTest2::test2
junit.framework.AssertionFailedError: expected:<43> but was:<66>
	at org.junit.Assert.fail(Assert.java:88)
	at org.junit.Assert.failNotEquals(Assert.java:743)
	at org.junit.Assert.assertEquals(Assert.java:118)
	at org.junit.Assert.assertEquals(Assert.java:555)
	at org.junit.Assert.assertEquals(Assert.java:542)
	at org.apache.commons.math.optimization.univariate.BrentOptimizer_ESTest2.test2(BrentOptimizer_ESTest2.java:34)
	at sun.reflect.NativeMethodAccessorImpl.invoke0(Native Method)
	at sun.reflect.NativeMethodAccessorImpl.invoke(NativeMethodAccessorImpl.java:57)
	at sun.reflect.DelegatingMethodAccessorImpl.invoke(DelegatingMethodAccessorImpl.java:43)
	at java.lang.reflect.Method.invoke(Method.java:606)
	at org.junit.runners.model.FrameworkMethod$1.runReflectiveCall(FrameworkMethod.java:47)
	at org.junit.internal.runners.model.ReflectiveCallable.run(ReflectiveCallable.java:12)
	at org.junit.runners.model.FrameworkMethod.invokeExplosively(FrameworkMethod.java:44)
	at org.junit.internal.runners.statements.InvokeMethod.evaluate(InvokeMethod.java:17)
	at org.junit.internal.runners.statements.RunBefores.evaluate(RunBefores.java:26)
	at org.junit.internal.runners.statements.RunAfters.evaluate(RunAfters.java:27)
	at org.junit.internal.runners.statements.FailOnTimeout$StatementThread.run(FailOnTimeout.java:74)
--- org.apache.commons.math.optimization.univariate.BrentOptimizer_ESTest3::test3
junit.framework.AssertionFailedError: expected:<41> but was:<39>
	at org.junit.Assert.fail(Assert.java:88)
	at org.junit.Assert.failNotEquals(Assert.java:743)
	at org.junit.Assert.assertEquals(Assert.java:118)
	at org.junit.Assert.assertEquals(Assert.java:555)
	at org.junit.Assert.assertEquals(Assert.java:542)
	at org.apache.commons.math.optimization.univariate.BrentOptimizer_ESTest3.test3(BrentOptimizer_ESTest3.java:35)
	at sun.reflect.NativeMethodAccessorImpl.invoke0(Native Method)
	at sun.reflect.NativeMethodAccessorImpl.invoke(NativeMethodAccessorImpl.java:57)
	at sun.reflect.DelegatingMethodAccessorImpl.invoke(DelegatingMethodAccessorImpl.java:43)
	at java.lang.reflect.Method.invoke(Method.java:606)
	at org.junit.runners.model.FrameworkMethod$1.runReflectiveCall(FrameworkMethod.java:47)
	at org.junit.internal.runners.model.ReflectiveCallable.run(ReflectiveCallable.java:12)
	at org.junit.runners.model.FrameworkMethod.invokeExplosively(FrameworkMethod.java:44)
	at org.junit.internal.runners.statements.InvokeMethod.evaluate(InvokeMethod.java:17)
	at org.junit.internal.runners.statements.RunBefores.evaluate(RunBefores.java:26)
	at org.junit.internal.runners.statements.RunAfters.evaluate(RunAfters.java:27)
	at org.junit.internal.runners.statements.FailOnTimeout$StatementThread.run(FailOnTimeout.java:74)
--- org.apache.commons.math.optimization.univariate.BrentOptimizer_ESTest4::test4
junit.framework.AssertionFailedError: expected:<43> but was:<12>
	at org.junit.Assert.fail(Assert.java:88)
	at org.junit.Assert.failNotEquals(Assert.java:743)
	at org.junit.Assert.assertEquals(Assert.java:118)
	at org.junit.Assert.assertEquals(Assert.java:555)
	at org.junit.Assert.assertEquals(Assert.java:542)
	at org.apache.commons.math.optimization.univariate.BrentOptimizer_ESTest4.test4(BrentOptimizer_ESTest4.java:34)
	at sun.reflect.NativeMethodAccessorImpl.invoke0(Native Method)
	at sun.reflect.NativeMethodAccessorImpl.invoke(NativeMethodAccessorImpl.java:57)
	at sun.reflect.DelegatingMethodAccessorImpl.invoke(DelegatingMethodAccessorImpl.java:43)
	at java.lang.reflect.Method.invoke(Method.java:606)
	at org.junit.runners.model.FrameworkMethod$1.runReflectiveCall(FrameworkMethod.java:47)
	at org.junit.internal.runners.model.ReflectiveCallable.run(ReflectiveCallable.java:12)
	at org.junit.runners.model.FrameworkMethod.invokeExplosively(FrameworkMethod.java:44)
	at org.junit.internal.runners.statements.InvokeMethod.evaluate(InvokeMethod.java:17)
	at org.junit.internal.runners.statements.RunBefores.evaluate(RunBefores.java:26)
	at org.junit.internal.runners.statements.RunAfters.evaluate(RunAfters.java:27)
	at org.junit.internal.runners.statements.FailOnTimeout$StatementThread.run(FailOnTimeout.java:74)
--- org.apache.commons.math.optimization.univariate.BrentOptimizer_ESTest6::test6
junit.framework.AssertionFailedError: expected:<23> but was:<5>
	at org.junit.Assert.fail(Assert.java:88)
	at org.junit.Assert.failNotEquals(Assert.java:743)
	at org.junit.Assert.assertEquals(Assert.java:118)
	at org.junit.Assert.assertEquals(Assert.java:555)
	at org.junit.Assert.assertEquals(Assert.java:542)
	at org.apache.commons.math.optimization.univariate.BrentOptimizer_ESTest6.test6(BrentOptimizer_ESTest6.java:35)
	at sun.reflect.NativeMethodAccessorImpl.invoke0(Native Method)
	at sun.reflect.NativeMethodAccessorImpl.invoke(NativeMethodAccessorImpl.java:57)
	at sun.reflect.DelegatingMethodAccessorImpl.invoke(DelegatingMethodAccessorImpl.java:43)
	at java.lang.reflect.Method.invoke(Method.java:606)
	at org.junit.runners.model.FrameworkMethod$1.runReflectiveCall(FrameworkMethod.java:47)
	at org.junit.internal.runners.model.ReflectiveCallable.run(ReflectiveCallable.java:12)
	at org.junit.runners.model.FrameworkMethod.invokeExplosively(FrameworkMethod.java:44)
	at org.junit.internal.runners.statements.InvokeMethod.evaluate(InvokeMethod.java:17)
	at org.junit.internal.runners.statements.RunBefores.evaluate(RunBefores.java:26)
	at org.junit.internal.runners.statements.RunAfters.evaluate(RunAfters.java:27)
	at org.junit.internal.runners.statements.FailOnTimeout$StatementThread.run(FailOnTimeout.java:74)
######  End fixing tests  /home/to_donghwan/defects4j/framework/util/fix_test_suite.pl: 2017-07-13 11:40:27  ######
######  Start fixing tests  /home/to_donghwan/defects4j/framework/util/fix_test_suite.pl: 2017-07-13 11:45:42  ######
- Found 1 test archive(s)
######  End fixing tests  /home/to_donghwan/defects4j/framework/util/fix_test_suite.pl: 2017-07-13 11:46:17  ######
######  Start fixing tests  /home/to_donghwan/defects4j/framework/util/fix_test_suite.pl: 2017-07-13 11:51:37  ######
- Found 1 test archive(s)
######  End fixing tests  /home/to_donghwan/defects4j/framework/util/fix_test_suite.pl: 2017-07-13 11:52:06  ######
######  Start fixing tests  /home/to_donghwan/defects4j/framework/util/fix_test_suite.pl: 2017-07-13 11:52:57  ######
- Found 1 test archive(s)
######  End fixing tests  /home/to_donghwan/defects4j/framework/util/fix_test_suite.pl: 2017-07-13 11:53:32  ######
######  Start fixing tests  /home/to_donghwan/defects4j/framework/util/fix_test_suite.pl: 2017-07-13 11:58:58  ######
- Found 1 test archive(s)
######  End fixing tests  /home/to_donghwan/defects4j/framework/util/fix_test_suite.pl: 2017-07-13 11:59:28  ######
######  Start fixing tests  /home/to_donghwan/defects4j/framework/util/fix_test_suite.pl: 2017-07-13 12:09:51  ######
- Found 1 test archive(s)
######  End fixing tests  /home/to_donghwan/defects4j/framework/util/fix_test_suite.pl: 2017-07-13 12:10:22  ######
######  Start fixing tests  /home/to_donghwan/defects4j/framework/util/fix_test_suite.pl: 2017-07-13 12:15:45  ######
- Found 1 test archive(s)
######  End fixing tests  /home/to_donghwan/defects4j/framework/util/fix_test_suite.pl: 2017-07-13 12:16:16  ######
######  Start fixing tests  /home/to_donghwan/defects4j/framework/util/fix_test_suite.pl: 2017-07-13 12:21:40  ######
- Found 1 test archive(s)
######  End fixing tests  /home/to_donghwan/defects4j/framework/util/fix_test_suite.pl: 2017-07-13 12:22:11  ######
######  Start fixing tests  /home/to_donghwan/defects4j/framework/util/fix_test_suite.pl: 2017-07-13 12:27:28  ######
- Found 1 test archive(s)
######  End fixing tests  /home/to_donghwan/defects4j/framework/util/fix_test_suite.pl: 2017-07-13 12:27:58  ######
######  Start fixing tests  /home/to_donghwan/defects4j/framework/util/fix_test_suite.pl: 2017-07-13 12:33:15  ######
- Found 1 test archive(s)
######  End fixing tests  /home/to_donghwan/defects4j/framework/util/fix_test_suite.pl: 2017-07-13 12:33:45  ######
######  Start fixing tests  /home/to_donghwan/defects4j/framework/util/fix_test_suite.pl: 2017-07-13 12:39:10  ######
- Found 1 test archive(s)
######  End fixing tests  /home/to_donghwan/defects4j/framework/util/fix_test_suite.pl: 2017-07-13 12:39:59  ######
######  Start fixing tests  /home/to_donghwan/defects4j/framework/util/fix_test_suite.pl: 2017-07-13 12:59:32  ######
- Found 1 test archive(s)
######  End fixing tests  /home/to_donghwan/defects4j/framework/util/fix_test_suite.pl: 2017-07-13 13:00:17  ######
######  Start fixing tests  /home/to_donghwan/defects4j/framework/util/fix_test_suite.pl: 2017-07-13 13:05:34  ######
- Found 1 test archive(s)
######  End fixing tests  /home/to_donghwan/defects4j/framework/util/fix_test_suite.pl: 2017-07-13 13:06:05  ######
######  Start fixing tests  /home/to_donghwan/defects4j/framework/util/fix_test_suite.pl: 2017-07-13 13:15:39  ######
- Found 1 test archive(s)
######  End fixing tests  /home/to_donghwan/defects4j/framework/util/fix_test_suite.pl: 2017-07-13 13:16:19  ######
######  Start fixing tests  /home/to_donghwan/defects4j/framework/util/fix_test_suite.pl: 2017-07-13 13:27:07  ######
- Found 1 test archive(s)
 - Removing 3 test methods: Math-80f-evosuite-branch.1.tar.bz2
--- org.apache.commons.math.linear.EigenDecompositionImpl_ESTest23::test23
org.apache.commons.math.linear.InvalidMatrixException: 
Caused by: org.apache.commons.math.MaxIterationsExceededException: Maximal number of iterations (120) exceeded
--- org.apache.commons.math.linear.EigenDecompositionImpl_ESTest24::test24
org.apache.commons.math.linear.InvalidMatrixException: 
Caused by: org.apache.commons.math.MaxIterationsExceededException: Maximal number of iterations (120) exceeded
--- org.apache.commons.math.linear.EigenDecompositionImpl_ESTest25::test25
org.apache.commons.math.linear.InvalidMatrixException: 
Caused by: org.apache.commons.math.MaxIterationsExceededException: Maximal number of iterations (120) exceeded
######  End fixing tests  /home/to_donghwan/defects4j/framework/util/fix_test_suite.pl: 2017-07-13 13:27:51  ######
######  Start fixing tests  /home/to_donghwan/defects4j/framework/util/fix_test_suite.pl: 2017-07-13 13:39:07  ######
- Found 1 test archive(s)
 - Removing 3 test methods: Math-81f-evosuite-branch.1.tar.bz2
--- org.apache.commons.math.linear.EigenDecompositionImpl_ESTest16::test16
org.apache.commons.math.linear.InvalidMatrixException: 
Caused by: org.apache.commons.math.MaxIterationsExceededException: Maximal number of iterations (90) exceeded
--- org.apache.commons.math.linear.EigenDecompositionImpl_ESTest23::test23
org.apache.commons.math.linear.InvalidMatrixException: 
Caused by: org.apache.commons.math.MaxIterationsExceededException: Maximal number of iterations (90) exceeded
--- org.apache.commons.math.linear.EigenDecompositionImpl_ESTest26::test26
org.apache.commons.math.linear.InvalidMatrixException: 
Caused by: org.apache.commons.math.MaxIterationsExceededException: Maximal number of iterations (120) exceeded
######  End fixing tests  /home/to_donghwan/defects4j/framework/util/fix_test_suite.pl: 2017-07-13 13:39:54  ######
######  Start fixing tests  /home/to_donghwan/defects4j/framework/util/fix_test_suite.pl: 2017-07-13 13:45:30  ######
- Found 1 test archive(s)
######  End fixing tests  /home/to_donghwan/defects4j/framework/util/fix_test_suite.pl: 2017-07-13 13:46:03  ######
######  Start fixing tests  /home/to_donghwan/defects4j/framework/util/fix_test_suite.pl: 2017-07-13 13:51:46  ######
- Found 1 test archive(s)
 - Removing 3 test methods: Math-83f-evosuite-branch.1.tar.bz2
--- org.apache.commons.math.optimization.linear.SimplexTableau_ESTest12::test12
junit.framework.AssertionFailedError
	at org.junit.Assert.fail(Assert.java:86)
	at org.junit.Assert.assertTrue(Assert.java:41)
	at org.junit.Assert.assertTrue(Assert.java:52)
	at org.apache.commons.math.optimization.linear.SimplexTableau_ESTest12.test12(SimplexTableau_ESTest12.java:42)
	at sun.reflect.NativeMethodAccessorImpl.invoke0(Native Method)
	at sun.reflect.NativeMethodAccessorImpl.invoke(NativeMethodAccessorImpl.java:57)
	at sun.reflect.DelegatingMethodAccessorImpl.invoke(DelegatingMethodAccessorImpl.java:43)
	at java.lang.reflect.Method.invoke(Method.java:606)
	at org.junit.runners.model.FrameworkMethod$1.runReflectiveCall(FrameworkMethod.java:47)
	at org.junit.internal.runners.model.ReflectiveCallable.run(ReflectiveCallable.java:12)
	at org.junit.runners.model.FrameworkMethod.invokeExplosively(FrameworkMethod.java:44)
	at org.junit.internal.runners.statements.InvokeMethod.evaluate(InvokeMethod.java:17)
	at org.junit.internal.runners.statements.RunBefores.evaluate(RunBefores.java:26)
	at org.junit.internal.runners.statements.RunAfters.evaluate(RunAfters.java:27)
	at org.junit.internal.runners.statements.FailOnTimeout$StatementThread.run(FailOnTimeout.java:74)
--- org.apache.commons.math.optimization.linear.SimplexTableau_ESTest7::test07
junit.framework.AssertionFailedError: Expecting exception: NullPointerException
	at org.junit.Assert.fail(Assert.java:88)
	at org.apache.commons.math.optimization.linear.SimplexTableau_ESTest7.test07(SimplexTableau_ESTest7.java:43)
	at sun.reflect.NativeMethodAccessorImpl.invoke0(Native Method)
	at sun.reflect.NativeMethodAccessorImpl.invoke(NativeMethodAccessorImpl.java:57)
	at sun.reflect.DelegatingMethodAccessorImpl.invoke(DelegatingMethodAccessorImpl.java:43)
	at java.lang.reflect.Method.invoke(Method.java:606)
	at org.junit.runners.model.FrameworkMethod$1.runReflectiveCall(FrameworkMethod.java:47)
	at org.junit.internal.runners.model.ReflectiveCallable.run(ReflectiveCallable.java:12)
	at org.junit.runners.model.FrameworkMethod.invokeExplosively(FrameworkMethod.java:44)
	at org.junit.internal.runners.statements.InvokeMethod.evaluate(InvokeMethod.java:17)
	at org.junit.internal.runners.statements.RunBefores.evaluate(RunBefores.java:26)
	at org.junit.internal.runners.statements.RunAfters.evaluate(RunAfters.java:27)
	at org.junit.internal.runners.statements.FailOnTimeout$StatementThread.run(FailOnTimeout.java:74)
--- org.apache.commons.math.optimization.linear.SimplexTableau_ESTest8::test08
junit.framework.AssertionFailedError: expected:<-50850.0> but was:<226.0>
	at org.junit.Assert.fail(Assert.java:88)
	at org.junit.Assert.failNotEquals(Assert.java:743)
	at org.junit.Assert.assertEquals(Assert.java:494)
	at org.junit.Assert.assertEquals(Assert.java:592)
	at org.apache.commons.math.optimization.linear.SimplexTableau_ESTest8.test08(SimplexTableau_ESTest8.java:44)
	at sun.reflect.NativeMethodAccessorImpl.invoke0(Native Method)
	at sun.reflect.NativeMethodAccessorImpl.invoke(NativeMethodAccessorImpl.java:57)
	at sun.reflect.DelegatingMethodAccessorImpl.invoke(DelegatingMethodAccessorImpl.java:43)
	at java.lang.reflect.Method.invoke(Method.java:606)
	at org.junit.runners.model.FrameworkMethod$1.runReflectiveCall(FrameworkMethod.java:47)
	at org.junit.internal.runners.model.ReflectiveCallable.run(ReflectiveCallable.java:12)
	at org.junit.runners.model.FrameworkMethod.invokeExplosively(FrameworkMethod.java:44)
	at org.junit.internal.runners.statements.InvokeMethod.evaluate(InvokeMethod.java:17)
	at org.junit.internal.runners.statements.RunBefores.evaluate(RunBefores.java:26)
	at org.junit.internal.runners.statements.RunAfters.evaluate(RunAfters.java:27)
	at org.junit.internal.runners.statements.FailOnTimeout$StatementThread.run(FailOnTimeout.java:74)
######  End fixing tests  /home/to_donghwan/defects4j/framework/util/fix_test_suite.pl: 2017-07-13 13:52:27  ######
######  Start fixing tests  /home/to_donghwan/defects4j/framework/util/fix_test_suite.pl: 2017-07-13 13:57:43  ######
- Found 1 test archive(s)
######  End fixing tests  /home/to_donghwan/defects4j/framework/util/fix_test_suite.pl: 2017-07-13 13:58:13  ######
######  Start fixing tests  /home/to_donghwan/defects4j/framework/util/fix_test_suite.pl: 2017-07-13 14:02:23  ######
- Found 1 test archive(s)
######  End fixing tests  /home/to_donghwan/defects4j/framework/util/fix_test_suite.pl: 2017-07-13 14:02:56  ######
######  Start fixing tests  /home/to_donghwan/defects4j/framework/util/fix_test_suite.pl: 2017-07-13 14:08:38  ######
- Found 1 test archive(s)
######  End fixing tests  /home/to_donghwan/defects4j/framework/util/fix_test_suite.pl: 2017-07-13 14:09:09  ######
######  Start fixing tests  /home/to_donghwan/defects4j/framework/util/fix_test_suite.pl: 2017-07-13 14:14:45  ######
- Found 1 test archive(s)
 - Removing 3 test methods: Math-87f-evosuite-branch.1.tar.bz2
--- org.apache.commons.math.optimization.linear.SimplexTableau_ESTest10::test10
junit.framework.AssertionFailedError: Expecting exception: NullPointerException
	at org.junit.Assert.fail(Assert.java:88)
	at org.apache.commons.math.optimization.linear.SimplexTableau_ESTest10.test10(SimplexTableau_ESTest10.java:42)
	at sun.reflect.NativeMethodAccessorImpl.invoke0(Native Method)
	at sun.reflect.NativeMethodAccessorImpl.invoke(NativeMethodAccessorImpl.java:57)
	at sun.reflect.DelegatingMethodAccessorImpl.invoke(DelegatingMethodAccessorImpl.java:43)
	at java.lang.reflect.Method.invoke(Method.java:606)
	at org.junit.runners.model.FrameworkMethod$1.runReflectiveCall(FrameworkMethod.java:47)
	at org.junit.internal.runners.model.ReflectiveCallable.run(ReflectiveCallable.java:12)
	at org.junit.runners.model.FrameworkMethod.invokeExplosively(FrameworkMethod.java:44)
	at org.junit.internal.runners.statements.InvokeMethod.evaluate(InvokeMethod.java:17)
	at org.junit.internal.runners.statements.RunBefores.evaluate(RunBefores.java:26)
	at org.junit.internal.runners.statements.RunAfters.evaluate(RunAfters.java:27)
	at org.junit.internal.runners.statements.FailOnTimeout$StatementThread.run(FailOnTimeout.java:74)
--- org.apache.commons.math.optimization.linear.SimplexTableau_ESTest21::test21
junit.framework.AssertionFailedError
	at org.junit.Assert.fail(Assert.java:86)
	at org.junit.Assert.assertTrue(Assert.java:41)
	at org.junit.Assert.assertTrue(Assert.java:52)
	at org.apache.commons.math.optimization.linear.SimplexTableau_ESTest21.test21(SimplexTableau_ESTest21.java:42)
	at sun.reflect.NativeMethodAccessorImpl.invoke0(Native Method)
	at sun.reflect.NativeMethodAccessorImpl.invoke(NativeMethodAccessorImpl.java:57)
	at sun.reflect.DelegatingMethodAccessorImpl.invoke(DelegatingMethodAccessorImpl.java:43)
	at java.lang.reflect.Method.invoke(Method.java:606)
	at org.junit.runners.model.FrameworkMethod$1.runReflectiveCall(FrameworkMethod.java:47)
	at org.junit.internal.runners.model.ReflectiveCallable.run(ReflectiveCallable.java:12)
	at org.junit.runners.model.FrameworkMethod.invokeExplosively(FrameworkMethod.java:44)
	at org.junit.internal.runners.statements.InvokeMethod.evaluate(InvokeMethod.java:17)
	at org.junit.internal.runners.statements.RunBefores.evaluate(RunBefores.java:26)
	at org.junit.internal.runners.statements.RunAfters.evaluate(RunAfters.java:27)
	at org.junit.internal.runners.statements.FailOnTimeout$StatementThread.run(FailOnTimeout.java:74)
--- org.apache.commons.math.optimization.linear.SimplexTableau_ESTest8::test08
org.apache.commons.math.MathRuntimeException$7: iterator exhausted
	at org.apache.commons.math.MathRuntimeException.createNoSuchElementException(MathRuntimeException.java:364)
	at org.apache.commons.math.util.OpenIntToDoubleHashMap$Iterator.key(OpenIntToDoubleHashMap.java:529)
	at org.apache.commons.math.linear.OpenMapRealVector.dotProduct(OpenMapRealVector.java:327)
	at org.apache.commons.math.optimization.linear.LinearObjectiveFunction.getValue(LinearObjectiveFunction.java:92)
	at org.apache.commons.math.optimization.linear.SimplexTableau.getSolution(SimplexTableau.java:341)
	at org.apache.commons.math.optimization.linear.SimplexTableau_ESTest8.test08(SimplexTableau_ESTest8.java:46)
	at sun.reflect.NativeMethodAccessorImpl.invoke0(Native Method)
	at sun.reflect.NativeMethodAccessorImpl.invoke(NativeMethodAccessorImpl.java:57)
	at sun.reflect.DelegatingMethodAccessorImpl.invoke(DelegatingMethodAccessorImpl.java:43)
	at java.lang.reflect.Method.invoke(Method.java:606)
	at org.junit.runners.model.FrameworkMethod$1.runReflectiveCall(FrameworkMethod.java:47)
	at org.junit.internal.runners.model.ReflectiveCallable.run(ReflectiveCallable.java:12)
	at org.junit.runners.model.FrameworkMethod.invokeExplosively(FrameworkMethod.java:44)
	at org.junit.internal.runners.statements.InvokeMethod.evaluate(InvokeMethod.java:17)
	at org.junit.internal.runners.statements.RunBefores.evaluate(RunBefores.java:26)
	at org.junit.internal.runners.statements.RunAfters.evaluate(RunAfters.java:27)
	at org.junit.internal.runners.statements.FailOnTimeout$StatementThread.run(FailOnTimeout.java:74)
######  End fixing tests  /home/to_donghwan/defects4j/framework/util/fix_test_suite.pl: 2017-07-13 14:15:25  ######
######  Start fixing tests  /home/to_donghwan/defects4j/framework/util/fix_test_suite.pl: 2017-07-13 14:21:06  ######
- Found 1 test archive(s)
 - Removing 3 test methods: Math-88f-evosuite-branch.1.tar.bz2
--- org.apache.commons.math.optimization.linear.SimplexTableau_ESTest10::test10
junit.framework.AssertionFailedError: Expecting exception: NullPointerException
	at org.junit.Assert.fail(Assert.java:88)
	at org.apache.commons.math.optimization.linear.SimplexTableau_ESTest10.test10(SimplexTableau_ESTest10.java:45)
	at sun.reflect.NativeMethodAccessorImpl.invoke0(Native Method)
	at sun.reflect.NativeMethodAccessorImpl.invoke(NativeMethodAccessorImpl.java:57)
	at sun.reflect.DelegatingMethodAccessorImpl.invoke(DelegatingMethodAccessorImpl.java:43)
	at java.lang.reflect.Method.invoke(Method.java:606)
	at org.junit.runners.model.FrameworkMethod$1.runReflectiveCall(FrameworkMethod.java:47)
	at org.junit.internal.runners.model.ReflectiveCallable.run(ReflectiveCallable.java:12)
	at org.junit.runners.model.FrameworkMethod.invokeExplosively(FrameworkMethod.java:44)
	at org.junit.internal.runners.statements.InvokeMethod.evaluate(InvokeMethod.java:17)
	at org.junit.internal.runners.statements.RunBefores.evaluate(RunBefores.java:26)
	at org.junit.internal.runners.statements.RunAfters.evaluate(RunAfters.java:27)
	at org.junit.internal.runners.statements.FailOnTimeout$StatementThread.run(FailOnTimeout.java:74)
--- org.apache.commons.math.optimization.linear.SimplexTableau_ESTest6::test06
junit.framework.AssertionFailedError: Expecting exception: NullPointerException
	at org.junit.Assert.fail(Assert.java:88)
	at org.apache.commons.math.optimization.linear.SimplexTableau_ESTest6.test06(SimplexTableau_ESTest6.java:48)
	at sun.reflect.NativeMethodAccessorImpl.invoke0(Native Method)
	at sun.reflect.NativeMethodAccessorImpl.invoke(NativeMethodAccessorImpl.java:57)
	at sun.reflect.DelegatingMethodAccessorImpl.invoke(DelegatingMethodAccessorImpl.java:43)
	at java.lang.reflect.Method.invoke(Method.java:606)
	at org.junit.runners.model.FrameworkMethod$1.runReflectiveCall(FrameworkMethod.java:47)
	at org.junit.internal.runners.model.ReflectiveCallable.run(ReflectiveCallable.java:12)
	at org.junit.runners.model.FrameworkMethod.invokeExplosively(FrameworkMethod.java:44)
	at org.junit.internal.runners.statements.InvokeMethod.evaluate(InvokeMethod.java:17)
	at org.junit.internal.runners.statements.RunBefores.evaluate(RunBefores.java:26)
	at org.junit.internal.runners.statements.RunAfters.evaluate(RunAfters.java:27)
	at org.junit.internal.runners.statements.FailOnTimeout$StatementThread.run(FailOnTimeout.java:74)
--- org.apache.commons.math.optimization.linear.SimplexTableau_ESTest7::test07
java.lang.NullPointerException
	at org.apache.commons.math.optimization.linear.SimplexTableau.initialize(SimplexTableau.java:249)
	at org.apache.commons.math.optimization.linear.SimplexTableau.<init>(SimplexTableau.java:115)
	at org.apache.commons.math.optimization.linear.SimplexTableau_ESTest7.test07(SimplexTableau_ESTest7.java:51)
	at sun.reflect.NativeMethodAccessorImpl.invoke0(Native Method)
	at sun.reflect.NativeMethodAccessorImpl.invoke(NativeMethodAccessorImpl.java:57)
	at sun.reflect.DelegatingMethodAccessorImpl.invoke(DelegatingMethodAccessorImpl.java:43)
	at java.lang.reflect.Method.invoke(Method.java:606)
	at org.junit.runners.model.FrameworkMethod$1.runReflectiveCall(FrameworkMethod.java:47)
	at org.junit.internal.runners.model.ReflectiveCallable.run(ReflectiveCallable.java:12)
	at org.junit.runners.model.FrameworkMethod.invokeExplosively(FrameworkMethod.java:44)
	at org.junit.internal.runners.statements.InvokeMethod.evaluate(InvokeMethod.java:17)
	at org.junit.internal.runners.statements.RunBefores.evaluate(RunBefores.java:26)
	at org.junit.internal.runners.statements.RunAfters.evaluate(RunAfters.java:27)
	at org.junit.internal.runners.statements.FailOnTimeout$StatementThread.run(FailOnTimeout.java:74)
######  End fixing tests  /home/to_donghwan/defects4j/framework/util/fix_test_suite.pl: 2017-07-13 14:21:47  ######
######  Start fixing tests  /home/to_donghwan/defects4j/framework/util/fix_test_suite.pl: 2017-07-13 14:27:04  ######
- Found 1 test archive(s)
######  End fixing tests  /home/to_donghwan/defects4j/framework/util/fix_test_suite.pl: 2017-07-13 14:27:36  ######
######  Start fixing tests  /home/to_donghwan/defects4j/framework/util/fix_test_suite.pl: 2017-07-13 14:32:55  ######
- Found 1 test archive(s)
######  End fixing tests  /home/to_donghwan/defects4j/framework/util/fix_test_suite.pl: 2017-07-13 14:33:27  ######
######  Start fixing tests  /home/to_donghwan/defects4j/framework/util/fix_test_suite.pl: 2017-07-13 14:38:55  ######
- Found 1 test archive(s)
######  End fixing tests  /home/to_donghwan/defects4j/framework/util/fix_test_suite.pl: 2017-07-13 14:39:29  ######
######  Start fixing tests  /home/to_donghwan/defects4j/framework/util/fix_test_suite.pl: 2017-07-13 14:46:21  ######
- Found 1 test archive(s)
 - Removing 1 test methods: Math-92f-evosuite-branch.1.tar.bz2
--- org.apache.commons.math.util.MathUtils_ESTest14::test014
junit.framework.AssertionFailedError: Expecting exception: ArithmeticException
	at org.junit.Assert.fail(Assert.java:88)
	at org.apache.commons.math.util.MathUtils_ESTest14.test014(MathUtils_ESTest14.java:28)
	at sun.reflect.NativeMethodAccessorImpl.invoke0(Native Method)
	at sun.reflect.NativeMethodAccessorImpl.invoke(NativeMethodAccessorImpl.java:57)
	at sun.reflect.DelegatingMethodAccessorImpl.invoke(DelegatingMethodAccessorImpl.java:43)
	at java.lang.reflect.Method.invoke(Method.java:606)
	at org.junit.runners.model.FrameworkMethod$1.runReflectiveCall(FrameworkMethod.java:47)
	at org.junit.internal.runners.model.ReflectiveCallable.run(ReflectiveCallable.java:12)
	at org.junit.runners.model.FrameworkMethod.invokeExplosively(FrameworkMethod.java:44)
	at org.junit.internal.runners.statements.InvokeMethod.evaluate(InvokeMethod.java:17)
	at org.junit.internal.runners.statements.RunBefores.evaluate(RunBefores.java:26)
	at org.junit.internal.runners.statements.RunAfters.evaluate(RunAfters.java:27)
	at org.junit.internal.runners.statements.FailOnTimeout$StatementThread.run(FailOnTimeout.java:74)
######  End fixing tests  /home/to_donghwan/defects4j/framework/util/fix_test_suite.pl: 2017-07-13 14:47:08  ######
######  Start fixing tests  /home/to_donghwan/defects4j/framework/util/fix_test_suite.pl: 2017-07-13 14:53:46  ######
- Found 1 test archive(s)
######  End fixing tests  /home/to_donghwan/defects4j/framework/util/fix_test_suite.pl: 2017-07-13 14:54:28  ######
######  Start fixing tests  /home/to_donghwan/defects4j/framework/util/fix_test_suite.pl: 2017-07-13 15:01:42  ######
- Found 1 test archive(s)
######  End fixing tests  /home/to_donghwan/defects4j/framework/util/fix_test_suite.pl: 2017-07-13 15:02:18  ######
######  Start fixing tests  /home/to_donghwan/defects4j/framework/util/fix_test_suite.pl: 2017-07-13 15:02:33  ######
- Found 1 test archive(s)
######  End fixing tests  /home/to_donghwan/defects4j/framework/util/fix_test_suite.pl: 2017-07-13 15:03:01  ######
######  Start fixing tests  /home/to_donghwan/defects4j/framework/util/fix_test_suite.pl: 2017-07-13 15:08:23  ######
- Found 1 test archive(s)
######  End fixing tests  /home/to_donghwan/defects4j/framework/util/fix_test_suite.pl: 2017-07-13 15:08:55  ######
######  Start fixing tests  /home/to_donghwan/defects4j/framework/util/fix_test_suite.pl: 2017-07-13 15:14:20  ######
- Found 1 test archive(s)
######  End fixing tests  /home/to_donghwan/defects4j/framework/util/fix_test_suite.pl: 2017-07-13 15:14:47  ######
######  Start fixing tests  /home/to_donghwan/defects4j/framework/util/fix_test_suite.pl: 2017-07-13 15:26:15  ######
- Found 0 test archive(s)
######  End fixing tests  /home/to_donghwan/defects4j/framework/util/fix_test_suite.pl: 2017-07-13 15:26:15  ######
######  Start fixing tests  /home/to_donghwan/defects4j/framework/util/fix_test_suite.pl: 2017-07-13 15:32:30  ######
- Found 1 test archive(s)
######  End fixing tests  /home/to_donghwan/defects4j/framework/util/fix_test_suite.pl: 2017-07-13 15:33:06  ######
######  Start fixing tests  /home/to_donghwan/defects4j/framework/util/fix_test_suite.pl: 2017-07-13 15:38:38  ######
- Found 1 test archive(s)
######  End fixing tests  /home/to_donghwan/defects4j/framework/util/fix_test_suite.pl: 2017-07-13 15:39:09  ######
######  Start fixing tests  /home/to_donghwan/defects4j/framework/util/fix_test_suite.pl: 2017-07-13 15:44:40  ######
- Found 1 test archive(s)
######  End fixing tests  /home/to_donghwan/defects4j/framework/util/fix_test_suite.pl: 2017-07-13 15:45:12  ######
######  Start fixing tests  /home/to_donghwan/defects4j/framework/util/fix_test_suite.pl: 2017-07-13 15:46:26  ######
- Found 1 test archive(s)
######  End fixing tests  /home/to_donghwan/defects4j/framework/util/fix_test_suite.pl: 2017-07-13 15:47:00  ######
######  Start fixing tests  /home/to_donghwan/defects4j/framework/util/fix_test_suite.pl: 2017-07-13 15:47:25  ######
- Found 1 test archive(s)
 - Removing 1 test methods: Math-103f-evosuite-branch.1.tar.bz2
--- org.apache.commons.math.distribution.NormalDistributionImpl_ESTest4::test04
junit.framework.AssertionFailedError: Expecting exception: Exception
	at org.junit.Assert.fail(Assert.java:88)
	at org.apache.commons.math.distribution.NormalDistributionImpl_ESTest4.test04(NormalDistributionImpl_ESTest4.java:28)
	at sun.reflect.NativeMethodAccessorImpl.invoke0(Native Method)
	at sun.reflect.NativeMethodAccessorImpl.invoke(NativeMethodAccessorImpl.java:57)
	at sun.reflect.DelegatingMethodAccessorImpl.invoke(DelegatingMethodAccessorImpl.java:43)
	at java.lang.reflect.Method.invoke(Method.java:606)
	at org.junit.runners.model.FrameworkMethod$1.runReflectiveCall(FrameworkMethod.java:47)
	at org.junit.internal.runners.model.ReflectiveCallable.run(ReflectiveCallable.java:12)
	at org.junit.runners.model.FrameworkMethod.invokeExplosively(FrameworkMethod.java:44)
	at org.junit.internal.runners.statements.InvokeMethod.evaluate(InvokeMethod.java:17)
	at org.junit.internal.runners.statements.RunBefores.evaluate(RunBefores.java:26)
	at org.junit.internal.runners.statements.RunAfters.evaluate(RunAfters.java:27)
	at org.junit.internal.runners.statements.FailOnTimeout$StatementThread.run(FailOnTimeout.java:74)
######  End fixing tests  /home/to_donghwan/defects4j/framework/util/fix_test_suite.pl: 2017-07-13 15:48:04  ######
######  Start fixing tests  /home/to_donghwan/defects4j/framework/util/fix_test_suite.pl: 2017-07-13 15:49:01  ######
- Found 1 test archive(s)
 - Removing 1 test methods: Math-104f-evosuite-branch.1.tar.bz2
--- org.apache.commons.math.special.Gamma_ESTest8::test08
org.evosuite.runtime.TooManyResourcesException: Loop has been executed more times than the allowed 100000
	at org.evosuite.runtime.LoopCounter.checkLoop(LoopCounter.java:82)
	at org.apache.commons.math.special.Gamma.regularizedGammaP(Gamma.java:171)
	at org.apache.commons.math.special.Gamma.regularizedGammaQ(Gamma.java:240)
	at org.apache.commons.math.special.Gamma.regularizedGammaQ(Gamma.java:200)
	at org.apache.commons.math.special.Gamma_ESTest8.test08(Gamma_ESTest8.java:25)
	at sun.reflect.NativeMethodAccessorImpl.invoke0(Native Method)
	at sun.reflect.NativeMethodAccessorImpl.invoke(NativeMethodAccessorImpl.java:57)
	at sun.reflect.DelegatingMethodAccessorImpl.invoke(DelegatingMethodAccessorImpl.java:43)
	at java.lang.reflect.Method.invoke(Method.java:606)
	at org.junit.runners.model.FrameworkMethod$1.runReflectiveCall(FrameworkMethod.java:47)
	at org.junit.internal.runners.model.ReflectiveCallable.run(ReflectiveCallable.java:12)
	at org.junit.runners.model.FrameworkMethod.invokeExplosively(FrameworkMethod.java:44)
	at org.junit.internal.runners.statements.InvokeMethod.evaluate(InvokeMethod.java:17)
	at org.junit.internal.runners.statements.RunBefores.evaluate(RunBefores.java:26)
	at org.junit.internal.runners.statements.RunAfters.evaluate(RunAfters.java:27)
	at org.junit.internal.runners.statements.FailOnTimeout$StatementThread.run(FailOnTimeout.java:74)
######  End fixing tests  /home/to_donghwan/defects4j/framework/util/fix_test_suite.pl: 2017-07-13 15:49:40  ######
######  Start fixing tests  /home/to_donghwan/defects4j/framework/util/fix_test_suite.pl: 2017-07-13 15:49:58  ######
- Found 1 test archive(s)
######  End fixing tests  /home/to_donghwan/defects4j/framework/util/fix_test_suite.pl: 2017-07-13 15:50:31  ######
######  Start fixing tests  /home/to_donghwan/defects4j/framework/util/fix_test_suite.pl: 2017-07-13 15:55:46  ######
- Found 1 test archive(s)
######  End fixing tests  /home/to_donghwan/defects4j/framework/util/fix_test_suite.pl: 2017-07-13 15:56:25  ######
######  Start fixing tests  /home/to_donghwan/defects4j/framework/util/fix_test_suite.pl: 2017-07-27 15:55:46  ######
- Found 0 test archive(s)
######  End fixing tests  /home/to_donghwan/defects4j/framework/util/fix_test_suite.pl: 2017-07-27 15:55:46  ######
######  Start fixing tests  /home/to_donghwan/defects4j/framework/util/fix_test_suite.pl: 2017-07-27 15:56:11  ######
- Found 0 test archive(s)
######  End fixing tests  /home/to_donghwan/defects4j/framework/util/fix_test_suite.pl: 2017-07-27 15:56:11  ######
######  Start fixing tests  /home/to_donghwan/defects4j/framework/util/fix_test_suite.pl: 2017-07-27 16:11:34  ######
- Found 0 test archive(s)
######  End fixing tests  /home/to_donghwan/defects4j/framework/util/fix_test_suite.pl: 2017-07-27 16:11:34  ######
######  Start fixing tests  /home/to_donghwan/defects4j/framework/util/fix_test_suite.pl: 2017-07-27 16:27:06  ######
- Found 0 test archive(s)
######  End fixing tests  /home/to_donghwan/defects4j/framework/util/fix_test_suite.pl: 2017-07-27 16:27:06  ######
######  Start fixing tests  /home/to_donghwan/defects4j/framework/util/fix_test_suite.pl: 2017-07-27 16:32:28  ######
- Found 0 test archive(s)
######  End fixing tests  /home/to_donghwan/defects4j/framework/util/fix_test_suite.pl: 2017-07-27 16:32:28  ######
######  Start fixing tests  /home/to_donghwan/defects4j/framework/util/fix_test_suite.pl: 2017-07-27 16:40:20  ######
- Found 1 test archive(s)
 - Removing 1 test methods: Math-45f-evosuite-branch.1.tar.bz2
--- org.apache.commons.math.linear.OpenMapRealMatrix_ESTest6::test6
org.evosuite.runtime.TooManyResourcesException: Loop has been executed more times than the allowed 100000
	at org.evosuite.runtime.LoopCounter.checkLoop(LoopCounter.java:82)
	at org.apache.commons.math.linear.MatrixUtils.checkRowIndex(MatrixUtils.java:379)
	at org.apache.commons.math.linear.OpenMapRealMatrix.setEntry(OpenMapRealMatrix.java:230)
	at org.apache.commons.math.linear.AbstractRealMatrix.walkInRowOrder(AbstractRealMatrix.java:727)
	at org.apache.commons.math.linear.OpenMapRealMatrix_ESTest6.test6(OpenMapRealMatrix_ESTest6.java:32)
	at sun.reflect.NativeMethodAccessorImpl.invoke0(Native Method)
	at sun.reflect.NativeMethodAccessorImpl.invoke(NativeMethodAccessorImpl.java:57)
	at sun.reflect.DelegatingMethodAccessorImpl.invoke(DelegatingMethodAccessorImpl.java:43)
	at java.lang.reflect.Method.invoke(Method.java:606)
	at org.junit.runners.model.FrameworkMethod$1.runReflectiveCall(FrameworkMethod.java:47)
	at org.junit.internal.runners.model.ReflectiveCallable.run(ReflectiveCallable.java:12)
	at org.junit.runners.model.FrameworkMethod.invokeExplosively(FrameworkMethod.java:44)
	at org.junit.internal.runners.statements.InvokeMethod.evaluate(InvokeMethod.java:17)
	at org.junit.internal.runners.statements.RunBefores.evaluate(RunBefores.java:26)
	at org.junit.internal.runners.statements.RunAfters.evaluate(RunAfters.java:27)
	at org.junit.internal.runners.statements.FailOnTimeout$StatementThread.run(FailOnTimeout.java:74)
######  End fixing tests  /home/to_donghwan/defects4j/framework/util/fix_test_suite.pl: 2017-07-27 16:41:19  ######
######  Start fixing tests  /home/to_donghwan/defects4j/framework/util/fix_test_suite.pl: 2017-07-27 16:57:05  ######
- Found 0 test archive(s)
######  End fixing tests  /home/to_donghwan/defects4j/framework/util/fix_test_suite.pl: 2017-07-27 16:57:05  ######
######  Start fixing tests  /home/to_donghwan/defects4j/framework/util/fix_test_suite.pl: 2017-07-27 17:02:40  ######
- Found 0 test archive(s)
######  End fixing tests  /home/to_donghwan/defects4j/framework/util/fix_test_suite.pl: 2017-07-27 17:02:40  ######
######  Start fixing tests  /home/to_donghwan/defects4j/framework/util/fix_test_suite.pl: 2017-07-27 17:02:59  ######
- Found 0 test archive(s)
######  End fixing tests  /home/to_donghwan/defects4j/framework/util/fix_test_suite.pl: 2017-07-27 17:02:59  ######
######  Start fixing tests  /home/to_donghwan/defects4j/framework/util/fix_test_suite.pl: 2017-07-27 17:03:15  ######
- Found 0 test archive(s)
######  End fixing tests  /home/to_donghwan/defects4j/framework/util/fix_test_suite.pl: 2017-07-27 17:03:15  ######
######  Start fixing tests  /home/to_donghwan/defects4j/framework/util/fix_test_suite.pl: 2017-07-27 17:22:30  ######
- Found 1 test archive(s)
######  End fixing tests  /home/to_donghwan/defects4j/framework/util/fix_test_suite.pl: 2017-07-27 17:23:16  ######
