
init:

junit-present:

setProxy:

noProxy:
     [echo] Proxy not used.

get-custom-dep-commons-logging.jar:

get-dep-commons-logging.jar:
      [get] Getting: http://www.ibiblio.org/maven/commons-logging/jars/commons-logging-1.0.3.jar
      [get] To: /home/to_donghwan/.maven/repository/commons-logging/jars/commons-logging-1.0.3.jar
      [get] Error opening connection java.io.FileNotFoundException: http://www.ibiblio.org/maven/commons-logging/jars/commons-logging-1.0.3.jar
      [get] Error opening connection java.io.FileNotFoundException: http://www.ibiblio.org/maven/commons-logging/jars/commons-logging-1.0.3.jar
      [get] Error opening connection java.io.FileNotFoundException: http://www.ibiblio.org/maven/commons-logging/jars/commons-logging-1.0.3.jar
      [get] Can't get http://www.ibiblio.org/maven/commons-logging/jars/commons-logging-1.0.3.jar to /home/to_donghwan/.maven/repository/commons-logging/jars/commons-logging-1.0.3.jar

get-custom-dep-commons-discovery.jar:

get-dep-commons-discovery.jar:
      [get] Getting: http://www.ibiblio.org/maven/commons-discovery/jars/commons-discovery-0.2.jar
      [get] To: /home/to_donghwan/.maven/repository/commons-discovery/jars/commons-discovery-0.2.jar
      [get] Error opening connection java.io.FileNotFoundException: http://www.ibiblio.org/maven/commons-discovery/jars/commons-discovery-0.2.jar
      [get] Error opening connection java.io.FileNotFoundException: http://www.ibiblio.org/maven/commons-discovery/jars/commons-discovery-0.2.jar
      [get] Error opening connection java.io.FileNotFoundException: http://www.ibiblio.org/maven/commons-discovery/jars/commons-discovery-0.2.jar
      [get] Can't get http://www.ibiblio.org/maven/commons-discovery/jars/commons-discovery-0.2.jar to /home/to_donghwan/.maven/repository/commons-discovery/jars/commons-discovery-0.2.jar

get-deps:

compile:
    [javac] /tmp/run_mutation.pl_37405_1501798668/105f/build.xml:72: warning: 'includeantruntime' was not set, defaulting to build.sysclasspath=last; set to false for repeatable builds

compile-tests:
    [mkdir] Created dir: /tmp/run_mutation.pl_37405_1501798668/105f/target/test-classes
    [javac] /tmp/run_mutation.pl_37405_1501798668/105f/build.xml:149: warning: 'includeantruntime' was not set, defaulting to build.sysclasspath=last; set to false for repeatable builds
    [javac] Compiling 115 source files to /tmp/run_mutation.pl_37405_1501798668/105f/target/test-classes
    [javac] /tmp/run_mutation.pl_37405_1501798668/105f/src/test/org/apache/commons/math/TestUtils.java:26: warning: [deprecation] Assert in junit.framework has been deprecated
    [javac] import junit.framework.Assert;
    [javac]                       ^
    [javac] /tmp/run_mutation.pl_37405_1501798668/105f/src/test/org/apache/commons/math/TestUtils.java:58: warning: [deprecation] Assert in junit.framework has been deprecated
    [javac]             Assert.assertTrue("" + actual + " is not NaN.",
    [javac]             ^
    [javac] /tmp/run_mutation.pl_37405_1501798668/105f/src/test/org/apache/commons/math/TestUtils.java:61: warning: [deprecation] Assert in junit.framework has been deprecated
    [javac]             Assert.assertEquals(msg, expected, actual, delta);
    [javac]             ^
    [javac] /tmp/run_mutation.pl_37405_1501798668/105f/src/test/org/apache/commons/math/TestUtils.java:95: warning: [deprecation] Assert in junit.framework has been deprecated
    [javac]         Assert.assertEquals(a.length, b.length);
    [javac]         ^
    [javac] /tmp/run_mutation.pl_37405_1501798668/105f/src/test/org/apache/commons/math/TestUtils.java:97: warning: [deprecation] Assert in junit.framework has been deprecated
    [javac]             Assert.assertEquals(a[i], b[i], tolerance);
    [javac]             ^
    [javac] /tmp/run_mutation.pl_37405_1501798668/105f/src/test/org/apache/commons/math/TestUtils.java:161: warning: [deprecation] Assert in junit.framework has been deprecated
    [javac]         Assert.assertEquals("Equals check", object, object2);
    [javac]         ^
    [javac] /tmp/run_mutation.pl_37405_1501798668/105f/src/test/org/apache/commons/math/TestUtils.java:162: warning: [deprecation] Assert in junit.framework has been deprecated
    [javac]         Assert.assertEquals("HashCode check", object.hashCode(), object2.hashCode());
    [javac]         ^
    [javac] /tmp/run_mutation.pl_37405_1501798668/105f/src/test/org/apache/commons/math/TestUtils.java:192: warning: [deprecation] Assert in junit.framework has been deprecated
    [javac]             Assert.assertTrue(msg, Double.isNaN(actual));
    [javac]             ^
    [javac] /tmp/run_mutation.pl_37405_1501798668/105f/src/test/org/apache/commons/math/TestUtils.java:194: warning: [deprecation] Assert in junit.framework has been deprecated
    [javac]             Assert.assertTrue(msg, Double.isNaN(expected));
    [javac]             ^
    [javac] /tmp/run_mutation.pl_37405_1501798668/105f/src/test/org/apache/commons/math/TestUtils.java:196: warning: [deprecation] Assert in junit.framework has been deprecated
    [javac]             Assert.assertEquals(expected, actual, relativeError);
    [javac]             ^
    [javac] /tmp/run_mutation.pl_37405_1501798668/105f/src/test/org/apache/commons/math/TestUtils.java:198: warning: [deprecation] Assert in junit.framework has been deprecated
    [javac]             Assert.assertEquals(msg, actual, expected, relativeError);
    [javac]             ^
    [javac] /tmp/run_mutation.pl_37405_1501798668/105f/src/test/org/apache/commons/math/TestUtils.java:201: warning: [deprecation] Assert in junit.framework has been deprecated
    [javac]             Assert.assertEquals(msg, 0.0, x, relativeError);
    [javac]             ^
    [javac] /tmp/run_mutation.pl_37405_1501798668/105f/src/test/org/apache/commons/math/TestUtils.java:227: warning: [deprecation] Assert in junit.framework has been deprecated
    [javac]             Assert.fail(msg + 
    [javac]             ^
    [javac] /tmp/run_mutation.pl_37405_1501798668/105f/src/test/org/apache/commons/math/TestUtils.java:266: warning: [deprecation] Assert in junit.framework has been deprecated
    [javac]             Assert.fail(msg + " Unable to find" + x);
    [javac]             ^
    [javac] Note: Some input files use unchecked or unsafe operations.
    [javac] Note: Recompile with -Xlint:unchecked for details.
    [javac] 14 warnings
     [copy] Copying 11 files to /tmp/run_mutation.pl_37405_1501798668/105f/target/test-classes

compile.tests:

update.all.tests:

mutation.test:
     [echo] Running mutation analysis ...
    [junit] MAJOR: Mutation analysis enabled
SLF4J: Failed to load class "org.slf4j.impl.StaticLoggerBinder".
SLF4J: Defaulting to no-operation (NOP) logger implementation
SLF4J: See http://www.slf4j.org/codes.html#StaticLoggerBinder for further details.
    [junit] MAJOR: ------------------------------------------------------------
    [junit] MAJOR: Run 14 ordered tests to verify independence
    [junit] MAJOR: ------------------------------------------------------------
    [junit] MAJOR: Preprocessing time: 4.44 seconds
    [junit] MAJOR: ------------------------------------------------------------
    [junit] MAJOR: Mutants generated: 355
    [junit] MAJOR: Mutants covered:   343 (96.62%)
    [junit] MAJOR: ------------------------------------------------------------
    [junit] MAJOR: Export test map to (testMap.csv)
    [junit] MAJOR: Export coverage map to (covMap.csv)
    [junit] MAJOR: Exclude 0 mutants
    [junit] MAJOR: ------------------------------------------------------------
    [junit] MAJOR: Run mutation analysis with 14 individual tests
    [junit] MAJOR: ------------------------------------------------------------
    [junit] MAJOR: 1/14 - org.apache.commons.math.stat.regression.SimpleRegression_ESTest6 (7ms / 61):
    [junit] MAJOR: 11337 (9 / 61 / 61) -> AVG-RTPM: 185ms
    [junit] MAJOR: Mutants killed / live: 9 (9-0-0) / 334
    [junit] MAJOR: ------------------------------------------------------------
    [junit] MAJOR: 2/14 - org.apache.commons.math.stat.regression.SimpleRegression_ESTest9 (7ms / 197):
    [junit] MAJOR: 162305 (27 / 197 / 197) -> AVG-RTPM: 766ms
    [junit] MAJOR: Mutants killed / live: 36 (30-7-1) / 307
    [junit] MAJOR: ------------------------------------------------------------
    [junit] MAJOR: 3/14 - org.apache.commons.math.stat.regression.SimpleRegression_ESTest4 (8ms / 30):
    [junit] MAJOR: 192586 (18 / 30 / 30) -> AVG-RTPM: 1009ms
    [junit] MAJOR: Mutants killed / live: 54 (30-33-4) / 289
    [junit] MAJOR: ------------------------------------------------------------
    [junit] MAJOR: 4/14 - org.apache.commons.math.stat.regression.SimpleRegression_ESTest7 (8ms / 67):
    [junit] MAJOR: 247528 (37 / 67 / 67) -> AVG-RTPM: 820ms
    [junit] MAJOR: Mutants killed / live: 91 (30-95-9) / 252
    [junit] MAJOR: ------------------------------------------------------------
    [junit] MAJOR: 5/14 - org.apache.commons.math.stat.regression.SimpleRegression_ESTest8 (8ms / 193):
    [junit] MAJOR: 373727 (130 / 193 / 193) -> AVG-RTPM: 653ms
    [junit] MAJOR: Mutants killed / live: 221 (30-272-26) / 122
    [junit] MAJOR: ------------------------------------------------------------
    [junit] MAJOR: 6/14 - org.apache.commons.math.stat.regression.SimpleRegression_ESTest5 (10ms / 73):
    [junit] MAJOR: 401253 (0 / 73 / 73) -> AVG-RTPM: 377ms
    [junit] MAJOR: Mutants killed / live: 221 (30-345-26) / 122
    [junit] MAJOR: ------------------------------------------------------------
    [junit] MAJOR: 7/14 - org.apache.commons.math.stat.regression.SimpleRegression_ESTest0 (15ms / 59):
    [junit] MAJOR: 422964 (0 / 59 / 59) -> AVG-RTPM: 367ms
    [junit] MAJOR: Mutants killed / live: 221 (30-404-26) / 122
    [junit] MAJOR: ------------------------------------------------------------
    [junit] MAJOR: 8/14 - org.apache.commons.math.stat.regression.SimpleRegression_ESTest10 (21ms / 202):
    [junit] MAJOR: 499717 (49 / 202 / 202) -> AVG-RTPM: 379ms
    [junit] MAJOR: Mutants killed / live: 270 (30-606-26) / 73
    [junit] MAJOR: ------------------------------------------------------------
    [junit] MAJOR: 9/14 - org.apache.commons.math.stat.regression.SimpleRegression_ESTest11 (21ms / 199):
    [junit] MAJOR: 574907 (2 / 199 / 199) -> AVG-RTPM: 377ms
    [junit] MAJOR: Mutants killed / live: 272 (30-805-26) / 71
    [junit] MAJOR: ------------------------------------------------------------
    [junit] MAJOR: 10/14 - org.apache.commons.math.stat.regression.SimpleRegression_ESTest12 (23ms / 32):
    [junit] MAJOR: 587593 (16 / 32 / 32) -> AVG-RTPM: 396ms
    [junit] MAJOR: Mutants killed / live: 288 (30-837-26) / 55
    [junit] MAJOR: ------------------------------------------------------------
    [junit] MAJOR: 11/14 - org.apache.commons.math.stat.regression.SimpleRegression_ESTest2 (23ms / 48):
    [junit] MAJOR: 605839 (18 / 48 / 48) -> AVG-RTPM: 380ms
    [junit] MAJOR: Mutants killed / live: 306 (30-885-26) / 37
    [junit] MAJOR: ------------------------------------------------------------
    [junit] MAJOR: 12/14 - org.apache.commons.math.stat.regression.SimpleRegression_ESTest13 (24ms / 41):
    [junit] MAJOR: 621667 (9 / 41 / 41) -> AVG-RTPM: 386ms
    [junit] MAJOR: Mutants killed / live: 315 (30-926-26) / 28
    [junit] MAJOR: ------------------------------------------------------------
    [junit] MAJOR: 13/14 - org.apache.commons.math.stat.regression.SimpleRegression_ESTest3 (27ms / 47):
    [junit] MAJOR: 639756 (0 / 47 / 47) -> AVG-RTPM: 384ms
    [junit] MAJOR: Mutants killed / live: 315 (30-973-26) / 28
    [junit] MAJOR: ------------------------------------------------------------
    [junit] MAJOR: 14/14 - org.apache.commons.math.stat.regression.SimpleRegression_ESTest1 (33ms / 66):
    [junit] MAJOR: 665595 (6 / 66 / 66) -> AVG-RTPM: 391ms
    [junit] MAJOR: Mutants killed / live: 321 (30-1039-26) / 22
    [junit] MAJOR: ------------------------------------------------------------
    [junit] MAJOR: Summary:
    [junit] MAJOR: 
    [junit] MAJOR: Analysis time:  665.6 seconds
    [junit] MAJOR: Mutation score: 90.42% (93.59%)
    [junit] MAJOR: Mutants killed / live: 321 (30-1039-26) / 22
    [junit] MAJOR: Mutant executions: 1315
    [junit] MAJOR: ------------------------------------------------------------
    [junit] MAJOR: Export summary of results (to summary.csv)
    [junit] MAJOR: Export mutant kill details (to /tmp/run_mutation.pl_37405_1501798668/105f/kill.csv)
    [junit] MAJOR: Export kill map (to killMap.csv)!

BUILD SUCCESSFUL
Total time: 11 minutes 15 seconds
