
init:

junit-present:

setProxy:

noProxy:
     [echo] Proxy not used.

get-custom-dep-commons-logging.jar:

get-dep-commons-logging.jar:
      [get] Getting: http://www.ibiblio.org/maven/commons-logging/jars/commons-logging-1.0.3.jar
      [get] To: /home/donghwan/.maven/repository/commons-logging/jars/commons-logging-1.0.3.jar
      [get] Error opening connection java.io.FileNotFoundException: http://www.ibiblio.org/maven/commons-logging/jars/commons-logging-1.0.3.jar
      [get] Error opening connection java.io.FileNotFoundException: http://www.ibiblio.org/maven/commons-logging/jars/commons-logging-1.0.3.jar
      [get] Error opening connection java.io.FileNotFoundException: http://www.ibiblio.org/maven/commons-logging/jars/commons-logging-1.0.3.jar
      [get] Can't get http://www.ibiblio.org/maven/commons-logging/jars/commons-logging-1.0.3.jar to /home/donghwan/.maven/repository/commons-logging/jars/commons-logging-1.0.3.jar

get-custom-dep-commons-discovery.jar:

get-dep-commons-discovery.jar:
      [get] Getting: http://www.ibiblio.org/maven/commons-discovery/jars/commons-discovery-0.2.jar
      [get] To: /home/donghwan/.maven/repository/commons-discovery/jars/commons-discovery-0.2.jar
      [get] Error opening connection java.io.FileNotFoundException: http://www.ibiblio.org/maven/commons-discovery/jars/commons-discovery-0.2.jar
      [get] Error opening connection java.io.FileNotFoundException: http://www.ibiblio.org/maven/commons-discovery/jars/commons-discovery-0.2.jar
      [get] Error opening connection java.io.FileNotFoundException: http://www.ibiblio.org/maven/commons-discovery/jars/commons-discovery-0.2.jar
      [get] Can't get http://www.ibiblio.org/maven/commons-discovery/jars/commons-discovery-0.2.jar to /home/donghwan/.maven/repository/commons-discovery/jars/commons-discovery-0.2.jar

get-deps:

compile:
    [javac] /tmp/run_mutation.pl_128651_1501600737/105f/build.xml:72: warning: 'includeantruntime' was not set, defaulting to build.sysclasspath=last; set to false for repeatable builds

compile-tests:
    [mkdir] Created dir: /tmp/run_mutation.pl_128651_1501600737/105f/target/test-classes
    [javac] /tmp/run_mutation.pl_128651_1501600737/105f/build.xml:149: warning: 'includeantruntime' was not set, defaulting to build.sysclasspath=last; set to false for repeatable builds
    [javac] Compiling 115 source files to /tmp/run_mutation.pl_128651_1501600737/105f/target/test-classes
    [javac] /tmp/run_mutation.pl_128651_1501600737/105f/src/test/org/apache/commons/math/TestUtils.java:26: warning: [deprecation] Assert in junit.framework has been deprecated
    [javac] import junit.framework.Assert;
    [javac]                       ^
    [javac] /tmp/run_mutation.pl_128651_1501600737/105f/src/test/org/apache/commons/math/TestUtils.java:58: warning: [deprecation] Assert in junit.framework has been deprecated
    [javac]             Assert.assertTrue("" + actual + " is not NaN.",
    [javac]             ^
    [javac] /tmp/run_mutation.pl_128651_1501600737/105f/src/test/org/apache/commons/math/TestUtils.java:61: warning: [deprecation] Assert in junit.framework has been deprecated
    [javac]             Assert.assertEquals(msg, expected, actual, delta);
    [javac]             ^
    [javac] /tmp/run_mutation.pl_128651_1501600737/105f/src/test/org/apache/commons/math/TestUtils.java:95: warning: [deprecation] Assert in junit.framework has been deprecated
    [javac]         Assert.assertEquals(a.length, b.length);
    [javac]         ^
    [javac] /tmp/run_mutation.pl_128651_1501600737/105f/src/test/org/apache/commons/math/TestUtils.java:97: warning: [deprecation] Assert in junit.framework has been deprecated
    [javac]             Assert.assertEquals(a[i], b[i], tolerance);
    [javac]             ^
    [javac] /tmp/run_mutation.pl_128651_1501600737/105f/src/test/org/apache/commons/math/TestUtils.java:161: warning: [deprecation] Assert in junit.framework has been deprecated
    [javac]         Assert.assertEquals("Equals check", object, object2);
    [javac]         ^
    [javac] /tmp/run_mutation.pl_128651_1501600737/105f/src/test/org/apache/commons/math/TestUtils.java:162: warning: [deprecation] Assert in junit.framework has been deprecated
    [javac]         Assert.assertEquals("HashCode check", object.hashCode(), object2.hashCode());
    [javac]         ^
    [javac] /tmp/run_mutation.pl_128651_1501600737/105f/src/test/org/apache/commons/math/TestUtils.java:192: warning: [deprecation] Assert in junit.framework has been deprecated
    [javac]             Assert.assertTrue(msg, Double.isNaN(actual));
    [javac]             ^
    [javac] /tmp/run_mutation.pl_128651_1501600737/105f/src/test/org/apache/commons/math/TestUtils.java:194: warning: [deprecation] Assert in junit.framework has been deprecated
    [javac]             Assert.assertTrue(msg, Double.isNaN(expected));
    [javac]             ^
    [javac] /tmp/run_mutation.pl_128651_1501600737/105f/src/test/org/apache/commons/math/TestUtils.java:196: warning: [deprecation] Assert in junit.framework has been deprecated
    [javac]             Assert.assertEquals(expected, actual, relativeError);
    [javac]             ^
    [javac] /tmp/run_mutation.pl_128651_1501600737/105f/src/test/org/apache/commons/math/TestUtils.java:198: warning: [deprecation] Assert in junit.framework has been deprecated
    [javac]             Assert.assertEquals(msg, actual, expected, relativeError);
    [javac]             ^
    [javac] /tmp/run_mutation.pl_128651_1501600737/105f/src/test/org/apache/commons/math/TestUtils.java:201: warning: [deprecation] Assert in junit.framework has been deprecated
    [javac]             Assert.assertEquals(msg, 0.0, x, relativeError);
    [javac]             ^
    [javac] /tmp/run_mutation.pl_128651_1501600737/105f/src/test/org/apache/commons/math/TestUtils.java:227: warning: [deprecation] Assert in junit.framework has been deprecated
    [javac]             Assert.fail(msg + 
    [javac]             ^
    [javac] /tmp/run_mutation.pl_128651_1501600737/105f/src/test/org/apache/commons/math/TestUtils.java:266: warning: [deprecation] Assert in junit.framework has been deprecated
    [javac]             Assert.fail(msg + " Unable to find" + x);
    [javac]             ^
    [javac] Note: Some input files use unchecked or unsafe operations.
    [javac] Note: Recompile with -Xlint:unchecked for details.
    [javac] 14 warnings
     [copy] Copying 11 files to /tmp/run_mutation.pl_128651_1501600737/105f/target/test-classes

compile.tests:

update.all.tests:

mutation.test:
     [echo] Running mutation analysis ...
    [junit] MAJOR: Mutation analysis enabled
SLF4J: Failed to load class "org.slf4j.impl.StaticLoggerBinder".
SLF4J: Defaulting to no-operation (NOP) logger implementation
SLF4J: See http://www.slf4j.org/codes.html#StaticLoggerBinder for further details.
    [junit] MAJOR: ------------------------------------------------------------
    [junit] MAJOR: Run 15 ordered tests to verify independence
    [junit] MAJOR: ------------------------------------------------------------
    [junit] MAJOR: Preprocessing time: 3.20 seconds
    [junit] MAJOR: ------------------------------------------------------------
    [junit] MAJOR: Mutants generated: 355
    [junit] MAJOR: Mutants covered:   339 (95.49%)
    [junit] MAJOR: ------------------------------------------------------------
    [junit] MAJOR: Export test map to (testMap.csv)
    [junit] MAJOR: Export coverage map to (covMap.csv)
    [junit] MAJOR: Exclude 0 mutants
    [junit] MAJOR: ------------------------------------------------------------
    [junit] MAJOR: Run mutation analysis with 15 individual tests
    [junit] MAJOR: ------------------------------------------------------------
    [junit] MAJOR: 1/15 - org.apache.commons.math.stat.regression.SimpleRegression_ESTest3 (7ms / 48):
    [junit] MAJOR: 5841 (9 / 48 / 48) -> AVG-RTPM: 121ms
    [junit] MAJOR: Mutants killed / live: 9 (9-0-0) / 330
    [junit] MAJOR: ------------------------------------------------------------
    [junit] MAJOR: 2/15 - org.apache.commons.math.stat.regression.SimpleRegression_ESTest5 (7ms / 30):
    [junit] MAJOR: 12146 (6 / 30 / 30) -> AVG-RTPM: 210ms
    [junit] MAJOR: Mutants killed / live: 15 (18-0-0) / 324
    [junit] MAJOR: ------------------------------------------------------------
    [junit] MAJOR: 3/15 - org.apache.commons.math.stat.regression.SimpleRegression_ESTest8 (7ms / 61):
    [junit] MAJOR: 35236 (0 / 61 / 61) -> AVG-RTPM: 378ms
    [junit] MAJOR: Mutants killed / live: 15 (27-0-0) / 324
    [junit] MAJOR: ------------------------------------------------------------
    [junit] MAJOR: 4/15 - org.apache.commons.math.stat.regression.SimpleRegression_ESTest14 (8ms / 41):
    [junit] MAJOR: 59027 (0 / 41 / 41) -> AVG-RTPM: 580ms
    [junit] MAJOR: Mutants killed / live: 15 (27-0-0) / 324
    [junit] MAJOR: ------------------------------------------------------------
    [junit] MAJOR: 5/15 - org.apache.commons.math.stat.regression.SimpleRegression_ESTest4 (8ms / 47):
    [junit] MAJOR: 101969 (0 / 47 / 47) -> AVG-RTPM: 913ms
    [junit] MAJOR: Mutants killed / live: 15 (36-0-0) / 324
    [junit] MAJOR: ------------------------------------------------------------
    [junit] MAJOR: 6/15 - org.apache.commons.math.stat.regression.SimpleRegression_ESTest9 (8ms / 193):
    [junit] MAJOR: 276196 (132 / 193 / 193) -> AVG-RTPM: 902ms
    [junit] MAJOR: Mutants killed / live: 147 (38-124-11) / 192
    [junit] MAJOR: ------------------------------------------------------------
    [junit] MAJOR: 7/15 - org.apache.commons.math.stat.regression.SimpleRegression_ESTest1 (9ms / 66):
    [junit] MAJOR: 324109 (60 / 66 / 66) -> AVG-RTPM: 725ms
    [junit] MAJOR: Mutants killed / live: 207 (38-182-19) / 132
    [junit] MAJOR: ------------------------------------------------------------
    [junit] MAJOR: 8/15 - org.apache.commons.math.stat.regression.SimpleRegression_ESTest10 (9ms / 197):
    [junit] MAJOR: 534682 (46 / 197 / 197) -> AVG-RTPM: 1068ms
    [junit] MAJOR: Mutants killed / live: 253 (38-353-45) / 86
    [junit] MAJOR: ------------------------------------------------------------
    [junit] MAJOR: 9/15 - org.apache.commons.math.stat.regression.SimpleRegression_ESTest11 (9ms / 164):
    [junit] MAJOR: 632742 (10 / 164 / 164) -> AVG-RTPM: 597ms
    [junit] MAJOR: Mutants killed / live: 263 (38-513-50) / 76
    [junit] MAJOR: ------------------------------------------------------------
    [junit] MAJOR: 10/15 - org.apache.commons.math.stat.regression.SimpleRegression_ESTest12 (9ms / 199):
    [junit] MAJOR: 741629 (2 / 199 / 199) -> AVG-RTPM: 547ms
    [junit] MAJOR: Mutants killed / live: 265 (38-712-50) / 74
    [junit] MAJOR: ------------------------------------------------------------
    [junit] MAJOR: 11/15 - org.apache.commons.math.stat.regression.SimpleRegression_ESTest6 (9ms / 59):
    [junit] MAJOR: 773884 (20 / 59 / 59) -> AVG-RTPM: 546ms
    [junit] MAJOR: Mutants killed / live: 285 (38-771-50) / 54
    [junit] MAJOR: ------------------------------------------------------------
    [junit] MAJOR: 12/15 - org.apache.commons.math.stat.regression.SimpleRegression_ESTest2 (10ms / 34):
    [junit] MAJOR: 792451 (12 / 34 / 34) -> AVG-RTPM: 546ms
    [junit] MAJOR: Mutants killed / live: 297 (38-805-50) / 42
    [junit] MAJOR: ------------------------------------------------------------
    [junit] MAJOR: 13/15 - org.apache.commons.math.stat.regression.SimpleRegression_ESTest7 (10ms / 73):
    [junit] MAJOR: 832350 (0 / 73 / 73) -> AVG-RTPM: 546ms
    [junit] MAJOR: Mutants killed / live: 297 (38-878-50) / 42
    [junit] MAJOR: ------------------------------------------------------------
    [junit] MAJOR: 14/15 - org.apache.commons.math.stat.regression.SimpleRegression_ESTest13 (12ms / 64):
    [junit] MAJOR: 867483 (0 / 64 / 64) -> AVG-RTPM: 548ms
    [junit] MAJOR: Mutants killed / live: 297 (38-942-50) / 42
    [junit] MAJOR: ------------------------------------------------------------
    [junit] MAJOR: 15/15 - org.apache.commons.math.stat.regression.SimpleRegression_ESTest0 (13ms / 59):
    [junit] MAJOR: 900228 (8 / 59 / 59) -> AVG-RTPM: 554ms
    [junit] MAJOR: Mutants killed / live: 305 (38-1001-50) / 34
    [junit] MAJOR: ------------------------------------------------------------
    [junit] MAJOR: Summary:
    [junit] MAJOR: 
    [junit] MAJOR: Analysis time:  900.2 seconds
    [junit] MAJOR: Mutation score: 85.92% (89.97%)
    [junit] MAJOR: Mutants killed / live: 305 (38-1001-50) / 34
    [junit] MAJOR: Mutant executions: 1335
    [junit] MAJOR: ------------------------------------------------------------
    [junit] MAJOR: Export summary of results (to summary.csv)
    [junit] MAJOR: Export mutant kill details (to /tmp/run_mutation.pl_128651_1501600737/105f/kill.csv)
    [junit] MAJOR: Export kill map (to killMap.csv)!

BUILD SUCCESSFUL
Total time: 15 minutes 7 seconds
