
init:

junit-present:

setProxy:

noProxy:
     [echo] Proxy not used.

get-custom-dep-commons-logging.jar:

get-dep-commons-logging.jar:
      [get] Getting: http://www.ibiblio.org/maven/commons-logging/jars/commons-logging-1.0.3.jar
      [get] To: /home/to_donghwan/.maven/repository/commons-logging/jars/commons-logging-1.0.3.jar
      [get] Error opening connection java.io.FileNotFoundException: http://www.ibiblio.org/maven/commons-logging/jars/commons-logging-1.0.3.jar
      [get] Error opening connection java.io.FileNotFoundException: http://www.ibiblio.org/maven/commons-logging/jars/commons-logging-1.0.3.jar
      [get] Error opening connection java.io.FileNotFoundException: http://www.ibiblio.org/maven/commons-logging/jars/commons-logging-1.0.3.jar
      [get] Can't get http://www.ibiblio.org/maven/commons-logging/jars/commons-logging-1.0.3.jar to /home/to_donghwan/.maven/repository/commons-logging/jars/commons-logging-1.0.3.jar

get-custom-dep-commons-discovery.jar:

get-dep-commons-discovery.jar:
      [get] Getting: http://www.ibiblio.org/maven/commons-discovery/jars/commons-discovery-0.2.jar
      [get] To: /home/to_donghwan/.maven/repository/commons-discovery/jars/commons-discovery-0.2.jar
      [get] Error opening connection java.io.FileNotFoundException: http://www.ibiblio.org/maven/commons-discovery/jars/commons-discovery-0.2.jar
      [get] Error opening connection java.io.FileNotFoundException: http://www.ibiblio.org/maven/commons-discovery/jars/commons-discovery-0.2.jar
      [get] Error opening connection java.io.FileNotFoundException: http://www.ibiblio.org/maven/commons-discovery/jars/commons-discovery-0.2.jar
      [get] Can't get http://www.ibiblio.org/maven/commons-discovery/jars/commons-discovery-0.2.jar to /home/to_donghwan/.maven/repository/commons-discovery/jars/commons-discovery-0.2.jar

get-deps:

compile:
    [javac] /tmp/run_mutation.pl_39617_1501799363/106f/build.xml:72: warning: 'includeantruntime' was not set, defaulting to build.sysclasspath=last; set to false for repeatable builds

compile-tests:
    [mkdir] Created dir: /tmp/run_mutation.pl_39617_1501799363/106f/target/test-classes
    [javac] /tmp/run_mutation.pl_39617_1501799363/106f/build.xml:149: warning: 'includeantruntime' was not set, defaulting to build.sysclasspath=last; set to false for repeatable builds
    [javac] Compiling 112 source files to /tmp/run_mutation.pl_39617_1501799363/106f/target/test-classes
    [javac] /tmp/run_mutation.pl_39617_1501799363/106f/src/test/org/apache/commons/math/TestUtils.java:26: warning: [deprecation] Assert in junit.framework has been deprecated
    [javac] import junit.framework.Assert;
    [javac]                       ^
    [javac] /tmp/run_mutation.pl_39617_1501799363/106f/src/test/org/apache/commons/math/TestUtils.java:58: warning: [deprecation] Assert in junit.framework has been deprecated
    [javac]             Assert.assertTrue("" + actual + " is not NaN.",
    [javac]             ^
    [javac] /tmp/run_mutation.pl_39617_1501799363/106f/src/test/org/apache/commons/math/TestUtils.java:61: warning: [deprecation] Assert in junit.framework has been deprecated
    [javac]             Assert.assertEquals(msg, expected, actual, delta);
    [javac]             ^
    [javac] /tmp/run_mutation.pl_39617_1501799363/106f/src/test/org/apache/commons/math/TestUtils.java:95: warning: [deprecation] Assert in junit.framework has been deprecated
    [javac]         Assert.assertEquals(a.length, b.length);
    [javac]         ^
    [javac] /tmp/run_mutation.pl_39617_1501799363/106f/src/test/org/apache/commons/math/TestUtils.java:97: warning: [deprecation] Assert in junit.framework has been deprecated
    [javac]             Assert.assertEquals(a[i], b[i], tolerance);
    [javac]             ^
    [javac] /tmp/run_mutation.pl_39617_1501799363/106f/src/test/org/apache/commons/math/TestUtils.java:161: warning: [deprecation] Assert in junit.framework has been deprecated
    [javac]         Assert.assertEquals("Equals check", object, object2);
    [javac]         ^
    [javac] /tmp/run_mutation.pl_39617_1501799363/106f/src/test/org/apache/commons/math/TestUtils.java:162: warning: [deprecation] Assert in junit.framework has been deprecated
    [javac]         Assert.assertEquals("HashCode check", object.hashCode(), object2.hashCode());
    [javac]         ^
    [javac] /tmp/run_mutation.pl_39617_1501799363/106f/src/test/org/apache/commons/math/TestUtils.java:192: warning: [deprecation] Assert in junit.framework has been deprecated
    [javac]             Assert.assertTrue(msg, Double.isNaN(actual));
    [javac]             ^
    [javac] /tmp/run_mutation.pl_39617_1501799363/106f/src/test/org/apache/commons/math/TestUtils.java:194: warning: [deprecation] Assert in junit.framework has been deprecated
    [javac]             Assert.assertTrue(msg, Double.isNaN(expected));
    [javac]             ^
    [javac] /tmp/run_mutation.pl_39617_1501799363/106f/src/test/org/apache/commons/math/TestUtils.java:196: warning: [deprecation] Assert in junit.framework has been deprecated
    [javac]             Assert.assertEquals(expected, actual, relativeError);
    [javac]             ^
    [javac] /tmp/run_mutation.pl_39617_1501799363/106f/src/test/org/apache/commons/math/TestUtils.java:198: warning: [deprecation] Assert in junit.framework has been deprecated
    [javac]             Assert.assertEquals(msg, actual, expected, relativeError);
    [javac]             ^
    [javac] /tmp/run_mutation.pl_39617_1501799363/106f/src/test/org/apache/commons/math/TestUtils.java:201: warning: [deprecation] Assert in junit.framework has been deprecated
    [javac]             Assert.assertEquals(msg, 0.0, x, relativeError);
    [javac]             ^
    [javac] /tmp/run_mutation.pl_39617_1501799363/106f/src/test/org/apache/commons/math/TestUtils.java:227: warning: [deprecation] Assert in junit.framework has been deprecated
    [javac]             Assert.fail(msg + 
    [javac]             ^
    [javac] /tmp/run_mutation.pl_39617_1501799363/106f/src/test/org/apache/commons/math/TestUtils.java:266: warning: [deprecation] Assert in junit.framework has been deprecated
    [javac]             Assert.fail(msg + " Unable to find" + x);
    [javac]             ^
    [javac] Note: Some input files use unchecked or unsafe operations.
    [javac] Note: Recompile with -Xlint:unchecked for details.
    [javac] 14 warnings
     [copy] Copying 11 files to /tmp/run_mutation.pl_39617_1501799363/106f/target/test-classes

compile.tests:

update.all.tests:

mutation.test:
     [echo] Running mutation analysis ...
    [junit] MAJOR: Mutation analysis enabled
SLF4J: Failed to load class "org.slf4j.impl.StaticLoggerBinder".
SLF4J: Defaulting to no-operation (NOP) logger implementation
SLF4J: See http://www.slf4j.org/codes.html#StaticLoggerBinder for further details.
    [junit] MAJOR: ------------------------------------------------------------
    [junit] MAJOR: Run 11 ordered tests to verify independence
    [junit] MAJOR: ------------------------------------------------------------
    [junit] MAJOR: Preprocessing time: 3.18 seconds
    [junit] MAJOR: ------------------------------------------------------------
    [junit] MAJOR: Mutants generated: 89
    [junit] MAJOR: Mutants covered:   87 (97.75%)
    [junit] MAJOR: ------------------------------------------------------------
    [junit] MAJOR: Export test map to (testMap.csv)
    [junit] MAJOR: Export coverage map to (covMap.csv)
    [junit] MAJOR: Exclude 0 mutants
    [junit] MAJOR: ------------------------------------------------------------
    [junit] MAJOR: Run mutation analysis with 11 individual tests
    [junit] MAJOR: ------------------------------------------------------------
    [junit] MAJOR: 1/11 - org.apache.commons.math.fraction.ProperFractionFormat_ESTest7 (8ms / 30):
    [junit] MAJOR: 3393 (7 / 30 / 30) -> AVG-RTPM: 113ms
    [junit] MAJOR: Mutants killed / live: 7 (1-6-0) / 80
    [junit] MAJOR: ------------------------------------------------------------
    [junit] MAJOR: 2/11 - org.apache.commons.math.fraction.ProperFractionFormat_ESTest4 (9ms / 13):
    [junit] MAJOR: 5210 (2 / 13 / 13) -> AVG-RTPM: 139ms
    [junit] MAJOR: Mutants killed / live: 9 (1-12-0) / 78
    [junit] MAJOR: ------------------------------------------------------------
    [junit] MAJOR: 3/11 - org.apache.commons.math.fraction.ProperFractionFormat_ESTest5 (10ms / 27):
    [junit] MAJOR: 9820 (1 / 27 / 27) -> AVG-RTPM: 170ms
    [junit] MAJOR: Mutants killed / live: 10 (2-16-0) / 77
    [junit] MAJOR: ------------------------------------------------------------
    [junit] MAJOR: 4/11 - org.apache.commons.math.fraction.ProperFractionFormat_ESTest3 (11ms / 8):
    [junit] MAJOR: 11780 (2 / 8 / 8) -> AVG-RTPM: 245ms
    [junit] MAJOR: Mutants killed / live: 12 (2-20-0) / 75
    [junit] MAJOR: ------------------------------------------------------------
    [junit] MAJOR: 5/11 - org.apache.commons.math.fraction.ProperFractionFormat_ESTest1 (12ms / 32):
    [junit] MAJOR: 20538 (12 / 32 / 32) -> AVG-RTPM: 273ms
    [junit] MAJOR: Mutants killed / live: 24 (14-22-0) / 63
    [junit] MAJOR: ------------------------------------------------------------
    [junit] MAJOR: 6/11 - org.apache.commons.math.fraction.ProperFractionFormat_ESTest2 (12ms / 35):
    [junit] MAJOR: 33579 (9 / 35 / 35) -> AVG-RTPM: 372ms
    [junit] MAJOR: Mutants killed / live: 33 (31-26-0) / 54
    [junit] MAJOR: ------------------------------------------------------------
    [junit] MAJOR: 7/11 - org.apache.commons.math.fraction.ProperFractionFormat_ESTest9 (12ms / 39):
    [junit] MAJOR: 55760 (6 / 39 / 39) -> AVG-RTPM: 568ms
    [junit] MAJOR: Mutants killed / live: 39 (36-31-0) / 48
    [junit] MAJOR: ------------------------------------------------------------
    [junit] MAJOR: 8/11 - org.apache.commons.math.fraction.ProperFractionFormat_ESTest6 (16ms / 26):
    [junit] MAJOR: 71146 (1 / 26 / 26) -> AVG-RTPM: 591ms
    [junit] MAJOR: Mutants killed / live: 40 (37-35-0) / 47
    [junit] MAJOR: ------------------------------------------------------------
    [junit] MAJOR: 9/11 - org.apache.commons.math.fraction.ProperFractionFormat_ESTest0 (17ms / 17):
    [junit] MAJOR: 85072 (3 / 17 / 17) -> AVG-RTPM: 819ms
    [junit] MAJOR: Mutants killed / live: 43 (38-41-0) / 44
    [junit] MAJOR: ------------------------------------------------------------
    [junit] MAJOR: 10/11 - org.apache.commons.math.fraction.ProperFractionFormat_ESTest10 (20ms / 4):
    [junit] MAJOR: 88881 (1 / 4 / 4) -> AVG-RTPM: 952ms
    [junit] MAJOR: Mutants killed / live: 44 (40-41-1) / 43
    [junit] MAJOR: ------------------------------------------------------------
    [junit] MAJOR: 11/11 - org.apache.commons.math.fraction.ProperFractionFormat_ESTest8 (27ms / 50):
    [junit] MAJOR: 102973 (31 / 50 / 50) -> AVG-RTPM: 281ms
    [junit] MAJOR: Mutants killed / live: 75 (40-88-1) / 12
    [junit] MAJOR: ------------------------------------------------------------
    [junit] MAJOR: Summary:
    [junit] MAJOR: 
    [junit] MAJOR: Analysis time:  103.0 seconds
    [junit] MAJOR: Mutation score: 84.27% (86.21%)
    [junit] MAJOR: Mutants killed / live: 75 (40-88-1) / 12
    [junit] MAJOR: Mutant executions: 281
    [junit] MAJOR: ------------------------------------------------------------
    [junit] MAJOR: Export summary of results (to summary.csv)
    [junit] MAJOR: Export mutant kill details (to /tmp/run_mutation.pl_39617_1501799363/106f/kill.csv)
    [junit] MAJOR: Export kill map (to killMap.csv)!

BUILD SUCCESSFUL
Total time: 1 minute 51 seconds
