
init:

junit-present:

setProxy:

noProxy:
     [echo] Proxy not used.

get-custom-dep-commons-logging.jar:

get-dep-commons-logging.jar:
      [get] Getting: http://www.ibiblio.org/maven/commons-logging/jars/commons-logging-1.0.3.jar
      [get] To: /home/donghwan/.maven/repository/commons-logging/jars/commons-logging-1.0.3.jar
      [get] Error opening connection java.io.FileNotFoundException: http://www.ibiblio.org/maven/commons-logging/jars/commons-logging-1.0.3.jar
      [get] Error opening connection java.io.FileNotFoundException: http://www.ibiblio.org/maven/commons-logging/jars/commons-logging-1.0.3.jar
      [get] Error opening connection java.io.FileNotFoundException: http://www.ibiblio.org/maven/commons-logging/jars/commons-logging-1.0.3.jar
      [get] Can't get http://www.ibiblio.org/maven/commons-logging/jars/commons-logging-1.0.3.jar to /home/donghwan/.maven/repository/commons-logging/jars/commons-logging-1.0.3.jar

get-custom-dep-commons-discovery.jar:

get-dep-commons-discovery.jar:
      [get] Getting: http://www.ibiblio.org/maven/commons-discovery/jars/commons-discovery-0.2.jar
      [get] To: /home/donghwan/.maven/repository/commons-discovery/jars/commons-discovery-0.2.jar
      [get] Error opening connection java.io.FileNotFoundException: http://www.ibiblio.org/maven/commons-discovery/jars/commons-discovery-0.2.jar
      [get] Error opening connection java.io.FileNotFoundException: http://www.ibiblio.org/maven/commons-discovery/jars/commons-discovery-0.2.jar
      [get] Error opening connection java.io.FileNotFoundException: http://www.ibiblio.org/maven/commons-discovery/jars/commons-discovery-0.2.jar
      [get] Can't get http://www.ibiblio.org/maven/commons-discovery/jars/commons-discovery-0.2.jar to /home/donghwan/.maven/repository/commons-discovery/jars/commons-discovery-0.2.jar

get-deps:

compile:
    [javac] /tmp/run_mutation.pl_326_1501601659/106f/build.xml:72: warning: 'includeantruntime' was not set, defaulting to build.sysclasspath=last; set to false for repeatable builds

compile-tests:
    [mkdir] Created dir: /tmp/run_mutation.pl_326_1501601659/106f/target/test-classes
    [javac] /tmp/run_mutation.pl_326_1501601659/106f/build.xml:149: warning: 'includeantruntime' was not set, defaulting to build.sysclasspath=last; set to false for repeatable builds
    [javac] Compiling 112 source files to /tmp/run_mutation.pl_326_1501601659/106f/target/test-classes
    [javac] /tmp/run_mutation.pl_326_1501601659/106f/src/test/org/apache/commons/math/TestUtils.java:26: warning: [deprecation] Assert in junit.framework has been deprecated
    [javac] import junit.framework.Assert;
    [javac]                       ^
    [javac] /tmp/run_mutation.pl_326_1501601659/106f/src/test/org/apache/commons/math/TestUtils.java:58: warning: [deprecation] Assert in junit.framework has been deprecated
    [javac]             Assert.assertTrue("" + actual + " is not NaN.",
    [javac]             ^
    [javac] /tmp/run_mutation.pl_326_1501601659/106f/src/test/org/apache/commons/math/TestUtils.java:61: warning: [deprecation] Assert in junit.framework has been deprecated
    [javac]             Assert.assertEquals(msg, expected, actual, delta);
    [javac]             ^
    [javac] /tmp/run_mutation.pl_326_1501601659/106f/src/test/org/apache/commons/math/TestUtils.java:95: warning: [deprecation] Assert in junit.framework has been deprecated
    [javac]         Assert.assertEquals(a.length, b.length);
    [javac]         ^
    [javac] /tmp/run_mutation.pl_326_1501601659/106f/src/test/org/apache/commons/math/TestUtils.java:97: warning: [deprecation] Assert in junit.framework has been deprecated
    [javac]             Assert.assertEquals(a[i], b[i], tolerance);
    [javac]             ^
    [javac] /tmp/run_mutation.pl_326_1501601659/106f/src/test/org/apache/commons/math/TestUtils.java:161: warning: [deprecation] Assert in junit.framework has been deprecated
    [javac]         Assert.assertEquals("Equals check", object, object2);
    [javac]         ^
    [javac] /tmp/run_mutation.pl_326_1501601659/106f/src/test/org/apache/commons/math/TestUtils.java:162: warning: [deprecation] Assert in junit.framework has been deprecated
    [javac]         Assert.assertEquals("HashCode check", object.hashCode(), object2.hashCode());
    [javac]         ^
    [javac] /tmp/run_mutation.pl_326_1501601659/106f/src/test/org/apache/commons/math/TestUtils.java:192: warning: [deprecation] Assert in junit.framework has been deprecated
    [javac]             Assert.assertTrue(msg, Double.isNaN(actual));
    [javac]             ^
    [javac] /tmp/run_mutation.pl_326_1501601659/106f/src/test/org/apache/commons/math/TestUtils.java:194: warning: [deprecation] Assert in junit.framework has been deprecated
    [javac]             Assert.assertTrue(msg, Double.isNaN(expected));
    [javac]             ^
    [javac] /tmp/run_mutation.pl_326_1501601659/106f/src/test/org/apache/commons/math/TestUtils.java:196: warning: [deprecation] Assert in junit.framework has been deprecated
    [javac]             Assert.assertEquals(expected, actual, relativeError);
    [javac]             ^
    [javac] /tmp/run_mutation.pl_326_1501601659/106f/src/test/org/apache/commons/math/TestUtils.java:198: warning: [deprecation] Assert in junit.framework has been deprecated
    [javac]             Assert.assertEquals(msg, actual, expected, relativeError);
    [javac]             ^
    [javac] /tmp/run_mutation.pl_326_1501601659/106f/src/test/org/apache/commons/math/TestUtils.java:201: warning: [deprecation] Assert in junit.framework has been deprecated
    [javac]             Assert.assertEquals(msg, 0.0, x, relativeError);
    [javac]             ^
    [javac] /tmp/run_mutation.pl_326_1501601659/106f/src/test/org/apache/commons/math/TestUtils.java:227: warning: [deprecation] Assert in junit.framework has been deprecated
    [javac]             Assert.fail(msg + 
    [javac]             ^
    [javac] /tmp/run_mutation.pl_326_1501601659/106f/src/test/org/apache/commons/math/TestUtils.java:266: warning: [deprecation] Assert in junit.framework has been deprecated
    [javac]             Assert.fail(msg + " Unable to find" + x);
    [javac]             ^
    [javac] Note: Some input files use unchecked or unsafe operations.
    [javac] Note: Recompile with -Xlint:unchecked for details.
    [javac] 14 warnings
     [copy] Copying 11 files to /tmp/run_mutation.pl_326_1501601659/106f/target/test-classes

compile.tests:

update.all.tests:

mutation.test:
     [echo] Running mutation analysis ...
    [junit] MAJOR: Mutation analysis enabled
SLF4J: Failed to load class "org.slf4j.impl.StaticLoggerBinder".
SLF4J: Defaulting to no-operation (NOP) logger implementation
SLF4J: See http://www.slf4j.org/codes.html#StaticLoggerBinder for further details.
    [junit] MAJOR: ------------------------------------------------------------
    [junit] MAJOR: Run 9 ordered tests to verify independence
    [junit] MAJOR: ------------------------------------------------------------
    [junit] MAJOR: Preprocessing time: 2.05 seconds
    [junit] MAJOR: ------------------------------------------------------------
    [junit] MAJOR: Mutants generated: 89
    [junit] MAJOR: Mutants covered:   85 (95.51%)
    [junit] MAJOR: ------------------------------------------------------------
    [junit] MAJOR: Export test map to (testMap.csv)
    [junit] MAJOR: Export coverage map to (covMap.csv)
    [junit] MAJOR: Exclude 0 mutants
    [junit] MAJOR: ------------------------------------------------------------
    [junit] MAJOR: Run mutation analysis with 9 individual tests
    [junit] MAJOR: ------------------------------------------------------------
    [junit] MAJOR: 1/9 - org.apache.commons.math.fraction.ProperFractionFormat_ESTest8 (9ms / 4):
    [junit] MAJOR: 312 (3 / 4 / 4) -> AVG-RTPM: 78ms
    [junit] MAJOR: Mutants killed / live: 3 (3-0-0) / 82
    [junit] MAJOR: ------------------------------------------------------------
    [junit] MAJOR: 2/9 - org.apache.commons.math.fraction.ProperFractionFormat_ESTest4 (10ms / 13):
    [junit] MAJOR: 1355 (6 / 13 / 13) -> AVG-RTPM: 80ms
    [junit] MAJOR: Mutants killed / live: 9 (7-4-0) / 76
    [junit] MAJOR: ------------------------------------------------------------
    [junit] MAJOR: 3/9 - org.apache.commons.math.fraction.ProperFractionFormat_ESTest1 (11ms / 17):
    [junit] MAJOR: 2773 (3 / 17 / 17) -> AVG-RTPM: 83ms
    [junit] MAJOR: Mutants killed / live: 12 (8-10-0) / 73
    [junit] MAJOR: ------------------------------------------------------------
    [junit] MAJOR: 4/9 - org.apache.commons.math.fraction.ProperFractionFormat_ESTest5 (11ms / 27):
    [junit] MAJOR: 5776 (1 / 27 / 27) -> AVG-RTPM: 111ms
    [junit] MAJOR: Mutants killed / live: 13 (9-14-0) / 72
    [junit] MAJOR: ------------------------------------------------------------
    [junit] MAJOR: 5/9 - org.apache.commons.math.fraction.ProperFractionFormat_ESTest6 (11ms / 26):
    [junit] MAJOR: 9791 (1 / 26 / 26) -> AVG-RTPM: 154ms
    [junit] MAJOR: Mutants killed / live: 14 (10-18-0) / 71
    [junit] MAJOR: ------------------------------------------------------------
    [junit] MAJOR: 6/9 - org.apache.commons.math.fraction.ProperFractionFormat_ESTest2 (12ms / 35):
    [junit] MAJOR: 17760 (17 / 35 / 35) -> AVG-RTPM: 227ms
    [junit] MAJOR: Mutants killed / live: 31 (27-22-0) / 54
    [junit] MAJOR: ------------------------------------------------------------
    [junit] MAJOR: 7/9 - org.apache.commons.math.fraction.ProperFractionFormat_ESTest3 (12ms / 8):
    [junit] MAJOR: 20019 (0 / 8 / 8) -> AVG-RTPM: 282ms
    [junit] MAJOR: Mutants killed / live: 31 (27-24-0) / 54
    [junit] MAJOR: ------------------------------------------------------------
    [junit] MAJOR: 8/9 - org.apache.commons.math.fraction.ProperFractionFormat_ESTest7 (16ms / 50):
    [junit] MAJOR: 40131 (26 / 50 / 50) -> AVG-RTPM: 402ms
    [junit] MAJOR: Mutants killed / live: 57 (34-49-0) / 28
    [junit] MAJOR: ------------------------------------------------------------
    [junit] MAJOR: 9/9 - org.apache.commons.math.fraction.ProperFractionFormat_ESTest0 (24ms / 32):
    [junit] MAJOR: 59183 (4 / 32 / 32) -> AVG-RTPM: 595ms
    [junit] MAJOR: Mutants killed / live: 61 (47-51-0) / 24
    [junit] MAJOR: ------------------------------------------------------------
    [junit] MAJOR: Summary:
    [junit] MAJOR: 
    [junit] MAJOR: Analysis time:  59.2 seconds
    [junit] MAJOR: Mutation score: 68.54% (71.76%)
    [junit] MAJOR: Mutants killed / live: 61 (47-51-0) / 24
    [junit] MAJOR: Mutant executions: 212
    [junit] MAJOR: ------------------------------------------------------------
    [junit] MAJOR: Export summary of results (to summary.csv)
    [junit] MAJOR: Export mutant kill details (to /tmp/run_mutation.pl_326_1501601659/106f/kill.csv)
    [junit] MAJOR: Export kill map (to killMap.csv)!

BUILD SUCCESSFUL
Total time: 1 minute 5 seconds
