######  Start fixing tests  /home/donghwan/defects4j/framework/util/fix_test_suite.pl: 2017-07-19 13:05:35  ######
- Found 1 test archive(s)
######  End fixing tests  /home/donghwan/defects4j/framework/util/fix_test_suite.pl: 2017-07-19 13:06:30  ######
######  Start fixing tests  /home/donghwan/defects4j/framework/util/fix_test_suite.pl: 2017-07-19 13:08:19  ######
- Found 1 test archive(s)
 - Removing 1 test methods: Math-2f-evosuite-branch.3.tar.bz2
--- org.apache.commons.math3.distribution.HypergeometricDistribution_ESTest1::test01
org.evosuite.runtime.TooManyResourcesException: Loop has been executed more times than the allowed 100000
	at org.evosuite.runtime.LoopCounter.checkLoop(LoopCounter.java:82)
	at org.apache.commons.math3.distribution.SaddlePointExpansion.getDeviancePart(SaddlePointExpansion.java:155)
	at org.apache.commons.math3.distribution.SaddlePointExpansion.logBinomialProbability(SaddlePointExpansion.java:193)
	at org.apache.commons.math3.distribution.HypergeometricDistribution.probability(HypergeometricDistribution.java:204)
	at org.apache.commons.math3.distribution.HypergeometricDistribution.innerCumulativeProbability(HypergeometricDistribution.java:256)
	at org.apache.commons.math3.distribution.HypergeometricDistribution.cumulativeProbability(HypergeometricDistribution.java:123)
	at org.apache.commons.math3.distribution.AbstractIntegerDistribution.checkedCumulativeProbability(AbstractIntegerDistribution.java:228)
	at org.apache.commons.math3.distribution.AbstractIntegerDistribution.solveInverseCumulativeProbability(AbstractIntegerDistribution.java:169)
	at org.apache.commons.math3.distribution.AbstractIntegerDistribution.inverseCumulativeProbability(AbstractIntegerDistribution.java:142)
	at org.apache.commons.math3.distribution.AbstractIntegerDistribution.sample(AbstractIntegerDistribution.java:193)
	at org.apache.commons.math3.distribution.AbstractIntegerDistribution.sample(AbstractIntegerDistribution.java:209)
	at org.apache.commons.math3.distribution.HypergeometricDistribution_ESTest1.test01(HypergeometricDistribution_ESTest1.java:29)
	at sun.reflect.NativeMethodAccessorImpl.invoke0(Native Method)
	at sun.reflect.NativeMethodAccessorImpl.invoke(NativeMethodAccessorImpl.java:57)
	at sun.reflect.DelegatingMethodAccessorImpl.invoke(DelegatingMethodAccessorImpl.java:43)
	at java.lang.reflect.Method.invoke(Method.java:606)
	at org.junit.runners.model.FrameworkMethod$1.runReflectiveCall(FrameworkMethod.java:47)
	at org.junit.internal.runners.model.ReflectiveCallable.run(ReflectiveCallable.java:12)
	at org.junit.runners.model.FrameworkMethod.invokeExplosively(FrameworkMethod.java:44)
	at org.junit.internal.runners.statements.InvokeMethod.evaluate(InvokeMethod.java:17)
	at org.junit.internal.runners.statements.RunBefores.evaluate(RunBefores.java:26)
	at org.junit.internal.runners.statements.RunAfters.evaluate(RunAfters.java:27)
	at org.junit.internal.runners.statements.FailOnTimeout$StatementThread.run(FailOnTimeout.java:74)
######  End fixing tests  /home/donghwan/defects4j/framework/util/fix_test_suite.pl: 2017-07-19 13:09:13  ######
######  Start fixing tests  /home/donghwan/defects4j/framework/util/fix_test_suite.pl: 2017-07-19 13:15:39  ######
- Found 1 test archive(s)
######  End fixing tests  /home/donghwan/defects4j/framework/util/fix_test_suite.pl: 2017-07-19 13:16:28  ######
######  Start fixing tests  /home/donghwan/defects4j/framework/util/fix_test_suite.pl: 2017-07-19 13:17:28  ######
- Found 1 test archive(s)
 - Removing 1 test methods: Math-4f-evosuite-branch.3.tar.bz2
--- org.apache.commons.math3.geometry.euclidean.twod.SubLine_ESTest12::test12
junit.framework.AssertionFailedError: expected:<PLUS> but was:<HYPER>
	at org.junit.Assert.fail(Assert.java:88)
	at org.junit.Assert.failNotEquals(Assert.java:743)
	at org.junit.Assert.assertEquals(Assert.java:118)
	at org.junit.Assert.assertEquals(Assert.java:144)
	at org.apache.commons.math3.geometry.euclidean.twod.SubLine_ESTest12.test12(SubLine_ESTest12.java:45)
	at sun.reflect.NativeMethodAccessorImpl.invoke0(Native Method)
	at sun.reflect.NativeMethodAccessorImpl.invoke(NativeMethodAccessorImpl.java:57)
	at sun.reflect.DelegatingMethodAccessorImpl.invoke(DelegatingMethodAccessorImpl.java:43)
	at java.lang.reflect.Method.invoke(Method.java:606)
	at org.junit.runners.model.FrameworkMethod$1.runReflectiveCall(FrameworkMethod.java:47)
	at org.junit.internal.runners.model.ReflectiveCallable.run(ReflectiveCallable.java:12)
	at org.junit.runners.model.FrameworkMethod.invokeExplosively(FrameworkMethod.java:44)
	at org.junit.internal.runners.statements.InvokeMethod.evaluate(InvokeMethod.java:17)
	at org.junit.internal.runners.statements.RunBefores.evaluate(RunBefores.java:26)
	at org.junit.internal.runners.statements.RunAfters.evaluate(RunAfters.java:27)
	at org.junit.internal.runners.statements.FailOnTimeout$StatementThread.run(FailOnTimeout.java:74)
######  End fixing tests  /home/donghwan/defects4j/framework/util/fix_test_suite.pl: 2017-07-19 13:18:23  ######
######  Start fixing tests  /home/donghwan/defects4j/framework/util/fix_test_suite.pl: 2017-07-19 13:30:11  ######
- Found 1 test archive(s)
######  End fixing tests  /home/donghwan/defects4j/framework/util/fix_test_suite.pl: 2017-07-19 13:31:10  ######
######  Start fixing tests  /home/donghwan/defects4j/framework/util/fix_test_suite.pl: 2017-07-19 14:08:07  ######
- Found 1 test archive(s)
######  End fixing tests  /home/donghwan/defects4j/framework/util/fix_test_suite.pl: 2017-07-19 14:08:59  ######
######  Start fixing tests  /home/donghwan/defects4j/framework/util/fix_test_suite.pl: 2017-07-19 14:14:27  ######
- Found 1 test archive(s)
######  End fixing tests  /home/donghwan/defects4j/framework/util/fix_test_suite.pl: 2017-07-19 14:15:15  ######
######  Start fixing tests  /home/donghwan/defects4j/framework/util/fix_test_suite.pl: 2017-07-19 14:20:49  ######
- Found 1 test archive(s)
######  End fixing tests  /home/donghwan/defects4j/framework/util/fix_test_suite.pl: 2017-07-19 14:21:33  ######
######  Start fixing tests  /home/donghwan/defects4j/framework/util/fix_test_suite.pl: 2017-07-19 14:22:01  ######
- Found 1 test archive(s)
######  End fixing tests  /home/donghwan/defects4j/framework/util/fix_test_suite.pl: 2017-07-19 14:22:45  ######
######  Start fixing tests  /home/donghwan/defects4j/framework/util/fix_test_suite.pl: 2017-07-19 14:38:17  ######
- Found 0 test archive(s)
######  End fixing tests  /home/donghwan/defects4j/framework/util/fix_test_suite.pl: 2017-07-19 14:38:17  ######
######  Start fixing tests  /home/donghwan/defects4j/framework/util/fix_test_suite.pl: 2017-07-19 14:39:40  ######
- Found 1 test archive(s)
######  End fixing tests  /home/donghwan/defects4j/framework/util/fix_test_suite.pl: 2017-07-19 14:40:28  ######
######  Start fixing tests  /home/donghwan/defects4j/framework/util/fix_test_suite.pl: 2017-07-19 14:41:25  ######
- Found 1 test archive(s)
######  End fixing tests  /home/donghwan/defects4j/framework/util/fix_test_suite.pl: 2017-07-19 14:42:07  ######
######  Start fixing tests  /home/donghwan/defects4j/framework/util/fix_test_suite.pl: 2017-07-19 14:42:27  ######
- Found 0 test archive(s)
######  End fixing tests  /home/donghwan/defects4j/framework/util/fix_test_suite.pl: 2017-07-19 14:42:27  ######
######  Start fixing tests  /home/donghwan/defects4j/framework/util/fix_test_suite.pl: 2017-07-19 14:48:07  ######
- Found 1 test archive(s)
######  End fixing tests  /home/donghwan/defects4j/framework/util/fix_test_suite.pl: 2017-07-19 14:48:55  ######
######  Start fixing tests  /home/donghwan/defects4j/framework/util/fix_test_suite.pl: 2017-07-19 14:56:16  ######
- Found 1 test archive(s)
 - Removing 1 test methods: Math-15f-evosuite-branch.3.tar.bz2
--- org.apache.commons.math3.util.FastMath_ESTest2::test002
junit.framework.AssertionFailedError: expected:<710.1881780014921> but was:<NaN>
	at org.junit.Assert.fail(Assert.java:88)
	at org.junit.Assert.failNotEquals(Assert.java:743)
	at org.junit.Assert.assertEquals(Assert.java:494)
	at org.junit.Assert.assertEquals(Assert.java:592)
	at org.apache.commons.math3.util.FastMath_ESTest2.test002(FastMath_ESTest2.java:26)
	at sun.reflect.NativeMethodAccessorImpl.invoke0(Native Method)
	at sun.reflect.NativeMethodAccessorImpl.invoke(NativeMethodAccessorImpl.java:57)
	at sun.reflect.DelegatingMethodAccessorImpl.invoke(DelegatingMethodAccessorImpl.java:43)
	at java.lang.reflect.Method.invoke(Method.java:606)
	at org.junit.runners.model.FrameworkMethod$1.runReflectiveCall(FrameworkMethod.java:47)
	at org.junit.internal.runners.model.ReflectiveCallable.run(ReflectiveCallable.java:12)
	at org.junit.runners.model.FrameworkMethod.invokeExplosively(FrameworkMethod.java:44)
	at org.junit.internal.runners.statements.InvokeMethod.evaluate(InvokeMethod.java:17)
	at org.junit.internal.runners.statements.RunBefores.evaluate(RunBefores.java:26)
	at org.junit.internal.runners.statements.RunAfters.evaluate(RunAfters.java:27)
	at org.junit.internal.runners.statements.FailOnTimeout$StatementThread.run(FailOnTimeout.java:74)
######  End fixing tests  /home/donghwan/defects4j/framework/util/fix_test_suite.pl: 2017-07-19 14:57:35  ######
######  Start fixing tests  /home/donghwan/defects4j/framework/util/fix_test_suite.pl: 2017-07-19 15:05:07  ######
- Found 1 test archive(s)
######  End fixing tests  /home/donghwan/defects4j/framework/util/fix_test_suite.pl: 2017-07-19 15:06:22  ######
######  Start fixing tests  /home/donghwan/defects4j/framework/util/fix_test_suite.pl: 2017-07-19 15:22:05  ######
- Found 0 test archive(s)
######  End fixing tests  /home/donghwan/defects4j/framework/util/fix_test_suite.pl: 2017-07-19 15:22:05  ######
######  Start fixing tests  /home/donghwan/defects4j/framework/util/fix_test_suite.pl: 2017-07-19 15:30:37  ######
- Found 1 test archive(s)
 - Removing 4 test methods: Math-18f-evosuite-branch.3.tar.bz2
--- org.apache.commons.math3.optimization.direct.CMAESOptimizer_ESTest11::test11
org.apache.commons.math3.exception.DimensionMismatchException: 3 != 2
--- org.apache.commons.math3.optimization.direct.CMAESOptimizer_ESTest13::test13
org.apache.commons.math3.exception.DimensionMismatchException: 3 != 2
--- org.apache.commons.math3.optimization.direct.CMAESOptimizer_ESTest4::test04
org.apache.commons.math3.exception.DimensionMismatchException: 3 != 2
--- org.apache.commons.math3.optimization.direct.CMAESOptimizer_ESTest5::test05
org.apache.commons.math3.exception.DimensionMismatchException: 3 != 2
######  End fixing tests  /home/donghwan/defects4j/framework/util/fix_test_suite.pl: 2017-07-19 15:31:44  ######
######  Start fixing tests  /home/donghwan/defects4j/framework/util/fix_test_suite.pl: 2017-07-19 15:41:28  ######
- Found 1 test archive(s)
 - Removing 3 test methods: Math-19f-evosuite-branch.3.tar.bz2
--- org.apache.commons.math3.optimization.direct.CMAESOptimizer_ESTest12::test12
org.apache.commons.math3.exception.DimensionMismatchException: 1 != 8
--- org.apache.commons.math3.optimization.direct.CMAESOptimizer_ESTest4::test04
org.apache.commons.math3.exception.DimensionMismatchException: 1 != 2
--- org.apache.commons.math3.optimization.direct.CMAESOptimizer_ESTest5::test05
org.apache.commons.math3.exception.DimensionMismatchException: 1 != 2
######  End fixing tests  /home/donghwan/defects4j/framework/util/fix_test_suite.pl: 2017-07-19 15:42:28  ######
######  Start fixing tests  /home/donghwan/defects4j/framework/util/fix_test_suite.pl: 2017-07-19 15:58:01  ######
- Found 1 test archive(s)
######  End fixing tests  /home/donghwan/defects4j/framework/util/fix_test_suite.pl: 2017-07-19 15:58:24  ######
######  Start fixing tests  /home/donghwan/defects4j/framework/util/fix_test_suite.pl: 2017-07-19 16:03:32  ######
- Found 1 test archive(s)
######  End fixing tests  /home/donghwan/defects4j/framework/util/fix_test_suite.pl: 2017-07-19 16:04:21  ######
######  Start fixing tests  /home/donghwan/defects4j/framework/util/fix_test_suite.pl: 2017-07-19 16:06:06  ######
- Found 1 test archive(s)
######  End fixing tests  /home/donghwan/defects4j/framework/util/fix_test_suite.pl: 2017-07-19 16:06:52  ######
######  Start fixing tests  /home/donghwan/defects4j/framework/util/fix_test_suite.pl: 2017-07-19 17:13:24  ######
- Found 0 test archive(s)
######  End fixing tests  /home/donghwan/defects4j/framework/util/fix_test_suite.pl: 2017-07-19 17:13:24  ######
######  Start fixing tests  /home/donghwan/defects4j/framework/util/fix_test_suite.pl: 2017-07-19 17:18:56  ######
- Found 1 test archive(s)
 - Removing 3 test methods: Math-24f-evosuite-branch.3.tar.bz2
--- org.apache.commons.math3.optimization.univariate.BrentOptimizer_ESTest4::test4
junit.framework.AssertionFailedError: expected:<2> but was:<4>
	at org.junit.Assert.fail(Assert.java:88)
	at org.junit.Assert.failNotEquals(Assert.java:743)
	at org.junit.Assert.assertEquals(Assert.java:118)
	at org.junit.Assert.assertEquals(Assert.java:555)
	at org.junit.Assert.assertEquals(Assert.java:542)
	at org.apache.commons.math3.optimization.univariate.BrentOptimizer_ESTest4.test4(BrentOptimizer_ESTest4.java:38)
	at sun.reflect.NativeMethodAccessorImpl.invoke0(Native Method)
	at sun.reflect.NativeMethodAccessorImpl.invoke(NativeMethodAccessorImpl.java:57)
	at sun.reflect.DelegatingMethodAccessorImpl.invoke(DelegatingMethodAccessorImpl.java:43)
	at java.lang.reflect.Method.invoke(Method.java:606)
	at org.junit.runners.model.FrameworkMethod$1.runReflectiveCall(FrameworkMethod.java:47)
	at org.junit.internal.runners.model.ReflectiveCallable.run(ReflectiveCallable.java:12)
	at org.junit.runners.model.FrameworkMethod.invokeExplosively(FrameworkMethod.java:44)
	at org.junit.internal.runners.statements.InvokeMethod.evaluate(InvokeMethod.java:17)
	at org.junit.internal.runners.statements.RunBefores.evaluate(RunBefores.java:26)
	at org.junit.internal.runners.statements.RunAfters.evaluate(RunAfters.java:27)
	at org.junit.internal.runners.statements.FailOnTimeout$StatementThread.run(FailOnTimeout.java:74)
--- org.apache.commons.math3.optimization.univariate.BrentOptimizer_ESTest5::test5
junit.framework.AssertionFailedError: expected:<3> but was:<14>
	at org.junit.Assert.fail(Assert.java:88)
	at org.junit.Assert.failNotEquals(Assert.java:743)
	at org.junit.Assert.assertEquals(Assert.java:118)
	at org.junit.Assert.assertEquals(Assert.java:555)
	at org.junit.Assert.assertEquals(Assert.java:542)
	at org.apache.commons.math3.optimization.univariate.BrentOptimizer_ESTest5.test5(BrentOptimizer_ESTest5.java:38)
	at sun.reflect.NativeMethodAccessorImpl.invoke0(Native Method)
	at sun.reflect.NativeMethodAccessorImpl.invoke(NativeMethodAccessorImpl.java:57)
	at sun.reflect.DelegatingMethodAccessorImpl.invoke(DelegatingMethodAccessorImpl.java:43)
	at java.lang.reflect.Method.invoke(Method.java:606)
	at org.junit.runners.model.FrameworkMethod$1.runReflectiveCall(FrameworkMethod.java:47)
	at org.junit.internal.runners.model.ReflectiveCallable.run(ReflectiveCallable.java:12)
	at org.junit.runners.model.FrameworkMethod.invokeExplosively(FrameworkMethod.java:44)
	at org.junit.internal.runners.statements.InvokeMethod.evaluate(InvokeMethod.java:17)
	at org.junit.internal.runners.statements.RunBefores.evaluate(RunBefores.java:26)
	at org.junit.internal.runners.statements.RunAfters.evaluate(RunAfters.java:27)
	at org.junit.internal.runners.statements.FailOnTimeout$StatementThread.run(FailOnTimeout.java:74)
--- org.apache.commons.math3.optimization.univariate.BrentOptimizer_ESTest7::test7
junit.framework.AssertionFailedError: expected:<14> but was:<17>
	at org.junit.Assert.fail(Assert.java:88)
	at org.junit.Assert.failNotEquals(Assert.java:743)
	at org.junit.Assert.assertEquals(Assert.java:118)
	at org.junit.Assert.assertEquals(Assert.java:555)
	at org.junit.Assert.assertEquals(Assert.java:542)
	at org.apache.commons.math3.optimization.univariate.BrentOptimizer_ESTest7.test7(BrentOptimizer_ESTest7.java:38)
	at sun.reflect.NativeMethodAccessorImpl.invoke0(Native Method)
	at sun.reflect.NativeMethodAccessorImpl.invoke(NativeMethodAccessorImpl.java:57)
	at sun.reflect.DelegatingMethodAccessorImpl.invoke(DelegatingMethodAccessorImpl.java:43)
	at java.lang.reflect.Method.invoke(Method.java:606)
	at org.junit.runners.model.FrameworkMethod$1.runReflectiveCall(FrameworkMethod.java:47)
	at org.junit.internal.runners.model.ReflectiveCallable.run(ReflectiveCallable.java:12)
	at org.junit.runners.model.FrameworkMethod.invokeExplosively(FrameworkMethod.java:44)
	at org.junit.internal.runners.statements.InvokeMethod.evaluate(InvokeMethod.java:17)
	at org.junit.internal.runners.statements.RunBefores.evaluate(RunBefores.java:26)
	at org.junit.internal.runners.statements.RunAfters.evaluate(RunAfters.java:27)
	at org.junit.internal.runners.statements.FailOnTimeout$StatementThread.run(FailOnTimeout.java:74)
######  End fixing tests  /home/donghwan/defects4j/framework/util/fix_test_suite.pl: 2017-07-19 17:20:13  ######
######  Start fixing tests  /home/donghwan/defects4j/framework/util/fix_test_suite.pl: 2017-07-19 17:26:10  ######
- Found 1 test archive(s)
######  End fixing tests  /home/donghwan/defects4j/framework/util/fix_test_suite.pl: 2017-07-19 17:27:17  ######
######  Start fixing tests  /home/donghwan/defects4j/framework/util/fix_test_suite.pl: 2017-07-19 17:33:11  ######
- Found 1 test archive(s)
######  End fixing tests  /home/donghwan/defects4j/framework/util/fix_test_suite.pl: 2017-07-19 17:34:21  ######
######  Start fixing tests  /home/donghwan/defects4j/framework/util/fix_test_suite.pl: 2017-07-19 17:40:15  ######
- Found 1 test archive(s)
######  End fixing tests  /home/donghwan/defects4j/framework/util/fix_test_suite.pl: 2017-07-19 17:41:22  ######
######  Start fixing tests  /home/donghwan/defects4j/framework/util/fix_test_suite.pl: 2017-07-19 17:47:01  ######
- Found 1 test archive(s)
######  End fixing tests  /home/donghwan/defects4j/framework/util/fix_test_suite.pl: 2017-07-19 17:48:07  ######
######  Start fixing tests  /home/donghwan/defects4j/framework/util/fix_test_suite.pl: 2017-07-19 18:01:28  ######
- Found 1 test archive(s)
 - Removing 3 test methods: Math-29f-evosuite-branch.3.tar.bz2
--- org.apache.commons.math3.linear.OpenMapRealVector_ESTest28::test28
org.apache.commons.math3.exception.DimensionMismatchException: 5 != 2,460
--- org.apache.commons.math3.linear.OpenMapRealVector_ESTest29::test29
org.apache.commons.math3.exception.DimensionMismatchException: 5 != 2,460
--- org.apache.commons.math3.linear.OpenMapRealVector_ESTest48::test48
org.apache.commons.math3.exception.MathArithmeticException: zero norm
######  End fixing tests  /home/donghwan/defects4j/framework/util/fix_test_suite.pl: 2017-07-19 18:03:08  ######
######  Start fixing tests  /home/donghwan/defects4j/framework/util/fix_test_suite.pl: 2017-07-19 18:08:36  ######
- Found 1 test archive(s)
######  End fixing tests  /home/donghwan/defects4j/framework/util/fix_test_suite.pl: 2017-07-19 18:09:37  ######
######  Start fixing tests  /home/donghwan/defects4j/framework/util/fix_test_suite.pl: 2017-07-19 18:15:08  ######
- Found 0 test archive(s)
######  End fixing tests  /home/donghwan/defects4j/framework/util/fix_test_suite.pl: 2017-07-19 18:15:08  ######
######  Start fixing tests  /home/donghwan/defects4j/framework/util/fix_test_suite.pl: 2017-07-19 18:20:42  ######
- Found 1 test archive(s)
######  End fixing tests  /home/donghwan/defects4j/framework/util/fix_test_suite.pl: 2017-07-19 18:21:31  ######
######  Start fixing tests  /home/donghwan/defects4j/framework/util/fix_test_suite.pl: 2017-07-19 18:27:28  ######
- Found 1 test archive(s)
 - Removing 3 test methods: Math-33f-evosuite-branch.3.tar.bz2
--- org.apache.commons.math3.optimization.linear.SimplexTableau_ESTest11::test11
junit.framework.AssertionFailedError
	at org.junit.Assert.fail(Assert.java:86)
	at org.junit.Assert.assertTrue(Assert.java:41)
	at org.junit.Assert.assertTrue(Assert.java:52)
	at org.apache.commons.math3.optimization.linear.SimplexTableau_ESTest11.test11(SimplexTableau_ESTest11.java:41)
	at sun.reflect.NativeMethodAccessorImpl.invoke0(Native Method)
	at sun.reflect.NativeMethodAccessorImpl.invoke(NativeMethodAccessorImpl.java:57)
	at sun.reflect.DelegatingMethodAccessorImpl.invoke(DelegatingMethodAccessorImpl.java:43)
	at java.lang.reflect.Method.invoke(Method.java:606)
	at org.junit.runners.model.FrameworkMethod$1.runReflectiveCall(FrameworkMethod.java:47)
	at org.junit.internal.runners.model.ReflectiveCallable.run(ReflectiveCallable.java:12)
	at org.junit.runners.model.FrameworkMethod.invokeExplosively(FrameworkMethod.java:44)
	at org.junit.internal.runners.statements.InvokeMethod.evaluate(InvokeMethod.java:17)
	at org.junit.internal.runners.statements.RunBefores.evaluate(RunBefores.java:26)
	at org.junit.internal.runners.statements.RunAfters.evaluate(RunAfters.java:27)
	at org.junit.internal.runners.statements.FailOnTimeout$StatementThread.run(FailOnTimeout.java:74)
--- org.apache.commons.math3.optimization.linear.SimplexTableau_ESTest14::test14
junit.framework.AssertionFailedError: Expecting exception: NullPointerException
	at org.junit.Assert.fail(Assert.java:88)
	at org.apache.commons.math3.optimization.linear.SimplexTableau_ESTest14.test14(SimplexTableau_ESTest14.java:46)
	at sun.reflect.NativeMethodAccessorImpl.invoke0(Native Method)
	at sun.reflect.NativeMethodAccessorImpl.invoke(NativeMethodAccessorImpl.java:57)
	at sun.reflect.DelegatingMethodAccessorImpl.invoke(DelegatingMethodAccessorImpl.java:43)
	at java.lang.reflect.Method.invoke(Method.java:606)
	at org.junit.runners.model.FrameworkMethod$1.runReflectiveCall(FrameworkMethod.java:47)
	at org.junit.internal.runners.model.ReflectiveCallable.run(ReflectiveCallable.java:12)
	at org.junit.runners.model.FrameworkMethod.invokeExplosively(FrameworkMethod.java:44)
	at org.junit.internal.runners.statements.InvokeMethod.evaluate(InvokeMethod.java:17)
	at org.junit.internal.runners.statements.RunBefores.evaluate(RunBefores.java:26)
	at org.junit.internal.runners.statements.RunAfters.evaluate(RunAfters.java:27)
	at org.junit.internal.runners.statements.FailOnTimeout$StatementThread.run(FailOnTimeout.java:74)
--- org.apache.commons.math3.optimization.linear.SimplexTableau_ESTest25::test25
junit.framework.AssertionFailedError
	at org.junit.Assert.fail(Assert.java:86)
	at org.junit.Assert.assertTrue(Assert.java:41)
	at org.junit.Assert.assertTrue(Assert.java:52)
	at org.apache.commons.math3.optimization.linear.SimplexTableau_ESTest25.test25(SimplexTableau_ESTest25.java:42)
	at sun.reflect.NativeMethodAccessorImpl.invoke0(Native Method)
	at sun.reflect.NativeMethodAccessorImpl.invoke(NativeMethodAccessorImpl.java:57)
	at sun.reflect.DelegatingMethodAccessorImpl.invoke(DelegatingMethodAccessorImpl.java:43)
	at java.lang.reflect.Method.invoke(Method.java:606)
	at org.junit.runners.model.FrameworkMethod$1.runReflectiveCall(FrameworkMethod.java:47)
	at org.junit.internal.runners.model.ReflectiveCallable.run(ReflectiveCallable.java:12)
	at org.junit.runners.model.FrameworkMethod.invokeExplosively(FrameworkMethod.java:44)
	at org.junit.internal.runners.statements.InvokeMethod.evaluate(InvokeMethod.java:17)
	at org.junit.internal.runners.statements.RunBefores.evaluate(RunBefores.java:26)
	at org.junit.internal.runners.statements.RunAfters.evaluate(RunAfters.java:27)
	at org.junit.internal.runners.statements.FailOnTimeout$StatementThread.run(FailOnTimeout.java:74)
######  End fixing tests  /home/donghwan/defects4j/framework/util/fix_test_suite.pl: 2017-07-19 18:28:34  ######
######  Start fixing tests  /home/donghwan/defects4j/framework/util/fix_test_suite.pl: 2017-07-19 18:33:57  ######
- Found 1 test archive(s)
######  End fixing tests  /home/donghwan/defects4j/framework/util/fix_test_suite.pl: 2017-07-19 18:34:40  ######
######  Start fixing tests  /home/donghwan/defects4j/framework/util/fix_test_suite.pl: 2017-07-19 18:40:06  ######
- Found 1 test archive(s)
######  End fixing tests  /home/donghwan/defects4j/framework/util/fix_test_suite.pl: 2017-07-19 18:40:48  ######
######  Start fixing tests  /home/donghwan/defects4j/framework/util/fix_test_suite.pl: 2017-07-19 18:58:30  ######
- Found 0 test archive(s)
######  End fixing tests  /home/donghwan/defects4j/framework/util/fix_test_suite.pl: 2017-07-19 18:58:30  ######
######  Start fixing tests  /home/donghwan/defects4j/framework/util/fix_test_suite.pl: 2017-07-19 19:06:00  ######
- Found 1 test archive(s)
######  End fixing tests  /home/donghwan/defects4j/framework/util/fix_test_suite.pl: 2017-07-19 19:07:16  ######
######  Start fixing tests  /home/donghwan/defects4j/framework/util/fix_test_suite.pl: 2017-07-19 19:15:54  ######
- Found 1 test archive(s)
######  End fixing tests  /home/donghwan/defects4j/framework/util/fix_test_suite.pl: 2017-07-19 19:17:05  ######
######  Start fixing tests  /home/donghwan/defects4j/framework/util/fix_test_suite.pl: 2017-07-19 19:22:43  ######
- Found 1 test archive(s)
######  End fixing tests  /home/donghwan/defects4j/framework/util/fix_test_suite.pl: 2017-07-19 19:23:47  ######
######  Start fixing tests  /home/donghwan/defects4j/framework/util/fix_test_suite.pl: 2017-07-19 19:32:22  ######
- Found 1 test archive(s)
######  End fixing tests  /home/donghwan/defects4j/framework/util/fix_test_suite.pl: 2017-07-19 19:33:37  ######
######  Start fixing tests  /home/donghwan/defects4j/framework/util/fix_test_suite.pl: 2017-07-19 19:39:36  ######
- Found 1 test archive(s)
######  End fixing tests  /home/donghwan/defects4j/framework/util/fix_test_suite.pl: 2017-07-19 19:40:53  ######
######  Start fixing tests  /home/donghwan/defects4j/framework/util/fix_test_suite.pl: 2017-07-19 19:47:10  ######
- Found 1 test archive(s)
 - Removing 6 test methods: Math-42f-evosuite-branch.3.tar.bz2
--- org.apache.commons.math.optimization.linear.SimplexTableau_ESTest1::test01
junit.framework.AssertionFailedError: Expecting exception: NullPointerException
	at org.junit.Assert.fail(Assert.java:88)
	at org.apache.commons.math.optimization.linear.SimplexTableau_ESTest1.test01(SimplexTableau_ESTest1.java:47)
	at sun.reflect.NativeMethodAccessorImpl.invoke0(Native Method)
	at sun.reflect.NativeMethodAccessorImpl.invoke(NativeMethodAccessorImpl.java:57)
	at sun.reflect.DelegatingMethodAccessorImpl.invoke(DelegatingMethodAccessorImpl.java:43)
	at java.lang.reflect.Method.invoke(Method.java:606)
	at org.junit.runners.model.FrameworkMethod$1.runReflectiveCall(FrameworkMethod.java:47)
	at org.junit.internal.runners.model.ReflectiveCallable.run(ReflectiveCallable.java:12)
	at org.junit.runners.model.FrameworkMethod.invokeExplosively(FrameworkMethod.java:44)
	at org.junit.internal.runners.statements.InvokeMethod.evaluate(InvokeMethod.java:17)
	at org.junit.internal.runners.statements.RunBefores.evaluate(RunBefores.java:26)
	at org.junit.internal.runners.statements.RunAfters.evaluate(RunAfters.java:27)
	at org.junit.internal.runners.statements.FailOnTimeout$StatementThread.run(FailOnTimeout.java:74)
--- org.apache.commons.math.optimization.linear.SimplexTableau_ESTest14::test14
junit.framework.AssertionFailedError: expected:<741.845721735879> but was:<0.0>
	at org.junit.Assert.fail(Assert.java:88)
	at org.junit.Assert.failNotEquals(Assert.java:743)
	at org.junit.Assert.assertEquals(Assert.java:494)
	at org.junit.Assert.assertEquals(Assert.java:592)
	at org.apache.commons.math.optimization.linear.SimplexTableau_ESTest14.test14(SimplexTableau_ESTest14.java:43)
	at sun.reflect.NativeMethodAccessorImpl.invoke0(Native Method)
	at sun.reflect.NativeMethodAccessorImpl.invoke(NativeMethodAccessorImpl.java:57)
	at sun.reflect.DelegatingMethodAccessorImpl.invoke(DelegatingMethodAccessorImpl.java:43)
	at java.lang.reflect.Method.invoke(Method.java:606)
	at org.junit.runners.model.FrameworkMethod$1.runReflectiveCall(FrameworkMethod.java:47)
	at org.junit.internal.runners.model.ReflectiveCallable.run(ReflectiveCallable.java:12)
	at org.junit.runners.model.FrameworkMethod.invokeExplosively(FrameworkMethod.java:44)
	at org.junit.internal.runners.statements.InvokeMethod.evaluate(InvokeMethod.java:17)
	at org.junit.internal.runners.statements.RunBefores.evaluate(RunBefores.java:26)
	at org.junit.internal.runners.statements.RunAfters.evaluate(RunAfters.java:27)
	at org.junit.internal.runners.statements.FailOnTimeout$StatementThread.run(FailOnTimeout.java:74)
--- org.apache.commons.math.optimization.linear.SimplexTableau_ESTest15::test15
junit.framework.AssertionFailedError: Expecting exception: NullPointerException
	at org.junit.Assert.fail(Assert.java:88)
	at org.apache.commons.math.optimization.linear.SimplexTableau_ESTest15.test15(SimplexTableau_ESTest15.java:48)
	at sun.reflect.NativeMethodAccessorImpl.invoke0(Native Method)
	at sun.reflect.NativeMethodAccessorImpl.invoke(NativeMethodAccessorImpl.java:57)
	at sun.reflect.DelegatingMethodAccessorImpl.invoke(DelegatingMethodAccessorImpl.java:43)
	at java.lang.reflect.Method.invoke(Method.java:606)
	at org.junit.runners.model.FrameworkMethod$1.runReflectiveCall(FrameworkMethod.java:47)
	at org.junit.internal.runners.model.ReflectiveCallable.run(ReflectiveCallable.java:12)
	at org.junit.runners.model.FrameworkMethod.invokeExplosively(FrameworkMethod.java:44)
	at org.junit.internal.runners.statements.InvokeMethod.evaluate(InvokeMethod.java:17)
	at org.junit.internal.runners.statements.RunBefores.evaluate(RunBefores.java:26)
	at org.junit.internal.runners.statements.RunAfters.evaluate(RunAfters.java:27)
	at org.junit.internal.runners.statements.FailOnTimeout$StatementThread.run(FailOnTimeout.java:74)
--- org.apache.commons.math.optimization.linear.SimplexTableau_ESTest25::test25
junit.framework.AssertionFailedError
	at org.junit.Assert.fail(Assert.java:86)
	at org.junit.Assert.assertTrue(Assert.java:41)
	at org.junit.Assert.assertTrue(Assert.java:52)
	at org.apache.commons.math.optimization.linear.SimplexTableau_ESTest25.test25(SimplexTableau_ESTest25.java:42)
	at sun.reflect.NativeMethodAccessorImpl.invoke0(Native Method)
	at sun.reflect.NativeMethodAccessorImpl.invoke(NativeMethodAccessorImpl.java:57)
	at sun.reflect.DelegatingMethodAccessorImpl.invoke(DelegatingMethodAccessorImpl.java:43)
	at java.lang.reflect.Method.invoke(Method.java:606)
	at org.junit.runners.model.FrameworkMethod$1.runReflectiveCall(FrameworkMethod.java:47)
	at org.junit.internal.runners.model.ReflectiveCallable.run(ReflectiveCallable.java:12)
	at org.junit.runners.model.FrameworkMethod.invokeExplosively(FrameworkMethod.java:44)
	at org.junit.internal.runners.statements.InvokeMethod.evaluate(InvokeMethod.java:17)
	at org.junit.internal.runners.statements.RunBefores.evaluate(RunBefores.java:26)
	at org.junit.internal.runners.statements.RunAfters.evaluate(RunAfters.java:27)
	at org.junit.internal.runners.statements.FailOnTimeout$StatementThread.run(FailOnTimeout.java:74)
--- org.apache.commons.math.optimization.linear.SimplexTableau_ESTest8::test08
junit.framework.AssertionFailedError: Expecting exception: NullPointerException
	at org.junit.Assert.fail(Assert.java:88)
	at org.apache.commons.math.optimization.linear.SimplexTableau_ESTest8.test08(SimplexTableau_ESTest8.java:45)
	at sun.reflect.NativeMethodAccessorImpl.invoke0(Native Method)
	at sun.reflect.NativeMethodAccessorImpl.invoke(NativeMethodAccessorImpl.java:57)
	at sun.reflect.DelegatingMethodAccessorImpl.invoke(DelegatingMethodAccessorImpl.java:43)
	at java.lang.reflect.Method.invoke(Method.java:606)
	at org.junit.runners.model.FrameworkMethod$1.runReflectiveCall(FrameworkMethod.java:47)
	at org.junit.internal.runners.model.ReflectiveCallable.run(ReflectiveCallable.java:12)
	at org.junit.runners.model.FrameworkMethod.invokeExplosively(FrameworkMethod.java:44)
	at org.junit.internal.runners.statements.InvokeMethod.evaluate(InvokeMethod.java:17)
	at org.junit.internal.runners.statements.RunBefores.evaluate(RunBefores.java:26)
	at org.junit.internal.runners.statements.RunAfters.evaluate(RunAfters.java:27)
	at org.junit.internal.runners.statements.FailOnTimeout$StatementThread.run(FailOnTimeout.java:74)
--- org.apache.commons.math.optimization.linear.SimplexTableau_ESTest9::test09
junit.framework.AssertionFailedError: Expecting exception: NullPointerException
	at org.junit.Assert.fail(Assert.java:88)
	at org.apache.commons.math.optimization.linear.SimplexTableau_ESTest9.test09(SimplexTableau_ESTest9.java:48)
	at sun.reflect.NativeMethodAccessorImpl.invoke0(Native Method)
	at sun.reflect.NativeMethodAccessorImpl.invoke(NativeMethodAccessorImpl.java:57)
	at sun.reflect.DelegatingMethodAccessorImpl.invoke(DelegatingMethodAccessorImpl.java:43)
	at java.lang.reflect.Method.invoke(Method.java:606)
	at org.junit.runners.model.FrameworkMethod$1.runReflectiveCall(FrameworkMethod.java:47)
	at org.junit.internal.runners.model.ReflectiveCallable.run(ReflectiveCallable.java:12)
	at org.junit.runners.model.FrameworkMethod.invokeExplosively(FrameworkMethod.java:44)
	at org.junit.internal.runners.statements.InvokeMethod.evaluate(InvokeMethod.java:17)
	at org.junit.internal.runners.statements.RunBefores.evaluate(RunBefores.java:26)
	at org.junit.internal.runners.statements.RunAfters.evaluate(RunAfters.java:27)
	at org.junit.internal.runners.statements.FailOnTimeout$StatementThread.run(FailOnTimeout.java:74)
######  End fixing tests  /home/donghwan/defects4j/framework/util/fix_test_suite.pl: 2017-07-19 19:48:08  ######
######  Start fixing tests  /home/donghwan/defects4j/framework/util/fix_test_suite.pl: 2017-07-19 19:48:54  ######
- Found 1 test archive(s)
######  End fixing tests  /home/donghwan/defects4j/framework/util/fix_test_suite.pl: 2017-07-19 19:49:51  ######
######  Start fixing tests  /home/donghwan/defects4j/framework/util/fix_test_suite.pl: 2017-07-19 19:55:22  ######
- Found 1 test archive(s)
######  End fixing tests  /home/donghwan/defects4j/framework/util/fix_test_suite.pl: 2017-07-19 19:56:09  ######
######  Start fixing tests  /home/donghwan/defects4j/framework/util/fix_test_suite.pl: 2017-07-19 20:04:10  ######
- Found 1 test archive(s)
######  End fixing tests  /home/donghwan/defects4j/framework/util/fix_test_suite.pl: 2017-07-19 20:04:57  ######
######  Start fixing tests  /home/donghwan/defects4j/framework/util/fix_test_suite.pl: 2017-07-19 20:10:38  ######
- Found 1 test archive(s)
######  End fixing tests  /home/donghwan/defects4j/framework/util/fix_test_suite.pl: 2017-07-19 20:11:36  ######
######  Start fixing tests  /home/donghwan/defects4j/framework/util/fix_test_suite.pl: 2017-07-19 20:17:13  ######
- Found 1 test archive(s)
######  End fixing tests  /home/donghwan/defects4j/framework/util/fix_test_suite.pl: 2017-07-19 20:18:04  ######
######  Start fixing tests  /home/donghwan/defects4j/framework/util/fix_test_suite.pl: 2017-07-19 20:23:31  ######
- Found 1 test archive(s)
######  End fixing tests  /home/donghwan/defects4j/framework/util/fix_test_suite.pl: 2017-07-19 20:24:21  ######
######  Start fixing tests  /home/donghwan/defects4j/framework/util/fix_test_suite.pl: 2017-07-19 20:29:55  ######
- Found 1 test archive(s)
######  End fixing tests  /home/donghwan/defects4j/framework/util/fix_test_suite.pl: 2017-07-19 20:30:45  ######
######  Start fixing tests  /home/donghwan/defects4j/framework/util/fix_test_suite.pl: 2017-07-19 20:36:12  ######
- Found 1 test archive(s)
######  End fixing tests  /home/donghwan/defects4j/framework/util/fix_test_suite.pl: 2017-07-19 20:36:58  ######
######  Start fixing tests  /home/donghwan/defects4j/framework/util/fix_test_suite.pl: 2017-07-19 20:42:27  ######
- Found 1 test archive(s)
######  End fixing tests  /home/donghwan/defects4j/framework/util/fix_test_suite.pl: 2017-07-19 20:43:10  ######
######  Start fixing tests  /home/donghwan/defects4j/framework/util/fix_test_suite.pl: 2017-07-19 20:48:46  ######
- Found 1 test archive(s)
######  End fixing tests  /home/donghwan/defects4j/framework/util/fix_test_suite.pl: 2017-07-19 20:49:32  ######
######  Start fixing tests  /home/donghwan/defects4j/framework/util/fix_test_suite.pl: 2017-07-19 20:55:03  ######
- Found 1 test archive(s)
######  End fixing tests  /home/donghwan/defects4j/framework/util/fix_test_suite.pl: 2017-07-19 20:55:52  ######
######  Start fixing tests  /home/donghwan/defects4j/framework/util/fix_test_suite.pl: 2017-07-19 21:10:54  ######
- Found 0 test archive(s)
######  End fixing tests  /home/donghwan/defects4j/framework/util/fix_test_suite.pl: 2017-07-19 21:10:54  ######
######  Start fixing tests  /home/donghwan/defects4j/framework/util/fix_test_suite.pl: 2017-07-19 21:16:37  ######
- Found 1 test archive(s)
######  End fixing tests  /home/donghwan/defects4j/framework/util/fix_test_suite.pl: 2017-07-19 21:17:22  ######
######  Start fixing tests  /home/donghwan/defects4j/framework/util/fix_test_suite.pl: 2017-07-19 21:22:45  ######
- Found 0 test archive(s)
######  End fixing tests  /home/donghwan/defects4j/framework/util/fix_test_suite.pl: 2017-07-19 21:22:45  ######
######  Start fixing tests  /home/donghwan/defects4j/framework/util/fix_test_suite.pl: 2017-07-19 21:29:09  ######
- Found 1 test archive(s)
######  End fixing tests  /home/donghwan/defects4j/framework/util/fix_test_suite.pl: 2017-07-19 21:29:49  ######
######  Start fixing tests  /home/donghwan/defects4j/framework/util/fix_test_suite.pl: 2017-07-19 21:35:29  ######
- Found 1 test archive(s)
######  End fixing tests  /home/donghwan/defects4j/framework/util/fix_test_suite.pl: 2017-07-19 21:36:15  ######
######  Start fixing tests  /home/donghwan/defects4j/framework/util/fix_test_suite.pl: 2017-07-19 21:36:37  ######
- Found 0 test archive(s)
######  End fixing tests  /home/donghwan/defects4j/framework/util/fix_test_suite.pl: 2017-07-19 21:36:37  ######
######  Start fixing tests  /home/donghwan/defects4j/framework/util/fix_test_suite.pl: 2017-07-19 21:36:56  ######
- Found 0 test archive(s)
######  End fixing tests  /home/donghwan/defects4j/framework/util/fix_test_suite.pl: 2017-07-19 21:36:56  ######
######  Start fixing tests  /home/donghwan/defects4j/framework/util/fix_test_suite.pl: 2017-07-19 21:42:18  ######
- Found 1 test archive(s)
######  End fixing tests  /home/donghwan/defects4j/framework/util/fix_test_suite.pl: 2017-07-19 21:43:00  ######
######  Start fixing tests  /home/donghwan/defects4j/framework/util/fix_test_suite.pl: 2017-07-19 21:48:25  ######
- Found 1 test archive(s)
######  End fixing tests  /home/donghwan/defects4j/framework/util/fix_test_suite.pl: 2017-07-19 21:49:07  ######
######  Start fixing tests  /home/donghwan/defects4j/framework/util/fix_test_suite.pl: 2017-07-19 21:59:04  ######
- Found 1 test archive(s)
 - Removing 2 test methods: Math-63f-evosuite-branch.3.tar.bz2
--- org.apache.commons.math.util.MathUtils_ESTest43::test043
java.lang.NoClassDefFoundError: Could not initialize class org.apache.commons.math.util.FastMath
	at org.apache.commons.math.util.MathUtils.equals(MathUtils.java:492)
	at org.apache.commons.math.util.MathUtils.equalsIncludingNaN(MathUtils.java:509)
	at org.apache.commons.math.util.MathUtils_ESTest43.test043(MathUtils_ESTest43.java:28)
	at sun.reflect.NativeMethodAccessorImpl.invoke0(Native Method)
	at sun.reflect.NativeMethodAccessorImpl.invoke(NativeMethodAccessorImpl.java:57)
	at sun.reflect.DelegatingMethodAccessorImpl.invoke(DelegatingMethodAccessorImpl.java:43)
	at java.lang.reflect.Method.invoke(Method.java:606)
	at org.junit.runners.model.FrameworkMethod$1.runReflectiveCall(FrameworkMethod.java:47)
	at org.junit.internal.runners.model.ReflectiveCallable.run(ReflectiveCallable.java:12)
	at org.junit.runners.model.FrameworkMethod.invokeExplosively(FrameworkMethod.java:44)
	at org.junit.internal.runners.statements.InvokeMethod.evaluate(InvokeMethod.java:17)
	at org.junit.internal.runners.statements.RunBefores.evaluate(RunBefores.java:26)
	at org.junit.internal.runners.statements.RunAfters.evaluate(RunAfters.java:27)
	at org.junit.internal.runners.statements.FailOnTimeout$StatementThread.run(FailOnTimeout.java:74)
--- org.apache.commons.math.util.MathUtils_ESTest44::test044
java.lang.NoClassDefFoundError: Could not initialize class org.apache.commons.math.util.FastMath
	at org.apache.commons.math.util.MathUtils.equals(MathUtils.java:492)
	at org.apache.commons.math.util.MathUtils.equalsIncludingNaN(MathUtils.java:509)
	at org.apache.commons.math.util.MathUtils_ESTest44.test044(MathUtils_ESTest44.java:28)
	at sun.reflect.NativeMethodAccessorImpl.invoke0(Native Method)
	at sun.reflect.NativeMethodAccessorImpl.invoke(NativeMethodAccessorImpl.java:57)
	at sun.reflect.DelegatingMethodAccessorImpl.invoke(DelegatingMethodAccessorImpl.java:43)
	at java.lang.reflect.Method.invoke(Method.java:606)
	at org.junit.runners.model.FrameworkMethod$1.runReflectiveCall(FrameworkMethod.java:47)
	at org.junit.internal.runners.model.ReflectiveCallable.run(ReflectiveCallable.java:12)
	at org.junit.runners.model.FrameworkMethod.invokeExplosively(FrameworkMethod.java:44)
	at org.junit.internal.runners.statements.InvokeMethod.evaluate(InvokeMethod.java:17)
	at org.junit.internal.runners.statements.RunBefores.evaluate(RunBefores.java:26)
	at org.junit.internal.runners.statements.RunAfters.evaluate(RunAfters.java:27)
	at org.junit.internal.runners.statements.FailOnTimeout$StatementThread.run(FailOnTimeout.java:74)
######  End fixing tests  /home/donghwan/defects4j/framework/util/fix_test_suite.pl: 2017-07-19 22:00:37  ######
######  Start fixing tests  /home/donghwan/defects4j/framework/util/fix_test_suite.pl: 2017-07-19 22:06:00  ######
- Found 1 test archive(s)
######  End fixing tests  /home/donghwan/defects4j/framework/util/fix_test_suite.pl: 2017-07-19 22:06:43  ######
######  Start fixing tests  /home/donghwan/defects4j/framework/util/fix_test_suite.pl: 2017-07-19 22:12:05  ######
- Found 1 test archive(s)
######  End fixing tests  /home/donghwan/defects4j/framework/util/fix_test_suite.pl: 2017-07-19 22:12:44  ######
######  Start fixing tests  /home/donghwan/defects4j/framework/util/fix_test_suite.pl: 2017-07-19 22:13:32  ######
- Found 1 test archive(s)
 - Removing 2 test methods: Math-66f-evosuite-branch.3.tar.bz2
--- org.apache.commons.math.optimization.univariate.BrentOptimizer_ESTest4::test4
junit.framework.AssertionFailedError: expected:<42> but was:<85>
	at org.junit.Assert.fail(Assert.java:88)
	at org.junit.Assert.failNotEquals(Assert.java:743)
	at org.junit.Assert.assertEquals(Assert.java:118)
	at org.junit.Assert.assertEquals(Assert.java:555)
	at org.junit.Assert.assertEquals(Assert.java:542)
	at org.apache.commons.math.optimization.univariate.BrentOptimizer_ESTest4.test4(BrentOptimizer_ESTest4.java:35)
	at sun.reflect.NativeMethodAccessorImpl.invoke0(Native Method)
	at sun.reflect.NativeMethodAccessorImpl.invoke(NativeMethodAccessorImpl.java:57)
	at sun.reflect.DelegatingMethodAccessorImpl.invoke(DelegatingMethodAccessorImpl.java:43)
	at java.lang.reflect.Method.invoke(Method.java:606)
	at org.junit.runners.model.FrameworkMethod$1.runReflectiveCall(FrameworkMethod.java:47)
	at org.junit.internal.runners.model.ReflectiveCallable.run(ReflectiveCallable.java:12)
	at org.junit.runners.model.FrameworkMethod.invokeExplosively(FrameworkMethod.java:44)
	at org.junit.internal.runners.statements.InvokeMethod.evaluate(InvokeMethod.java:17)
	at org.junit.internal.runners.statements.RunBefores.evaluate(RunBefores.java:26)
	at org.junit.internal.runners.statements.RunAfters.evaluate(RunAfters.java:27)
	at org.junit.internal.runners.statements.FailOnTimeout$StatementThread.run(FailOnTimeout.java:74)
--- org.apache.commons.math.optimization.univariate.BrentOptimizer_ESTest5::test5
junit.framework.AssertionFailedError: expected:<43> but was:<17>
	at org.junit.Assert.fail(Assert.java:88)
	at org.junit.Assert.failNotEquals(Assert.java:743)
	at org.junit.Assert.assertEquals(Assert.java:118)
	at org.junit.Assert.assertEquals(Assert.java:555)
	at org.junit.Assert.assertEquals(Assert.java:542)
	at org.apache.commons.math.optimization.univariate.BrentOptimizer_ESTest5.test5(BrentOptimizer_ESTest5.java:36)
	at sun.reflect.NativeMethodAccessorImpl.invoke0(Native Method)
	at sun.reflect.NativeMethodAccessorImpl.invoke(NativeMethodAccessorImpl.java:57)
	at sun.reflect.DelegatingMethodAccessorImpl.invoke(DelegatingMethodAccessorImpl.java:43)
	at java.lang.reflect.Method.invoke(Method.java:606)
	at org.junit.runners.model.FrameworkMethod$1.runReflectiveCall(FrameworkMethod.java:47)
	at org.junit.internal.runners.model.ReflectiveCallable.run(ReflectiveCallable.java:12)
	at org.junit.runners.model.FrameworkMethod.invokeExplosively(FrameworkMethod.java:44)
	at org.junit.internal.runners.statements.InvokeMethod.evaluate(InvokeMethod.java:17)
	at org.junit.internal.runners.statements.RunBefores.evaluate(RunBefores.java:26)
	at org.junit.internal.runners.statements.RunAfters.evaluate(RunAfters.java:27)
	at org.junit.internal.runners.statements.FailOnTimeout$StatementThread.run(FailOnTimeout.java:74)
######  End fixing tests  /home/donghwan/defects4j/framework/util/fix_test_suite.pl: 2017-07-19 22:14:17  ######
######  Start fixing tests  /home/donghwan/defects4j/framework/util/fix_test_suite.pl: 2017-07-19 22:19:37  ######
- Found 1 test archive(s)
######  End fixing tests  /home/donghwan/defects4j/framework/util/fix_test_suite.pl: 2017-07-19 22:20:19  ######
######  Start fixing tests  /home/donghwan/defects4j/framework/util/fix_test_suite.pl: 2017-07-19 22:25:43  ######
- Found 1 test archive(s)
######  End fixing tests  /home/donghwan/defects4j/framework/util/fix_test_suite.pl: 2017-07-19 22:26:23  ######
######  Start fixing tests  /home/donghwan/defects4j/framework/util/fix_test_suite.pl: 2017-07-19 22:27:29  ######
- Found 1 test archive(s)
######  End fixing tests  /home/donghwan/defects4j/framework/util/fix_test_suite.pl: 2017-07-19 22:28:13  ######
######  Start fixing tests  /home/donghwan/defects4j/framework/util/fix_test_suite.pl: 2017-07-19 22:33:41  ######
- Found 1 test archive(s)
######  End fixing tests  /home/donghwan/defects4j/framework/util/fix_test_suite.pl: 2017-07-19 22:34:18  ######
######  Start fixing tests  /home/donghwan/defects4j/framework/util/fix_test_suite.pl: 2017-07-19 22:44:49  ######
- Found 1 test archive(s)
######  End fixing tests  /home/donghwan/defects4j/framework/util/fix_test_suite.pl: 2017-07-19 22:45:27  ######
######  Start fixing tests  /home/donghwan/defects4j/framework/util/fix_test_suite.pl: 2017-07-19 22:50:55  ######
- Found 1 test archive(s)
######  End fixing tests  /home/donghwan/defects4j/framework/util/fix_test_suite.pl: 2017-07-19 22:51:33  ######
######  Start fixing tests  /home/donghwan/defects4j/framework/util/fix_test_suite.pl: 2017-07-19 22:57:09  ######
- Found 1 test archive(s)
 - Removing 1 test methods: Math-73f-evosuite-branch.3.tar.bz2
--- org.apache.commons.math.analysis.solvers.BrentSolver_ESTest10::test10
junit.framework.AssertionFailedError: expected:<-312.246718865> but was:<0.0>
	at org.junit.Assert.fail(Assert.java:88)
	at org.junit.Assert.failNotEquals(Assert.java:743)
	at org.junit.Assert.assertEquals(Assert.java:494)
	at org.junit.Assert.assertEquals(Assert.java:592)
	at org.apache.commons.math.analysis.solvers.BrentSolver_ESTest10.test10(BrentSolver_ESTest10.java:34)
	at sun.reflect.NativeMethodAccessorImpl.invoke0(Native Method)
	at sun.reflect.NativeMethodAccessorImpl.invoke(NativeMethodAccessorImpl.java:57)
	at sun.reflect.DelegatingMethodAccessorImpl.invoke(DelegatingMethodAccessorImpl.java:43)
	at java.lang.reflect.Method.invoke(Method.java:606)
	at org.junit.runners.model.FrameworkMethod$1.runReflectiveCall(FrameworkMethod.java:47)
	at org.junit.internal.runners.model.ReflectiveCallable.run(ReflectiveCallable.java:12)
	at org.junit.runners.model.FrameworkMethod.invokeExplosively(FrameworkMethod.java:44)
	at org.junit.internal.runners.statements.InvokeMethod.evaluate(InvokeMethod.java:17)
	at org.junit.internal.runners.statements.RunBefores.evaluate(RunBefores.java:26)
	at org.junit.internal.runners.statements.RunAfters.evaluate(RunAfters.java:27)
	at org.junit.internal.runners.statements.FailOnTimeout$StatementThread.run(FailOnTimeout.java:74)
######  End fixing tests  /home/donghwan/defects4j/framework/util/fix_test_suite.pl: 2017-07-19 22:57:55  ######
######  Start fixing tests  /home/donghwan/defects4j/framework/util/fix_test_suite.pl: 2017-07-19 23:03:17  ######
- Found 1 test archive(s)
######  End fixing tests  /home/donghwan/defects4j/framework/util/fix_test_suite.pl: 2017-07-19 23:03:53  ######
######  Start fixing tests  /home/donghwan/defects4j/framework/util/fix_test_suite.pl: 2017-07-19 23:09:14  ######
- Found 1 test archive(s)
######  End fixing tests  /home/donghwan/defects4j/framework/util/fix_test_suite.pl: 2017-07-19 23:09:55  ######
######  Start fixing tests  /home/donghwan/defects4j/framework/util/fix_test_suite.pl: 2017-07-19 23:15:29  ######
- Found 1 test archive(s)
######  End fixing tests  /home/donghwan/defects4j/framework/util/fix_test_suite.pl: 2017-07-19 23:16:27  ######
######  Start fixing tests  /home/donghwan/defects4j/framework/util/fix_test_suite.pl: 2017-07-19 23:33:58  ######
- Found 1 test archive(s)
######  End fixing tests  /home/donghwan/defects4j/framework/util/fix_test_suite.pl: 2017-07-19 23:34:58  ######
######  Start fixing tests  /home/donghwan/defects4j/framework/util/fix_test_suite.pl: 2017-07-19 23:40:20  ######
- Found 1 test archive(s)
######  End fixing tests  /home/donghwan/defects4j/framework/util/fix_test_suite.pl: 2017-07-19 23:41:00  ######
######  Start fixing tests  /home/donghwan/defects4j/framework/util/fix_test_suite.pl: 2017-07-19 23:50:44  ######
- Found 1 test archive(s)
######  End fixing tests  /home/donghwan/defects4j/framework/util/fix_test_suite.pl: 2017-07-19 23:51:38  ######
######  Start fixing tests  /home/donghwan/defects4j/framework/util/fix_test_suite.pl: 2017-07-20 00:02:52  ######
- Found 1 test archive(s)
 - Removing 2 test methods: Math-80f-evosuite-branch.3.tar.bz2
--- org.apache.commons.math.linear.EigenDecompositionImpl_ESTest18::test18
org.apache.commons.math.linear.InvalidMatrixException: 
Caused by: org.apache.commons.math.MaxIterationsExceededException: Maximal number of iterations (120) exceeded
--- org.apache.commons.math.linear.EigenDecompositionImpl_ESTest36::test36
org.apache.commons.math.linear.InvalidMatrixException: 
Caused by: org.apache.commons.math.MaxIterationsExceededException: Maximal number of iterations (150) exceeded
######  End fixing tests  /home/donghwan/defects4j/framework/util/fix_test_suite.pl: 2017-07-20 00:03:50  ######
######  Start fixing tests  /home/donghwan/defects4j/framework/util/fix_test_suite.pl: 2017-07-20 00:15:14  ######
- Found 1 test archive(s)
 - Removing 5 test methods: Math-81f-evosuite-branch.3.tar.bz2
--- org.apache.commons.math.linear.EigenDecompositionImpl_ESTest11::test11
org.apache.commons.math.linear.InvalidMatrixException: 
Caused by: org.apache.commons.math.MaxIterationsExceededException: Maximal number of iterations (1,230) exceeded
--- org.apache.commons.math.linear.EigenDecompositionImpl_ESTest13::test13
org.apache.commons.math.linear.InvalidMatrixException: 
Caused by: org.apache.commons.math.MaxIterationsExceededException: Maximal number of iterations (1,230) exceeded
--- org.apache.commons.math.linear.EigenDecompositionImpl_ESTest15::test15
junit.framework.AssertionFailedError: Expecting exception: RuntimeException
	at org.junit.Assert.fail(Assert.java:88)
	at org.apache.commons.math.linear.EigenDecompositionImpl_ESTest15.test15(EigenDecompositionImpl_ESTest15.java:37)
	at sun.reflect.NativeMethodAccessorImpl.invoke0(Native Method)
	at sun.reflect.NativeMethodAccessorImpl.invoke(NativeMethodAccessorImpl.java:57)
	at sun.reflect.DelegatingMethodAccessorImpl.invoke(DelegatingMethodAccessorImpl.java:43)
	at java.lang.reflect.Method.invoke(Method.java:606)
	at org.junit.runners.model.FrameworkMethod$1.runReflectiveCall(FrameworkMethod.java:47)
	at org.junit.internal.runners.model.ReflectiveCallable.run(ReflectiveCallable.java:12)
	at org.junit.runners.model.FrameworkMethod.invokeExplosively(FrameworkMethod.java:44)
	at org.junit.internal.runners.statements.InvokeMethod.evaluate(InvokeMethod.java:17)
	at org.junit.internal.runners.statements.RunBefores.evaluate(RunBefores.java:26)
	at org.junit.internal.runners.statements.RunAfters.evaluate(RunAfters.java:27)
	at org.junit.internal.runners.statements.FailOnTimeout$StatementThread.run(FailOnTimeout.java:74)
--- org.apache.commons.math.linear.EigenDecompositionImpl_ESTest3::test03
org.apache.commons.math.linear.InvalidMatrixException: 
Caused by: org.apache.commons.math.MaxIterationsExceededException: Maximal number of iterations (1,230) exceeded
--- org.apache.commons.math.linear.EigenDecompositionImpl_ESTest34::test34
org.apache.commons.math.linear.InvalidMatrixException: 
Caused by: org.apache.commons.math.MaxIterationsExceededException: Maximal number of iterations (120) exceeded
######  End fixing tests  /home/donghwan/defects4j/framework/util/fix_test_suite.pl: 2017-07-20 00:16:12  ######
######  Start fixing tests  /home/donghwan/defects4j/framework/util/fix_test_suite.pl: 2017-07-20 00:21:41  ######
- Found 1 test archive(s)
######  End fixing tests  /home/donghwan/defects4j/framework/util/fix_test_suite.pl: 2017-07-20 00:22:20  ######
######  Start fixing tests  /home/donghwan/defects4j/framework/util/fix_test_suite.pl: 2017-07-20 00:28:19  ######
- Found 1 test archive(s)
 - Removing 2 test methods: Math-83f-evosuite-branch.3.tar.bz2
--- org.apache.commons.math.optimization.linear.SimplexTableau_ESTest10::test10
junit.framework.AssertionFailedError: Expecting exception: NullPointerException
	at org.junit.Assert.fail(Assert.java:88)
	at org.apache.commons.math.optimization.linear.SimplexTableau_ESTest10.test10(SimplexTableau_ESTest10.java:42)
	at sun.reflect.NativeMethodAccessorImpl.invoke0(Native Method)
	at sun.reflect.NativeMethodAccessorImpl.invoke(NativeMethodAccessorImpl.java:57)
	at sun.reflect.DelegatingMethodAccessorImpl.invoke(DelegatingMethodAccessorImpl.java:43)
	at java.lang.reflect.Method.invoke(Method.java:606)
	at org.junit.runners.model.FrameworkMethod$1.runReflectiveCall(FrameworkMethod.java:47)
	at org.junit.internal.runners.model.ReflectiveCallable.run(ReflectiveCallable.java:12)
	at org.junit.runners.model.FrameworkMethod.invokeExplosively(FrameworkMethod.java:44)
	at org.junit.internal.runners.statements.InvokeMethod.evaluate(InvokeMethod.java:17)
	at org.junit.internal.runners.statements.RunBefores.evaluate(RunBefores.java:26)
	at org.junit.internal.runners.statements.RunAfters.evaluate(RunAfters.java:27)
	at org.junit.internal.runners.statements.FailOnTimeout$StatementThread.run(FailOnTimeout.java:74)
--- org.apache.commons.math.optimization.linear.SimplexTableau_ESTest22::test22
junit.framework.AssertionFailedError
	at org.junit.Assert.fail(Assert.java:86)
	at org.junit.Assert.assertTrue(Assert.java:41)
	at org.junit.Assert.assertTrue(Assert.java:52)
	at org.apache.commons.math.optimization.linear.SimplexTableau_ESTest22.test22(SimplexTableau_ESTest22.java:42)
	at sun.reflect.NativeMethodAccessorImpl.invoke0(Native Method)
	at sun.reflect.NativeMethodAccessorImpl.invoke(NativeMethodAccessorImpl.java:57)
	at sun.reflect.DelegatingMethodAccessorImpl.invoke(DelegatingMethodAccessorImpl.java:43)
	at java.lang.reflect.Method.invoke(Method.java:606)
	at org.junit.runners.model.FrameworkMethod$1.runReflectiveCall(FrameworkMethod.java:47)
	at org.junit.internal.runners.model.ReflectiveCallable.run(ReflectiveCallable.java:12)
	at org.junit.runners.model.FrameworkMethod.invokeExplosively(FrameworkMethod.java:44)
	at org.junit.internal.runners.statements.InvokeMethod.evaluate(InvokeMethod.java:17)
	at org.junit.internal.runners.statements.RunBefores.evaluate(RunBefores.java:26)
	at org.junit.internal.runners.statements.RunAfters.evaluate(RunAfters.java:27)
	at org.junit.internal.runners.statements.FailOnTimeout$StatementThread.run(FailOnTimeout.java:74)
######  End fixing tests  /home/donghwan/defects4j/framework/util/fix_test_suite.pl: 2017-07-20 00:29:10  ######
######  Start fixing tests  /home/donghwan/defects4j/framework/util/fix_test_suite.pl: 2017-07-20 00:34:31  ######
- Found 1 test archive(s)
######  End fixing tests  /home/donghwan/defects4j/framework/util/fix_test_suite.pl: 2017-07-20 00:35:16  ######
######  Start fixing tests  /home/donghwan/defects4j/framework/util/fix_test_suite.pl: 2017-07-20 00:36:18  ######
- Found 1 test archive(s)
 - Removing 1 test methods: Math-85f-evosuite-branch.3.tar.bz2
--- org.apache.commons.math.analysis.solvers.UnivariateRealSolverUtils_ESTest9::test09
junit.framework.AssertionFailedError: Expecting exception: Exception
	at org.junit.Assert.fail(Assert.java:88)
	at org.apache.commons.math.analysis.solvers.UnivariateRealSolverUtils_ESTest9.test09(UnivariateRealSolverUtils_ESTest9.java:40)
	at sun.reflect.NativeMethodAccessorImpl.invoke0(Native Method)
	at sun.reflect.NativeMethodAccessorImpl.invoke(NativeMethodAccessorImpl.java:57)
	at sun.reflect.DelegatingMethodAccessorImpl.invoke(DelegatingMethodAccessorImpl.java:43)
	at java.lang.reflect.Method.invoke(Method.java:606)
	at org.junit.runners.model.FrameworkMethod$1.runReflectiveCall(FrameworkMethod.java:47)
	at org.junit.internal.runners.model.ReflectiveCallable.run(ReflectiveCallable.java:12)
	at org.junit.runners.model.FrameworkMethod.invokeExplosively(FrameworkMethod.java:44)
	at org.junit.internal.runners.statements.InvokeMethod.evaluate(InvokeMethod.java:17)
	at org.junit.internal.runners.statements.RunBefores.evaluate(RunBefores.java:26)
	at org.junit.internal.runners.statements.RunAfters.evaluate(RunAfters.java:27)
	at org.junit.internal.runners.statements.FailOnTimeout$StatementThread.run(FailOnTimeout.java:74)
######  End fixing tests  /home/donghwan/defects4j/framework/util/fix_test_suite.pl: 2017-07-20 00:37:05  ######
######  Start fixing tests  /home/donghwan/defects4j/framework/util/fix_test_suite.pl: 2017-07-20 00:43:39  ######
- Found 1 test archive(s)
######  End fixing tests  /home/donghwan/defects4j/framework/util/fix_test_suite.pl: 2017-07-20 00:44:24  ######
######  Start fixing tests  /home/donghwan/defects4j/framework/util/fix_test_suite.pl: 2017-07-20 00:51:17  ######
- Found 1 test archive(s)
 - Removing 2 test methods: Math-87f-evosuite-branch.3.tar.bz2
--- org.apache.commons.math.optimization.linear.SimplexTableau_ESTest22::test22
junit.framework.AssertionFailedError
	at org.junit.Assert.fail(Assert.java:86)
	at org.junit.Assert.assertTrue(Assert.java:41)
	at org.junit.Assert.assertTrue(Assert.java:52)
	at org.apache.commons.math.optimization.linear.SimplexTableau_ESTest22.test22(SimplexTableau_ESTest22.java:44)
	at sun.reflect.NativeMethodAccessorImpl.invoke0(Native Method)
	at sun.reflect.NativeMethodAccessorImpl.invoke(NativeMethodAccessorImpl.java:57)
	at sun.reflect.DelegatingMethodAccessorImpl.invoke(DelegatingMethodAccessorImpl.java:43)
	at java.lang.reflect.Method.invoke(Method.java:606)
	at org.junit.runners.model.FrameworkMethod$1.runReflectiveCall(FrameworkMethod.java:47)
	at org.junit.internal.runners.model.ReflectiveCallable.run(ReflectiveCallable.java:12)
	at org.junit.runners.model.FrameworkMethod.invokeExplosively(FrameworkMethod.java:44)
	at org.junit.internal.runners.statements.InvokeMethod.evaluate(InvokeMethod.java:17)
	at org.junit.internal.runners.statements.RunBefores.evaluate(RunBefores.java:26)
	at org.junit.internal.runners.statements.RunAfters.evaluate(RunAfters.java:27)
	at org.junit.internal.runners.statements.FailOnTimeout$StatementThread.run(FailOnTimeout.java:74)
--- org.apache.commons.math.optimization.linear.SimplexTableau_ESTest8::test08
java.lang.NullPointerException
	at org.apache.commons.math.optimization.linear.SimplexTableau.initialize(SimplexTableau.java:249)
	at org.apache.commons.math.optimization.linear.SimplexTableau.<init>(SimplexTableau.java:115)
	at org.apache.commons.math.optimization.linear.SimplexTableau_ESTest8.test08(SimplexTableau_ESTest8.java:43)
	at sun.reflect.NativeMethodAccessorImpl.invoke0(Native Method)
	at sun.reflect.NativeMethodAccessorImpl.invoke(NativeMethodAccessorImpl.java:57)
	at sun.reflect.DelegatingMethodAccessorImpl.invoke(DelegatingMethodAccessorImpl.java:43)
	at java.lang.reflect.Method.invoke(Method.java:606)
	at org.junit.runners.model.FrameworkMethod$1.runReflectiveCall(FrameworkMethod.java:47)
	at org.junit.internal.runners.model.ReflectiveCallable.run(ReflectiveCallable.java:12)
	at org.junit.runners.model.FrameworkMethod.invokeExplosively(FrameworkMethod.java:44)
	at org.junit.internal.runners.statements.InvokeMethod.evaluate(InvokeMethod.java:17)
	at org.junit.internal.runners.statements.RunBefores.evaluate(RunBefores.java:26)
	at org.junit.internal.runners.statements.RunAfters.evaluate(RunAfters.java:27)
	at org.junit.internal.runners.statements.FailOnTimeout$StatementThread.run(FailOnTimeout.java:74)
######  End fixing tests  /home/donghwan/defects4j/framework/util/fix_test_suite.pl: 2017-07-20 00:52:08  ######
######  Start fixing tests  /home/donghwan/defects4j/framework/util/fix_test_suite.pl: 2017-07-20 00:57:53  ######
- Found 1 test archive(s)
 - Removing 2 test methods: Math-88f-evosuite-branch.3.tar.bz2
--- org.apache.commons.math.optimization.linear.SimplexTableau_ESTest11::test11
junit.framework.AssertionFailedError: Expecting exception: NullPointerException
	at org.junit.Assert.fail(Assert.java:88)
	at org.apache.commons.math.optimization.linear.SimplexTableau_ESTest11.test11(SimplexTableau_ESTest11.java:49)
	at sun.reflect.NativeMethodAccessorImpl.invoke0(Native Method)
	at sun.reflect.NativeMethodAccessorImpl.invoke(NativeMethodAccessorImpl.java:57)
	at sun.reflect.DelegatingMethodAccessorImpl.invoke(DelegatingMethodAccessorImpl.java:43)
	at java.lang.reflect.Method.invoke(Method.java:606)
	at org.junit.runners.model.FrameworkMethod$1.runReflectiveCall(FrameworkMethod.java:47)
	at org.junit.internal.runners.model.ReflectiveCallable.run(ReflectiveCallable.java:12)
	at org.junit.runners.model.FrameworkMethod.invokeExplosively(FrameworkMethod.java:44)
	at org.junit.internal.runners.statements.InvokeMethod.evaluate(InvokeMethod.java:17)
	at org.junit.internal.runners.statements.RunBefores.evaluate(RunBefores.java:26)
	at org.junit.internal.runners.statements.RunAfters.evaluate(RunAfters.java:27)
	at org.junit.internal.runners.statements.FailOnTimeout$StatementThread.run(FailOnTimeout.java:74)
--- org.apache.commons.math.optimization.linear.SimplexTableau_ESTest7::test07
java.lang.NullPointerException
	at org.apache.commons.math.optimization.linear.SimplexTableau.initialize(SimplexTableau.java:249)
	at org.apache.commons.math.optimization.linear.SimplexTableau.<init>(SimplexTableau.java:115)
	at org.apache.commons.math.optimization.linear.SimplexTableau_ESTest7.test07(SimplexTableau_ESTest7.java:44)
	at sun.reflect.NativeMethodAccessorImpl.invoke0(Native Method)
	at sun.reflect.NativeMethodAccessorImpl.invoke(NativeMethodAccessorImpl.java:57)
	at sun.reflect.DelegatingMethodAccessorImpl.invoke(DelegatingMethodAccessorImpl.java:43)
	at java.lang.reflect.Method.invoke(Method.java:606)
	at org.junit.runners.model.FrameworkMethod$1.runReflectiveCall(FrameworkMethod.java:47)
	at org.junit.internal.runners.model.ReflectiveCallable.run(ReflectiveCallable.java:12)
	at org.junit.runners.model.FrameworkMethod.invokeExplosively(FrameworkMethod.java:44)
	at org.junit.internal.runners.statements.InvokeMethod.evaluate(InvokeMethod.java:17)
	at org.junit.internal.runners.statements.RunBefores.evaluate(RunBefores.java:26)
	at org.junit.internal.runners.statements.RunAfters.evaluate(RunAfters.java:27)
	at org.junit.internal.runners.statements.FailOnTimeout$StatementThread.run(FailOnTimeout.java:74)
######  End fixing tests  /home/donghwan/defects4j/framework/util/fix_test_suite.pl: 2017-07-20 00:58:45  ######
######  Start fixing tests  /home/donghwan/defects4j/framework/util/fix_test_suite.pl: 2017-07-20 01:04:07  ######
- Found 1 test archive(s)
######  End fixing tests  /home/donghwan/defects4j/framework/util/fix_test_suite.pl: 2017-07-20 01:04:44  ######
######  Start fixing tests  /home/donghwan/defects4j/framework/util/fix_test_suite.pl: 2017-07-20 01:10:05  ######
- Found 1 test archive(s)
######  End fixing tests  /home/donghwan/defects4j/framework/util/fix_test_suite.pl: 2017-07-20 01:10:41  ######
######  Start fixing tests  /home/donghwan/defects4j/framework/util/fix_test_suite.pl: 2017-07-20 01:16:12  ######
- Found 1 test archive(s)
######  End fixing tests  /home/donghwan/defects4j/framework/util/fix_test_suite.pl: 2017-07-20 01:16:54  ######
######  Start fixing tests  /home/donghwan/defects4j/framework/util/fix_test_suite.pl: 2017-07-20 01:17:06  ######
- Found 0 test archive(s)
######  End fixing tests  /home/donghwan/defects4j/framework/util/fix_test_suite.pl: 2017-07-20 01:17:06  ######
######  Start fixing tests  /home/donghwan/defects4j/framework/util/fix_test_suite.pl: 2017-07-20 01:24:01  ######
- Found 1 test archive(s)
######  End fixing tests  /home/donghwan/defects4j/framework/util/fix_test_suite.pl: 2017-07-20 01:24:50  ######
######  Start fixing tests  /home/donghwan/defects4j/framework/util/fix_test_suite.pl: 2017-07-20 01:32:11  ######
- Found 1 test archive(s)
 - Removing 1 test methods: Math-94f-evosuite-branch.3.tar.bz2
--- org.apache.commons.math.util.MathUtils_ESTest15::test015
junit.framework.AssertionFailedError: Expecting exception: ArithmeticException
	at org.junit.Assert.fail(Assert.java:88)
	at org.apache.commons.math.util.MathUtils_ESTest15.test015(MathUtils_ESTest15.java:28)
	at sun.reflect.NativeMethodAccessorImpl.invoke0(Native Method)
	at sun.reflect.NativeMethodAccessorImpl.invoke(NativeMethodAccessorImpl.java:57)
	at sun.reflect.DelegatingMethodAccessorImpl.invoke(DelegatingMethodAccessorImpl.java:43)
	at java.lang.reflect.Method.invoke(Method.java:606)
	at org.junit.runners.model.FrameworkMethod$1.runReflectiveCall(FrameworkMethod.java:47)
	at org.junit.internal.runners.model.ReflectiveCallable.run(ReflectiveCallable.java:12)
	at org.junit.runners.model.FrameworkMethod.invokeExplosively(FrameworkMethod.java:44)
	at org.junit.internal.runners.statements.InvokeMethod.evaluate(InvokeMethod.java:17)
	at org.junit.internal.runners.statements.RunBefores.evaluate(RunBefores.java:26)
	at org.junit.internal.runners.statements.RunAfters.evaluate(RunAfters.java:27)
	at org.junit.internal.runners.statements.FailOnTimeout$StatementThread.run(FailOnTimeout.java:74)
######  End fixing tests  /home/donghwan/defects4j/framework/util/fix_test_suite.pl: 2017-07-20 01:33:09  ######
######  Start fixing tests  /home/donghwan/defects4j/framework/util/fix_test_suite.pl: 2017-07-20 01:33:28  ######
- Found 1 test archive(s)
######  End fixing tests  /home/donghwan/defects4j/framework/util/fix_test_suite.pl: 2017-07-20 01:34:03  ######
######  Start fixing tests  /home/donghwan/defects4j/framework/util/fix_test_suite.pl: 2017-07-20 01:39:34  ######
- Found 1 test archive(s)
######  End fixing tests  /home/donghwan/defects4j/framework/util/fix_test_suite.pl: 2017-07-20 01:40:15  ######
######  Start fixing tests  /home/donghwan/defects4j/framework/util/fix_test_suite.pl: 2017-07-20 01:45:52  ######
- Found 1 test archive(s)
######  End fixing tests  /home/donghwan/defects4j/framework/util/fix_test_suite.pl: 2017-07-20 01:46:31  ######
######  Start fixing tests  /home/donghwan/defects4j/framework/util/fix_test_suite.pl: 2017-07-20 02:09:19  ######
- Found 1 test archive(s)
 - Removing 2 test methods: Math-98f-evosuite-branch.3.tar.bz2
--- org.apache.commons.math.linear.BigMatrixImpl_ESTest72::test072
java.lang.NullPointerException
	at org.apache.commons.math.linear.BigMatrixImpl.luDecompose(BigMatrixImpl.java:1212)
	at org.apache.commons.math.linear.BigMatrixImpl.getLUMatrix(BigMatrixImpl.java:1360)
	at org.apache.commons.math.linear.BigMatrixImpl_ESTest72.test072(BigMatrixImpl_ESTest72.java:46)
	at sun.reflect.NativeMethodAccessorImpl.invoke0(Native Method)
	at sun.reflect.NativeMethodAccessorImpl.invoke(NativeMethodAccessorImpl.java:57)
	at sun.reflect.DelegatingMethodAccessorImpl.invoke(DelegatingMethodAccessorImpl.java:43)
	at java.lang.reflect.Method.invoke(Method.java:606)
	at org.junit.runners.model.FrameworkMethod$1.runReflectiveCall(FrameworkMethod.java:47)
	at org.junit.internal.runners.model.ReflectiveCallable.run(ReflectiveCallable.java:12)
	at org.junit.runners.model.FrameworkMethod.invokeExplosively(FrameworkMethod.java:44)
	at org.junit.internal.runners.statements.InvokeMethod.evaluate(InvokeMethod.java:17)
	at org.junit.internal.runners.statements.RunBefores.evaluate(RunBefores.java:26)
	at org.junit.internal.runners.statements.RunAfters.evaluate(RunAfters.java:27)
	at org.junit.internal.runners.statements.FailOnTimeout$StatementThread.run(FailOnTimeout.java:74)
--- org.apache.commons.math.linear.RealMatrixImpl_ESTest0::test00
org.evosuite.runtime.TooManyResourcesException: Loop has been executed more times than the allowed 100000
	at org.evosuite.runtime.LoopCounter.checkLoop(LoopCounter.java:82)
	at org.apache.commons.math.linear.RealMatrixImpl.multiply(RealMatrixImpl.java:378)
	at org.apache.commons.math.linear.RealMatrixImpl.multiply(RealMatrixImpl.java:334)
	at org.apache.commons.math.linear.RealMatrixImpl.preMultiply(RealMatrixImpl.java:395)
	at org.apache.commons.math.linear.RealMatrixImpl_ESTest0.test00(RealMatrixImpl_ESTest0.java:27)
	at sun.reflect.NativeMethodAccessorImpl.invoke0(Native Method)
	at sun.reflect.NativeMethodAccessorImpl.invoke(NativeMethodAccessorImpl.java:57)
	at sun.reflect.DelegatingMethodAccessorImpl.invoke(DelegatingMethodAccessorImpl.java:43)
	at java.lang.reflect.Method.invoke(Method.java:606)
	at org.junit.runners.model.FrameworkMethod$1.runReflectiveCall(FrameworkMethod.java:47)
	at org.junit.internal.runners.model.ReflectiveCallable.run(ReflectiveCallable.java:12)
	at org.junit.runners.model.FrameworkMethod.invokeExplosively(FrameworkMethod.java:44)
	at org.junit.internal.runners.statements.InvokeMethod.evaluate(InvokeMethod.java:17)
	at org.junit.internal.runners.statements.RunBefores.evaluate(RunBefores.java:26)
	at org.junit.internal.runners.statements.RunAfters.evaluate(RunAfters.java:27)
	at org.junit.internal.runners.statements.FailOnTimeout$StatementThread.run(FailOnTimeout.java:74)
######  End fixing tests  /home/donghwan/defects4j/framework/util/fix_test_suite.pl: 2017-07-20 02:10:31  ######
######  Start fixing tests  /home/donghwan/defects4j/framework/util/fix_test_suite.pl: 2017-07-20 02:16:53  ######
- Found 1 test archive(s)
 - Removing 1 test methods: Math-99f-evosuite-branch.3.tar.bz2
--- org.apache.commons.math.util.MathUtils_ESTest16::test016
junit.framework.AssertionFailedError: Expecting exception: ArithmeticException
	at org.junit.Assert.fail(Assert.java:88)
	at org.apache.commons.math.util.MathUtils_ESTest16.test016(MathUtils_ESTest16.java:28)
	at sun.reflect.NativeMethodAccessorImpl.invoke0(Native Method)
	at sun.reflect.NativeMethodAccessorImpl.invoke(NativeMethodAccessorImpl.java:57)
	at sun.reflect.DelegatingMethodAccessorImpl.invoke(DelegatingMethodAccessorImpl.java:43)
	at java.lang.reflect.Method.invoke(Method.java:606)
	at org.junit.runners.model.FrameworkMethod$1.runReflectiveCall(FrameworkMethod.java:47)
	at org.junit.internal.runners.model.ReflectiveCallable.run(ReflectiveCallable.java:12)
	at org.junit.runners.model.FrameworkMethod.invokeExplosively(FrameworkMethod.java:44)
	at org.junit.internal.runners.statements.InvokeMethod.evaluate(InvokeMethod.java:17)
	at org.junit.internal.runners.statements.RunBefores.evaluate(RunBefores.java:26)
	at org.junit.internal.runners.statements.RunAfters.evaluate(RunAfters.java:27)
	at org.junit.internal.runners.statements.FailOnTimeout$StatementThread.run(FailOnTimeout.java:74)
######  End fixing tests  /home/donghwan/defects4j/framework/util/fix_test_suite.pl: 2017-07-20 02:17:47  ######
######  Start fixing tests  /home/donghwan/defects4j/framework/util/fix_test_suite.pl: 2017-07-20 02:23:14  ######
- Found 1 test archive(s)
######  End fixing tests  /home/donghwan/defects4j/framework/util/fix_test_suite.pl: 2017-07-20 02:23:52  ######
######  Start fixing tests  /home/donghwan/defects4j/framework/util/fix_test_suite.pl: 2017-07-20 02:29:36  ######
- Found 1 test archive(s)
######  End fixing tests  /home/donghwan/defects4j/framework/util/fix_test_suite.pl: 2017-07-20 02:30:44  ######
######  Start fixing tests  /home/donghwan/defects4j/framework/util/fix_test_suite.pl: 2017-07-20 02:32:21  ######
- Found 1 test archive(s)
######  End fixing tests  /home/donghwan/defects4j/framework/util/fix_test_suite.pl: 2017-07-20 02:33:03  ######
######  Start fixing tests  /home/donghwan/defects4j/framework/util/fix_test_suite.pl: 2017-07-20 02:33:44  ######
- Found 1 test archive(s)
 - Removing 1 test methods: Math-103f-evosuite-branch.3.tar.bz2
--- org.apache.commons.math.distribution.NormalDistributionImpl_ESTest4::test04
junit.framework.AssertionFailedError: Expecting exception: Exception
	at org.junit.Assert.fail(Assert.java:88)
	at org.apache.commons.math.distribution.NormalDistributionImpl_ESTest4.test04(NormalDistributionImpl_ESTest4.java:28)
	at sun.reflect.NativeMethodAccessorImpl.invoke0(Native Method)
	at sun.reflect.NativeMethodAccessorImpl.invoke(NativeMethodAccessorImpl.java:57)
	at sun.reflect.DelegatingMethodAccessorImpl.invoke(DelegatingMethodAccessorImpl.java:43)
	at java.lang.reflect.Method.invoke(Method.java:606)
	at org.junit.runners.model.FrameworkMethod$1.runReflectiveCall(FrameworkMethod.java:47)
	at org.junit.internal.runners.model.ReflectiveCallable.run(ReflectiveCallable.java:12)
	at org.junit.runners.model.FrameworkMethod.invokeExplosively(FrameworkMethod.java:44)
	at org.junit.internal.runners.statements.InvokeMethod.evaluate(InvokeMethod.java:17)
	at org.junit.internal.runners.statements.RunBefores.evaluate(RunBefores.java:26)
	at org.junit.internal.runners.statements.RunAfters.evaluate(RunAfters.java:27)
	at org.junit.internal.runners.statements.FailOnTimeout$StatementThread.run(FailOnTimeout.java:74)
######  End fixing tests  /home/donghwan/defects4j/framework/util/fix_test_suite.pl: 2017-07-20 02:34:35  ######
######  Start fixing tests  /home/donghwan/defects4j/framework/util/fix_test_suite.pl: 2017-07-20 02:35:38  ######
- Found 1 test archive(s)
######  End fixing tests  /home/donghwan/defects4j/framework/util/fix_test_suite.pl: 2017-07-20 02:36:15  ######
######  Start fixing tests  /home/donghwan/defects4j/framework/util/fix_test_suite.pl: 2017-07-20 02:36:39  ######
- Found 1 test archive(s)
######  End fixing tests  /home/donghwan/defects4j/framework/util/fix_test_suite.pl: 2017-07-20 02:37:16  ######
######  Start fixing tests  /home/donghwan/defects4j/framework/util/fix_test_suite.pl: 2017-07-20 02:42:32  ######
- Found 1 test archive(s)
######  End fixing tests  /home/donghwan/defects4j/framework/util/fix_test_suite.pl: 2017-07-20 02:43:08  ######
