######  Start fixing tests  /home/to_donghwan/defects4j/framework/util/fix_test_suite.pl: 2017-07-27 09:30:05  ######
- Found 1 test archive(s)
######  End fixing tests  /home/to_donghwan/defects4j/framework/util/fix_test_suite.pl: 2017-07-27 09:31:20  ######
######  Start fixing tests  /home/to_donghwan/defects4j/framework/util/fix_test_suite.pl: 2017-07-27 09:32:51  ######
- Found 1 test archive(s)
######  End fixing tests  /home/to_donghwan/defects4j/framework/util/fix_test_suite.pl: 2017-07-27 09:33:46  ######
######  Start fixing tests  /home/to_donghwan/defects4j/framework/util/fix_test_suite.pl: 2017-07-27 09:40:28  ######
- Found 1 test archive(s)
######  End fixing tests  /home/to_donghwan/defects4j/framework/util/fix_test_suite.pl: 2017-07-27 09:41:23  ######
######  Start fixing tests  /home/to_donghwan/defects4j/framework/util/fix_test_suite.pl: 2017-07-27 09:42:32  ######
- Found 1 test archive(s)
 - Removing 1 test methods: Math-4f-evosuite-branch.2.tar.bz2
--- org.apache.commons.math3.geometry.euclidean.twod.SubLine_ESTest10::test10
junit.framework.AssertionFailedError: expected:<PLUS> but was:<HYPER>
	at org.junit.Assert.fail(Assert.java:88)
	at org.junit.Assert.failNotEquals(Assert.java:743)
	at org.junit.Assert.assertEquals(Assert.java:118)
	at org.junit.Assert.assertEquals(Assert.java:144)
	at org.apache.commons.math3.geometry.euclidean.twod.SubLine_ESTest10.test10(SubLine_ESTest10.java:46)
	at sun.reflect.NativeMethodAccessorImpl.invoke0(Native Method)
	at sun.reflect.NativeMethodAccessorImpl.invoke(NativeMethodAccessorImpl.java:57)
	at sun.reflect.DelegatingMethodAccessorImpl.invoke(DelegatingMethodAccessorImpl.java:43)
	at java.lang.reflect.Method.invoke(Method.java:606)
	at org.junit.runners.model.FrameworkMethod$1.runReflectiveCall(FrameworkMethod.java:47)
	at org.junit.internal.runners.model.ReflectiveCallable.run(ReflectiveCallable.java:12)
	at org.junit.runners.model.FrameworkMethod.invokeExplosively(FrameworkMethod.java:44)
	at org.junit.internal.runners.statements.InvokeMethod.evaluate(InvokeMethod.java:17)
	at org.junit.internal.runners.statements.RunBefores.evaluate(RunBefores.java:26)
	at org.junit.internal.runners.statements.RunAfters.evaluate(RunAfters.java:27)
	at org.junit.internal.runners.statements.FailOnTimeout$StatementThread.run(FailOnTimeout.java:74)
######  End fixing tests  /home/to_donghwan/defects4j/framework/util/fix_test_suite.pl: 2017-07-27 09:43:32  ######
######  Start fixing tests  /home/to_donghwan/defects4j/framework/util/fix_test_suite.pl: 2017-07-27 09:50:43  ######
- Found 1 test archive(s)
######  End fixing tests  /home/to_donghwan/defects4j/framework/util/fix_test_suite.pl: 2017-07-27 09:51:32  ######
######  Start fixing tests  /home/to_donghwan/defects4j/framework/util/fix_test_suite.pl: 2017-07-27 10:28:21  ######
- Found 1 test archive(s)
######  End fixing tests  /home/to_donghwan/defects4j/framework/util/fix_test_suite.pl: 2017-07-27 10:29:20  ######
######  Start fixing tests  /home/to_donghwan/defects4j/framework/util/fix_test_suite.pl: 2017-07-27 10:34:49  ######
- Found 1 test archive(s)
######  End fixing tests  /home/to_donghwan/defects4j/framework/util/fix_test_suite.pl: 2017-07-27 10:35:36  ######
######  Start fixing tests  /home/to_donghwan/defects4j/framework/util/fix_test_suite.pl: 2017-07-27 10:41:03  ######
- Found 1 test archive(s)
######  End fixing tests  /home/to_donghwan/defects4j/framework/util/fix_test_suite.pl: 2017-07-27 10:41:52  ######
######  Start fixing tests  /home/to_donghwan/defects4j/framework/util/fix_test_suite.pl: 2017-07-27 10:42:25  ######
- Found 1 test archive(s)
######  End fixing tests  /home/to_donghwan/defects4j/framework/util/fix_test_suite.pl: 2017-07-27 10:43:07  ######
######  Start fixing tests  /home/to_donghwan/defects4j/framework/util/fix_test_suite.pl: 2017-07-27 10:58:13  ######
- Found 0 test archive(s)
######  End fixing tests  /home/to_donghwan/defects4j/framework/util/fix_test_suite.pl: 2017-07-27 10:58:13  ######
######  Start fixing tests  /home/to_donghwan/defects4j/framework/util/fix_test_suite.pl: 2017-07-27 10:59:01  ######
- Found 1 test archive(s)
######  End fixing tests  /home/to_donghwan/defects4j/framework/util/fix_test_suite.pl: 2017-07-27 10:59:46  ######
######  Start fixing tests  /home/to_donghwan/defects4j/framework/util/fix_test_suite.pl: 2017-07-27 11:00:36  ######
- Found 1 test archive(s)
######  End fixing tests  /home/to_donghwan/defects4j/framework/util/fix_test_suite.pl: 2017-07-27 11:01:17  ######
######  Start fixing tests  /home/to_donghwan/defects4j/framework/util/fix_test_suite.pl: 2017-07-27 11:01:36  ######
- Found 0 test archive(s)
######  End fixing tests  /home/to_donghwan/defects4j/framework/util/fix_test_suite.pl: 2017-07-27 11:01:36  ######
######  Start fixing tests  /home/to_donghwan/defects4j/framework/util/fix_test_suite.pl: 2017-07-27 11:07:16  ######
- Found 1 test archive(s)
######  End fixing tests  /home/to_donghwan/defects4j/framework/util/fix_test_suite.pl: 2017-07-27 11:07:59  ######
######  Start fixing tests  /home/to_donghwan/defects4j/framework/util/fix_test_suite.pl: 2017-07-27 11:15:00  ######
- Found 1 test archive(s)
 - Removing 3 test methods: Math-15f-evosuite-branch.2.tar.bz2
--- org.apache.commons.math3.util.FastMath_ESTest200::test200
junit.framework.AssertionFailedError: expected:<-1.4E-45> but was:<-Infinity>
	at org.junit.Assert.fail(Assert.java:88)
	at org.junit.Assert.failNotEquals(Assert.java:743)
	at org.junit.Assert.assertEquals(Assert.java:519)
	at org.junit.Assert.assertEquals(Assert.java:609)
	at org.apache.commons.math3.util.FastMath_ESTest200.test200(FastMath_ESTest200.java:26)
	at sun.reflect.NativeMethodAccessorImpl.invoke0(Native Method)
	at sun.reflect.NativeMethodAccessorImpl.invoke(NativeMethodAccessorImpl.java:57)
	at sun.reflect.DelegatingMethodAccessorImpl.invoke(DelegatingMethodAccessorImpl.java:43)
	at java.lang.reflect.Method.invoke(Method.java:606)
	at org.junit.runners.model.FrameworkMethod$1.runReflectiveCall(FrameworkMethod.java:47)
	at org.junit.internal.runners.model.ReflectiveCallable.run(ReflectiveCallable.java:12)
	at org.junit.runners.model.FrameworkMethod.invokeExplosively(FrameworkMethod.java:44)
	at org.junit.internal.runners.statements.InvokeMethod.evaluate(InvokeMethod.java:17)
	at org.junit.internal.runners.statements.RunBefores.evaluate(RunBefores.java:26)
	at org.junit.internal.runners.statements.RunAfters.evaluate(RunAfters.java:27)
	at org.junit.internal.runners.statements.FailOnTimeout$StatementThread.run(FailOnTimeout.java:74)
--- org.apache.commons.math3.util.FastMath_ESTest27::test027
junit.framework.AssertionFailedError: expected:<1.0> but was:<NaN>
	at org.junit.Assert.fail(Assert.java:88)
	at org.junit.Assert.failNotEquals(Assert.java:743)
	at org.junit.Assert.assertEquals(Assert.java:494)
	at org.junit.Assert.assertEquals(Assert.java:592)
	at org.apache.commons.math3.util.FastMath_ESTest27.test027(FastMath_ESTest27.java:26)
	at sun.reflect.NativeMethodAccessorImpl.invoke0(Native Method)
	at sun.reflect.NativeMethodAccessorImpl.invoke(NativeMethodAccessorImpl.java:57)
	at sun.reflect.DelegatingMethodAccessorImpl.invoke(DelegatingMethodAccessorImpl.java:43)
	at java.lang.reflect.Method.invoke(Method.java:606)
	at org.junit.runners.model.FrameworkMethod$1.runReflectiveCall(FrameworkMethod.java:47)
	at org.junit.internal.runners.model.ReflectiveCallable.run(ReflectiveCallable.java:12)
	at org.junit.runners.model.FrameworkMethod.invokeExplosively(FrameworkMethod.java:44)
	at org.junit.internal.runners.statements.InvokeMethod.evaluate(InvokeMethod.java:17)
	at org.junit.internal.runners.statements.RunBefores.evaluate(RunBefores.java:26)
	at org.junit.internal.runners.statements.RunAfters.evaluate(RunAfters.java:27)
	at org.junit.internal.runners.statements.FailOnTimeout$StatementThread.run(FailOnTimeout.java:74)
--- org.apache.commons.math3.util.FastMath_ESTest77::test077
junit.framework.AssertionFailedError: expected:<Infinity> but was:<NaN>
	at org.junit.Assert.fail(Assert.java:88)
	at org.junit.Assert.failNotEquals(Assert.java:743)
	at org.junit.Assert.assertEquals(Assert.java:494)
	at org.junit.Assert.assertEquals(Assert.java:592)
	at org.apache.commons.math3.util.FastMath_ESTest77.test077(FastMath_ESTest77.java:26)
	at sun.reflect.NativeMethodAccessorImpl.invoke0(Native Method)
	at sun.reflect.NativeMethodAccessorImpl.invoke(NativeMethodAccessorImpl.java:57)
	at sun.reflect.DelegatingMethodAccessorImpl.invoke(DelegatingMethodAccessorImpl.java:43)
	at java.lang.reflect.Method.invoke(Method.java:606)
	at org.junit.runners.model.FrameworkMethod$1.runReflectiveCall(FrameworkMethod.java:47)
	at org.junit.internal.runners.model.ReflectiveCallable.run(ReflectiveCallable.java:12)
	at org.junit.runners.model.FrameworkMethod.invokeExplosively(FrameworkMethod.java:44)
	at org.junit.internal.runners.statements.InvokeMethod.evaluate(InvokeMethod.java:17)
	at org.junit.internal.runners.statements.RunBefores.evaluate(RunBefores.java:26)
	at org.junit.internal.runners.statements.RunAfters.evaluate(RunAfters.java:27)
	at org.junit.internal.runners.statements.FailOnTimeout$StatementThread.run(FailOnTimeout.java:74)
######  End fixing tests  /home/to_donghwan/defects4j/framework/util/fix_test_suite.pl: 2017-07-27 11:16:13  ######
######  Start fixing tests  /home/to_donghwan/defects4j/framework/util/fix_test_suite.pl: 2017-07-27 11:23:00  ######
- Found 1 test archive(s)
 - Removing 1 test methods: Math-16f-evosuite-branch.2.tar.bz2
--- org.apache.commons.math3.util.FastMath_ESTest67::test067
junit.framework.AssertionFailedError: expected:<0.0> but was:<NaN>
	at org.junit.Assert.fail(Assert.java:88)
	at org.junit.Assert.failNotEquals(Assert.java:743)
	at org.junit.Assert.assertEquals(Assert.java:494)
	at org.junit.Assert.assertEquals(Assert.java:592)
	at org.apache.commons.math3.util.FastMath_ESTest67.test067(FastMath_ESTest67.java:26)
	at sun.reflect.NativeMethodAccessorImpl.invoke0(Native Method)
	at sun.reflect.NativeMethodAccessorImpl.invoke(NativeMethodAccessorImpl.java:57)
	at sun.reflect.DelegatingMethodAccessorImpl.invoke(DelegatingMethodAccessorImpl.java:43)
	at java.lang.reflect.Method.invoke(Method.java:606)
	at org.junit.runners.model.FrameworkMethod$1.runReflectiveCall(FrameworkMethod.java:47)
	at org.junit.internal.runners.model.ReflectiveCallable.run(ReflectiveCallable.java:12)
	at org.junit.runners.model.FrameworkMethod.invokeExplosively(FrameworkMethod.java:44)
	at org.junit.internal.runners.statements.InvokeMethod.evaluate(InvokeMethod.java:17)
	at org.junit.internal.runners.statements.RunBefores.evaluate(RunBefores.java:26)
	at org.junit.internal.runners.statements.RunAfters.evaluate(RunAfters.java:27)
	at org.junit.internal.runners.statements.FailOnTimeout$StatementThread.run(FailOnTimeout.java:74)
######  End fixing tests  /home/to_donghwan/defects4j/framework/util/fix_test_suite.pl: 2017-07-27 11:24:09  ######
######  Start fixing tests  /home/to_donghwan/defects4j/framework/util/fix_test_suite.pl: 2017-07-27 11:40:20  ######
- Found 0 test archive(s)
######  End fixing tests  /home/to_donghwan/defects4j/framework/util/fix_test_suite.pl: 2017-07-27 11:40:20  ######
######  Start fixing tests  /home/to_donghwan/defects4j/framework/util/fix_test_suite.pl: 2017-07-27 11:51:24  ######
- Found 1 test archive(s)
 - Removing 1 test methods: Math-18f-evosuite-branch.2.tar.bz2
--- org.apache.commons.math3.optimization.direct.CMAESOptimizer_ESTest7::test07
org.apache.commons.math3.exception.DimensionMismatchException: 8 != 10
######  End fixing tests  /home/to_donghwan/defects4j/framework/util/fix_test_suite.pl: 2017-07-27 11:52:15  ######
######  Start fixing tests  /home/to_donghwan/defects4j/framework/util/fix_test_suite.pl: 2017-07-27 12:02:41  ######
- Found 1 test archive(s)
 - Removing 2 test methods: Math-19f-evosuite-branch.2.tar.bz2
--- org.apache.commons.math3.optimization.direct.CMAESOptimizer_ESTest10::test10
org.apache.commons.math3.exception.DimensionMismatchException: 3 != 1
--- org.apache.commons.math3.optimization.direct.CMAESOptimizer_ESTest6::test06
junit.framework.AssertionFailedError: expected:<81> but was:<73>
	at org.junit.Assert.fail(Assert.java:88)
	at org.junit.Assert.failNotEquals(Assert.java:743)
	at org.junit.Assert.assertEquals(Assert.java:118)
	at org.junit.Assert.assertEquals(Assert.java:555)
	at org.junit.Assert.assertEquals(Assert.java:542)
	at org.apache.commons.math3.optimization.direct.CMAESOptimizer_ESTest6.test06(CMAESOptimizer_ESTest6.java:46)
	at sun.reflect.NativeMethodAccessorImpl.invoke0(Native Method)
	at sun.reflect.NativeMethodAccessorImpl.invoke(NativeMethodAccessorImpl.java:57)
	at sun.reflect.DelegatingMethodAccessorImpl.invoke(DelegatingMethodAccessorImpl.java:43)
	at java.lang.reflect.Method.invoke(Method.java:606)
	at org.junit.runners.model.FrameworkMethod$1.runReflectiveCall(FrameworkMethod.java:47)
	at org.junit.internal.runners.model.ReflectiveCallable.run(ReflectiveCallable.java:12)
	at org.junit.runners.model.FrameworkMethod.invokeExplosively(FrameworkMethod.java:44)
	at org.junit.internal.runners.statements.InvokeMethod.evaluate(InvokeMethod.java:17)
	at org.junit.internal.runners.statements.RunBefores.evaluate(RunBefores.java:26)
	at org.junit.internal.runners.statements.RunAfters.evaluate(RunAfters.java:27)
	at org.junit.internal.runners.statements.FailOnTimeout$StatementThread.run(FailOnTimeout.java:74)
######  End fixing tests  /home/to_donghwan/defects4j/framework/util/fix_test_suite.pl: 2017-07-27 12:03:35  ######
######  Start fixing tests  /home/to_donghwan/defects4j/framework/util/fix_test_suite.pl: 2017-07-27 12:18:57  ######
- Found 0 test archive(s)
######  End fixing tests  /home/to_donghwan/defects4j/framework/util/fix_test_suite.pl: 2017-07-27 12:18:57  ######
######  Start fixing tests  /home/to_donghwan/defects4j/framework/util/fix_test_suite.pl: 2017-07-27 12:20:38  ######
- Found 1 test archive(s)
######  End fixing tests  /home/to_donghwan/defects4j/framework/util/fix_test_suite.pl: 2017-07-27 12:21:19  ######
######  Start fixing tests  /home/to_donghwan/defects4j/framework/util/fix_test_suite.pl: 2017-07-27 12:24:18  ######
- Found 1 test archive(s)
######  End fixing tests  /home/to_donghwan/defects4j/framework/util/fix_test_suite.pl: 2017-07-27 12:25:06  ######
######  Start fixing tests  /home/to_donghwan/defects4j/framework/util/fix_test_suite.pl: 2017-07-27 12:30:33  ######
- Found 1 test archive(s)
 - Removing 2 test methods: Math-23f-evosuite-branch.2.tar.bz2
--- org.apache.commons.math3.optimization.univariate.BrentOptimizer_ESTest3::test3
junit.framework.AssertionFailedError: expected:<11> but was:<6>
	at org.junit.Assert.fail(Assert.java:88)
	at org.junit.Assert.failNotEquals(Assert.java:743)
	at org.junit.Assert.assertEquals(Assert.java:118)
	at org.junit.Assert.assertEquals(Assert.java:555)
	at org.junit.Assert.assertEquals(Assert.java:542)
	at org.apache.commons.math3.optimization.univariate.BrentOptimizer_ESTest3.test3(BrentOptimizer_ESTest3.java:36)
	at sun.reflect.NativeMethodAccessorImpl.invoke0(Native Method)
	at sun.reflect.NativeMethodAccessorImpl.invoke(NativeMethodAccessorImpl.java:57)
	at sun.reflect.DelegatingMethodAccessorImpl.invoke(DelegatingMethodAccessorImpl.java:43)
	at java.lang.reflect.Method.invoke(Method.java:606)
	at org.junit.runners.model.FrameworkMethod$1.runReflectiveCall(FrameworkMethod.java:47)
	at org.junit.internal.runners.model.ReflectiveCallable.run(ReflectiveCallable.java:12)
	at org.junit.runners.model.FrameworkMethod.invokeExplosively(FrameworkMethod.java:44)
	at org.junit.internal.runners.statements.InvokeMethod.evaluate(InvokeMethod.java:17)
	at org.junit.internal.runners.statements.RunBefores.evaluate(RunBefores.java:26)
	at org.junit.internal.runners.statements.RunAfters.evaluate(RunAfters.java:27)
	at org.junit.internal.runners.statements.FailOnTimeout$StatementThread.run(FailOnTimeout.java:74)
--- org.apache.commons.math3.optimization.univariate.BrentOptimizer_ESTest6::test6
junit.framework.AssertionFailedError: expected:<2> but was:<3>
	at org.junit.Assert.fail(Assert.java:88)
	at org.junit.Assert.failNotEquals(Assert.java:743)
	at org.junit.Assert.assertEquals(Assert.java:118)
	at org.junit.Assert.assertEquals(Assert.java:555)
	at org.junit.Assert.assertEquals(Assert.java:542)
	at org.apache.commons.math3.optimization.univariate.BrentOptimizer_ESTest6.test6(BrentOptimizer_ESTest6.java:36)
	at sun.reflect.NativeMethodAccessorImpl.invoke0(Native Method)
	at sun.reflect.NativeMethodAccessorImpl.invoke(NativeMethodAccessorImpl.java:57)
	at sun.reflect.DelegatingMethodAccessorImpl.invoke(DelegatingMethodAccessorImpl.java:43)
	at java.lang.reflect.Method.invoke(Method.java:606)
	at org.junit.runners.model.FrameworkMethod$1.runReflectiveCall(FrameworkMethod.java:47)
	at org.junit.internal.runners.model.ReflectiveCallable.run(ReflectiveCallable.java:12)
	at org.junit.runners.model.FrameworkMethod.invokeExplosively(FrameworkMethod.java:44)
	at org.junit.internal.runners.statements.InvokeMethod.evaluate(InvokeMethod.java:17)
	at org.junit.internal.runners.statements.RunBefores.evaluate(RunBefores.java:26)
	at org.junit.internal.runners.statements.RunAfters.evaluate(RunAfters.java:27)
	at org.junit.internal.runners.statements.FailOnTimeout$StatementThread.run(FailOnTimeout.java:74)
######  End fixing tests  /home/to_donghwan/defects4j/framework/util/fix_test_suite.pl: 2017-07-27 12:31:32  ######
######  Start fixing tests  /home/to_donghwan/defects4j/framework/util/fix_test_suite.pl: 2017-07-27 12:37:03  ######
- Found 1 test archive(s)
 - Removing 1 test methods: Math-24f-evosuite-branch.2.tar.bz2
--- org.apache.commons.math3.optimization.univariate.BrentOptimizer_ESTest3::test3
junit.framework.AssertionFailedError: expected:<2> but was:<5>
	at org.junit.Assert.fail(Assert.java:88)
	at org.junit.Assert.failNotEquals(Assert.java:743)
	at org.junit.Assert.assertEquals(Assert.java:118)
	at org.junit.Assert.assertEquals(Assert.java:555)
	at org.junit.Assert.assertEquals(Assert.java:542)
	at org.apache.commons.math3.optimization.univariate.BrentOptimizer_ESTest3.test3(BrentOptimizer_ESTest3.java:37)
	at sun.reflect.NativeMethodAccessorImpl.invoke0(Native Method)
	at sun.reflect.NativeMethodAccessorImpl.invoke(NativeMethodAccessorImpl.java:57)
	at sun.reflect.DelegatingMethodAccessorImpl.invoke(DelegatingMethodAccessorImpl.java:43)
	at java.lang.reflect.Method.invoke(Method.java:606)
	at org.junit.runners.model.FrameworkMethod$1.runReflectiveCall(FrameworkMethod.java:47)
	at org.junit.internal.runners.model.ReflectiveCallable.run(ReflectiveCallable.java:12)
	at org.junit.runners.model.FrameworkMethod.invokeExplosively(FrameworkMethod.java:44)
	at org.junit.internal.runners.statements.InvokeMethod.evaluate(InvokeMethod.java:17)
	at org.junit.internal.runners.statements.RunBefores.evaluate(RunBefores.java:26)
	at org.junit.internal.runners.statements.RunAfters.evaluate(RunAfters.java:27)
	at org.junit.internal.runners.statements.FailOnTimeout$StatementThread.run(FailOnTimeout.java:74)
######  End fixing tests  /home/to_donghwan/defects4j/framework/util/fix_test_suite.pl: 2017-07-27 12:37:52  ######
######  Start fixing tests  /home/to_donghwan/defects4j/framework/util/fix_test_suite.pl: 2017-07-27 12:43:43  ######
- Found 1 test archive(s)
######  End fixing tests  /home/to_donghwan/defects4j/framework/util/fix_test_suite.pl: 2017-07-27 12:44:25  ######
######  Start fixing tests  /home/to_donghwan/defects4j/framework/util/fix_test_suite.pl: 2017-07-27 12:50:05  ######
- Found 1 test archive(s)
######  End fixing tests  /home/to_donghwan/defects4j/framework/util/fix_test_suite.pl: 2017-07-27 12:50:49  ######
######  Start fixing tests  /home/to_donghwan/defects4j/framework/util/fix_test_suite.pl: 2017-07-27 12:56:32  ######
- Found 1 test archive(s)
######  End fixing tests  /home/to_donghwan/defects4j/framework/util/fix_test_suite.pl: 2017-07-27 12:57:14  ######
######  Start fixing tests  /home/to_donghwan/defects4j/framework/util/fix_test_suite.pl: 2017-07-27 13:02:36  ######
- Found 1 test archive(s)
######  End fixing tests  /home/to_donghwan/defects4j/framework/util/fix_test_suite.pl: 2017-07-27 13:03:26  ######
######  Start fixing tests  /home/to_donghwan/defects4j/framework/util/fix_test_suite.pl: 2017-07-27 13:14:38  ######
- Found 1 test archive(s)
 - Removing 1 test methods: Math-29f-evosuite-branch.2.tar.bz2
--- org.apache.commons.math3.linear.OpenMapRealVector_ESTest15::test15
junit.framework.AssertionFailedError: expected:<0.7142857142857143> but was:<1.0>
	at org.junit.Assert.fail(Assert.java:88)
	at org.junit.Assert.failNotEquals(Assert.java:743)
	at org.junit.Assert.assertEquals(Assert.java:494)
	at org.junit.Assert.assertEquals(Assert.java:592)
	at org.apache.commons.math3.linear.OpenMapRealVector_ESTest15.test15(OpenMapRealVector_ESTest15.java:41)
	at sun.reflect.NativeMethodAccessorImpl.invoke0(Native Method)
	at sun.reflect.NativeMethodAccessorImpl.invoke(NativeMethodAccessorImpl.java:57)
	at sun.reflect.DelegatingMethodAccessorImpl.invoke(DelegatingMethodAccessorImpl.java:43)
	at java.lang.reflect.Method.invoke(Method.java:606)
	at org.junit.runners.model.FrameworkMethod$1.runReflectiveCall(FrameworkMethod.java:47)
	at org.junit.internal.runners.model.ReflectiveCallable.run(ReflectiveCallable.java:12)
	at org.junit.runners.model.FrameworkMethod.invokeExplosively(FrameworkMethod.java:44)
	at org.junit.internal.runners.statements.InvokeMethod.evaluate(InvokeMethod.java:17)
	at org.junit.internal.runners.statements.RunBefores.evaluate(RunBefores.java:26)
	at org.junit.internal.runners.statements.RunAfters.evaluate(RunAfters.java:27)
	at org.junit.internal.runners.statements.FailOnTimeout$StatementThread.run(FailOnTimeout.java:74)
######  End fixing tests  /home/to_donghwan/defects4j/framework/util/fix_test_suite.pl: 2017-07-27 13:15:33  ######
######  Start fixing tests  /home/to_donghwan/defects4j/framework/util/fix_test_suite.pl: 2017-07-27 13:20:52  ######
- Found 1 test archive(s)
######  End fixing tests  /home/to_donghwan/defects4j/framework/util/fix_test_suite.pl: 2017-07-27 13:21:32  ######
######  Start fixing tests  /home/to_donghwan/defects4j/framework/util/fix_test_suite.pl: 2017-07-27 13:26:53  ######
- Found 0 test archive(s)
######  End fixing tests  /home/to_donghwan/defects4j/framework/util/fix_test_suite.pl: 2017-07-27 13:26:53  ######
######  Start fixing tests  /home/to_donghwan/defects4j/framework/util/fix_test_suite.pl: 2017-07-27 13:32:36  ######
- Found 1 test archive(s)
######  End fixing tests  /home/to_donghwan/defects4j/framework/util/fix_test_suite.pl: 2017-07-27 13:33:46  ######
######  Start fixing tests  /home/to_donghwan/defects4j/framework/util/fix_test_suite.pl: 2017-07-27 13:34:21  ######
- Found 0 test archive(s)
######  End fixing tests  /home/to_donghwan/defects4j/framework/util/fix_test_suite.pl: 2017-07-27 13:34:21  ######
######  Start fixing tests  /home/to_donghwan/defects4j/framework/util/fix_test_suite.pl: 2017-07-27 13:39:56  ######
- Found 1 test archive(s)
######  End fixing tests  /home/to_donghwan/defects4j/framework/util/fix_test_suite.pl: 2017-07-27 13:40:46  ######
######  Start fixing tests  /home/to_donghwan/defects4j/framework/util/fix_test_suite.pl: 2017-07-27 13:45:00  ######
- Found 1 test archive(s)
######  End fixing tests  /home/to_donghwan/defects4j/framework/util/fix_test_suite.pl: 2017-07-27 13:45:37  ######
######  Start fixing tests  /home/to_donghwan/defects4j/framework/util/fix_test_suite.pl: 2017-07-27 14:05:01  ######
- Found 0 test archive(s)
######  End fixing tests  /home/to_donghwan/defects4j/framework/util/fix_test_suite.pl: 2017-07-27 14:05:01  ######
######  Start fixing tests  /home/to_donghwan/defects4j/framework/util/fix_test_suite.pl: 2017-07-27 14:11:36  ######
- Found 1 test archive(s)
######  End fixing tests  /home/to_donghwan/defects4j/framework/util/fix_test_suite.pl: 2017-07-27 14:13:05  ######
######  Start fixing tests  /home/to_donghwan/defects4j/framework/util/fix_test_suite.pl: 2017-07-27 14:23:25  ######
- Found 1 test archive(s)
 - Removing 3 test methods: Math-38f-evosuite-branch.2.tar.bz2
--- org.apache.commons.math.optimization.direct.BOBYQAOptimizer_ESTest1::test1
org.evosuite.runtime.TooManyResourcesException: Loop has been executed more times than the allowed 100000
	at org.evosuite.runtime.LoopCounter.checkLoop(LoopCounter.java:82)
	at org.apache.commons.math.linear.Array2DRowRealMatrix.getRowDimension(Array2DRowRealMatrix.java:322)
	at org.apache.commons.math.linear.MatrixUtils.checkRowIndex(MatrixUtils.java:379)
	at org.apache.commons.math.linear.MatrixUtils.checkMatrixIndex(MatrixUtils.java:367)
	at org.apache.commons.math.linear.Array2DRowRealMatrix.getEntry(Array2DRowRealMatrix.java:294)
	at org.apache.commons.math.optimization.direct.BOBYQAOptimizer.bobyqb(BOBYQAOptimizer.java:708)
	at org.apache.commons.math.optimization.direct.BOBYQAOptimizer.bobyqa(BOBYQAOptimizer.java:332)
	at org.apache.commons.math.optimization.direct.BOBYQAOptimizer.doOptimize(BOBYQAOptimizer.java:244)
	at org.apache.commons.math.optimization.direct.BaseAbstractMultivariateOptimizer.optimize(BaseAbstractMultivariateOptimizer.java:125)
	at org.apache.commons.math.optimization.direct.BaseAbstractMultivariateSimpleBoundsOptimizer.optimize(BaseAbstractMultivariateSimpleBoundsOptimizer.java:138)
	at org.apache.commons.math.optimization.direct.BaseAbstractMultivariateSimpleBoundsOptimizer.optimize(BaseAbstractMultivariateSimpleBoundsOptimizer.java:85)
	at org.apache.commons.math.optimization.direct.BOBYQAOptimizer_ESTest1.test1(BOBYQAOptimizer_ESTest1.java:49)
	at sun.reflect.NativeMethodAccessorImpl.invoke0(Native Method)
	at sun.reflect.NativeMethodAccessorImpl.invoke(NativeMethodAccessorImpl.java:57)
	at sun.reflect.DelegatingMethodAccessorImpl.invoke(DelegatingMethodAccessorImpl.java:43)
	at java.lang.reflect.Method.invoke(Method.java:606)
	at org.junit.runners.model.FrameworkMethod$1.runReflectiveCall(FrameworkMethod.java:47)
	at org.junit.internal.runners.model.ReflectiveCallable.run(ReflectiveCallable.java:12)
	at org.junit.runners.model.FrameworkMethod.invokeExplosively(FrameworkMethod.java:44)
	at org.junit.internal.runners.statements.InvokeMethod.evaluate(InvokeMethod.java:17)
	at org.junit.internal.runners.statements.RunBefores.evaluate(RunBefores.java:26)
	at org.junit.internal.runners.statements.RunAfters.evaluate(RunAfters.java:27)
	at org.junit.internal.runners.statements.FailOnTimeout$StatementThread.run(FailOnTimeout.java:74)
--- org.apache.commons.math.optimization.direct.BOBYQAOptimizer_ESTest2::test2
org.evosuite.runtime.TooManyResourcesException: Loop has been executed more times than the allowed 100000
	at org.evosuite.runtime.LoopCounter.checkLoop(LoopCounter.java:82)
	at org.apache.commons.math.linear.Array2DRowRealMatrix.getRowDimension(Array2DRowRealMatrix.java:322)
	at org.apache.commons.math.linear.MatrixUtils.checkRowIndex(MatrixUtils.java:379)
	at org.apache.commons.math.linear.MatrixUtils.checkMatrixIndex(MatrixUtils.java:367)
	at org.apache.commons.math.linear.Array2DRowRealMatrix.getEntry(Array2DRowRealMatrix.java:294)
	at org.apache.commons.math.optimization.direct.BOBYQAOptimizer.bobyqb(BOBYQAOptimizer.java:708)
	at org.apache.commons.math.optimization.direct.BOBYQAOptimizer.bobyqa(BOBYQAOptimizer.java:332)
	at org.apache.commons.math.optimization.direct.BOBYQAOptimizer.doOptimize(BOBYQAOptimizer.java:244)
	at org.apache.commons.math.optimization.direct.BaseAbstractMultivariateOptimizer.optimize(BaseAbstractMultivariateOptimizer.java:125)
	at org.apache.commons.math.optimization.direct.BaseAbstractMultivariateSimpleBoundsOptimizer.optimize(BaseAbstractMultivariateSimpleBoundsOptimizer.java:138)
	at org.apache.commons.math.optimization.direct.BaseAbstractMultivariateSimpleBoundsOptimizer.optimize(BaseAbstractMultivariateSimpleBoundsOptimizer.java:85)
	at org.apache.commons.math.optimization.direct.BOBYQAOptimizer_ESTest2.test2(BOBYQAOptimizer_ESTest2.java:49)
	at sun.reflect.NativeMethodAccessorImpl.invoke0(Native Method)
	at sun.reflect.NativeMethodAccessorImpl.invoke(NativeMethodAccessorImpl.java:57)
	at sun.reflect.DelegatingMethodAccessorImpl.invoke(DelegatingMethodAccessorImpl.java:43)
	at java.lang.reflect.Method.invoke(Method.java:606)
	at org.junit.runners.model.FrameworkMethod$1.runReflectiveCall(FrameworkMethod.java:47)
	at org.junit.internal.runners.model.ReflectiveCallable.run(ReflectiveCallable.java:12)
	at org.junit.runners.model.FrameworkMethod.invokeExplosively(FrameworkMethod.java:44)
	at org.junit.internal.runners.statements.InvokeMethod.evaluate(InvokeMethod.java:17)
	at org.junit.internal.runners.statements.RunBefores.evaluate(RunBefores.java:26)
	at org.junit.internal.runners.statements.RunAfters.evaluate(RunAfters.java:27)
	at org.junit.internal.runners.statements.FailOnTimeout$StatementThread.run(FailOnTimeout.java:74)
--- org.apache.commons.math.optimization.direct.BOBYQAOptimizer_ESTest4::test4
junit.framework.AssertionFailedError: Expecting exception: ArrayIndexOutOfBoundsException
	at org.junit.Assert.fail(Assert.java:88)
	at org.apache.commons.math.optimization.direct.BOBYQAOptimizer_ESTest4.test4(BOBYQAOptimizer_ESTest4.java:51)
	at sun.reflect.NativeMethodAccessorImpl.invoke0(Native Method)
	at sun.reflect.NativeMethodAccessorImpl.invoke(NativeMethodAccessorImpl.java:57)
	at sun.reflect.DelegatingMethodAccessorImpl.invoke(DelegatingMethodAccessorImpl.java:43)
	at java.lang.reflect.Method.invoke(Method.java:606)
	at org.junit.runners.model.FrameworkMethod$1.runReflectiveCall(FrameworkMethod.java:47)
	at org.junit.internal.runners.model.ReflectiveCallable.run(ReflectiveCallable.java:12)
	at org.junit.runners.model.FrameworkMethod.invokeExplosively(FrameworkMethod.java:44)
	at org.junit.internal.runners.statements.InvokeMethod.evaluate(InvokeMethod.java:17)
	at org.junit.internal.runners.statements.RunBefores.evaluate(RunBefores.java:26)
	at org.junit.internal.runners.statements.RunAfters.evaluate(RunAfters.java:27)
	at org.junit.internal.runners.statements.FailOnTimeout$StatementThread.run(FailOnTimeout.java:74)
######  End fixing tests  /home/to_donghwan/defects4j/framework/util/fix_test_suite.pl: 2017-07-27 14:24:47  ######
######  Start fixing tests  /home/to_donghwan/defects4j/framework/util/fix_test_suite.pl: 2017-07-27 14:30:28  ######
- Found 1 test archive(s)
######  End fixing tests  /home/to_donghwan/defects4j/framework/util/fix_test_suite.pl: 2017-07-27 14:31:32  ######
######  Start fixing tests  /home/to_donghwan/defects4j/framework/util/fix_test_suite.pl: 2017-07-27 14:40:40  ######
- Found 1 test archive(s)
######  End fixing tests  /home/to_donghwan/defects4j/framework/util/fix_test_suite.pl: 2017-07-27 14:41:37  ######
######  Start fixing tests  /home/to_donghwan/defects4j/framework/util/fix_test_suite.pl: 2017-07-27 14:47:19  ######
- Found 1 test archive(s)
######  End fixing tests  /home/to_donghwan/defects4j/framework/util/fix_test_suite.pl: 2017-07-27 14:48:03  ######
######  Start fixing tests  /home/to_donghwan/defects4j/framework/util/fix_test_suite.pl: 2017-07-27 14:54:07  ######
- Found 1 test archive(s)
 - Removing 5 test methods: Math-42f-evosuite-branch.2.tar.bz2
--- org.apache.commons.math.optimization.linear.SimplexTableau_ESTest12::test12
junit.framework.AssertionFailedError: Expecting exception: NullPointerException
	at org.junit.Assert.fail(Assert.java:88)
	at org.apache.commons.math.optimization.linear.SimplexTableau_ESTest12.test12(SimplexTableau_ESTest12.java:43)
	at sun.reflect.NativeMethodAccessorImpl.invoke0(Native Method)
	at sun.reflect.NativeMethodAccessorImpl.invoke(NativeMethodAccessorImpl.java:57)
	at sun.reflect.DelegatingMethodAccessorImpl.invoke(DelegatingMethodAccessorImpl.java:43)
	at java.lang.reflect.Method.invoke(Method.java:606)
	at org.junit.runners.model.FrameworkMethod$1.runReflectiveCall(FrameworkMethod.java:47)
	at org.junit.internal.runners.model.ReflectiveCallable.run(ReflectiveCallable.java:12)
	at org.junit.runners.model.FrameworkMethod.invokeExplosively(FrameworkMethod.java:44)
	at org.junit.internal.runners.statements.InvokeMethod.evaluate(InvokeMethod.java:17)
	at org.junit.internal.runners.statements.RunBefores.evaluate(RunBefores.java:26)
	at org.junit.internal.runners.statements.RunAfters.evaluate(RunAfters.java:27)
	at org.junit.internal.runners.statements.FailOnTimeout$StatementThread.run(FailOnTimeout.java:74)
--- org.apache.commons.math.optimization.linear.SimplexTableau_ESTest13::test13
junit.framework.AssertionFailedError: Expecting exception: NullPointerException
	at org.junit.Assert.fail(Assert.java:88)
	at org.apache.commons.math.optimization.linear.SimplexTableau_ESTest13.test13(SimplexTableau_ESTest13.java:47)
	at sun.reflect.NativeMethodAccessorImpl.invoke0(Native Method)
	at sun.reflect.NativeMethodAccessorImpl.invoke(NativeMethodAccessorImpl.java:57)
	at sun.reflect.DelegatingMethodAccessorImpl.invoke(DelegatingMethodAccessorImpl.java:43)
	at java.lang.reflect.Method.invoke(Method.java:606)
	at org.junit.runners.model.FrameworkMethod$1.runReflectiveCall(FrameworkMethod.java:47)
	at org.junit.internal.runners.model.ReflectiveCallable.run(ReflectiveCallable.java:12)
	at org.junit.runners.model.FrameworkMethod.invokeExplosively(FrameworkMethod.java:44)
	at org.junit.internal.runners.statements.InvokeMethod.evaluate(InvokeMethod.java:17)
	at org.junit.internal.runners.statements.RunBefores.evaluate(RunBefores.java:26)
	at org.junit.internal.runners.statements.RunAfters.evaluate(RunAfters.java:27)
	at org.junit.internal.runners.statements.FailOnTimeout$StatementThread.run(FailOnTimeout.java:74)
--- org.apache.commons.math.optimization.linear.SimplexTableau_ESTest14::test14
junit.framework.AssertionFailedError: Expecting exception: NullPointerException
	at org.junit.Assert.fail(Assert.java:88)
	at org.apache.commons.math.optimization.linear.SimplexTableau_ESTest14.test14(SimplexTableau_ESTest14.java:47)
	at sun.reflect.NativeMethodAccessorImpl.invoke0(Native Method)
	at sun.reflect.NativeMethodAccessorImpl.invoke(NativeMethodAccessorImpl.java:57)
	at sun.reflect.DelegatingMethodAccessorImpl.invoke(DelegatingMethodAccessorImpl.java:43)
	at java.lang.reflect.Method.invoke(Method.java:606)
	at org.junit.runners.model.FrameworkMethod$1.runReflectiveCall(FrameworkMethod.java:47)
	at org.junit.internal.runners.model.ReflectiveCallable.run(ReflectiveCallable.java:12)
	at org.junit.runners.model.FrameworkMethod.invokeExplosively(FrameworkMethod.java:44)
	at org.junit.internal.runners.statements.InvokeMethod.evaluate(InvokeMethod.java:17)
	at org.junit.internal.runners.statements.RunBefores.evaluate(RunBefores.java:26)
	at org.junit.internal.runners.statements.RunAfters.evaluate(RunAfters.java:27)
	at org.junit.internal.runners.statements.FailOnTimeout$StatementThread.run(FailOnTimeout.java:74)
--- org.apache.commons.math.optimization.linear.SimplexTableau_ESTest16::test16
junit.framework.AssertionFailedError
	at org.junit.Assert.fail(Assert.java:86)
	at org.junit.Assert.assertTrue(Assert.java:41)
	at org.junit.Assert.assertTrue(Assert.java:52)
	at org.apache.commons.math.optimization.linear.SimplexTableau_ESTest16.test16(SimplexTableau_ESTest16.java:42)
	at sun.reflect.NativeMethodAccessorImpl.invoke0(Native Method)
	at sun.reflect.NativeMethodAccessorImpl.invoke(NativeMethodAccessorImpl.java:57)
	at sun.reflect.DelegatingMethodAccessorImpl.invoke(DelegatingMethodAccessorImpl.java:43)
	at java.lang.reflect.Method.invoke(Method.java:606)
	at org.junit.runners.model.FrameworkMethod$1.runReflectiveCall(FrameworkMethod.java:47)
	at org.junit.internal.runners.model.ReflectiveCallable.run(ReflectiveCallable.java:12)
	at org.junit.runners.model.FrameworkMethod.invokeExplosively(FrameworkMethod.java:44)
	at org.junit.internal.runners.statements.InvokeMethod.evaluate(InvokeMethod.java:17)
	at org.junit.internal.runners.statements.RunBefores.evaluate(RunBefores.java:26)
	at org.junit.internal.runners.statements.RunAfters.evaluate(RunAfters.java:27)
	at org.junit.internal.runners.statements.FailOnTimeout$StatementThread.run(FailOnTimeout.java:74)
--- org.apache.commons.math.optimization.linear.SimplexTableau_ESTest5::test05
junit.framework.AssertionFailedError: Expecting exception: NullPointerException
	at org.junit.Assert.fail(Assert.java:88)
	at org.apache.commons.math.optimization.linear.SimplexTableau_ESTest5.test05(SimplexTableau_ESTest5.java:46)
	at sun.reflect.NativeMethodAccessorImpl.invoke0(Native Method)
	at sun.reflect.NativeMethodAccessorImpl.invoke(NativeMethodAccessorImpl.java:57)
	at sun.reflect.DelegatingMethodAccessorImpl.invoke(DelegatingMethodAccessorImpl.java:43)
	at java.lang.reflect.Method.invoke(Method.java:606)
	at org.junit.runners.model.FrameworkMethod$1.runReflectiveCall(FrameworkMethod.java:47)
	at org.junit.internal.runners.model.ReflectiveCallable.run(ReflectiveCallable.java:12)
	at org.junit.runners.model.FrameworkMethod.invokeExplosively(FrameworkMethod.java:44)
	at org.junit.internal.runners.statements.InvokeMethod.evaluate(InvokeMethod.java:17)
	at org.junit.internal.runners.statements.RunBefores.evaluate(RunBefores.java:26)
	at org.junit.internal.runners.statements.RunAfters.evaluate(RunAfters.java:27)
	at org.junit.internal.runners.statements.FailOnTimeout$StatementThread.run(FailOnTimeout.java:74)
######  End fixing tests  /home/to_donghwan/defects4j/framework/util/fix_test_suite.pl: 2017-07-27 14:55:05  ######
######  Start fixing tests  /home/to_donghwan/defects4j/framework/util/fix_test_suite.pl: 2017-07-27 14:55:46  ######
- Found 1 test archive(s)
######  End fixing tests  /home/to_donghwan/defects4j/framework/util/fix_test_suite.pl: 2017-07-27 14:56:36  ######
######  Start fixing tests  /home/to_donghwan/defects4j/framework/util/fix_test_suite.pl: 2017-07-27 15:02:05  ######
- Found 1 test archive(s)
######  End fixing tests  /home/to_donghwan/defects4j/framework/util/fix_test_suite.pl: 2017-07-27 15:02:54  ######
######  Start fixing tests  /home/to_donghwan/defects4j/framework/util/fix_test_suite.pl: 2017-07-27 15:10:09  ######
- Found 1 test archive(s)
######  End fixing tests  /home/to_donghwan/defects4j/framework/util/fix_test_suite.pl: 2017-07-27 15:10:56  ######
######  Start fixing tests  /home/to_donghwan/defects4j/framework/util/fix_test_suite.pl: 2017-07-27 15:16:32  ######
- Found 1 test archive(s)
######  End fixing tests  /home/to_donghwan/defects4j/framework/util/fix_test_suite.pl: 2017-07-27 15:17:25  ######
######  Start fixing tests  /home/to_donghwan/defects4j/framework/util/fix_test_suite.pl: 2017-07-27 15:23:04  ######
- Found 1 test archive(s)
######  End fixing tests  /home/to_donghwan/defects4j/framework/util/fix_test_suite.pl: 2017-07-27 15:23:56  ######
######  Start fixing tests  /home/to_donghwan/defects4j/framework/util/fix_test_suite.pl: 2017-07-27 15:29:22  ######
- Found 1 test archive(s)
######  End fixing tests  /home/to_donghwan/defects4j/framework/util/fix_test_suite.pl: 2017-07-27 15:30:08  ######
######  Start fixing tests  /home/to_donghwan/defects4j/framework/util/fix_test_suite.pl: 2017-07-27 15:35:41  ######
- Found 1 test archive(s)
######  End fixing tests  /home/to_donghwan/defects4j/framework/util/fix_test_suite.pl: 2017-07-27 15:36:31  ######
######  Start fixing tests  /home/to_donghwan/defects4j/framework/util/fix_test_suite.pl: 2017-07-27 15:41:55  ######
- Found 1 test archive(s)
######  End fixing tests  /home/to_donghwan/defects4j/framework/util/fix_test_suite.pl: 2017-07-27 15:42:39  ######
######  Start fixing tests  /home/to_donghwan/defects4j/framework/util/fix_test_suite.pl: 2017-07-27 15:48:05  ######
- Found 1 test archive(s)
######  End fixing tests  /home/to_donghwan/defects4j/framework/util/fix_test_suite.pl: 2017-07-27 15:48:48  ######
######  Start fixing tests  /home/to_donghwan/defects4j/framework/util/fix_test_suite.pl: 2017-07-27 15:54:34  ######
- Found 1 test archive(s)
######  End fixing tests  /home/to_donghwan/defects4j/framework/util/fix_test_suite.pl: 2017-07-27 15:55:53  ######
######  Start fixing tests  /home/to_donghwan/defects4j/framework/util/fix_test_suite.pl: 2017-07-27 16:01:29  ######
- Found 1 test archive(s)
######  End fixing tests  /home/to_donghwan/defects4j/framework/util/fix_test_suite.pl: 2017-07-27 16:02:19  ######
######  Start fixing tests  /home/to_donghwan/defects4j/framework/util/fix_test_suite.pl: 2017-07-27 16:17:39  ######
- Found 0 test archive(s)
######  End fixing tests  /home/to_donghwan/defects4j/framework/util/fix_test_suite.pl: 2017-07-27 16:17:39  ######
######  Start fixing tests  /home/to_donghwan/defects4j/framework/util/fix_test_suite.pl: 2017-07-27 16:23:20  ######
- Found 1 test archive(s)
######  End fixing tests  /home/to_donghwan/defects4j/framework/util/fix_test_suite.pl: 2017-07-27 16:24:05  ######
######  Start fixing tests  /home/to_donghwan/defects4j/framework/util/fix_test_suite.pl: 2017-07-27 16:29:24  ######
- Found 0 test archive(s)
######  End fixing tests  /home/to_donghwan/defects4j/framework/util/fix_test_suite.pl: 2017-07-27 16:29:24  ######
######  Start fixing tests  /home/to_donghwan/defects4j/framework/util/fix_test_suite.pl: 2017-07-27 16:36:10  ######
- Found 1 test archive(s)
######  End fixing tests  /home/to_donghwan/defects4j/framework/util/fix_test_suite.pl: 2017-07-27 16:36:51  ######
######  Start fixing tests  /home/to_donghwan/defects4j/framework/util/fix_test_suite.pl: 2017-07-27 16:42:36  ######
- Found 1 test archive(s)
######  End fixing tests  /home/to_donghwan/defects4j/framework/util/fix_test_suite.pl: 2017-07-27 16:43:18  ######
######  Start fixing tests  /home/to_donghwan/defects4j/framework/util/fix_test_suite.pl: 2017-07-27 16:43:37  ######
- Found 0 test archive(s)
######  End fixing tests  /home/to_donghwan/defects4j/framework/util/fix_test_suite.pl: 2017-07-27 16:43:37  ######
######  Start fixing tests  /home/to_donghwan/defects4j/framework/util/fix_test_suite.pl: 2017-07-27 16:43:53  ######
- Found 0 test archive(s)
######  End fixing tests  /home/to_donghwan/defects4j/framework/util/fix_test_suite.pl: 2017-07-27 16:43:53  ######
######  Start fixing tests  /home/to_donghwan/defects4j/framework/util/fix_test_suite.pl: 2017-07-27 16:49:13  ######
- Found 1 test archive(s)
######  End fixing tests  /home/to_donghwan/defects4j/framework/util/fix_test_suite.pl: 2017-07-27 16:49:50  ######
######  Start fixing tests  /home/to_donghwan/defects4j/framework/util/fix_test_suite.pl: 2017-07-27 16:55:11  ######
- Found 1 test archive(s)
######  End fixing tests  /home/to_donghwan/defects4j/framework/util/fix_test_suite.pl: 2017-07-27 16:56:13  ######
######  Start fixing tests  /home/to_donghwan/defects4j/framework/util/fix_test_suite.pl: 2017-07-27 17:06:10  ######
- Found 1 test archive(s)
 - Removing 2 test methods: Math-63f-evosuite-branch.2.tar.bz2
--- org.apache.commons.math.util.MathUtils_ESTest44::test044
java.lang.NoClassDefFoundError: Could not initialize class org.apache.commons.math.util.FastMath
	at org.apache.commons.math.util.MathUtils.equals(MathUtils.java:492)
	at org.apache.commons.math.util.MathUtils_ESTest44.test044(MathUtils_ESTest44.java:28)
	at sun.reflect.NativeMethodAccessorImpl.invoke0(Native Method)
	at sun.reflect.NativeMethodAccessorImpl.invoke(NativeMethodAccessorImpl.java:57)
	at sun.reflect.DelegatingMethodAccessorImpl.invoke(DelegatingMethodAccessorImpl.java:43)
	at java.lang.reflect.Method.invoke(Method.java:606)
	at org.junit.runners.model.FrameworkMethod$1.runReflectiveCall(FrameworkMethod.java:47)
	at org.junit.internal.runners.model.ReflectiveCallable.run(ReflectiveCallable.java:12)
	at org.junit.runners.model.FrameworkMethod.invokeExplosively(FrameworkMethod.java:44)
	at org.junit.internal.runners.statements.InvokeMethod.evaluate(InvokeMethod.java:17)
	at org.junit.internal.runners.statements.RunBefores.evaluate(RunBefores.java:26)
	at org.junit.internal.runners.statements.RunAfters.evaluate(RunAfters.java:27)
	at org.junit.internal.runners.statements.FailOnTimeout$StatementThread.run(FailOnTimeout.java:74)
--- org.apache.commons.math.util.MathUtils_ESTest45::test045
java.lang.NoClassDefFoundError: Could not initialize class org.apache.commons.math.util.FastMath
	at org.apache.commons.math.util.MathUtils.equals(MathUtils.java:492)
	at org.apache.commons.math.util.MathUtils.equalsIncludingNaN(MathUtils.java:509)
	at org.apache.commons.math.util.MathUtils_ESTest45.test045(MathUtils_ESTest45.java:28)
	at sun.reflect.NativeMethodAccessorImpl.invoke0(Native Method)
	at sun.reflect.NativeMethodAccessorImpl.invoke(NativeMethodAccessorImpl.java:57)
	at sun.reflect.DelegatingMethodAccessorImpl.invoke(DelegatingMethodAccessorImpl.java:43)
	at java.lang.reflect.Method.invoke(Method.java:606)
	at org.junit.runners.model.FrameworkMethod$1.runReflectiveCall(FrameworkMethod.java:47)
	at org.junit.internal.runners.model.ReflectiveCallable.run(ReflectiveCallable.java:12)
	at org.junit.runners.model.FrameworkMethod.invokeExplosively(FrameworkMethod.java:44)
	at org.junit.internal.runners.statements.InvokeMethod.evaluate(InvokeMethod.java:17)
	at org.junit.internal.runners.statements.RunBefores.evaluate(RunBefores.java:26)
	at org.junit.internal.runners.statements.RunAfters.evaluate(RunAfters.java:27)
	at org.junit.internal.runners.statements.FailOnTimeout$StatementThread.run(FailOnTimeout.java:74)
######  End fixing tests  /home/to_donghwan/defects4j/framework/util/fix_test_suite.pl: 2017-07-27 17:07:11  ######
######  Start fixing tests  /home/to_donghwan/defects4j/framework/util/fix_test_suite.pl: 2017-07-27 17:12:33  ######
- Found 1 test archive(s)
######  End fixing tests  /home/to_donghwan/defects4j/framework/util/fix_test_suite.pl: 2017-07-27 17:13:13  ######
######  Start fixing tests  /home/to_donghwan/defects4j/framework/util/fix_test_suite.pl: 2017-07-27 17:18:34  ######
- Found 1 test archive(s)
######  End fixing tests  /home/to_donghwan/defects4j/framework/util/fix_test_suite.pl: 2017-07-27 17:19:11  ######
######  Start fixing tests  /home/to_donghwan/defects4j/framework/util/fix_test_suite.pl: 2017-07-27 17:19:56  ######
- Found 1 test archive(s)
 - Removing 4 test methods: Math-66f-evosuite-branch.2.tar.bz2
--- org.apache.commons.math.optimization.univariate.BrentOptimizer_ESTest2::test2
junit.framework.AssertionFailedError: expected:<42> but was:<51>
	at org.junit.Assert.fail(Assert.java:88)
	at org.junit.Assert.failNotEquals(Assert.java:743)
	at org.junit.Assert.assertEquals(Assert.java:118)
	at org.junit.Assert.assertEquals(Assert.java:555)
	at org.junit.Assert.assertEquals(Assert.java:542)
	at org.apache.commons.math.optimization.univariate.BrentOptimizer_ESTest2.test2(BrentOptimizer_ESTest2.java:35)
	at sun.reflect.NativeMethodAccessorImpl.invoke0(Native Method)
	at sun.reflect.NativeMethodAccessorImpl.invoke(NativeMethodAccessorImpl.java:57)
	at sun.reflect.DelegatingMethodAccessorImpl.invoke(DelegatingMethodAccessorImpl.java:43)
	at java.lang.reflect.Method.invoke(Method.java:606)
	at org.junit.runners.model.FrameworkMethod$1.runReflectiveCall(FrameworkMethod.java:47)
	at org.junit.internal.runners.model.ReflectiveCallable.run(ReflectiveCallable.java:12)
	at org.junit.runners.model.FrameworkMethod.invokeExplosively(FrameworkMethod.java:44)
	at org.junit.internal.runners.statements.InvokeMethod.evaluate(InvokeMethod.java:17)
	at org.junit.internal.runners.statements.RunBefores.evaluate(RunBefores.java:26)
	at org.junit.internal.runners.statements.RunAfters.evaluate(RunAfters.java:27)
	at org.junit.internal.runners.statements.FailOnTimeout$StatementThread.run(FailOnTimeout.java:74)
--- org.apache.commons.math.optimization.univariate.BrentOptimizer_ESTest4::test4
junit.framework.AssertionFailedError: expected:<42> but was:<27>
	at org.junit.Assert.fail(Assert.java:88)
	at org.junit.Assert.failNotEquals(Assert.java:743)
	at org.junit.Assert.assertEquals(Assert.java:118)
	at org.junit.Assert.assertEquals(Assert.java:555)
	at org.junit.Assert.assertEquals(Assert.java:542)
	at org.apache.commons.math.optimization.univariate.BrentOptimizer_ESTest4.test4(BrentOptimizer_ESTest4.java:35)
	at sun.reflect.NativeMethodAccessorImpl.invoke0(Native Method)
	at sun.reflect.NativeMethodAccessorImpl.invoke(NativeMethodAccessorImpl.java:57)
	at sun.reflect.DelegatingMethodAccessorImpl.invoke(DelegatingMethodAccessorImpl.java:43)
	at java.lang.reflect.Method.invoke(Method.java:606)
	at org.junit.runners.model.FrameworkMethod$1.runReflectiveCall(FrameworkMethod.java:47)
	at org.junit.internal.runners.model.ReflectiveCallable.run(ReflectiveCallable.java:12)
	at org.junit.runners.model.FrameworkMethod.invokeExplosively(FrameworkMethod.java:44)
	at org.junit.internal.runners.statements.InvokeMethod.evaluate(InvokeMethod.java:17)
	at org.junit.internal.runners.statements.RunBefores.evaluate(RunBefores.java:26)
	at org.junit.internal.runners.statements.RunAfters.evaluate(RunAfters.java:27)
	at org.junit.internal.runners.statements.FailOnTimeout$StatementThread.run(FailOnTimeout.java:74)
--- org.apache.commons.math.optimization.univariate.BrentOptimizer_ESTest5::test5
junit.framework.AssertionFailedError: expected:<15> but was:<16>
	at org.junit.Assert.fail(Assert.java:88)
	at org.junit.Assert.failNotEquals(Assert.java:743)
	at org.junit.Assert.assertEquals(Assert.java:118)
	at org.junit.Assert.assertEquals(Assert.java:555)
	at org.junit.Assert.assertEquals(Assert.java:542)
	at org.apache.commons.math.optimization.univariate.BrentOptimizer_ESTest5.test5(BrentOptimizer_ESTest5.java:41)
	at sun.reflect.NativeMethodAccessorImpl.invoke0(Native Method)
	at sun.reflect.NativeMethodAccessorImpl.invoke(NativeMethodAccessorImpl.java:57)
	at sun.reflect.DelegatingMethodAccessorImpl.invoke(DelegatingMethodAccessorImpl.java:43)
	at java.lang.reflect.Method.invoke(Method.java:606)
	at org.junit.runners.model.FrameworkMethod$1.runReflectiveCall(FrameworkMethod.java:47)
	at org.junit.internal.runners.model.ReflectiveCallable.run(ReflectiveCallable.java:12)
	at org.junit.runners.model.FrameworkMethod.invokeExplosively(FrameworkMethod.java:44)
	at org.junit.internal.runners.statements.InvokeMethod.evaluate(InvokeMethod.java:17)
	at org.junit.internal.runners.statements.RunBefores.evaluate(RunBefores.java:26)
	at org.junit.internal.runners.statements.RunAfters.evaluate(RunAfters.java:27)
	at org.junit.internal.runners.statements.FailOnTimeout$StatementThread.run(FailOnTimeout.java:74)
--- org.apache.commons.math.optimization.univariate.BrentOptimizer_ESTest6::test6
junit.framework.AssertionFailedError: expected:<54> but was:<26>
	at org.junit.Assert.fail(Assert.java:88)
	at org.junit.Assert.failNotEquals(Assert.java:743)
	at org.junit.Assert.assertEquals(Assert.java:118)
	at org.junit.Assert.assertEquals(Assert.java:555)
	at org.junit.Assert.assertEquals(Assert.java:542)
	at org.apache.commons.math.optimization.univariate.BrentOptimizer_ESTest6.test6(BrentOptimizer_ESTest6.java:35)
	at sun.reflect.NativeMethodAccessorImpl.invoke0(Native Method)
	at sun.reflect.NativeMethodAccessorImpl.invoke(NativeMethodAccessorImpl.java:57)
	at sun.reflect.DelegatingMethodAccessorImpl.invoke(DelegatingMethodAccessorImpl.java:43)
	at java.lang.reflect.Method.invoke(Method.java:606)
	at org.junit.runners.model.FrameworkMethod$1.runReflectiveCall(FrameworkMethod.java:47)
	at org.junit.internal.runners.model.ReflectiveCallable.run(ReflectiveCallable.java:12)
	at org.junit.runners.model.FrameworkMethod.invokeExplosively(FrameworkMethod.java:44)
	at org.junit.internal.runners.statements.InvokeMethod.evaluate(InvokeMethod.java:17)
	at org.junit.internal.runners.statements.RunBefores.evaluate(RunBefores.java:26)
	at org.junit.internal.runners.statements.RunAfters.evaluate(RunAfters.java:27)
	at org.junit.internal.runners.statements.FailOnTimeout$StatementThread.run(FailOnTimeout.java:74)
######  End fixing tests  /home/to_donghwan/defects4j/framework/util/fix_test_suite.pl: 2017-07-27 17:20:38  ######
######  Start fixing tests  /home/to_donghwan/defects4j/framework/util/fix_test_suite.pl: 2017-07-27 17:25:57  ######
- Found 1 test archive(s)
######  End fixing tests  /home/to_donghwan/defects4j/framework/util/fix_test_suite.pl: 2017-07-27 17:26:31  ######
######  Start fixing tests  /home/to_donghwan/defects4j/framework/util/fix_test_suite.pl: 2017-07-27 17:31:50  ######
- Found 1 test archive(s)
######  End fixing tests  /home/to_donghwan/defects4j/framework/util/fix_test_suite.pl: 2017-07-27 17:32:21  ######
######  Start fixing tests  /home/to_donghwan/defects4j/framework/util/fix_test_suite.pl: 2017-07-27 17:33:45  ######
- Found 1 test archive(s)
######  End fixing tests  /home/to_donghwan/defects4j/framework/util/fix_test_suite.pl: 2017-07-27 17:34:21  ######
######  Start fixing tests  /home/to_donghwan/defects4j/framework/util/fix_test_suite.pl: 2017-07-27 17:39:38  ######
- Found 1 test archive(s)
######  End fixing tests  /home/to_donghwan/defects4j/framework/util/fix_test_suite.pl: 2017-07-27 17:40:09  ######
######  Start fixing tests  /home/to_donghwan/defects4j/framework/util/fix_test_suite.pl: 2017-07-27 17:50:35  ######
- Found 1 test archive(s)
######  End fixing tests  /home/to_donghwan/defects4j/framework/util/fix_test_suite.pl: 2017-07-27 17:51:08  ######
######  Start fixing tests  /home/to_donghwan/defects4j/framework/util/fix_test_suite.pl: 2017-07-27 17:56:38  ######
- Found 1 test archive(s)
######  End fixing tests  /home/to_donghwan/defects4j/framework/util/fix_test_suite.pl: 2017-07-27 17:57:11  ######
######  Start fixing tests  /home/to_donghwan/defects4j/framework/util/fix_test_suite.pl: 2017-07-27 18:02:34  ######
- Found 1 test archive(s)
######  End fixing tests  /home/to_donghwan/defects4j/framework/util/fix_test_suite.pl: 2017-07-27 18:03:06  ######
######  Start fixing tests  /home/to_donghwan/defects4j/framework/util/fix_test_suite.pl: 2017-07-27 18:08:25  ######
- Found 1 test archive(s)
######  End fixing tests  /home/to_donghwan/defects4j/framework/util/fix_test_suite.pl: 2017-07-27 18:08:55  ######
######  Start fixing tests  /home/to_donghwan/defects4j/framework/util/fix_test_suite.pl: 2017-07-27 18:14:13  ######
- Found 1 test archive(s)
######  End fixing tests  /home/to_donghwan/defects4j/framework/util/fix_test_suite.pl: 2017-07-27 18:14:45  ######
######  Start fixing tests  /home/to_donghwan/defects4j/framework/util/fix_test_suite.pl: 2017-07-27 18:20:13  ######
- Found 1 test archive(s)
######  End fixing tests  /home/to_donghwan/defects4j/framework/util/fix_test_suite.pl: 2017-07-27 18:20:50  ######
######  Start fixing tests  /home/to_donghwan/defects4j/framework/util/fix_test_suite.pl: 2017-07-27 18:35:39  ######
- Found 1 test archive(s)
######  End fixing tests  /home/to_donghwan/defects4j/framework/util/fix_test_suite.pl: 2017-07-27 18:36:25  ######
######  Start fixing tests  /home/to_donghwan/defects4j/framework/util/fix_test_suite.pl: 2017-07-27 18:41:44  ######
- Found 1 test archive(s)
######  End fixing tests  /home/to_donghwan/defects4j/framework/util/fix_test_suite.pl: 2017-07-27 18:42:17  ######
######  Start fixing tests  /home/to_donghwan/defects4j/framework/util/fix_test_suite.pl: 2017-07-27 18:51:23  ######
- Found 1 test archive(s)
 - Removing 1 test methods: Math-79f-evosuite-branch.2.tar.bz2
--- org.apache.commons.math.util.MathUtils_ESTest14::test014
junit.framework.AssertionFailedError: Expecting exception: ArithmeticException
	at org.junit.Assert.fail(Assert.java:88)
	at org.apache.commons.math.util.MathUtils_ESTest14.test014(MathUtils_ESTest14.java:29)
	at sun.reflect.NativeMethodAccessorImpl.invoke0(Native Method)
	at sun.reflect.NativeMethodAccessorImpl.invoke(NativeMethodAccessorImpl.java:57)
	at sun.reflect.DelegatingMethodAccessorImpl.invoke(DelegatingMethodAccessorImpl.java:43)
	at java.lang.reflect.Method.invoke(Method.java:606)
	at org.junit.runners.model.FrameworkMethod$1.runReflectiveCall(FrameworkMethod.java:47)
	at org.junit.internal.runners.model.ReflectiveCallable.run(ReflectiveCallable.java:12)
	at org.junit.runners.model.FrameworkMethod.invokeExplosively(FrameworkMethod.java:44)
	at org.junit.internal.runners.statements.InvokeMethod.evaluate(InvokeMethod.java:17)
	at org.junit.internal.runners.statements.RunBefores.evaluate(RunBefores.java:26)
	at org.junit.internal.runners.statements.RunAfters.evaluate(RunAfters.java:27)
	at org.junit.internal.runners.statements.FailOnTimeout$StatementThread.run(FailOnTimeout.java:74)
######  End fixing tests  /home/to_donghwan/defects4j/framework/util/fix_test_suite.pl: 2017-07-27 18:52:12  ######
######  Start fixing tests  /home/to_donghwan/defects4j/framework/util/fix_test_suite.pl: 2017-07-27 19:03:24  ######
- Found 1 test archive(s)
 - Removing 2 test methods: Math-80f-evosuite-branch.2.tar.bz2
--- org.apache.commons.math.linear.EigenDecompositionImpl_ESTest27::test27
org.apache.commons.math.linear.InvalidMatrixException: 
Caused by: org.apache.commons.math.MaxIterationsExceededException: Maximal number of iterations (90) exceeded
--- org.apache.commons.math.linear.EigenDecompositionImpl_ESTest37::test37
org.apache.commons.math.linear.InvalidMatrixException: 
Caused by: org.apache.commons.math.MaxIterationsExceededException: Maximal number of iterations (300) exceeded
######  End fixing tests  /home/to_donghwan/defects4j/framework/util/fix_test_suite.pl: 2017-07-27 19:04:11  ######
######  Start fixing tests  /home/to_donghwan/defects4j/framework/util/fix_test_suite.pl: 2017-07-27 19:15:45  ######
- Found 1 test archive(s)
 - Removing 3 test methods: Math-81f-evosuite-branch.2.tar.bz2
--- org.apache.commons.math.linear.EigenDecompositionImpl_ESTest24::test24
org.apache.commons.math.linear.InvalidMatrixException: 
Caused by: org.apache.commons.math.MaxIterationsExceededException: Maximal number of iterations (120) exceeded
--- org.apache.commons.math.linear.EigenDecompositionImpl_ESTest25::test25
org.apache.commons.math.linear.InvalidMatrixException: 
Caused by: org.apache.commons.math.MaxIterationsExceededException: Maximal number of iterations (90) exceeded
--- org.apache.commons.math.linear.EigenDecompositionImpl_ESTest40::test40
org.apache.commons.math.linear.InvalidMatrixException: 
Caused by: org.apache.commons.math.MaxIterationsExceededException: Maximal number of iterations (180) exceeded
######  End fixing tests  /home/to_donghwan/defects4j/framework/util/fix_test_suite.pl: 2017-07-27 19:16:33  ######
######  Start fixing tests  /home/to_donghwan/defects4j/framework/util/fix_test_suite.pl: 2017-07-27 19:22:01  ######
- Found 1 test archive(s)
######  End fixing tests  /home/to_donghwan/defects4j/framework/util/fix_test_suite.pl: 2017-07-27 19:22:35  ######
######  Start fixing tests  /home/to_donghwan/defects4j/framework/util/fix_test_suite.pl: 2017-07-27 19:28:13  ######
- Found 1 test archive(s)
 - Removing 3 test methods: Math-83f-evosuite-branch.2.tar.bz2
--- org.apache.commons.math.optimization.linear.SimplexTableau_ESTest10::test10
junit.framework.AssertionFailedError: Expecting exception: NullPointerException
	at org.junit.Assert.fail(Assert.java:88)
	at org.apache.commons.math.optimization.linear.SimplexTableau_ESTest10.test10(SimplexTableau_ESTest10.java:42)
	at sun.reflect.NativeMethodAccessorImpl.invoke0(Native Method)
	at sun.reflect.NativeMethodAccessorImpl.invoke(NativeMethodAccessorImpl.java:57)
	at sun.reflect.DelegatingMethodAccessorImpl.invoke(DelegatingMethodAccessorImpl.java:43)
	at java.lang.reflect.Method.invoke(Method.java:606)
	at org.junit.runners.model.FrameworkMethod$1.runReflectiveCall(FrameworkMethod.java:47)
	at org.junit.internal.runners.model.ReflectiveCallable.run(ReflectiveCallable.java:12)
	at org.junit.runners.model.FrameworkMethod.invokeExplosively(FrameworkMethod.java:44)
	at org.junit.internal.runners.statements.InvokeMethod.evaluate(InvokeMethod.java:17)
	at org.junit.internal.runners.statements.RunBefores.evaluate(RunBefores.java:26)
	at org.junit.internal.runners.statements.RunAfters.evaluate(RunAfters.java:27)
	at org.junit.internal.runners.statements.FailOnTimeout$StatementThread.run(FailOnTimeout.java:74)
--- org.apache.commons.math.optimization.linear.SimplexTableau_ESTest12::test12
junit.framework.AssertionFailedError: Expecting exception: NullPointerException
	at org.junit.Assert.fail(Assert.java:88)
	at org.apache.commons.math.optimization.linear.SimplexTableau_ESTest12.test12(SimplexTableau_ESTest12.java:43)
	at sun.reflect.NativeMethodAccessorImpl.invoke0(Native Method)
	at sun.reflect.NativeMethodAccessorImpl.invoke(NativeMethodAccessorImpl.java:57)
	at sun.reflect.DelegatingMethodAccessorImpl.invoke(DelegatingMethodAccessorImpl.java:43)
	at java.lang.reflect.Method.invoke(Method.java:606)
	at org.junit.runners.model.FrameworkMethod$1.runReflectiveCall(FrameworkMethod.java:47)
	at org.junit.internal.runners.model.ReflectiveCallable.run(ReflectiveCallable.java:12)
	at org.junit.runners.model.FrameworkMethod.invokeExplosively(FrameworkMethod.java:44)
	at org.junit.internal.runners.statements.InvokeMethod.evaluate(InvokeMethod.java:17)
	at org.junit.internal.runners.statements.RunBefores.evaluate(RunBefores.java:26)
	at org.junit.internal.runners.statements.RunAfters.evaluate(RunAfters.java:27)
	at org.junit.internal.runners.statements.FailOnTimeout$StatementThread.run(FailOnTimeout.java:74)
--- org.apache.commons.math.optimization.linear.SimplexTableau_ESTest15::test15
junit.framework.AssertionFailedError
	at org.junit.Assert.fail(Assert.java:86)
	at org.junit.Assert.assertTrue(Assert.java:41)
	at org.junit.Assert.assertTrue(Assert.java:52)
	at org.apache.commons.math.optimization.linear.SimplexTableau_ESTest15.test15(SimplexTableau_ESTest15.java:42)
	at sun.reflect.NativeMethodAccessorImpl.invoke0(Native Method)
	at sun.reflect.NativeMethodAccessorImpl.invoke(NativeMethodAccessorImpl.java:57)
	at sun.reflect.DelegatingMethodAccessorImpl.invoke(DelegatingMethodAccessorImpl.java:43)
	at java.lang.reflect.Method.invoke(Method.java:606)
	at org.junit.runners.model.FrameworkMethod$1.runReflectiveCall(FrameworkMethod.java:47)
	at org.junit.internal.runners.model.ReflectiveCallable.run(ReflectiveCallable.java:12)
	at org.junit.runners.model.FrameworkMethod.invokeExplosively(FrameworkMethod.java:44)
	at org.junit.internal.runners.statements.InvokeMethod.evaluate(InvokeMethod.java:17)
	at org.junit.internal.runners.statements.RunBefores.evaluate(RunBefores.java:26)
	at org.junit.internal.runners.statements.RunAfters.evaluate(RunAfters.java:27)
	at org.junit.internal.runners.statements.FailOnTimeout$StatementThread.run(FailOnTimeout.java:74)
######  End fixing tests  /home/to_donghwan/defects4j/framework/util/fix_test_suite.pl: 2017-07-27 19:28:56  ######
######  Start fixing tests  /home/to_donghwan/defects4j/framework/util/fix_test_suite.pl: 2017-07-27 19:34:13  ######
- Found 1 test archive(s)
######  End fixing tests  /home/to_donghwan/defects4j/framework/util/fix_test_suite.pl: 2017-07-27 19:34:44  ######
######  Start fixing tests  /home/to_donghwan/defects4j/framework/util/fix_test_suite.pl: 2017-07-27 19:39:21  ######
- Found 1 test archive(s)
######  End fixing tests  /home/to_donghwan/defects4j/framework/util/fix_test_suite.pl: 2017-07-27 19:39:54  ######
######  Start fixing tests  /home/to_donghwan/defects4j/framework/util/fix_test_suite.pl: 2017-07-27 19:45:50  ######
- Found 1 test archive(s)
######  End fixing tests  /home/to_donghwan/defects4j/framework/util/fix_test_suite.pl: 2017-07-27 19:46:23  ######
######  Start fixing tests  /home/to_donghwan/defects4j/framework/util/fix_test_suite.pl: 2017-07-27 19:52:10  ######
- Found 1 test archive(s)
 - Removing 3 test methods: Math-87f-evosuite-branch.2.tar.bz2
--- org.apache.commons.math.optimization.linear.SimplexTableau_ESTest10::test10
junit.framework.AssertionFailedError: Expecting exception: NullPointerException
	at org.junit.Assert.fail(Assert.java:88)
	at org.apache.commons.math.optimization.linear.SimplexTableau_ESTest10.test10(SimplexTableau_ESTest10.java:47)
	at sun.reflect.NativeMethodAccessorImpl.invoke0(Native Method)
	at sun.reflect.NativeMethodAccessorImpl.invoke(NativeMethodAccessorImpl.java:57)
	at sun.reflect.DelegatingMethodAccessorImpl.invoke(DelegatingMethodAccessorImpl.java:43)
	at java.lang.reflect.Method.invoke(Method.java:606)
	at org.junit.runners.model.FrameworkMethod$1.runReflectiveCall(FrameworkMethod.java:47)
	at org.junit.internal.runners.model.ReflectiveCallable.run(ReflectiveCallable.java:12)
	at org.junit.runners.model.FrameworkMethod.invokeExplosively(FrameworkMethod.java:44)
	at org.junit.internal.runners.statements.InvokeMethod.evaluate(InvokeMethod.java:17)
	at org.junit.internal.runners.statements.RunBefores.evaluate(RunBefores.java:26)
	at org.junit.internal.runners.statements.RunAfters.evaluate(RunAfters.java:27)
	at org.junit.internal.runners.statements.FailOnTimeout$StatementThread.run(FailOnTimeout.java:74)
--- org.apache.commons.math.optimization.linear.SimplexTableau_ESTest12::test12
junit.framework.AssertionFailedError: Expecting exception: NullPointerException
	at org.junit.Assert.fail(Assert.java:88)
	at org.apache.commons.math.optimization.linear.SimplexTableau_ESTest12.test12(SimplexTableau_ESTest12.java:42)
	at sun.reflect.NativeMethodAccessorImpl.invoke0(Native Method)
	at sun.reflect.NativeMethodAccessorImpl.invoke(NativeMethodAccessorImpl.java:57)
	at sun.reflect.DelegatingMethodAccessorImpl.invoke(DelegatingMethodAccessorImpl.java:43)
	at java.lang.reflect.Method.invoke(Method.java:606)
	at org.junit.runners.model.FrameworkMethod$1.runReflectiveCall(FrameworkMethod.java:47)
	at org.junit.internal.runners.model.ReflectiveCallable.run(ReflectiveCallable.java:12)
	at org.junit.runners.model.FrameworkMethod.invokeExplosively(FrameworkMethod.java:44)
	at org.junit.internal.runners.statements.InvokeMethod.evaluate(InvokeMethod.java:17)
	at org.junit.internal.runners.statements.RunBefores.evaluate(RunBefores.java:26)
	at org.junit.internal.runners.statements.RunAfters.evaluate(RunAfters.java:27)
	at org.junit.internal.runners.statements.FailOnTimeout$StatementThread.run(FailOnTimeout.java:74)
--- org.apache.commons.math.optimization.linear.SimplexTableau_ESTest23::test23
junit.framework.AssertionFailedError
	at org.junit.Assert.fail(Assert.java:86)
	at org.junit.Assert.assertTrue(Assert.java:41)
	at org.junit.Assert.assertTrue(Assert.java:52)
	at org.apache.commons.math.optimization.linear.SimplexTableau_ESTest23.test23(SimplexTableau_ESTest23.java:43)
	at sun.reflect.NativeMethodAccessorImpl.invoke0(Native Method)
	at sun.reflect.NativeMethodAccessorImpl.invoke(NativeMethodAccessorImpl.java:57)
	at sun.reflect.DelegatingMethodAccessorImpl.invoke(DelegatingMethodAccessorImpl.java:43)
	at java.lang.reflect.Method.invoke(Method.java:606)
	at org.junit.runners.model.FrameworkMethod$1.runReflectiveCall(FrameworkMethod.java:47)
	at org.junit.internal.runners.model.ReflectiveCallable.run(ReflectiveCallable.java:12)
	at org.junit.runners.model.FrameworkMethod.invokeExplosively(FrameworkMethod.java:44)
	at org.junit.internal.runners.statements.InvokeMethod.evaluate(InvokeMethod.java:17)
	at org.junit.internal.runners.statements.RunBefores.evaluate(RunBefores.java:26)
	at org.junit.internal.runners.statements.RunAfters.evaluate(RunAfters.java:27)
	at org.junit.internal.runners.statements.FailOnTimeout$StatementThread.run(FailOnTimeout.java:74)
######  End fixing tests  /home/to_donghwan/defects4j/framework/util/fix_test_suite.pl: 2017-07-27 19:52:52  ######
######  Start fixing tests  /home/to_donghwan/defects4j/framework/util/fix_test_suite.pl: 2017-07-27 19:58:20  ######
- Found 1 test archive(s)
 - Removing 4 test methods: Math-88f-evosuite-branch.2.tar.bz2
--- org.apache.commons.math.optimization.linear.SimplexTableau_ESTest12::test12
junit.framework.AssertionFailedError: Expecting exception: NullPointerException
	at org.junit.Assert.fail(Assert.java:88)
	at org.apache.commons.math.optimization.linear.SimplexTableau_ESTest12.test12(SimplexTableau_ESTest12.java:48)
	at sun.reflect.NativeMethodAccessorImpl.invoke0(Native Method)
	at sun.reflect.NativeMethodAccessorImpl.invoke(NativeMethodAccessorImpl.java:57)
	at sun.reflect.DelegatingMethodAccessorImpl.invoke(DelegatingMethodAccessorImpl.java:43)
	at java.lang.reflect.Method.invoke(Method.java:606)
	at org.junit.runners.model.FrameworkMethod$1.runReflectiveCall(FrameworkMethod.java:47)
	at org.junit.internal.runners.model.ReflectiveCallable.run(ReflectiveCallable.java:12)
	at org.junit.runners.model.FrameworkMethod.invokeExplosively(FrameworkMethod.java:44)
	at org.junit.internal.runners.statements.InvokeMethod.evaluate(InvokeMethod.java:17)
	at org.junit.internal.runners.statements.RunBefores.evaluate(RunBefores.java:26)
	at org.junit.internal.runners.statements.RunAfters.evaluate(RunAfters.java:27)
	at org.junit.internal.runners.statements.FailOnTimeout$StatementThread.run(FailOnTimeout.java:74)
--- org.apache.commons.math.optimization.linear.SimplexTableau_ESTest13::test13
junit.framework.AssertionFailedError: Expecting exception: NullPointerException
	at org.junit.Assert.fail(Assert.java:88)
	at org.apache.commons.math.optimization.linear.SimplexTableau_ESTest13.test13(SimplexTableau_ESTest13.java:42)
	at sun.reflect.NativeMethodAccessorImpl.invoke0(Native Method)
	at sun.reflect.NativeMethodAccessorImpl.invoke(NativeMethodAccessorImpl.java:57)
	at sun.reflect.DelegatingMethodAccessorImpl.invoke(DelegatingMethodAccessorImpl.java:43)
	at java.lang.reflect.Method.invoke(Method.java:606)
	at org.junit.runners.model.FrameworkMethod$1.runReflectiveCall(FrameworkMethod.java:47)
	at org.junit.internal.runners.model.ReflectiveCallable.run(ReflectiveCallable.java:12)
	at org.junit.runners.model.FrameworkMethod.invokeExplosively(FrameworkMethod.java:44)
	at org.junit.internal.runners.statements.InvokeMethod.evaluate(InvokeMethod.java:17)
	at org.junit.internal.runners.statements.RunBefores.evaluate(RunBefores.java:26)
	at org.junit.internal.runners.statements.RunAfters.evaluate(RunAfters.java:27)
	at org.junit.internal.runners.statements.FailOnTimeout$StatementThread.run(FailOnTimeout.java:74)
--- org.apache.commons.math.optimization.linear.SimplexTableau_ESTest23::test23
junit.framework.AssertionFailedError
	at org.junit.Assert.fail(Assert.java:86)
	at org.junit.Assert.assertTrue(Assert.java:41)
	at org.junit.Assert.assertTrue(Assert.java:52)
	at org.apache.commons.math.optimization.linear.SimplexTableau_ESTest23.test23(SimplexTableau_ESTest23.java:42)
	at sun.reflect.NativeMethodAccessorImpl.invoke0(Native Method)
	at sun.reflect.NativeMethodAccessorImpl.invoke(NativeMethodAccessorImpl.java:57)
	at sun.reflect.DelegatingMethodAccessorImpl.invoke(DelegatingMethodAccessorImpl.java:43)
	at java.lang.reflect.Method.invoke(Method.java:606)
	at org.junit.runners.model.FrameworkMethod$1.runReflectiveCall(FrameworkMethod.java:47)
	at org.junit.internal.runners.model.ReflectiveCallable.run(ReflectiveCallable.java:12)
	at org.junit.runners.model.FrameworkMethod.invokeExplosively(FrameworkMethod.java:44)
	at org.junit.internal.runners.statements.InvokeMethod.evaluate(InvokeMethod.java:17)
	at org.junit.internal.runners.statements.RunBefores.evaluate(RunBefores.java:26)
	at org.junit.internal.runners.statements.RunAfters.evaluate(RunAfters.java:27)
	at org.junit.internal.runners.statements.FailOnTimeout$StatementThread.run(FailOnTimeout.java:74)
--- org.apache.commons.math.optimization.linear.SimplexTableau_ESTest8::test08
java.lang.NullPointerException
	at org.apache.commons.math.optimization.linear.SimplexTableau.initialize(SimplexTableau.java:249)
	at org.apache.commons.math.optimization.linear.SimplexTableau.<init>(SimplexTableau.java:115)
	at org.apache.commons.math.optimization.linear.SimplexTableau_ESTest8.test08(SimplexTableau_ESTest8.java:46)
	at sun.reflect.NativeMethodAccessorImpl.invoke0(Native Method)
	at sun.reflect.NativeMethodAccessorImpl.invoke(NativeMethodAccessorImpl.java:57)
	at sun.reflect.DelegatingMethodAccessorImpl.invoke(DelegatingMethodAccessorImpl.java:43)
	at java.lang.reflect.Method.invoke(Method.java:606)
	at org.junit.runners.model.FrameworkMethod$1.runReflectiveCall(FrameworkMethod.java:47)
	at org.junit.internal.runners.model.ReflectiveCallable.run(ReflectiveCallable.java:12)
	at org.junit.runners.model.FrameworkMethod.invokeExplosively(FrameworkMethod.java:44)
	at org.junit.internal.runners.statements.InvokeMethod.evaluate(InvokeMethod.java:17)
	at org.junit.internal.runners.statements.RunBefores.evaluate(RunBefores.java:26)
	at org.junit.internal.runners.statements.RunAfters.evaluate(RunAfters.java:27)
	at org.junit.internal.runners.statements.FailOnTimeout$StatementThread.run(FailOnTimeout.java:74)
######  End fixing tests  /home/to_donghwan/defects4j/framework/util/fix_test_suite.pl: 2017-07-27 19:59:03  ######
######  Start fixing tests  /home/to_donghwan/defects4j/framework/util/fix_test_suite.pl: 2017-07-27 20:04:20  ######
- Found 1 test archive(s)
######  End fixing tests  /home/to_donghwan/defects4j/framework/util/fix_test_suite.pl: 2017-07-27 20:04:52  ######
######  Start fixing tests  /home/to_donghwan/defects4j/framework/util/fix_test_suite.pl: 2017-07-27 20:10:10  ######
- Found 1 test archive(s)
######  End fixing tests  /home/to_donghwan/defects4j/framework/util/fix_test_suite.pl: 2017-07-27 20:10:42  ######
######  Start fixing tests  /home/to_donghwan/defects4j/framework/util/fix_test_suite.pl: 2017-07-27 20:16:06  ######
- Found 1 test archive(s)
######  End fixing tests  /home/to_donghwan/defects4j/framework/util/fix_test_suite.pl: 2017-07-27 20:16:41  ######
######  Start fixing tests  /home/to_donghwan/defects4j/framework/util/fix_test_suite.pl: 2017-07-27 20:24:07  ######
- Found 1 test archive(s)
 - Removing 1 test methods: Math-92f-evosuite-branch.2.tar.bz2
--- org.apache.commons.math.util.MathUtils_ESTest16::test016
junit.framework.AssertionFailedError: Expecting exception: ArithmeticException
	at org.junit.Assert.fail(Assert.java:88)
	at org.apache.commons.math.util.MathUtils_ESTest16.test016(MathUtils_ESTest16.java:28)
	at sun.reflect.NativeMethodAccessorImpl.invoke0(Native Method)
	at sun.reflect.NativeMethodAccessorImpl.invoke(NativeMethodAccessorImpl.java:57)
	at sun.reflect.DelegatingMethodAccessorImpl.invoke(DelegatingMethodAccessorImpl.java:43)
	at java.lang.reflect.Method.invoke(Method.java:606)
	at org.junit.runners.model.FrameworkMethod$1.runReflectiveCall(FrameworkMethod.java:47)
	at org.junit.internal.runners.model.ReflectiveCallable.run(ReflectiveCallable.java:12)
	at org.junit.runners.model.FrameworkMethod.invokeExplosively(FrameworkMethod.java:44)
	at org.junit.internal.runners.statements.InvokeMethod.evaluate(InvokeMethod.java:17)
	at org.junit.internal.runners.statements.RunBefores.evaluate(RunBefores.java:26)
	at org.junit.internal.runners.statements.RunAfters.evaluate(RunAfters.java:27)
	at org.junit.internal.runners.statements.FailOnTimeout$StatementThread.run(FailOnTimeout.java:74)
######  End fixing tests  /home/to_donghwan/defects4j/framework/util/fix_test_suite.pl: 2017-07-27 20:24:51  ######
######  Start fixing tests  /home/to_donghwan/defects4j/framework/util/fix_test_suite.pl: 2017-07-27 20:31:35  ######
- Found 1 test archive(s)
 - Removing 1 test methods: Math-93f-evosuite-branch.2.tar.bz2
--- org.apache.commons.math.util.MathUtils_ESTest15::test015
junit.framework.AssertionFailedError: Expecting exception: ArithmeticException
	at org.junit.Assert.fail(Assert.java:88)
	at org.apache.commons.math.util.MathUtils_ESTest15.test015(MathUtils_ESTest15.java:28)
	at sun.reflect.NativeMethodAccessorImpl.invoke0(Native Method)
	at sun.reflect.NativeMethodAccessorImpl.invoke(NativeMethodAccessorImpl.java:57)
	at sun.reflect.DelegatingMethodAccessorImpl.invoke(DelegatingMethodAccessorImpl.java:43)
	at java.lang.reflect.Method.invoke(Method.java:606)
	at org.junit.runners.model.FrameworkMethod$1.runReflectiveCall(FrameworkMethod.java:47)
	at org.junit.internal.runners.model.ReflectiveCallable.run(ReflectiveCallable.java:12)
	at org.junit.runners.model.FrameworkMethod.invokeExplosively(FrameworkMethod.java:44)
	at org.junit.internal.runners.statements.InvokeMethod.evaluate(InvokeMethod.java:17)
	at org.junit.internal.runners.statements.RunBefores.evaluate(RunBefores.java:26)
	at org.junit.internal.runners.statements.RunAfters.evaluate(RunAfters.java:27)
	at org.junit.internal.runners.statements.FailOnTimeout$StatementThread.run(FailOnTimeout.java:74)
######  End fixing tests  /home/to_donghwan/defects4j/framework/util/fix_test_suite.pl: 2017-07-27 20:32:20  ######
######  Start fixing tests  /home/to_donghwan/defects4j/framework/util/fix_test_suite.pl: 2017-07-27 20:39:08  ######
- Found 1 test archive(s)
######  End fixing tests  /home/to_donghwan/defects4j/framework/util/fix_test_suite.pl: 2017-07-27 20:39:44  ######
######  Start fixing tests  /home/to_donghwan/defects4j/framework/util/fix_test_suite.pl: 2017-07-27 20:40:01  ######
- Found 1 test archive(s)
######  End fixing tests  /home/to_donghwan/defects4j/framework/util/fix_test_suite.pl: 2017-07-27 20:40:31  ######
######  Start fixing tests  /home/to_donghwan/defects4j/framework/util/fix_test_suite.pl: 2017-07-27 20:45:57  ######
- Found 1 test archive(s)
######  End fixing tests  /home/to_donghwan/defects4j/framework/util/fix_test_suite.pl: 2017-07-27 20:46:29  ######
######  Start fixing tests  /home/to_donghwan/defects4j/framework/util/fix_test_suite.pl: 2017-07-27 20:51:52  ######
- Found 1 test archive(s)
 - Removing 1 test methods: Math-97f-evosuite-branch.2.tar.bz2
--- org.apache.commons.math.analysis.BrentSolver_ESTest9::test09
junit.framework.AssertionFailedError: Expecting exception: IllegalArgumentException
	at org.junit.Assert.fail(Assert.java:88)
	at org.apache.commons.math.analysis.BrentSolver_ESTest9.test09(BrentSolver_ESTest9.java:35)
	at sun.reflect.NativeMethodAccessorImpl.invoke0(Native Method)
	at sun.reflect.NativeMethodAccessorImpl.invoke(NativeMethodAccessorImpl.java:57)
	at sun.reflect.DelegatingMethodAccessorImpl.invoke(DelegatingMethodAccessorImpl.java:43)
	at java.lang.reflect.Method.invoke(Method.java:606)
	at org.junit.runners.model.FrameworkMethod$1.runReflectiveCall(FrameworkMethod.java:47)
	at org.junit.internal.runners.model.ReflectiveCallable.run(ReflectiveCallable.java:12)
	at org.junit.runners.model.FrameworkMethod.invokeExplosively(FrameworkMethod.java:44)
	at org.junit.internal.runners.statements.InvokeMethod.evaluate(InvokeMethod.java:17)
	at org.junit.internal.runners.statements.RunBefores.evaluate(RunBefores.java:26)
	at org.junit.internal.runners.statements.RunAfters.evaluate(RunAfters.java:27)
	at org.junit.internal.runners.statements.FailOnTimeout$StatementThread.run(FailOnTimeout.java:74)
######  End fixing tests  /home/to_donghwan/defects4j/framework/util/fix_test_suite.pl: 2017-07-27 20:52:28  ######
######  Start fixing tests  /home/to_donghwan/defects4j/framework/util/fix_test_suite.pl: 2017-07-27 21:11:30  ######
- Found 1 test archive(s)
######  End fixing tests  /home/to_donghwan/defects4j/framework/util/fix_test_suite.pl: 2017-07-27 21:12:11  ######
######  Start fixing tests  /home/to_donghwan/defects4j/framework/util/fix_test_suite.pl: 2017-07-27 21:18:20  ######
- Found 1 test archive(s)
 - Removing 1 test methods: Math-99f-evosuite-branch.2.tar.bz2
--- org.apache.commons.math.util.MathUtils_ESTest15::test015
junit.framework.AssertionFailedError: Expecting exception: ArithmeticException
	at org.junit.Assert.fail(Assert.java:88)
	at org.apache.commons.math.util.MathUtils_ESTest15.test015(MathUtils_ESTest15.java:28)
	at sun.reflect.NativeMethodAccessorImpl.invoke0(Native Method)
	at sun.reflect.NativeMethodAccessorImpl.invoke(NativeMethodAccessorImpl.java:57)
	at sun.reflect.DelegatingMethodAccessorImpl.invoke(DelegatingMethodAccessorImpl.java:43)
	at java.lang.reflect.Method.invoke(Method.java:606)
	at org.junit.runners.model.FrameworkMethod$1.runReflectiveCall(FrameworkMethod.java:47)
	at org.junit.internal.runners.model.ReflectiveCallable.run(ReflectiveCallable.java:12)
	at org.junit.runners.model.FrameworkMethod.invokeExplosively(FrameworkMethod.java:44)
	at org.junit.internal.runners.statements.InvokeMethod.evaluate(InvokeMethod.java:17)
	at org.junit.internal.runners.statements.RunBefores.evaluate(RunBefores.java:26)
	at org.junit.internal.runners.statements.RunAfters.evaluate(RunAfters.java:27)
	at org.junit.internal.runners.statements.FailOnTimeout$StatementThread.run(FailOnTimeout.java:74)
######  End fixing tests  /home/to_donghwan/defects4j/framework/util/fix_test_suite.pl: 2017-07-27 21:19:09  ######
######  Start fixing tests  /home/to_donghwan/defects4j/framework/util/fix_test_suite.pl: 2017-07-27 21:24:30  ######
- Found 1 test archive(s)
######  End fixing tests  /home/to_donghwan/defects4j/framework/util/fix_test_suite.pl: 2017-07-27 21:25:04  ######
######  Start fixing tests  /home/to_donghwan/defects4j/framework/util/fix_test_suite.pl: 2017-07-27 21:30:44  ######
- Found 1 test archive(s)
######  End fixing tests  /home/to_donghwan/defects4j/framework/util/fix_test_suite.pl: 2017-07-27 21:31:18  ######
######  Start fixing tests  /home/to_donghwan/defects4j/framework/util/fix_test_suite.pl: 2017-07-27 21:32:57  ######
- Found 1 test archive(s)
######  End fixing tests  /home/to_donghwan/defects4j/framework/util/fix_test_suite.pl: 2017-07-27 21:33:34  ######
######  Start fixing tests  /home/to_donghwan/defects4j/framework/util/fix_test_suite.pl: 2017-07-27 21:34:11  ######
- Found 1 test archive(s)
 - Removing 1 test methods: Math-103f-evosuite-branch.2.tar.bz2
--- org.apache.commons.math.distribution.NormalDistributionImpl_ESTest4::test04
junit.framework.AssertionFailedError: Expecting exception: Exception
	at org.junit.Assert.fail(Assert.java:88)
	at org.apache.commons.math.distribution.NormalDistributionImpl_ESTest4.test04(NormalDistributionImpl_ESTest4.java:29)
	at sun.reflect.NativeMethodAccessorImpl.invoke0(Native Method)
	at sun.reflect.NativeMethodAccessorImpl.invoke(NativeMethodAccessorImpl.java:57)
	at sun.reflect.DelegatingMethodAccessorImpl.invoke(DelegatingMethodAccessorImpl.java:43)
	at java.lang.reflect.Method.invoke(Method.java:606)
	at org.junit.runners.model.FrameworkMethod$1.runReflectiveCall(FrameworkMethod.java:47)
	at org.junit.internal.runners.model.ReflectiveCallable.run(ReflectiveCallable.java:12)
	at org.junit.runners.model.FrameworkMethod.invokeExplosively(FrameworkMethod.java:44)
	at org.junit.internal.runners.statements.InvokeMethod.evaluate(InvokeMethod.java:17)
	at org.junit.internal.runners.statements.RunBefores.evaluate(RunBefores.java:26)
	at org.junit.internal.runners.statements.RunAfters.evaluate(RunAfters.java:27)
	at org.junit.internal.runners.statements.FailOnTimeout$StatementThread.run(FailOnTimeout.java:74)
######  End fixing tests  /home/to_donghwan/defects4j/framework/util/fix_test_suite.pl: 2017-07-27 21:34:51  ######
######  Start fixing tests  /home/to_donghwan/defects4j/framework/util/fix_test_suite.pl: 2017-07-27 21:36:22  ######
- Found 1 test archive(s)
######  End fixing tests  /home/to_donghwan/defects4j/framework/util/fix_test_suite.pl: 2017-07-27 21:36:55  ######
######  Start fixing tests  /home/to_donghwan/defects4j/framework/util/fix_test_suite.pl: 2017-07-27 21:37:17  ######
- Found 1 test archive(s)
######  End fixing tests  /home/to_donghwan/defects4j/framework/util/fix_test_suite.pl: 2017-07-27 21:37:50  ######
######  Start fixing tests  /home/to_donghwan/defects4j/framework/util/fix_test_suite.pl: 2017-07-27 21:43:16  ######
- Found 1 test archive(s)
######  End fixing tests  /home/to_donghwan/defects4j/framework/util/fix_test_suite.pl: 2017-07-27 21:43:48  ######
