######  Start fixing tests  /home/donghwan/defects4j/framework/util/fix_test_suite.pl: 2017-07-20 02:54:40  ######
- Found 1 test archive(s)
######  End fixing tests  /home/donghwan/defects4j/framework/util/fix_test_suite.pl: 2017-07-20 02:55:58  ######
######  Start fixing tests  /home/donghwan/defects4j/framework/util/fix_test_suite.pl: 2017-07-20 03:07:39  ######
- Found 1 test archive(s)
######  End fixing tests  /home/donghwan/defects4j/framework/util/fix_test_suite.pl: 2017-07-20 03:08:55  ######
######  Start fixing tests  /home/donghwan/defects4j/framework/util/fix_test_suite.pl: 2017-07-20 03:15:11  ######
- Found 1 test archive(s)
######  End fixing tests  /home/donghwan/defects4j/framework/util/fix_test_suite.pl: 2017-07-20 03:16:30  ######
######  Start fixing tests  /home/donghwan/defects4j/framework/util/fix_test_suite.pl: 2017-07-20 03:22:54  ######
- Found 1 test archive(s)
######  End fixing tests  /home/donghwan/defects4j/framework/util/fix_test_suite.pl: 2017-07-20 03:24:09  ######
######  Start fixing tests  /home/donghwan/defects4j/framework/util/fix_test_suite.pl: 2017-07-20 03:31:14  ######
- Found 1 test archive(s)
######  End fixing tests  /home/donghwan/defects4j/framework/util/fix_test_suite.pl: 2017-07-20 03:32:27  ######
######  Start fixing tests  /home/donghwan/defects4j/framework/util/fix_test_suite.pl: 2017-07-20 03:41:04  ######
- Found 1 test archive(s)
######  End fixing tests  /home/donghwan/defects4j/framework/util/fix_test_suite.pl: 2017-07-20 03:42:19  ######
######  Start fixing tests  /home/donghwan/defects4j/framework/util/fix_test_suite.pl: 2017-07-20 03:48:17  ######
- Found 1 test archive(s)
######  End fixing tests  /home/donghwan/defects4j/framework/util/fix_test_suite.pl: 2017-07-20 03:49:33  ######
######  Start fixing tests  /home/donghwan/defects4j/framework/util/fix_test_suite.pl: 2017-07-20 03:55:37  ######
- Found 1 test archive(s)
 - Removing 5 test methods: Time-8f-evosuite-branch.3.tar.bz2
--- org.joda.time.DateTimeZone_ESTest44::test44
java.lang.ClassCastException: org.joda.time.tz.DateTimeZoneBuilder$PrecalculatedZone cannot be cast to org.joda.time.tz.FixedDateTimeZone
	at org.joda.time.DateTimeZone_ESTest44.test44(DateTimeZone_ESTest44.java:41)
	at sun.reflect.NativeMethodAccessorImpl.invoke0(Native Method)
	at sun.reflect.NativeMethodAccessorImpl.invoke(NativeMethodAccessorImpl.java:57)
	at sun.reflect.DelegatingMethodAccessorImpl.invoke(DelegatingMethodAccessorImpl.java:43)
	at java.lang.reflect.Method.invoke(Method.java:606)
	at org.junit.runners.model.FrameworkMethod$1.runReflectiveCall(FrameworkMethod.java:47)
	at org.junit.internal.runners.model.ReflectiveCallable.run(ReflectiveCallable.java:12)
	at org.junit.runners.model.FrameworkMethod.invokeExplosively(FrameworkMethod.java:44)
	at org.junit.internal.runners.statements.InvokeMethod.evaluate(InvokeMethod.java:17)
	at org.junit.internal.runners.statements.RunBefores.evaluate(RunBefores.java:26)
	at org.junit.internal.runners.statements.RunAfters.evaluate(RunAfters.java:27)
	at org.junit.internal.runners.statements.FailOnTimeout$StatementThread.run(FailOnTimeout.java:74)
--- org.joda.time.DateTimeZone_ESTest47::test47
java.lang.ClassCastException: org.joda.time.tz.DateTimeZoneBuilder$PrecalculatedZone cannot be cast to org.joda.time.tz.FixedDateTimeZone
	at org.joda.time.DateTimeZone_ESTest47.test47(DateTimeZone_ESTest47.java:41)
	at sun.reflect.NativeMethodAccessorImpl.invoke0(Native Method)
	at sun.reflect.NativeMethodAccessorImpl.invoke(NativeMethodAccessorImpl.java:57)
	at sun.reflect.DelegatingMethodAccessorImpl.invoke(DelegatingMethodAccessorImpl.java:43)
	at java.lang.reflect.Method.invoke(Method.java:606)
	at org.junit.runners.model.FrameworkMethod$1.runReflectiveCall(FrameworkMethod.java:47)
	at org.junit.internal.runners.model.ReflectiveCallable.run(ReflectiveCallable.java:12)
	at org.junit.runners.model.FrameworkMethod.invokeExplosively(FrameworkMethod.java:44)
	at org.junit.internal.runners.statements.InvokeMethod.evaluate(InvokeMethod.java:17)
	at org.junit.internal.runners.statements.RunBefores.evaluate(RunBefores.java:26)
	at org.junit.internal.runners.statements.RunAfters.evaluate(RunAfters.java:27)
	at org.junit.internal.runners.statements.FailOnTimeout$StatementThread.run(FailOnTimeout.java:74)
--- org.joda.time.DateTimeZone_ESTest51::test51
java.lang.ClassCastException: org.joda.time.tz.DateTimeZoneBuilder$PrecalculatedZone cannot be cast to org.joda.time.tz.FixedDateTimeZone
	at org.joda.time.DateTimeZone_ESTest51.test51(DateTimeZone_ESTest51.java:41)
	at sun.reflect.NativeMethodAccessorImpl.invoke0(Native Method)
	at sun.reflect.NativeMethodAccessorImpl.invoke(NativeMethodAccessorImpl.java:57)
	at sun.reflect.DelegatingMethodAccessorImpl.invoke(DelegatingMethodAccessorImpl.java:43)
	at java.lang.reflect.Method.invoke(Method.java:606)
	at org.junit.runners.model.FrameworkMethod$1.runReflectiveCall(FrameworkMethod.java:47)
	at org.junit.internal.runners.model.ReflectiveCallable.run(ReflectiveCallable.java:12)
	at org.junit.runners.model.FrameworkMethod.invokeExplosively(FrameworkMethod.java:44)
	at org.junit.internal.runners.statements.InvokeMethod.evaluate(InvokeMethod.java:17)
	at org.junit.internal.runners.statements.RunBefores.evaluate(RunBefores.java:26)
	at org.junit.internal.runners.statements.RunAfters.evaluate(RunAfters.java:27)
	at org.junit.internal.runners.statements.FailOnTimeout$StatementThread.run(FailOnTimeout.java:74)
--- org.joda.time.DateTimeZone_ESTest52::test52
java.lang.ClassCastException: org.joda.time.tz.DateTimeZoneBuilder$PrecalculatedZone cannot be cast to org.joda.time.tz.FixedDateTimeZone
	at org.joda.time.DateTimeZone_ESTest52.test52(DateTimeZone_ESTest52.java:41)
	at sun.reflect.NativeMethodAccessorImpl.invoke0(Native Method)
	at sun.reflect.NativeMethodAccessorImpl.invoke(NativeMethodAccessorImpl.java:57)
	at sun.reflect.DelegatingMethodAccessorImpl.invoke(DelegatingMethodAccessorImpl.java:43)
	at java.lang.reflect.Method.invoke(Method.java:606)
	at org.junit.runners.model.FrameworkMethod$1.runReflectiveCall(FrameworkMethod.java:47)
	at org.junit.internal.runners.model.ReflectiveCallable.run(ReflectiveCallable.java:12)
	at org.junit.runners.model.FrameworkMethod.invokeExplosively(FrameworkMethod.java:44)
	at org.junit.internal.runners.statements.InvokeMethod.evaluate(InvokeMethod.java:17)
	at org.junit.internal.runners.statements.RunBefores.evaluate(RunBefores.java:26)
	at org.junit.internal.runners.statements.RunAfters.evaluate(RunAfters.java:27)
	at org.junit.internal.runners.statements.FailOnTimeout$StatementThread.run(FailOnTimeout.java:74)
--- org.joda.time.DateTimeZone_ESTest58::test58
java.lang.ClassCastException: org.joda.time.tz.DateTimeZoneBuilder$PrecalculatedZone cannot be cast to org.joda.time.tz.FixedDateTimeZone
	at org.joda.time.DateTimeZone_ESTest58.test58(DateTimeZone_ESTest58.java:41)
	at sun.reflect.NativeMethodAccessorImpl.invoke0(Native Method)
	at sun.reflect.NativeMethodAccessorImpl.invoke(NativeMethodAccessorImpl.java:57)
	at sun.reflect.DelegatingMethodAccessorImpl.invoke(DelegatingMethodAccessorImpl.java:43)
	at java.lang.reflect.Method.invoke(Method.java:606)
	at org.junit.runners.model.FrameworkMethod$1.runReflectiveCall(FrameworkMethod.java:47)
	at org.junit.internal.runners.model.ReflectiveCallable.run(ReflectiveCallable.java:12)
	at org.junit.runners.model.FrameworkMethod.invokeExplosively(FrameworkMethod.java:44)
	at org.junit.internal.runners.statements.InvokeMethod.evaluate(InvokeMethod.java:17)
	at org.junit.internal.runners.statements.RunBefores.evaluate(RunBefores.java:26)
	at org.junit.internal.runners.statements.RunAfters.evaluate(RunAfters.java:27)
	at org.junit.internal.runners.statements.FailOnTimeout$StatementThread.run(FailOnTimeout.java:74)
######  End fixing tests  /home/donghwan/defects4j/framework/util/fix_test_suite.pl: 2017-07-20 03:57:06  ######
######  Start fixing tests  /home/donghwan/defects4j/framework/util/fix_test_suite.pl: 2017-07-20 04:03:04  ######
- Found 1 test archive(s)
 - Removing 2 test methods: Time-9f-evosuite-branch.3.tar.bz2
--- org.joda.time.DateTimeZone_ESTest42::test42
java.lang.ClassCastException: org.joda.time.tz.DateTimeZoneBuilder$PrecalculatedZone cannot be cast to org.joda.time.tz.FixedDateTimeZone
	at org.joda.time.DateTimeZone_ESTest42.test42(DateTimeZone_ESTest42.java:41)
	at sun.reflect.NativeMethodAccessorImpl.invoke0(Native Method)
	at sun.reflect.NativeMethodAccessorImpl.invoke(NativeMethodAccessorImpl.java:57)
	at sun.reflect.DelegatingMethodAccessorImpl.invoke(DelegatingMethodAccessorImpl.java:43)
	at java.lang.reflect.Method.invoke(Method.java:606)
	at org.junit.runners.model.FrameworkMethod$1.runReflectiveCall(FrameworkMethod.java:47)
	at org.junit.internal.runners.model.ReflectiveCallable.run(ReflectiveCallable.java:12)
	at org.junit.runners.model.FrameworkMethod.invokeExplosively(FrameworkMethod.java:44)
	at org.junit.internal.runners.statements.InvokeMethod.evaluate(InvokeMethod.java:17)
	at org.junit.internal.runners.statements.RunBefores.evaluate(RunBefores.java:26)
	at org.junit.internal.runners.statements.RunAfters.evaluate(RunAfters.java:27)
	at org.junit.internal.runners.statements.FailOnTimeout$StatementThread.run(FailOnTimeout.java:74)
--- org.joda.time.DateTimeZone_ESTest43::test43
java.lang.ClassCastException: org.joda.time.tz.DateTimeZoneBuilder$PrecalculatedZone cannot be cast to org.joda.time.tz.FixedDateTimeZone
	at org.joda.time.DateTimeZone_ESTest43.test43(DateTimeZone_ESTest43.java:41)
	at sun.reflect.NativeMethodAccessorImpl.invoke0(Native Method)
	at sun.reflect.NativeMethodAccessorImpl.invoke(NativeMethodAccessorImpl.java:57)
	at sun.reflect.DelegatingMethodAccessorImpl.invoke(DelegatingMethodAccessorImpl.java:43)
	at java.lang.reflect.Method.invoke(Method.java:606)
	at org.junit.runners.model.FrameworkMethod$1.runReflectiveCall(FrameworkMethod.java:47)
	at org.junit.internal.runners.model.ReflectiveCallable.run(ReflectiveCallable.java:12)
	at org.junit.runners.model.FrameworkMethod.invokeExplosively(FrameworkMethod.java:44)
	at org.junit.internal.runners.statements.InvokeMethod.evaluate(InvokeMethod.java:17)
	at org.junit.internal.runners.statements.RunBefores.evaluate(RunBefores.java:26)
	at org.junit.internal.runners.statements.RunAfters.evaluate(RunAfters.java:27)
	at org.junit.internal.runners.statements.FailOnTimeout$StatementThread.run(FailOnTimeout.java:74)
######  End fixing tests  /home/donghwan/defects4j/framework/util/fix_test_suite.pl: 2017-07-20 04:04:32  ######
######  Start fixing tests  /home/donghwan/defects4j/framework/util/fix_test_suite.pl: 2017-07-20 04:10:10  ######
- Found 1 test archive(s)
######  End fixing tests  /home/donghwan/defects4j/framework/util/fix_test_suite.pl: 2017-07-20 04:11:18  ######
######  Start fixing tests  /home/donghwan/defects4j/framework/util/fix_test_suite.pl: 2017-07-20 04:17:00  ######
- Found 1 test archive(s)
 - Removing 1 test methods: Time-11f-evosuite-branch.3.tar.bz2
--- org.joda.time.tz.ZoneInfoCompiler_ESTest34::test34
java.io.FileNotFoundException
	at org.evosuite.runtime.mock.java.io.MockFileInputStream.<init>(MockFileInputStream.java:67)
	at org.evosuite.runtime.mock.java.io.MockFileReader.<init>(MockFileReader.java:47)
	at org.joda.time.tz.ZoneInfoCompiler.compile(ZoneInfoCompiler.java:370)
	at org.joda.time.tz.ZoneInfoCompiler.main(ZoneInfoCompiler.java:137)
	at org.joda.time.tz.ZoneInfoCompiler_ESTest34.test34(ZoneInfoCompiler_ESTest34.java:51)
	at sun.reflect.NativeMethodAccessorImpl.invoke0(Native Method)
	at sun.reflect.NativeMethodAccessorImpl.invoke(NativeMethodAccessorImpl.java:57)
	at sun.reflect.DelegatingMethodAccessorImpl.invoke(DelegatingMethodAccessorImpl.java:43)
	at java.lang.reflect.Method.invoke(Method.java:606)
	at org.junit.runners.model.FrameworkMethod$1.runReflectiveCall(FrameworkMethod.java:47)
	at org.junit.internal.runners.model.ReflectiveCallable.run(ReflectiveCallable.java:12)
	at org.junit.runners.model.FrameworkMethod.invokeExplosively(FrameworkMethod.java:44)
	at org.junit.internal.runners.statements.InvokeMethod.evaluate(InvokeMethod.java:17)
	at org.junit.internal.runners.statements.RunBefores.evaluate(RunBefores.java:26)
	at org.junit.internal.runners.statements.RunAfters.evaluate(RunAfters.java:27)
	at org.junit.internal.runners.statements.FailOnTimeout$StatementThread.run(FailOnTimeout.java:74)
######  End fixing tests  /home/donghwan/defects4j/framework/util/fix_test_suite.pl: 2017-07-20 04:18:27  ######
######  Start fixing tests  /home/donghwan/defects4j/framework/util/fix_test_suite.pl: 2017-07-20 04:37:05  ######
- Found 1 test archive(s)
######  End fixing tests  /home/donghwan/defects4j/framework/util/fix_test_suite.pl: 2017-07-20 04:38:39  ######
######  Start fixing tests  /home/donghwan/defects4j/framework/util/fix_test_suite.pl: 2017-07-20 04:49:26  ######
- Found 1 test archive(s)
######  End fixing tests  /home/donghwan/defects4j/framework/util/fix_test_suite.pl: 2017-07-20 04:51:00  ######
######  Start fixing tests  /home/donghwan/defects4j/framework/util/fix_test_suite.pl: 2017-07-20 04:57:19  ######
- Found 1 test archive(s)
######  End fixing tests  /home/donghwan/defects4j/framework/util/fix_test_suite.pl: 2017-07-20 04:58:26  ######
######  Start fixing tests  /home/donghwan/defects4j/framework/util/fix_test_suite.pl: 2017-07-20 05:04:10  ######
- Found 1 test archive(s)
######  End fixing tests  /home/donghwan/defects4j/framework/util/fix_test_suite.pl: 2017-07-20 05:05:17  ######
######  Start fixing tests  /home/donghwan/defects4j/framework/util/fix_test_suite.pl: 2017-07-20 05:11:21  ######
- Found 1 test archive(s)
######  End fixing tests  /home/donghwan/defects4j/framework/util/fix_test_suite.pl: 2017-07-20 05:12:29  ######
######  Start fixing tests  /home/donghwan/defects4j/framework/util/fix_test_suite.pl: 2017-07-20 05:18:33  ######
- Found 1 test archive(s)
 - Removing 1 test methods: Time-17f-evosuite-branch.3.tar.bz2
--- org.joda.time.DateTimeZone_ESTest38::test38
junit.framework.AssertionFailedError: expected:<25200000> but was:<28800000>
	at org.junit.Assert.fail(Assert.java:88)
	at org.junit.Assert.failNotEquals(Assert.java:743)
	at org.junit.Assert.assertEquals(Assert.java:118)
	at org.junit.Assert.assertEquals(Assert.java:555)
	at org.junit.Assert.assertEquals(Assert.java:542)
	at org.joda.time.DateTimeZone_ESTest38.test38(DateTimeZone_ESTest38.java:47)
	at sun.reflect.NativeMethodAccessorImpl.invoke0(Native Method)
	at sun.reflect.NativeMethodAccessorImpl.invoke(NativeMethodAccessorImpl.java:57)
	at sun.reflect.DelegatingMethodAccessorImpl.invoke(DelegatingMethodAccessorImpl.java:43)
	at java.lang.reflect.Method.invoke(Method.java:606)
	at org.junit.runners.model.FrameworkMethod$1.runReflectiveCall(FrameworkMethod.java:47)
	at org.junit.internal.runners.model.ReflectiveCallable.run(ReflectiveCallable.java:12)
	at org.junit.runners.model.FrameworkMethod.invokeExplosively(FrameworkMethod.java:44)
	at org.junit.internal.runners.statements.InvokeMethod.evaluate(InvokeMethod.java:17)
	at org.junit.internal.runners.statements.RunBefores.evaluate(RunBefores.java:26)
	at org.junit.internal.runners.statements.RunAfters.evaluate(RunAfters.java:27)
	at org.junit.internal.runners.statements.FailOnTimeout$StatementThread.run(FailOnTimeout.java:74)
######  End fixing tests  /home/donghwan/defects4j/framework/util/fix_test_suite.pl: 2017-07-20 05:19:57  ######
######  Start fixing tests  /home/donghwan/defects4j/framework/util/fix_test_suite.pl: 2017-07-20 05:27:48  ######
- Found 1 test archive(s)
 - Removing 1 test methods: Time-18f-evosuite-branch.3.tar.bz2
--- org.joda.time.chrono.GJChronology_ESTest9::test09
junit.framework.AssertionFailedError: expected:<9223163389062775807> but was:<9223352781837175807>
	at org.junit.Assert.fail(Assert.java:88)
	at org.junit.Assert.failNotEquals(Assert.java:743)
	at org.junit.Assert.assertEquals(Assert.java:118)
	at org.junit.Assert.assertEquals(Assert.java:555)
	at org.junit.Assert.assertEquals(Assert.java:542)
	at org.joda.time.chrono.GJChronology_ESTest9.test09(GJChronology_ESTest9.java:56)
	at sun.reflect.NativeMethodAccessorImpl.invoke0(Native Method)
	at sun.reflect.NativeMethodAccessorImpl.invoke(NativeMethodAccessorImpl.java:57)
	at sun.reflect.DelegatingMethodAccessorImpl.invoke(DelegatingMethodAccessorImpl.java:43)
	at java.lang.reflect.Method.invoke(Method.java:606)
	at org.junit.runners.model.FrameworkMethod$1.runReflectiveCall(FrameworkMethod.java:47)
	at org.junit.internal.runners.model.ReflectiveCallable.run(ReflectiveCallable.java:12)
	at org.junit.runners.model.FrameworkMethod.invokeExplosively(FrameworkMethod.java:44)
	at org.junit.internal.runners.statements.InvokeMethod.evaluate(InvokeMethod.java:17)
	at org.junit.internal.runners.statements.RunBefores.evaluate(RunBefores.java:26)
	at org.junit.internal.runners.statements.RunAfters.evaluate(RunAfters.java:27)
	at org.junit.internal.runners.statements.FailOnTimeout$StatementThread.run(FailOnTimeout.java:74)
######  End fixing tests  /home/donghwan/defects4j/framework/util/fix_test_suite.pl: 2017-07-20 05:29:07  ######
######  Start fixing tests  /home/donghwan/defects4j/framework/util/fix_test_suite.pl: 2017-07-20 05:35:20  ######
- Found 1 test archive(s)
######  End fixing tests  /home/donghwan/defects4j/framework/util/fix_test_suite.pl: 2017-07-20 05:36:46  ######
######  Start fixing tests  /home/donghwan/defects4j/framework/util/fix_test_suite.pl: 2017-07-20 05:48:01  ######
- Found 1 test archive(s)
######  End fixing tests  /home/donghwan/defects4j/framework/util/fix_test_suite.pl: 2017-07-20 05:49:35  ######
######  Start fixing tests  /home/donghwan/defects4j/framework/util/fix_test_suite.pl: 2017-07-20 05:55:06  ######
- Found 1 test archive(s)
######  End fixing tests  /home/donghwan/defects4j/framework/util/fix_test_suite.pl: 2017-07-20 05:56:14  ######
######  Start fixing tests  /home/donghwan/defects4j/framework/util/fix_test_suite.pl: 2017-07-20 06:02:21  ######
- Found 1 test archive(s)
######  End fixing tests  /home/donghwan/defects4j/framework/util/fix_test_suite.pl: 2017-07-20 06:03:42  ######
######  Start fixing tests  /home/donghwan/defects4j/framework/util/fix_test_suite.pl: 2017-07-20 06:09:47  ######
- Found 1 test archive(s)
 - Removing 1 test methods: Time-23f-evosuite-branch.3.tar.bz2
--- org.joda.time.DateTimeZone_ESTest10::test10
java.lang.ClassCastException: org.joda.time.tz.DateTimeZoneBuilder$PrecalculatedZone cannot be cast to org.joda.time.tz.FixedDateTimeZone
	at org.joda.time.DateTimeZone_ESTest10.test10(DateTimeZone_ESTest10.java:44)
	at sun.reflect.NativeMethodAccessorImpl.invoke0(Native Method)
	at sun.reflect.NativeMethodAccessorImpl.invoke(NativeMethodAccessorImpl.java:57)
	at sun.reflect.DelegatingMethodAccessorImpl.invoke(DelegatingMethodAccessorImpl.java:43)
	at java.lang.reflect.Method.invoke(Method.java:606)
	at org.junit.runners.model.FrameworkMethod$1.runReflectiveCall(FrameworkMethod.java:47)
	at org.junit.internal.runners.model.ReflectiveCallable.run(ReflectiveCallable.java:12)
	at org.junit.runners.model.FrameworkMethod.invokeExplosively(FrameworkMethod.java:44)
	at org.junit.internal.runners.statements.InvokeMethod.evaluate(InvokeMethod.java:17)
	at org.junit.internal.runners.statements.RunBefores.evaluate(RunBefores.java:26)
	at org.junit.internal.runners.statements.RunAfters.evaluate(RunAfters.java:27)
	at org.junit.internal.runners.statements.FailOnTimeout$StatementThread.run(FailOnTimeout.java:74)
######  End fixing tests  /home/donghwan/defects4j/framework/util/fix_test_suite.pl: 2017-07-20 06:11:29  ######
######  Start fixing tests  /home/donghwan/defects4j/framework/util/fix_test_suite.pl: 2017-07-20 06:18:37  ######
- Found 1 test archive(s)
######  End fixing tests  /home/donghwan/defects4j/framework/util/fix_test_suite.pl: 2017-07-20 06:19:40  ######
######  Start fixing tests  /home/donghwan/defects4j/framework/util/fix_test_suite.pl: 2017-07-20 06:25:29  ######
- Found 1 test archive(s)
######  End fixing tests  /home/donghwan/defects4j/framework/util/fix_test_suite.pl: 2017-07-20 06:26:45  ######
######  Start fixing tests  /home/donghwan/defects4j/framework/util/fix_test_suite.pl: 2017-07-20 06:33:21  ######
- Found 1 test archive(s)
######  End fixing tests  /home/donghwan/defects4j/framework/util/fix_test_suite.pl: 2017-07-20 06:34:42  ######
######  Start fixing tests  /home/donghwan/defects4j/framework/util/fix_test_suite.pl: 2017-07-20 06:44:20  ######
- Found 1 test archive(s)
######  End fixing tests  /home/donghwan/defects4j/framework/util/fix_test_suite.pl: 2017-07-20 06:45:30  ######
