######  Start fixing tests  /home/to_donghwan/defects4j/framework/util/fix_test_suite.pl: 2017-07-27 21:55:02  ######
- Found 1 test archive(s)
######  End fixing tests  /home/to_donghwan/defects4j/framework/util/fix_test_suite.pl: 2017-07-27 21:56:08  ######
######  Start fixing tests  /home/to_donghwan/defects4j/framework/util/fix_test_suite.pl: 2017-07-27 22:07:35  ######
- Found 1 test archive(s)
######  End fixing tests  /home/to_donghwan/defects4j/framework/util/fix_test_suite.pl: 2017-07-27 22:08:40  ######
######  Start fixing tests  /home/to_donghwan/defects4j/framework/util/fix_test_suite.pl: 2017-07-27 22:15:01  ######
- Found 1 test archive(s)
######  End fixing tests  /home/to_donghwan/defects4j/framework/util/fix_test_suite.pl: 2017-07-27 22:16:10  ######
######  Start fixing tests  /home/to_donghwan/defects4j/framework/util/fix_test_suite.pl: 2017-07-27 22:22:24  ######
- Found 1 test archive(s)
######  End fixing tests  /home/to_donghwan/defects4j/framework/util/fix_test_suite.pl: 2017-07-27 22:23:29  ######
######  Start fixing tests  /home/to_donghwan/defects4j/framework/util/fix_test_suite.pl: 2017-07-27 22:26:57  ######
- Found 1 test archive(s)
######  End fixing tests  /home/to_donghwan/defects4j/framework/util/fix_test_suite.pl: 2017-07-27 22:28:04  ######
######  Start fixing tests  /home/to_donghwan/defects4j/framework/util/fix_test_suite.pl: 2017-07-27 22:35:59  ######
- Found 1 test archive(s)
######  End fixing tests  /home/to_donghwan/defects4j/framework/util/fix_test_suite.pl: 2017-07-27 22:36:59  ######
######  Start fixing tests  /home/to_donghwan/defects4j/framework/util/fix_test_suite.pl: 2017-07-27 22:42:57  ######
- Found 1 test archive(s)
######  End fixing tests  /home/to_donghwan/defects4j/framework/util/fix_test_suite.pl: 2017-07-27 22:44:04  ######
######  Start fixing tests  /home/to_donghwan/defects4j/framework/util/fix_test_suite.pl: 2017-07-27 22:50:15  ######
- Found 1 test archive(s)
 - Removing 1 test methods: Time-8f-evosuite-branch.2.tar.bz2
--- org.joda.time.DateTimeZone_ESTest44::test44
junit.framework.AssertionFailedError: expected:<32400000> but was:<36000000>
	at org.junit.Assert.fail(Assert.java:88)
	at org.junit.Assert.failNotEquals(Assert.java:743)
	at org.junit.Assert.assertEquals(Assert.java:118)
	at org.junit.Assert.assertEquals(Assert.java:555)
	at org.junit.Assert.assertEquals(Assert.java:542)
	at org.joda.time.DateTimeZone_ESTest44.test44(DateTimeZone_ESTest44.java:45)
	at sun.reflect.NativeMethodAccessorImpl.invoke0(Native Method)
	at sun.reflect.NativeMethodAccessorImpl.invoke(NativeMethodAccessorImpl.java:57)
	at sun.reflect.DelegatingMethodAccessorImpl.invoke(DelegatingMethodAccessorImpl.java:43)
	at java.lang.reflect.Method.invoke(Method.java:606)
	at org.junit.runners.model.FrameworkMethod$1.runReflectiveCall(FrameworkMethod.java:47)
	at org.junit.internal.runners.model.ReflectiveCallable.run(ReflectiveCallable.java:12)
	at org.junit.runners.model.FrameworkMethod.invokeExplosively(FrameworkMethod.java:44)
	at org.junit.internal.runners.statements.InvokeMethod.evaluate(InvokeMethod.java:17)
	at org.junit.internal.runners.statements.RunBefores.evaluate(RunBefores.java:26)
	at org.junit.internal.runners.statements.RunAfters.evaluate(RunAfters.java:27)
	at org.junit.internal.runners.statements.FailOnTimeout$StatementThread.run(FailOnTimeout.java:74)
######  End fixing tests  /home/to_donghwan/defects4j/framework/util/fix_test_suite.pl: 2017-07-27 22:51:27  ######
######  Start fixing tests  /home/to_donghwan/defects4j/framework/util/fix_test_suite.pl: 2017-07-27 22:57:10  ######
- Found 1 test archive(s)
 - Removing 1 test methods: Time-9f-evosuite-branch.2.tar.bz2
--- org.joda.time.DateTimeZone_ESTest41::test41
java.lang.ClassCastException: org.joda.time.tz.DateTimeZoneBuilder$PrecalculatedZone cannot be cast to org.joda.time.tz.FixedDateTimeZone
	at org.joda.time.DateTimeZone_ESTest41.test41(DateTimeZone_ESTest41.java:41)
	at sun.reflect.NativeMethodAccessorImpl.invoke0(Native Method)
	at sun.reflect.NativeMethodAccessorImpl.invoke(NativeMethodAccessorImpl.java:57)
	at sun.reflect.DelegatingMethodAccessorImpl.invoke(DelegatingMethodAccessorImpl.java:43)
	at java.lang.reflect.Method.invoke(Method.java:606)
	at org.junit.runners.model.FrameworkMethod$1.runReflectiveCall(FrameworkMethod.java:47)
	at org.junit.internal.runners.model.ReflectiveCallable.run(ReflectiveCallable.java:12)
	at org.junit.runners.model.FrameworkMethod.invokeExplosively(FrameworkMethod.java:44)
	at org.junit.internal.runners.statements.InvokeMethod.evaluate(InvokeMethod.java:17)
	at org.junit.internal.runners.statements.RunBefores.evaluate(RunBefores.java:26)
	at org.junit.internal.runners.statements.RunAfters.evaluate(RunAfters.java:27)
	at org.junit.internal.runners.statements.FailOnTimeout$StatementThread.run(FailOnTimeout.java:74)
######  End fixing tests  /home/to_donghwan/defects4j/framework/util/fix_test_suite.pl: 2017-07-27 22:58:20  ######
######  Start fixing tests  /home/to_donghwan/defects4j/framework/util/fix_test_suite.pl: 2017-07-27 23:03:45  ######
- Found 1 test archive(s)
######  End fixing tests  /home/to_donghwan/defects4j/framework/util/fix_test_suite.pl: 2017-07-27 23:04:40  ######
######  Start fixing tests  /home/to_donghwan/defects4j/framework/util/fix_test_suite.pl: 2017-07-27 23:10:36  ######
- Found 1 test archive(s)
 - Removing 1 test methods: Time-11f-evosuite-branch.2.tar.bz2
--- org.joda.time.tz.ZoneInfoCompiler_ESTest40::test40
java.io.FileNotFoundException
	at org.evosuite.runtime.mock.java.io.MockFileInputStream.<init>(MockFileInputStream.java:67)
	at org.evosuite.runtime.mock.java.io.MockFileReader.<init>(MockFileReader.java:47)
	at org.joda.time.tz.ZoneInfoCompiler.compile(ZoneInfoCompiler.java:370)
	at org.joda.time.tz.ZoneInfoCompiler.main(ZoneInfoCompiler.java:137)
	at org.joda.time.tz.ZoneInfoCompiler_ESTest40.test40(ZoneInfoCompiler_ESTest40.java:52)
	at sun.reflect.NativeMethodAccessorImpl.invoke0(Native Method)
	at sun.reflect.NativeMethodAccessorImpl.invoke(NativeMethodAccessorImpl.java:57)
	at sun.reflect.DelegatingMethodAccessorImpl.invoke(DelegatingMethodAccessorImpl.java:43)
	at java.lang.reflect.Method.invoke(Method.java:606)
	at org.junit.runners.model.FrameworkMethod$1.runReflectiveCall(FrameworkMethod.java:47)
	at org.junit.internal.runners.model.ReflectiveCallable.run(ReflectiveCallable.java:12)
	at org.junit.runners.model.FrameworkMethod.invokeExplosively(FrameworkMethod.java:44)
	at org.junit.internal.runners.statements.InvokeMethod.evaluate(InvokeMethod.java:17)
	at org.junit.internal.runners.statements.RunBefores.evaluate(RunBefores.java:26)
	at org.junit.internal.runners.statements.RunAfters.evaluate(RunAfters.java:27)
	at org.junit.internal.runners.statements.FailOnTimeout$StatementThread.run(FailOnTimeout.java:74)
######  End fixing tests  /home/to_donghwan/defects4j/framework/util/fix_test_suite.pl: 2017-07-27 23:11:47  ######
######  Start fixing tests  /home/to_donghwan/defects4j/framework/util/fix_test_suite.pl: 2017-07-27 23:28:38  ######
- Found 1 test archive(s)
######  End fixing tests  /home/to_donghwan/defects4j/framework/util/fix_test_suite.pl: 2017-07-27 23:29:54  ######
######  Start fixing tests  /home/to_donghwan/defects4j/framework/util/fix_test_suite.pl: 2017-07-27 23:40:33  ######
- Found 1 test archive(s)
######  End fixing tests  /home/to_donghwan/defects4j/framework/util/fix_test_suite.pl: 2017-07-27 23:41:40  ######
######  Start fixing tests  /home/to_donghwan/defects4j/framework/util/fix_test_suite.pl: 2017-07-27 23:47:59  ######
- Found 1 test archive(s)
######  End fixing tests  /home/to_donghwan/defects4j/framework/util/fix_test_suite.pl: 2017-07-27 23:48:52  ######
######  Start fixing tests  /home/to_donghwan/defects4j/framework/util/fix_test_suite.pl: 2017-07-27 23:54:31  ######
- Found 1 test archive(s)
######  End fixing tests  /home/to_donghwan/defects4j/framework/util/fix_test_suite.pl: 2017-07-27 23:55:26  ######
######  Start fixing tests  /home/to_donghwan/defects4j/framework/util/fix_test_suite.pl: 2017-07-28 00:01:06  ######
- Found 1 test archive(s)
######  End fixing tests  /home/to_donghwan/defects4j/framework/util/fix_test_suite.pl: 2017-07-28 00:02:05  ######
######  Start fixing tests  /home/to_donghwan/defects4j/framework/util/fix_test_suite.pl: 2017-07-28 00:08:05  ######
- Found 1 test archive(s)
 - Removing 1 test methods: Time-17f-evosuite-branch.2.tar.bz2
--- org.joda.time.DateTimeZone_ESTest7::test07
java.lang.ClassCastException: org.joda.time.tz.DateTimeZoneBuilder$PrecalculatedZone cannot be cast to org.joda.time.tz.FixedDateTimeZone
	at org.joda.time.DateTimeZone_ESTest7.test07(DateTimeZone_ESTest7.java:42)
	at sun.reflect.NativeMethodAccessorImpl.invoke0(Native Method)
	at sun.reflect.NativeMethodAccessorImpl.invoke(NativeMethodAccessorImpl.java:57)
	at sun.reflect.DelegatingMethodAccessorImpl.invoke(DelegatingMethodAccessorImpl.java:43)
	at java.lang.reflect.Method.invoke(Method.java:606)
	at org.junit.runners.model.FrameworkMethod$1.runReflectiveCall(FrameworkMethod.java:47)
	at org.junit.internal.runners.model.ReflectiveCallable.run(ReflectiveCallable.java:12)
	at org.junit.runners.model.FrameworkMethod.invokeExplosively(FrameworkMethod.java:44)
	at org.junit.internal.runners.statements.InvokeMethod.evaluate(InvokeMethod.java:17)
	at org.junit.internal.runners.statements.RunBefores.evaluate(RunBefores.java:26)
	at org.junit.internal.runners.statements.RunAfters.evaluate(RunAfters.java:27)
	at org.junit.internal.runners.statements.FailOnTimeout$StatementThread.run(FailOnTimeout.java:74)
######  End fixing tests  /home/to_donghwan/defects4j/framework/util/fix_test_suite.pl: 2017-07-28 00:09:13  ######
######  Start fixing tests  /home/to_donghwan/defects4j/framework/util/fix_test_suite.pl: 2017-07-28 00:16:46  ######
- Found 1 test archive(s)
######  End fixing tests  /home/to_donghwan/defects4j/framework/util/fix_test_suite.pl: 2017-07-28 00:17:42  ######
######  Start fixing tests  /home/to_donghwan/defects4j/framework/util/fix_test_suite.pl: 2017-07-28 00:23:37  ######
- Found 1 test archive(s)
######  End fixing tests  /home/to_donghwan/defects4j/framework/util/fix_test_suite.pl: 2017-07-28 00:24:34  ######
######  Start fixing tests  /home/to_donghwan/defects4j/framework/util/fix_test_suite.pl: 2017-07-28 00:35:42  ######
- Found 1 test archive(s)
######  End fixing tests  /home/to_donghwan/defects4j/framework/util/fix_test_suite.pl: 2017-07-28 00:36:49  ######
######  Start fixing tests  /home/to_donghwan/defects4j/framework/util/fix_test_suite.pl: 2017-07-28 00:42:10  ######
- Found 1 test archive(s)
######  End fixing tests  /home/to_donghwan/defects4j/framework/util/fix_test_suite.pl: 2017-07-28 00:42:54  ######
######  Start fixing tests  /home/to_donghwan/defects4j/framework/util/fix_test_suite.pl: 2017-07-28 00:48:52  ######
- Found 1 test archive(s)
######  End fixing tests  /home/to_donghwan/defects4j/framework/util/fix_test_suite.pl: 2017-07-28 00:49:46  ######
######  Start fixing tests  /home/to_donghwan/defects4j/framework/util/fix_test_suite.pl: 2017-07-28 00:55:36  ######
- Found 1 test archive(s)
######  End fixing tests  /home/to_donghwan/defects4j/framework/util/fix_test_suite.pl: 2017-07-28 00:56:32  ######
######  Start fixing tests  /home/to_donghwan/defects4j/framework/util/fix_test_suite.pl: 2017-07-28 01:03:42  ######
- Found 1 test archive(s)
######  End fixing tests  /home/to_donghwan/defects4j/framework/util/fix_test_suite.pl: 2017-07-28 01:04:36  ######
######  Start fixing tests  /home/to_donghwan/defects4j/framework/util/fix_test_suite.pl: 2017-07-28 01:10:17  ######
- Found 1 test archive(s)
 - Removing 1 test methods: Time-25f-evosuite-branch.2.tar.bz2
--- org.joda.time.DateTimeZone_ESTest41::test41
java.lang.ClassCastException: org.joda.time.tz.DateTimeZoneBuilder$PrecalculatedZone cannot be cast to org.joda.time.tz.FixedDateTimeZone
	at org.joda.time.DateTimeZone_ESTest41.test41(DateTimeZone_ESTest41.java:44)
	at sun.reflect.NativeMethodAccessorImpl.invoke0(Native Method)
	at sun.reflect.NativeMethodAccessorImpl.invoke(NativeMethodAccessorImpl.java:57)
	at sun.reflect.DelegatingMethodAccessorImpl.invoke(DelegatingMethodAccessorImpl.java:43)
	at java.lang.reflect.Method.invoke(Method.java:606)
	at org.junit.runners.model.FrameworkMethod$1.runReflectiveCall(FrameworkMethod.java:47)
	at org.junit.internal.runners.model.ReflectiveCallable.run(ReflectiveCallable.java:12)
	at org.junit.runners.model.FrameworkMethod.invokeExplosively(FrameworkMethod.java:44)
	at org.junit.internal.runners.statements.InvokeMethod.evaluate(InvokeMethod.java:17)
	at org.junit.internal.runners.statements.RunBefores.evaluate(RunBefores.java:26)
	at org.junit.internal.runners.statements.RunAfters.evaluate(RunAfters.java:27)
	at org.junit.internal.runners.statements.FailOnTimeout$StatementThread.run(FailOnTimeout.java:74)
######  End fixing tests  /home/to_donghwan/defects4j/framework/util/fix_test_suite.pl: 2017-07-28 01:11:26  ######
######  Start fixing tests  /home/to_donghwan/defects4j/framework/util/fix_test_suite.pl: 2017-07-28 01:18:00  ######
- Found 1 test archive(s)
######  End fixing tests  /home/to_donghwan/defects4j/framework/util/fix_test_suite.pl: 2017-07-28 01:18:57  ######
######  Start fixing tests  /home/to_donghwan/defects4j/framework/util/fix_test_suite.pl: 2017-07-28 01:29:33  ######
- Found 1 test archive(s)
######  End fixing tests  /home/to_donghwan/defects4j/framework/util/fix_test_suite.pl: 2017-07-28 01:30:37  ######
