######  Start fixing tests  /home/donghwan/defects4j/framework/util/fix_test_suite.pl: 2017-07-18 05:23:48  ######
- Found 1 test archive(s)
######  End fixing tests  /home/donghwan/defects4j/framework/util/fix_test_suite.pl: 2017-07-18 05:25:15  ######
######  Start fixing tests  /home/donghwan/defects4j/framework/util/fix_test_suite.pl: 2017-07-18 05:36:38  ######
- Found 1 test archive(s)
 - Removing 1 test methods: Chart-2f-evosuite-branch.3.tar.bz2
--- org.jfree.data.general.DatasetUtilities_ESTest109::test109
junit.framework.AssertionFailedError: expected:<Sun Jul 18 12:3[5:18] GMT 1937> but was:<Sun Jul 18 12:3[7:04] GMT 1937>
	at org.junit.Assert.assertEquals(Assert.java:115)
	at org.junit.Assert.assertEquals(Assert.java:144)
	at org.jfree.data.general.DatasetUtilities_ESTest109.test109(DatasetUtilities_ESTest109.java:99)
	at sun.reflect.NativeMethodAccessorImpl.invoke0(Native Method)
	at sun.reflect.NativeMethodAccessorImpl.invoke(NativeMethodAccessorImpl.java:57)
	at sun.reflect.DelegatingMethodAccessorImpl.invoke(DelegatingMethodAccessorImpl.java:43)
	at java.lang.reflect.Method.invoke(Method.java:606)
	at org.junit.runners.model.FrameworkMethod$1.runReflectiveCall(FrameworkMethod.java:47)
	at org.junit.internal.runners.model.ReflectiveCallable.run(ReflectiveCallable.java:12)
	at org.junit.runners.model.FrameworkMethod.invokeExplosively(FrameworkMethod.java:44)
	at org.junit.internal.runners.statements.InvokeMethod.evaluate(InvokeMethod.java:17)
	at org.junit.internal.runners.statements.RunBefores.evaluate(RunBefores.java:26)
	at org.junit.internal.runners.statements.RunAfters.evaluate(RunAfters.java:27)
	at org.junit.internal.runners.statements.FailOnTimeout$StatementThread.run(FailOnTimeout.java:74)
######  End fixing tests  /home/donghwan/defects4j/framework/util/fix_test_suite.pl: 2017-07-18 05:38:12  ######
######  Start fixing tests  /home/donghwan/defects4j/framework/util/fix_test_suite.pl: 2017-07-18 05:44:18  ######
- Found 1 test archive(s)
 - Removing 2 test methods: Chart-3f-evosuite-branch.3.tar.bz2
--- org.jfree.data.time.TimeSeries_ESTest39::test39
junit.framework.AssertionFailedError: expected:<0> but was:<1>
	at org.junit.Assert.fail(Assert.java:88)
	at org.junit.Assert.failNotEquals(Assert.java:743)
	at org.junit.Assert.assertEquals(Assert.java:118)
	at org.junit.Assert.assertEquals(Assert.java:555)
	at org.junit.Assert.assertEquals(Assert.java:542)
	at org.jfree.data.time.TimeSeries_ESTest39.test39(TimeSeries_ESTest39.java:52)
	at sun.reflect.NativeMethodAccessorImpl.invoke0(Native Method)
	at sun.reflect.NativeMethodAccessorImpl.invoke(NativeMethodAccessorImpl.java:57)
	at sun.reflect.DelegatingMethodAccessorImpl.invoke(DelegatingMethodAccessorImpl.java:43)
	at java.lang.reflect.Method.invoke(Method.java:606)
	at org.junit.runners.model.FrameworkMethod$1.runReflectiveCall(FrameworkMethod.java:47)
	at org.junit.internal.runners.model.ReflectiveCallable.run(ReflectiveCallable.java:12)
	at org.junit.runners.model.FrameworkMethod.invokeExplosively(FrameworkMethod.java:44)
	at org.junit.internal.runners.statements.InvokeMethod.evaluate(InvokeMethod.java:17)
	at org.junit.internal.runners.statements.RunBefores.evaluate(RunBefores.java:26)
	at org.junit.internal.runners.statements.RunAfters.evaluate(RunAfters.java:27)
	at org.junit.internal.runners.statements.FailOnTimeout$StatementThread.run(FailOnTimeout.java:74)
--- org.jfree.data.time.TimeSeries_ESTest42::test42
junit.framework.AssertionFailedError: expected:<0> but was:<1>
	at org.junit.Assert.fail(Assert.java:88)
	at org.junit.Assert.failNotEquals(Assert.java:743)
	at org.junit.Assert.assertEquals(Assert.java:118)
	at org.junit.Assert.assertEquals(Assert.java:555)
	at org.junit.Assert.assertEquals(Assert.java:542)
	at org.jfree.data.time.TimeSeries_ESTest42.test42(TimeSeries_ESTest42.java:52)
	at sun.reflect.NativeMethodAccessorImpl.invoke0(Native Method)
	at sun.reflect.NativeMethodAccessorImpl.invoke(NativeMethodAccessorImpl.java:57)
	at sun.reflect.DelegatingMethodAccessorImpl.invoke(DelegatingMethodAccessorImpl.java:43)
	at java.lang.reflect.Method.invoke(Method.java:606)
	at org.junit.runners.model.FrameworkMethod$1.runReflectiveCall(FrameworkMethod.java:47)
	at org.junit.internal.runners.model.ReflectiveCallable.run(ReflectiveCallable.java:12)
	at org.junit.runners.model.FrameworkMethod.invokeExplosively(FrameworkMethod.java:44)
	at org.junit.internal.runners.statements.InvokeMethod.evaluate(InvokeMethod.java:17)
	at org.junit.internal.runners.statements.RunBefores.evaluate(RunBefores.java:26)
	at org.junit.internal.runners.statements.RunAfters.evaluate(RunAfters.java:27)
	at org.junit.internal.runners.statements.FailOnTimeout$StatementThread.run(FailOnTimeout.java:74)
######  End fixing tests  /home/donghwan/defects4j/framework/util/fix_test_suite.pl: 2017-07-18 05:45:36  ######
######  Start fixing tests  /home/donghwan/defects4j/framework/util/fix_test_suite.pl: 2017-07-18 05:59:17  ######
- Found 1 test archive(s)
 - Removing 3 test methods: Chart-4f-evosuite-branch.3.tar.bz2
--- org.jfree.chart.plot.XYPlot_ESTest121::test121
org.evosuite.runtime.mock.java.lang.MockIllegalArgumentException: Null 'range' argument.
--- org.jfree.chart.plot.XYPlot_ESTest13::test013
org.evosuite.runtime.mock.java.lang.MockIllegalArgumentException: Null 'range' argument.
--- org.jfree.chart.plot.XYPlot_ESTest164::test164
org.evosuite.runtime.mock.java.lang.MockIllegalArgumentException: Null 'range' argument.
######  End fixing tests  /home/donghwan/defects4j/framework/util/fix_test_suite.pl: 2017-07-18 06:01:31  ######
######  Start fixing tests  /home/donghwan/defects4j/framework/util/fix_test_suite.pl: 2017-07-18 06:07:27  ######
- Found 1 test archive(s)
######  End fixing tests  /home/donghwan/defects4j/framework/util/fix_test_suite.pl: 2017-07-18 06:08:23  ######
######  Start fixing tests  /home/donghwan/defects4j/framework/util/fix_test_suite.pl: 2017-07-18 06:13:51  ######
- Found 1 test archive(s)
######  End fixing tests  /home/donghwan/defects4j/framework/util/fix_test_suite.pl: 2017-07-18 06:14:30  ######
######  Start fixing tests  /home/donghwan/defects4j/framework/util/fix_test_suite.pl: 2017-07-18 06:20:09  ######
- Found 1 test archive(s)
######  End fixing tests  /home/donghwan/defects4j/framework/util/fix_test_suite.pl: 2017-07-18 06:21:04  ######
######  Start fixing tests  /home/donghwan/defects4j/framework/util/fix_test_suite.pl: 2017-07-18 06:26:56  ######
- Found 1 test archive(s)
######  End fixing tests  /home/donghwan/defects4j/framework/util/fix_test_suite.pl: 2017-07-18 06:27:39  ######
######  Start fixing tests  /home/donghwan/defects4j/framework/util/fix_test_suite.pl: 2017-07-18 06:33:55  ######
- Found 1 test archive(s)
 - Removing 2 test methods: Chart-9f-evosuite-branch.3.tar.bz2
--- org.jfree.data.time.TimeSeries_ESTest2::test02
junit.framework.AssertionFailedError: expected:<0> but was:<1>
	at org.junit.Assert.fail(Assert.java:88)
	at org.junit.Assert.failNotEquals(Assert.java:743)
	at org.junit.Assert.assertEquals(Assert.java:118)
	at org.junit.Assert.assertEquals(Assert.java:555)
	at org.junit.Assert.assertEquals(Assert.java:542)
	at org.jfree.data.time.TimeSeries_ESTest2.test02(TimeSeries_ESTest2.java:62)
	at sun.reflect.NativeMethodAccessorImpl.invoke0(Native Method)
	at sun.reflect.NativeMethodAccessorImpl.invoke(NativeMethodAccessorImpl.java:57)
	at sun.reflect.DelegatingMethodAccessorImpl.invoke(DelegatingMethodAccessorImpl.java:43)
	at java.lang.reflect.Method.invoke(Method.java:606)
	at org.junit.runners.model.FrameworkMethod$1.runReflectiveCall(FrameworkMethod.java:47)
	at org.junit.internal.runners.model.ReflectiveCallable.run(ReflectiveCallable.java:12)
	at org.junit.runners.model.FrameworkMethod.invokeExplosively(FrameworkMethod.java:44)
	at org.junit.internal.runners.statements.InvokeMethod.evaluate(InvokeMethod.java:17)
	at org.junit.internal.runners.statements.RunBefores.evaluate(RunBefores.java:26)
	at org.junit.internal.runners.statements.RunAfters.evaluate(RunAfters.java:27)
	at org.junit.internal.runners.statements.FailOnTimeout$StatementThread.run(FailOnTimeout.java:74)
--- org.jfree.data.time.TimeSeries_ESTest28::test28
junit.framework.AssertionFailedError: expected:<0> but was:<1>
	at org.junit.Assert.fail(Assert.java:88)
	at org.junit.Assert.failNotEquals(Assert.java:743)
	at org.junit.Assert.assertEquals(Assert.java:118)
	at org.junit.Assert.assertEquals(Assert.java:555)
	at org.junit.Assert.assertEquals(Assert.java:542)
	at org.jfree.data.time.TimeSeries_ESTest28.test28(TimeSeries_ESTest28.java:60)
	at sun.reflect.NativeMethodAccessorImpl.invoke0(Native Method)
	at sun.reflect.NativeMethodAccessorImpl.invoke(NativeMethodAccessorImpl.java:57)
	at sun.reflect.DelegatingMethodAccessorImpl.invoke(DelegatingMethodAccessorImpl.java:43)
	at java.lang.reflect.Method.invoke(Method.java:606)
	at org.junit.runners.model.FrameworkMethod$1.runReflectiveCall(FrameworkMethod.java:47)
	at org.junit.internal.runners.model.ReflectiveCallable.run(ReflectiveCallable.java:12)
	at org.junit.runners.model.FrameworkMethod.invokeExplosively(FrameworkMethod.java:44)
	at org.junit.internal.runners.statements.InvokeMethod.evaluate(InvokeMethod.java:17)
	at org.junit.internal.runners.statements.RunBefores.evaluate(RunBefores.java:26)
	at org.junit.internal.runners.statements.RunAfters.evaluate(RunAfters.java:27)
	at org.junit.internal.runners.statements.FailOnTimeout$StatementThread.run(FailOnTimeout.java:74)
######  End fixing tests  /home/donghwan/defects4j/framework/util/fix_test_suite.pl: 2017-07-18 06:35:13  ######
######  Start fixing tests  /home/donghwan/defects4j/framework/util/fix_test_suite.pl: 2017-07-18 06:35:37  ######
- Found 1 test archive(s)
######  End fixing tests  /home/donghwan/defects4j/framework/util/fix_test_suite.pl: 2017-07-18 06:36:19  ######
######  Start fixing tests  /home/donghwan/defects4j/framework/util/fix_test_suite.pl: 2017-07-18 06:42:04  ######
- Found 1 test archive(s)
######  End fixing tests  /home/donghwan/defects4j/framework/util/fix_test_suite.pl: 2017-07-18 06:42:59  ######
######  Start fixing tests  /home/donghwan/defects4j/framework/util/fix_test_suite.pl: 2017-07-18 06:49:11  ######
- Found 1 test archive(s)
######  End fixing tests  /home/donghwan/defects4j/framework/util/fix_test_suite.pl: 2017-07-18 06:50:14  ######
######  Start fixing tests  /home/donghwan/defects4j/framework/util/fix_test_suite.pl: 2017-07-18 06:55:55  ######
- Found 1 test archive(s)
######  End fixing tests  /home/donghwan/defects4j/framework/util/fix_test_suite.pl: 2017-07-18 06:56:45  ######
######  Start fixing tests  /home/donghwan/defects4j/framework/util/fix_test_suite.pl: 2017-07-18 07:21:29  ######
- Found 1 test archive(s)
######  End fixing tests  /home/donghwan/defects4j/framework/util/fix_test_suite.pl: 2017-07-18 07:24:52  ######
######  Start fixing tests  /home/donghwan/defects4j/framework/util/fix_test_suite.pl: 2017-07-18 07:31:54  ######
- Found 1 test archive(s)
######  End fixing tests  /home/donghwan/defects4j/framework/util/fix_test_suite.pl: 2017-07-18 07:33:21  ######
######  Start fixing tests  /home/donghwan/defects4j/framework/util/fix_test_suite.pl: 2017-07-18 07:39:31  ######
- Found 1 test archive(s)
######  End fixing tests  /home/donghwan/defects4j/framework/util/fix_test_suite.pl: 2017-07-18 07:40:28  ######
######  Start fixing tests  /home/donghwan/defects4j/framework/util/fix_test_suite.pl: 2017-07-18 07:46:33  ######
- Found 1 test archive(s)
 - Removing 2 test methods: Chart-17f-evosuite-branch.3.tar.bz2
--- org.jfree.data.time.TimeSeries_ESTest32::test32
junit.framework.AssertionFailedError: expected:<0> but was:<1>
	at org.junit.Assert.fail(Assert.java:88)
	at org.junit.Assert.failNotEquals(Assert.java:743)
	at org.junit.Assert.assertEquals(Assert.java:118)
	at org.junit.Assert.assertEquals(Assert.java:555)
	at org.junit.Assert.assertEquals(Assert.java:542)
	at org.jfree.data.time.TimeSeries_ESTest32.test32(TimeSeries_ESTest32.java:57)
	at sun.reflect.NativeMethodAccessorImpl.invoke0(Native Method)
	at sun.reflect.NativeMethodAccessorImpl.invoke(NativeMethodAccessorImpl.java:57)
	at sun.reflect.DelegatingMethodAccessorImpl.invoke(DelegatingMethodAccessorImpl.java:43)
	at java.lang.reflect.Method.invoke(Method.java:606)
	at org.junit.runners.model.FrameworkMethod$1.runReflectiveCall(FrameworkMethod.java:47)
	at org.junit.internal.runners.model.ReflectiveCallable.run(ReflectiveCallable.java:12)
	at org.junit.runners.model.FrameworkMethod.invokeExplosively(FrameworkMethod.java:44)
	at org.junit.internal.runners.statements.InvokeMethod.evaluate(InvokeMethod.java:17)
	at org.junit.internal.runners.statements.RunBefores.evaluate(RunBefores.java:26)
	at org.junit.internal.runners.statements.RunAfters.evaluate(RunAfters.java:27)
	at org.junit.internal.runners.statements.FailOnTimeout$StatementThread.run(FailOnTimeout.java:74)
--- org.jfree.data.time.TimeSeries_ESTest5::test05
junit.framework.AssertionFailedError: expected:<0> but was:<1>
	at org.junit.Assert.fail(Assert.java:88)
	at org.junit.Assert.failNotEquals(Assert.java:743)
	at org.junit.Assert.assertEquals(Assert.java:118)
	at org.junit.Assert.assertEquals(Assert.java:555)
	at org.junit.Assert.assertEquals(Assert.java:542)
	at org.jfree.data.time.TimeSeries_ESTest5.test05(TimeSeries_ESTest5.java:59)
	at sun.reflect.NativeMethodAccessorImpl.invoke0(Native Method)
	at sun.reflect.NativeMethodAccessorImpl.invoke(NativeMethodAccessorImpl.java:57)
	at sun.reflect.DelegatingMethodAccessorImpl.invoke(DelegatingMethodAccessorImpl.java:43)
	at java.lang.reflect.Method.invoke(Method.java:606)
	at org.junit.runners.model.FrameworkMethod$1.runReflectiveCall(FrameworkMethod.java:47)
	at org.junit.internal.runners.model.ReflectiveCallable.run(ReflectiveCallable.java:12)
	at org.junit.runners.model.FrameworkMethod.invokeExplosively(FrameworkMethod.java:44)
	at org.junit.internal.runners.statements.InvokeMethod.evaluate(InvokeMethod.java:17)
	at org.junit.internal.runners.statements.RunBefores.evaluate(RunBefores.java:26)
	at org.junit.internal.runners.statements.RunAfters.evaluate(RunAfters.java:27)
	at org.junit.internal.runners.statements.FailOnTimeout$StatementThread.run(FailOnTimeout.java:74)
######  End fixing tests  /home/donghwan/defects4j/framework/util/fix_test_suite.pl: 2017-07-18 07:47:44  ######
######  Start fixing tests  /home/donghwan/defects4j/framework/util/fix_test_suite.pl: 2017-07-18 07:58:45  ######
- Found 1 test archive(s)
######  End fixing tests  /home/donghwan/defects4j/framework/util/fix_test_suite.pl: 2017-07-18 07:59:30  ######
######  Start fixing tests  /home/donghwan/defects4j/framework/util/fix_test_suite.pl: 2017-07-18 08:11:48  ######
- Found 1 test archive(s)
 - Removing 2 test methods: Chart-19f-evosuite-branch.3.tar.bz2
--- org.jfree.chart.plot.CategoryPlot_ESTest81::test081
java.lang.NullPointerException
	at org.jfree.chart.plot.CategoryPlot.getPlotType(CategoryPlot.java:524)
	at org.jfree.chart.plot.CategoryPlot_ESTest81.test081(CategoryPlot_ESTest81.java:264)
	at sun.reflect.NativeMethodAccessorImpl.invoke0(Native Method)
	at sun.reflect.NativeMethodAccessorImpl.invoke(NativeMethodAccessorImpl.java:57)
	at sun.reflect.DelegatingMethodAccessorImpl.invoke(DelegatingMethodAccessorImpl.java:43)
	at java.lang.reflect.Method.invoke(Method.java:606)
	at org.junit.runners.model.FrameworkMethod$1.runReflectiveCall(FrameworkMethod.java:47)
	at org.junit.internal.runners.model.ReflectiveCallable.run(ReflectiveCallable.java:12)
	at org.junit.runners.model.FrameworkMethod.invokeExplosively(FrameworkMethod.java:44)
	at org.junit.internal.runners.statements.InvokeMethod.evaluate(InvokeMethod.java:17)
	at org.junit.internal.runners.statements.RunBefores.evaluate(RunBefores.java:26)
	at org.junit.internal.runners.statements.RunAfters.evaluate(RunAfters.java:27)
	at org.junit.internal.runners.statements.FailOnTimeout$StatementThread.run(FailOnTimeout.java:74)
--- org.jfree.chart.plot.CategoryPlot_ESTest90::test090
java.lang.NullPointerException
	at org.jfree.chart.plot.CategoryPlot.getPlotType(CategoryPlot.java:524)
	at org.jfree.chart.plot.CategoryPlot_ESTest90.test090(CategoryPlot_ESTest90.java:264)
	at sun.reflect.NativeMethodAccessorImpl.invoke0(Native Method)
	at sun.reflect.NativeMethodAccessorImpl.invoke(NativeMethodAccessorImpl.java:57)
	at sun.reflect.DelegatingMethodAccessorImpl.invoke(DelegatingMethodAccessorImpl.java:43)
	at java.lang.reflect.Method.invoke(Method.java:606)
	at org.junit.runners.model.FrameworkMethod$1.runReflectiveCall(FrameworkMethod.java:47)
	at org.junit.internal.runners.model.ReflectiveCallable.run(ReflectiveCallable.java:12)
	at org.junit.runners.model.FrameworkMethod.invokeExplosively(FrameworkMethod.java:44)
	at org.junit.internal.runners.statements.InvokeMethod.evaluate(InvokeMethod.java:17)
	at org.junit.internal.runners.statements.RunBefores.evaluate(RunBefores.java:26)
	at org.junit.internal.runners.statements.RunAfters.evaluate(RunAfters.java:27)
	at org.junit.internal.runners.statements.FailOnTimeout$StatementThread.run(FailOnTimeout.java:74)
######  End fixing tests  /home/donghwan/defects4j/framework/util/fix_test_suite.pl: 2017-07-18 08:14:27  ######
######  Start fixing tests  /home/donghwan/defects4j/framework/util/fix_test_suite.pl: 2017-07-18 08:20:04  ######
- Found 1 test archive(s)
######  End fixing tests  /home/donghwan/defects4j/framework/util/fix_test_suite.pl: 2017-07-18 08:21:13  ######
######  Start fixing tests  /home/donghwan/defects4j/framework/util/fix_test_suite.pl: 2017-07-18 08:27:03  ######
- Found 1 test archive(s)
######  End fixing tests  /home/donghwan/defects4j/framework/util/fix_test_suite.pl: 2017-07-18 08:28:01  ######
######  Start fixing tests  /home/donghwan/defects4j/framework/util/fix_test_suite.pl: 2017-07-18 08:33:32  ######
- Found 1 test archive(s)
######  End fixing tests  /home/donghwan/defects4j/framework/util/fix_test_suite.pl: 2017-07-18 08:34:12  ######
######  Start fixing tests  /home/donghwan/defects4j/framework/util/fix_test_suite.pl: 2017-07-18 08:39:56  ######
- Found 1 test archive(s)
######  End fixing tests  /home/donghwan/defects4j/framework/util/fix_test_suite.pl: 2017-07-18 08:41:00  ######
######  Start fixing tests  /home/donghwan/defects4j/framework/util/fix_test_suite.pl: 2017-07-18 08:41:20  ######
- Found 1 test archive(s)
######  End fixing tests  /home/donghwan/defects4j/framework/util/fix_test_suite.pl: 2017-07-18 08:42:00  ######
######  Start fixing tests  /home/donghwan/defects4j/framework/util/fix_test_suite.pl: 2017-07-18 08:47:40  ######
- Found 1 test archive(s)
######  End fixing tests  /home/donghwan/defects4j/framework/util/fix_test_suite.pl: 2017-07-18 08:48:39  ######
######  Start fixing tests  /home/donghwan/defects4j/framework/util/fix_test_suite.pl: 2017-07-18 08:55:41  ######
- Found 1 test archive(s)
######  End fixing tests  /home/donghwan/defects4j/framework/util/fix_test_suite.pl: 2017-07-18 08:56:53  ######
