######  Start fixing tests  /home/to_donghwan/defects4j/framework/util/fix_test_suite.pl: 2017-07-13 16:07:24  ######
- Found 1 test archive(s)
######  End fixing tests  /home/to_donghwan/defects4j/framework/util/fix_test_suite.pl: 2017-07-13 16:08:38  ######
######  Start fixing tests  /home/to_donghwan/defects4j/framework/util/fix_test_suite.pl: 2017-07-13 16:18:47  ######
- Found 1 test archive(s)
 - Removing 1 test methods: Chart-2f-evosuite-branch.1.tar.bz2
--- org.jfree.data.general.DatasetUtilities_ESTest83::test083
junit.framework.AssertionFailedError: expected:<-1.024620247686E12> but was:<-1.024620056074E12>
	at org.junit.Assert.fail(Assert.java:88)
	at org.junit.Assert.failNotEquals(Assert.java:743)
	at org.junit.Assert.assertEquals(Assert.java:494)
	at org.junit.Assert.assertEquals(Assert.java:592)
	at org.jfree.data.general.DatasetUtilities_ESTest83.test083(DatasetUtilities_ESTest83.java:106)
	at sun.reflect.NativeMethodAccessorImpl.invoke0(Native Method)
	at sun.reflect.NativeMethodAccessorImpl.invoke(NativeMethodAccessorImpl.java:57)
	at sun.reflect.DelegatingMethodAccessorImpl.invoke(DelegatingMethodAccessorImpl.java:43)
	at java.lang.reflect.Method.invoke(Method.java:606)
	at org.junit.runners.model.FrameworkMethod$1.runReflectiveCall(FrameworkMethod.java:47)
	at org.junit.internal.runners.model.ReflectiveCallable.run(ReflectiveCallable.java:12)
	at org.junit.runners.model.FrameworkMethod.invokeExplosively(FrameworkMethod.java:44)
	at org.junit.internal.runners.statements.InvokeMethod.evaluate(InvokeMethod.java:17)
	at org.junit.internal.runners.statements.RunBefores.evaluate(RunBefores.java:26)
	at org.junit.internal.runners.statements.RunAfters.evaluate(RunAfters.java:27)
	at org.junit.internal.runners.statements.FailOnTimeout$StatementThread.run(FailOnTimeout.java:74)
######  End fixing tests  /home/to_donghwan/defects4j/framework/util/fix_test_suite.pl: 2017-07-13 16:19:47  ######
######  Start fixing tests  /home/to_donghwan/defects4j/framework/util/fix_test_suite.pl: 2017-07-13 16:25:43  ######
- Found 1 test archive(s)
 - Removing 2 test methods: Chart-3f-evosuite-branch.1.tar.bz2
--- org.jfree.data.time.TimeSeries_ESTest38::test38
junit.framework.AssertionFailedError: expected:<0> but was:<1>
	at org.junit.Assert.fail(Assert.java:88)
	at org.junit.Assert.failNotEquals(Assert.java:743)
	at org.junit.Assert.assertEquals(Assert.java:118)
	at org.junit.Assert.assertEquals(Assert.java:555)
	at org.junit.Assert.assertEquals(Assert.java:542)
	at org.jfree.data.time.TimeSeries_ESTest38.test38(TimeSeries_ESTest38.java:49)
	at sun.reflect.NativeMethodAccessorImpl.invoke0(Native Method)
	at sun.reflect.NativeMethodAccessorImpl.invoke(NativeMethodAccessorImpl.java:57)
	at sun.reflect.DelegatingMethodAccessorImpl.invoke(DelegatingMethodAccessorImpl.java:43)
	at java.lang.reflect.Method.invoke(Method.java:606)
	at org.junit.runners.model.FrameworkMethod$1.runReflectiveCall(FrameworkMethod.java:47)
	at org.junit.internal.runners.model.ReflectiveCallable.run(ReflectiveCallable.java:12)
	at org.junit.runners.model.FrameworkMethod.invokeExplosively(FrameworkMethod.java:44)
	at org.junit.internal.runners.statements.InvokeMethod.evaluate(InvokeMethod.java:17)
	at org.junit.internal.runners.statements.RunBefores.evaluate(RunBefores.java:26)
	at org.junit.internal.runners.statements.RunAfters.evaluate(RunAfters.java:27)
	at org.junit.internal.runners.statements.FailOnTimeout$StatementThread.run(FailOnTimeout.java:74)
--- org.jfree.data.time.TimeSeries_ESTest39::test39
junit.framework.AssertionFailedError: expected:<0> but was:<1>
	at org.junit.Assert.fail(Assert.java:88)
	at org.junit.Assert.failNotEquals(Assert.java:743)
	at org.junit.Assert.assertEquals(Assert.java:118)
	at org.junit.Assert.assertEquals(Assert.java:555)
	at org.junit.Assert.assertEquals(Assert.java:542)
	at org.jfree.data.time.TimeSeries_ESTest39.test39(TimeSeries_ESTest39.java:49)
	at sun.reflect.NativeMethodAccessorImpl.invoke0(Native Method)
	at sun.reflect.NativeMethodAccessorImpl.invoke(NativeMethodAccessorImpl.java:57)
	at sun.reflect.DelegatingMethodAccessorImpl.invoke(DelegatingMethodAccessorImpl.java:43)
	at java.lang.reflect.Method.invoke(Method.java:606)
	at org.junit.runners.model.FrameworkMethod$1.runReflectiveCall(FrameworkMethod.java:47)
	at org.junit.internal.runners.model.ReflectiveCallable.run(ReflectiveCallable.java:12)
	at org.junit.runners.model.FrameworkMethod.invokeExplosively(FrameworkMethod.java:44)
	at org.junit.internal.runners.statements.InvokeMethod.evaluate(InvokeMethod.java:17)
	at org.junit.internal.runners.statements.RunBefores.evaluate(RunBefores.java:26)
	at org.junit.internal.runners.statements.RunAfters.evaluate(RunAfters.java:27)
	at org.junit.internal.runners.statements.FailOnTimeout$StatementThread.run(FailOnTimeout.java:74)
######  End fixing tests  /home/to_donghwan/defects4j/framework/util/fix_test_suite.pl: 2017-07-13 16:26:35  ######
######  Start fixing tests  /home/to_donghwan/defects4j/framework/util/fix_test_suite.pl: 2017-07-13 16:39:27  ######
- Found 1 test archive(s)
 - Removing 1 test methods: Chart-4f-evosuite-branch.1.tar.bz2
--- org.jfree.chart.plot.XYPlot_ESTest165::test165
java.util.ServiceConfigurationError: sun.java2d.cmm.PCMM: Provider sun.java2d.cmm.lcms.LCMS could not be instantiated
	at java.util.ServiceLoader.fail(ServiceLoader.java:224)
	at java.util.ServiceLoader.access$100(ServiceLoader.java:181)
	at java.util.ServiceLoader$LazyIterator.next(ServiceLoader.java:377)
	at java.util.ServiceLoader$1.next(ServiceLoader.java:445)
	at sun.java2d.cmm.CMSManager$1.run(CMSManager.java:65)
	at java.security.AccessController.doPrivileged(Native Method)
	at sun.java2d.cmm.CMSManager.getModule(CMSManager.java:55)
	at java.awt.color.ICC_Profile.activateDeferredProfile(ICC_Profile.java:1119)
	at java.awt.color.ICC_Profile$1.activate(ICC_Profile.java:742)
	at sun.java2d.cmm.ProfileDeferralMgr.activateProfiles(ProfileDeferralMgr.java:95)
	at java.awt.image.ColorConvertOp.<clinit>(ColorConvertOp.java:83)
	at org.jfree.chart.plot.XYPlot_ESTest165.test165(XYPlot_ESTest165.java:347)
	at sun.reflect.NativeMethodAccessorImpl.invoke0(Native Method)
	at sun.reflect.NativeMethodAccessorImpl.invoke(NativeMethodAccessorImpl.java:57)
	at sun.reflect.DelegatingMethodAccessorImpl.invoke(DelegatingMethodAccessorImpl.java:43)
	at java.lang.reflect.Method.invoke(Method.java:606)
	at org.junit.runners.model.FrameworkMethod$1.runReflectiveCall(FrameworkMethod.java:47)
	at org.junit.internal.runners.model.ReflectiveCallable.run(ReflectiveCallable.java:12)
	at org.junit.runners.model.FrameworkMethod.invokeExplosively(FrameworkMethod.java:44)
	at org.junit.internal.runners.statements.InvokeMethod.evaluate(InvokeMethod.java:17)
	at org.junit.internal.runners.statements.RunBefores.evaluate(RunBefores.java:26)
	at org.junit.internal.runners.statements.RunAfters.evaluate(RunAfters.java:27)
	at org.junit.internal.runners.statements.FailOnTimeout$StatementThread.run(FailOnTimeout.java:74)
Caused by: java.lang.ExceptionInInitializerError
	at sun.reflect.NativeConstructorAccessorImpl.newInstance0(Native Method)
	at sun.reflect.NativeConstructorAccessorImpl.newInstance(NativeConstructorAccessorImpl.java:57)
	at sun.reflect.DelegatingConstructorAccessorImpl.newInstance(DelegatingConstructorAccessorImpl.java:45)
	at java.lang.reflect.Constructor.newInstance(Constructor.java:526)
	at java.lang.Class.newInstance(Class.java:383)
	at java.util.ServiceLoader$LazyIterator.next(ServiceLoader.java:373)
	... 20 more
Caused by: java.lang.SecurityException: Security manager blocks ("java.lang.RuntimePermission" "loadLibrary.javalcms")
java.lang.Thread.getStackTrace(Thread.java:1589)
org.evosuite.runtime.sandbox.MSecurityManager.checkPermission(MSecurityManager.java:440)
java.lang.SecurityManager.checkLink(SecurityManager.java:835)
java.lang.Runtime.loadLibrary0(Runtime.java:843)
java.lang.System.loadLibrary(System.java:1088)
sun.java2d.cmm.lcms.LCMS$1.run(LCMS.java:96)
java.security.AccessController.doPrivileged(Native Method)
sun.java2d.cmm.lcms.LCMS.<clinit>(LCMS.java:89)
sun.reflect.NativeConstructorAccessorImpl.newInstance0(Native Method)
sun.reflect.NativeConstructorAccessorImpl.newInstance(NativeConstructorAccessorImpl.java:57)
sun.reflect.DelegatingConstructorAccessorImpl.newInstance(DelegatingConstructorAccessorImpl.java:45)
java.lang.reflect.Constructor.newInstance(Constructor.java:526)
java.lang.Class.newInstance(Class.java:383)
java.util.ServiceLoader$LazyIterator.next(ServiceLoader.java:373)
java.util.ServiceLoader$1.next(ServiceLoader.java:445)
sun.java2d.cmm.CMSManager$1.run(CMSManager.java:65)
java.security.AccessController.doPrivileged(Native Method)
sun.java2d.cmm.CMSManager.getModule(CMSManager.java:55)
java.awt.color.ICC_Profile.activateDeferredProfile(ICC_Profile.java:1119)
java.awt.color.ICC_Profile$1.activate(ICC_Profile.java:742)
sun.java2d.cmm.ProfileDeferralMgr.activateProfiles(ProfileDeferralMgr.java:95)
java.awt.image.ColorConvertOp.<clinit>(ColorConvertOp.java:83)
org.jfree.chart.plot.XYPlot_ESTest165.test165(XYPlot_ESTest165.java:347)
sun.reflect.NativeMethodAccessorImpl.invoke0(Native Method)
sun.reflect.NativeMethodAccessorImpl.invoke(NativeMethodAccessorImpl.java:57)
sun.reflect.DelegatingMethodAccessorImpl.invoke(DelegatingMethodAccessorImpl.java:43)
java.lang.reflect.Method.invoke(Method.java:606)
org.junit.runners.model.FrameworkMethod$1.runReflectiveCall(FrameworkMethod.java:47)
org.junit.internal.runners.model.ReflectiveCallable.run(ReflectiveCallable.java:12)
org.junit.runners.model.FrameworkMethod.invokeExplosively(FrameworkMethod.java:44)
org.junit.internal.runners.statements.InvokeMethod.evaluate(InvokeMethod.java:17)
org.junit.internal.runners.statements.RunBefores.evaluate(RunBefores.java:26)
org.junit.internal.runners.statements.RunAfters.evaluate(RunAfters.java:27)
org.junit.internal.runners.statements.FailOnTimeout$StatementThread.run(FailOnTimeout.java:74)

	at org.evosuite.runtime.sandbox.MSecurityManager.checkPermission(MSecurityManager.java:444)
	at java.lang.SecurityManager.checkLink(SecurityManager.java:835)
	at java.lang.Runtime.loadLibrary0(Runtime.java:843)
	at java.lang.System.loadLibrary(System.java:1088)
	at sun.java2d.cmm.lcms.LCMS$1.run(LCMS.java:96)
	at java.security.AccessController.doPrivileged(Native Method)
	at sun.java2d.cmm.lcms.LCMS.<clinit>(LCMS.java:89)
	... 26 more
######  End fixing tests  /home/to_donghwan/defects4j/framework/util/fix_test_suite.pl: 2017-07-13 16:41:15  ######
######  Start fixing tests  /home/to_donghwan/defects4j/framework/util/fix_test_suite.pl: 2017-07-13 16:46:19  ######
- Found 1 test archive(s)
######  End fixing tests  /home/to_donghwan/defects4j/framework/util/fix_test_suite.pl: 2017-07-13 16:46:59  ######
######  Start fixing tests  /home/to_donghwan/defects4j/framework/util/fix_test_suite.pl: 2017-07-13 16:52:23  ######
- Found 1 test archive(s)
######  End fixing tests  /home/to_donghwan/defects4j/framework/util/fix_test_suite.pl: 2017-07-13 16:52:54  ######
######  Start fixing tests  /home/to_donghwan/defects4j/framework/util/fix_test_suite.pl: 2017-07-13 16:58:26  ######
- Found 1 test archive(s)
######  End fixing tests  /home/to_donghwan/defects4j/framework/util/fix_test_suite.pl: 2017-07-13 16:59:06  ######
######  Start fixing tests  /home/to_donghwan/defects4j/framework/util/fix_test_suite.pl: 2017-07-13 17:04:29  ######
- Found 1 test archive(s)
######  End fixing tests  /home/to_donghwan/defects4j/framework/util/fix_test_suite.pl: 2017-07-13 17:05:04  ######
######  Start fixing tests  /home/to_donghwan/defects4j/framework/util/fix_test_suite.pl: 2017-07-13 17:10:56  ######
- Found 1 test archive(s)
 - Removing 1 test methods: Chart-9f-evosuite-branch.1.tar.bz2
--- org.jfree.data.time.TimeSeries_ESTest29::test29
junit.framework.AssertionFailedError: expected:<0> but was:<1>
	at org.junit.Assert.fail(Assert.java:88)
	at org.junit.Assert.failNotEquals(Assert.java:743)
	at org.junit.Assert.assertEquals(Assert.java:118)
	at org.junit.Assert.assertEquals(Assert.java:555)
	at org.junit.Assert.assertEquals(Assert.java:542)
	at org.jfree.data.time.TimeSeries_ESTest29.test29(TimeSeries_ESTest29.java:63)
	at sun.reflect.NativeMethodAccessorImpl.invoke0(Native Method)
	at sun.reflect.NativeMethodAccessorImpl.invoke(NativeMethodAccessorImpl.java:57)
	at sun.reflect.DelegatingMethodAccessorImpl.invoke(DelegatingMethodAccessorImpl.java:43)
	at java.lang.reflect.Method.invoke(Method.java:606)
	at org.junit.runners.model.FrameworkMethod$1.runReflectiveCall(FrameworkMethod.java:47)
	at org.junit.internal.runners.model.ReflectiveCallable.run(ReflectiveCallable.java:12)
	at org.junit.runners.model.FrameworkMethod.invokeExplosively(FrameworkMethod.java:44)
	at org.junit.internal.runners.statements.InvokeMethod.evaluate(InvokeMethod.java:17)
	at org.junit.internal.runners.statements.RunBefores.evaluate(RunBefores.java:26)
	at org.junit.internal.runners.statements.RunAfters.evaluate(RunAfters.java:27)
	at org.junit.internal.runners.statements.FailOnTimeout$StatementThread.run(FailOnTimeout.java:74)
######  End fixing tests  /home/to_donghwan/defects4j/framework/util/fix_test_suite.pl: 2017-07-13 17:11:46  ######
######  Start fixing tests  /home/to_donghwan/defects4j/framework/util/fix_test_suite.pl: 2017-07-13 17:12:02  ######
- Found 1 test archive(s)
######  End fixing tests  /home/to_donghwan/defects4j/framework/util/fix_test_suite.pl: 2017-07-13 17:12:32  ######
######  Start fixing tests  /home/to_donghwan/defects4j/framework/util/fix_test_suite.pl: 2017-07-13 17:18:05  ######
- Found 1 test archive(s)
######  End fixing tests  /home/to_donghwan/defects4j/framework/util/fix_test_suite.pl: 2017-07-13 17:19:02  ######
######  Start fixing tests  /home/to_donghwan/defects4j/framework/util/fix_test_suite.pl: 2017-07-13 17:25:03  ######
- Found 1 test archive(s)
######  End fixing tests  /home/to_donghwan/defects4j/framework/util/fix_test_suite.pl: 2017-07-13 17:25:49  ######
######  Start fixing tests  /home/to_donghwan/defects4j/framework/util/fix_test_suite.pl: 2017-07-13 17:31:39  ######
- Found 1 test archive(s)
######  End fixing tests  /home/to_donghwan/defects4j/framework/util/fix_test_suite.pl: 2017-07-13 17:32:16  ######
######  Start fixing tests  /home/to_donghwan/defects4j/framework/util/fix_test_suite.pl: 2017-07-13 17:57:02  ######
- Found 1 test archive(s)
 - Removing 1 test methods: Chart-14f-evosuite-branch.1.tar.bz2
--- org.jfree.chart.plot.XYPlot_ESTest27::test027
java.lang.IndexOutOfBoundsException: Index: 3941, Size: 0
	at java.util.ArrayList.rangeCheck(ArrayList.java:635)
	at java.util.ArrayList.get(ArrayList.java:411)
	at org.jfree.data.xy.VectorSeriesCollection.getYValue(VectorSeriesCollection.java:235)
	at org.jfree.data.xy.VectorSeriesCollection.getY(VectorSeriesCollection.java:251)
	at org.jfree.chart.plot.XYPlot_ESTest27.test027(XYPlot_ESTest27.java:335)
	at sun.reflect.NativeMethodAccessorImpl.invoke0(Native Method)
	at sun.reflect.NativeMethodAccessorImpl.invoke(NativeMethodAccessorImpl.java:57)
	at sun.reflect.DelegatingMethodAccessorImpl.invoke(DelegatingMethodAccessorImpl.java:43)
	at java.lang.reflect.Method.invoke(Method.java:606)
	at org.junit.runners.model.FrameworkMethod$1.runReflectiveCall(FrameworkMethod.java:47)
	at org.junit.internal.runners.model.ReflectiveCallable.run(ReflectiveCallable.java:12)
	at org.junit.runners.model.FrameworkMethod.invokeExplosively(FrameworkMethod.java:44)
	at org.junit.internal.runners.statements.InvokeMethod.evaluate(InvokeMethod.java:17)
	at org.junit.internal.runners.statements.RunBefores.evaluate(RunBefores.java:26)
	at org.junit.internal.runners.statements.RunAfters.evaluate(RunAfters.java:27)
	at org.junit.internal.runners.statements.FailOnTimeout$StatementThread.run(FailOnTimeout.java:74)
######  End fixing tests  /home/to_donghwan/defects4j/framework/util/fix_test_suite.pl: 2017-07-13 17:59:30  ######
######  Start fixing tests  /home/to_donghwan/defects4j/framework/util/fix_test_suite.pl: 2017-07-13 18:06:03  ######
- Found 1 test archive(s)
######  End fixing tests  /home/to_donghwan/defects4j/framework/util/fix_test_suite.pl: 2017-07-13 18:06:59  ######
######  Start fixing tests  /home/to_donghwan/defects4j/framework/util/fix_test_suite.pl: 2017-07-13 18:12:44  ######
- Found 1 test archive(s)
######  End fixing tests  /home/to_donghwan/defects4j/framework/util/fix_test_suite.pl: 2017-07-13 18:13:25  ######
######  Start fixing tests  /home/to_donghwan/defects4j/framework/util/fix_test_suite.pl: 2017-07-13 18:19:20  ######
- Found 1 test archive(s)
 - Removing 3 test methods: Chart-17f-evosuite-branch.1.tar.bz2
--- org.jfree.data.time.TimeSeries_ESTest29::test29
java.lang.ClassCastException: java.util.Date cannot be cast to org.evosuite.runtime.mock.java.util.MockDate
	at org.jfree.data.time.TimeSeries_ESTest29.test29(TimeSeries_ESTest29.java:52)
	at sun.reflect.NativeMethodAccessorImpl.invoke0(Native Method)
	at sun.reflect.NativeMethodAccessorImpl.invoke(NativeMethodAccessorImpl.java:57)
	at sun.reflect.DelegatingMethodAccessorImpl.invoke(DelegatingMethodAccessorImpl.java:43)
	at java.lang.reflect.Method.invoke(Method.java:606)
	at org.junit.runners.model.FrameworkMethod$1.runReflectiveCall(FrameworkMethod.java:47)
	at org.junit.internal.runners.model.ReflectiveCallable.run(ReflectiveCallable.java:12)
	at org.junit.runners.model.FrameworkMethod.invokeExplosively(FrameworkMethod.java:44)
	at org.junit.internal.runners.statements.InvokeMethod.evaluate(InvokeMethod.java:17)
	at org.junit.internal.runners.statements.RunBefores.evaluate(RunBefores.java:26)
	at org.junit.internal.runners.statements.RunAfters.evaluate(RunAfters.java:27)
	at org.junit.internal.runners.statements.FailOnTimeout$StatementThread.run(FailOnTimeout.java:74)
--- org.jfree.data.time.TimeSeries_ESTest33::test33
junit.framework.AssertionFailedError: expected:<0> but was:<1>
	at org.junit.Assert.fail(Assert.java:88)
	at org.junit.Assert.failNotEquals(Assert.java:743)
	at org.junit.Assert.assertEquals(Assert.java:118)
	at org.junit.Assert.assertEquals(Assert.java:555)
	at org.junit.Assert.assertEquals(Assert.java:542)
	at org.jfree.data.time.TimeSeries_ESTest33.test33(TimeSeries_ESTest33.java:55)
	at sun.reflect.NativeMethodAccessorImpl.invoke0(Native Method)
	at sun.reflect.NativeMethodAccessorImpl.invoke(NativeMethodAccessorImpl.java:57)
	at sun.reflect.DelegatingMethodAccessorImpl.invoke(DelegatingMethodAccessorImpl.java:43)
	at java.lang.reflect.Method.invoke(Method.java:606)
	at org.junit.runners.model.FrameworkMethod$1.runReflectiveCall(FrameworkMethod.java:47)
	at org.junit.internal.runners.model.ReflectiveCallable.run(ReflectiveCallable.java:12)
	at org.junit.runners.model.FrameworkMethod.invokeExplosively(FrameworkMethod.java:44)
	at org.junit.internal.runners.statements.InvokeMethod.evaluate(InvokeMethod.java:17)
	at org.junit.internal.runners.statements.RunBefores.evaluate(RunBefores.java:26)
	at org.junit.internal.runners.statements.RunAfters.evaluate(RunAfters.java:27)
	at org.junit.internal.runners.statements.FailOnTimeout$StatementThread.run(FailOnTimeout.java:74)
--- org.jfree.data.time.TimeSeries_ESTest5::test05
junit.framework.AssertionFailedError: expected:<0> but was:<1>
	at org.junit.Assert.fail(Assert.java:88)
	at org.junit.Assert.failNotEquals(Assert.java:743)
	at org.junit.Assert.assertEquals(Assert.java:118)
	at org.junit.Assert.assertEquals(Assert.java:555)
	at org.junit.Assert.assertEquals(Assert.java:542)
	at org.jfree.data.time.TimeSeries_ESTest5.test05(TimeSeries_ESTest5.java:57)
	at sun.reflect.NativeMethodAccessorImpl.invoke0(Native Method)
	at sun.reflect.NativeMethodAccessorImpl.invoke(NativeMethodAccessorImpl.java:57)
	at sun.reflect.DelegatingMethodAccessorImpl.invoke(DelegatingMethodAccessorImpl.java:43)
	at java.lang.reflect.Method.invoke(Method.java:606)
	at org.junit.runners.model.FrameworkMethod$1.runReflectiveCall(FrameworkMethod.java:47)
	at org.junit.internal.runners.model.ReflectiveCallable.run(ReflectiveCallable.java:12)
	at org.junit.runners.model.FrameworkMethod.invokeExplosively(FrameworkMethod.java:44)
	at org.junit.internal.runners.statements.InvokeMethod.evaluate(InvokeMethod.java:17)
	at org.junit.internal.runners.statements.RunBefores.evaluate(RunBefores.java:26)
	at org.junit.internal.runners.statements.RunAfters.evaluate(RunAfters.java:27)
	at org.junit.internal.runners.statements.FailOnTimeout$StatementThread.run(FailOnTimeout.java:74)
######  End fixing tests  /home/to_donghwan/defects4j/framework/util/fix_test_suite.pl: 2017-07-13 18:20:18  ######
######  Start fixing tests  /home/to_donghwan/defects4j/framework/util/fix_test_suite.pl: 2017-07-13 18:31:03  ######
- Found 1 test archive(s)
######  End fixing tests  /home/to_donghwan/defects4j/framework/util/fix_test_suite.pl: 2017-07-13 18:31:40  ######
######  Start fixing tests  /home/to_donghwan/defects4j/framework/util/fix_test_suite.pl: 2017-07-13 18:43:59  ######
- Found 1 test archive(s)
 - Removing 1 test methods: Chart-19f-evosuite-branch.1.tar.bz2
--- org.jfree.chart.plot.CategoryPlot_ESTest16::test016
junit.framework.AssertionFailedError: expected:<8.0> but was:<353.0>
	at org.junit.Assert.fail(Assert.java:88)
	at org.junit.Assert.failNotEquals(Assert.java:743)
	at org.junit.Assert.assertEquals(Assert.java:494)
	at org.junit.Assert.assertEquals(Assert.java:592)
	at org.jfree.chart.plot.CategoryPlot_ESTest16.test016(CategoryPlot_ESTest16.java:284)
	at sun.reflect.NativeMethodAccessorImpl.invoke0(Native Method)
	at sun.reflect.NativeMethodAccessorImpl.invoke(NativeMethodAccessorImpl.java:57)
	at sun.reflect.DelegatingMethodAccessorImpl.invoke(DelegatingMethodAccessorImpl.java:43)
	at java.lang.reflect.Method.invoke(Method.java:606)
	at org.junit.runners.model.FrameworkMethod$1.runReflectiveCall(FrameworkMethod.java:47)
	at org.junit.internal.runners.model.ReflectiveCallable.run(ReflectiveCallable.java:12)
	at org.junit.runners.model.FrameworkMethod.invokeExplosively(FrameworkMethod.java:44)
	at org.junit.internal.runners.statements.InvokeMethod.evaluate(InvokeMethod.java:17)
	at org.junit.internal.runners.statements.RunBefores.evaluate(RunBefores.java:26)
	at org.junit.internal.runners.statements.RunAfters.evaluate(RunAfters.java:27)
	at org.junit.internal.runners.statements.FailOnTimeout$StatementThread.run(FailOnTimeout.java:74)
######  End fixing tests  /home/to_donghwan/defects4j/framework/util/fix_test_suite.pl: 2017-07-13 18:45:33  ######
######  Start fixing tests  /home/to_donghwan/defects4j/framework/util/fix_test_suite.pl: 2017-07-13 18:51:09  ######
- Found 1 test archive(s)
######  End fixing tests  /home/to_donghwan/defects4j/framework/util/fix_test_suite.pl: 2017-07-13 18:51:49  ######
######  Start fixing tests  /home/to_donghwan/defects4j/framework/util/fix_test_suite.pl: 2017-07-13 18:57:18  ######
- Found 1 test archive(s)
######  End fixing tests  /home/to_donghwan/defects4j/framework/util/fix_test_suite.pl: 2017-07-13 18:57:58  ######
######  Start fixing tests  /home/to_donghwan/defects4j/framework/util/fix_test_suite.pl: 2017-07-13 19:03:19  ######
- Found 1 test archive(s)
######  End fixing tests  /home/to_donghwan/defects4j/framework/util/fix_test_suite.pl: 2017-07-13 19:03:56  ######
######  Start fixing tests  /home/to_donghwan/defects4j/framework/util/fix_test_suite.pl: 2017-07-13 19:09:37  ######
- Found 1 test archive(s)
######  End fixing tests  /home/to_donghwan/defects4j/framework/util/fix_test_suite.pl: 2017-07-13 19:10:27  ######
######  Start fixing tests  /home/to_donghwan/defects4j/framework/util/fix_test_suite.pl: 2017-07-13 19:10:44  ######
- Found 1 test archive(s)
######  End fixing tests  /home/to_donghwan/defects4j/framework/util/fix_test_suite.pl: 2017-07-13 19:11:14  ######
######  Start fixing tests  /home/to_donghwan/defects4j/framework/util/fix_test_suite.pl: 2017-07-13 19:16:48  ######
- Found 1 test archive(s)
######  End fixing tests  /home/to_donghwan/defects4j/framework/util/fix_test_suite.pl: 2017-07-13 19:17:30  ######
######  Start fixing tests  /home/to_donghwan/defects4j/framework/util/fix_test_suite.pl: 2017-07-13 19:23:54  ######
- Found 1 test archive(s)
######  End fixing tests  /home/to_donghwan/defects4j/framework/util/fix_test_suite.pl: 2017-07-13 19:24:44  ######
