
init:

junit-present:

setProxy:

noProxy:
     [echo] Proxy not used.

get-custom-dep-commons-logging.jar:

get-dep-commons-logging.jar:
      [get] Getting: http://www.ibiblio.org/maven/commons-logging/jars/commons-logging-1.0.4.jar
      [get] To: /home/to_donghwan/.maven/repository/commons-logging/jars/commons-logging-1.0.4.jar
      [get] Error opening connection java.io.FileNotFoundException: http://www.ibiblio.org/maven/commons-logging/jars/commons-logging-1.0.4.jar
      [get] Error opening connection java.io.FileNotFoundException: http://www.ibiblio.org/maven/commons-logging/jars/commons-logging-1.0.4.jar
      [get] Error opening connection java.io.FileNotFoundException: http://www.ibiblio.org/maven/commons-logging/jars/commons-logging-1.0.4.jar
      [get] Can't get http://www.ibiblio.org/maven/commons-logging/jars/commons-logging-1.0.4.jar to /home/to_donghwan/.maven/repository/commons-logging/jars/commons-logging-1.0.4.jar

get-custom-dep-commons-discovery.jar:

get-dep-commons-discovery.jar:
      [get] Getting: http://www.ibiblio.org/maven/commons-discovery/jars/commons-discovery-0.2.jar
      [get] To: /home/to_donghwan/.maven/repository/commons-discovery/jars/commons-discovery-0.2.jar
      [get] Error opening connection java.io.FileNotFoundException: http://www.ibiblio.org/maven/commons-discovery/jars/commons-discovery-0.2.jar
      [get] Error opening connection java.io.FileNotFoundException: http://www.ibiblio.org/maven/commons-discovery/jars/commons-discovery-0.2.jar
      [get] Error opening connection java.io.FileNotFoundException: http://www.ibiblio.org/maven/commons-discovery/jars/commons-discovery-0.2.jar
      [get] Can't get http://www.ibiblio.org/maven/commons-discovery/jars/commons-discovery-0.2.jar to /home/to_donghwan/.maven/repository/commons-discovery/jars/commons-discovery-0.2.jar

get-deps:

compile:
    [javac] /tmp/run_mutation.pl_114251_1501594600/103f/build.xml:72: warning: 'includeantruntime' was not set, defaulting to build.sysclasspath=last; set to false for repeatable builds

compile-tests:
    [mkdir] Created dir: /tmp/run_mutation.pl_114251_1501594600/103f/target/test-classes
    [javac] /tmp/run_mutation.pl_114251_1501594600/103f/build.xml:149: warning: 'includeantruntime' was not set, defaulting to build.sysclasspath=last; set to false for repeatable builds
    [javac] Compiling 162 source files to /tmp/run_mutation.pl_114251_1501594600/103f/target/test-classes
    [javac] /tmp/run_mutation.pl_114251_1501594600/103f/src/test/org/apache/commons/math/TestUtils.java:27: warning: [deprecation] Assert in junit.framework has been deprecated
    [javac] import junit.framework.Assert;
    [javac]                       ^
    [javac] /tmp/run_mutation.pl_114251_1501594600/103f/src/test/org/apache/commons/math/TestUtils.java:59: warning: [deprecation] Assert in junit.framework has been deprecated
    [javac]             Assert.assertTrue("" + actual + " is not NaN.",
    [javac]             ^
    [javac] /tmp/run_mutation.pl_114251_1501594600/103f/src/test/org/apache/commons/math/TestUtils.java:62: warning: [deprecation] Assert in junit.framework has been deprecated
    [javac]             Assert.assertEquals(msg, expected, actual, delta);
    [javac]             ^
    [javac] /tmp/run_mutation.pl_114251_1501594600/103f/src/test/org/apache/commons/math/TestUtils.java:96: warning: [deprecation] Assert in junit.framework has been deprecated
    [javac]         Assert.assertEquals(a.length, b.length);
    [javac]         ^
    [javac] /tmp/run_mutation.pl_114251_1501594600/103f/src/test/org/apache/commons/math/TestUtils.java:98: warning: [deprecation] Assert in junit.framework has been deprecated
    [javac]             Assert.assertEquals(a[i], b[i], tolerance);
    [javac]             ^
    [javac] /tmp/run_mutation.pl_114251_1501594600/103f/src/test/org/apache/commons/math/TestUtils.java:162: warning: [deprecation] Assert in junit.framework has been deprecated
    [javac]         Assert.assertEquals("Equals check", object, object2);
    [javac]         ^
    [javac] /tmp/run_mutation.pl_114251_1501594600/103f/src/test/org/apache/commons/math/TestUtils.java:163: warning: [deprecation] Assert in junit.framework has been deprecated
    [javac]         Assert.assertEquals("HashCode check", object.hashCode(), object2.hashCode());
    [javac]         ^
    [javac] /tmp/run_mutation.pl_114251_1501594600/103f/src/test/org/apache/commons/math/TestUtils.java:193: warning: [deprecation] Assert in junit.framework has been deprecated
    [javac]             Assert.assertTrue(msg, Double.isNaN(actual));
    [javac]             ^
    [javac] /tmp/run_mutation.pl_114251_1501594600/103f/src/test/org/apache/commons/math/TestUtils.java:195: warning: [deprecation] Assert in junit.framework has been deprecated
    [javac]             Assert.assertTrue(msg, Double.isNaN(expected));
    [javac]             ^
    [javac] /tmp/run_mutation.pl_114251_1501594600/103f/src/test/org/apache/commons/math/TestUtils.java:197: warning: [deprecation] Assert in junit.framework has been deprecated
    [javac]             Assert.assertEquals(expected, actual, relativeError);
    [javac]             ^
    [javac] /tmp/run_mutation.pl_114251_1501594600/103f/src/test/org/apache/commons/math/TestUtils.java:199: warning: [deprecation] Assert in junit.framework has been deprecated
    [javac]             Assert.assertEquals(msg, actual, expected, relativeError);
    [javac]             ^
    [javac] /tmp/run_mutation.pl_114251_1501594600/103f/src/test/org/apache/commons/math/TestUtils.java:202: warning: [deprecation] Assert in junit.framework has been deprecated
    [javac]             Assert.assertEquals(msg, 0.0, x, relativeError);
    [javac]             ^
    [javac] /tmp/run_mutation.pl_114251_1501594600/103f/src/test/org/apache/commons/math/TestUtils.java:228: warning: [deprecation] Assert in junit.framework has been deprecated
    [javac]             Assert.fail(msg + 
    [javac]             ^
    [javac] /tmp/run_mutation.pl_114251_1501594600/103f/src/test/org/apache/commons/math/TestUtils.java:267: warning: [deprecation] Assert in junit.framework has been deprecated
    [javac]             Assert.fail(msg + " Unable to find" + x);
    [javac]             ^
    [javac] Note: Some input files use unchecked or unsafe operations.
    [javac] Note: Recompile with -Xlint:unchecked for details.
    [javac] 14 warnings
     [copy] Copying 11 files to /tmp/run_mutation.pl_114251_1501594600/103f/target/test-classes

compile.tests:

update.all.tests:

mutation.test:
     [echo] Running mutation analysis ...
    [junit] MAJOR: Mutation analysis enabled
SLF4J: Failed to load class "org.slf4j.impl.StaticLoggerBinder".
SLF4J: Defaulting to no-operation (NOP) logger implementation
SLF4J: See http://www.slf4j.org/codes.html#StaticLoggerBinder for further details.
    [junit] MAJOR: ------------------------------------------------------------
    [junit] MAJOR: Run 11 ordered tests to verify independence
    [junit] MAJOR: ------------------------------------------------------------
    [junit] MAJOR: Preprocessing time: 4.35 seconds
    [junit] MAJOR: ------------------------------------------------------------
    [junit] MAJOR: Mutants generated: 148
    [junit] MAJOR: Mutants covered:   148 (100.00%)
    [junit] MAJOR: ------------------------------------------------------------
    [junit] MAJOR: Export test map to (testMap.csv)
    [junit] MAJOR: Export coverage map to (covMap.csv)
    [junit] MAJOR: Exclude 0 mutants
    [junit] MAJOR: ------------------------------------------------------------
    [junit] MAJOR: Run mutation analysis with 11 individual tests
    [junit] MAJOR: ------------------------------------------------------------
    [junit] MAJOR: 1/11 - org.apache.commons.math.distribution.NormalDistributionImpl_ESTest4 (11ms / 0):
    [junit] MAJOR: 0 (0 / 0 / 0) -> AVG-RTPM: 0ms
    [junit] MAJOR: Mutants killed / live: 0 (0-0-0) / 148
    [junit] MAJOR: ------------------------------------------------------------
    [junit] MAJOR: 2/11 - org.apache.commons.math.distribution.NormalDistributionImpl_ESTest5 (11ms / 30):
    [junit] MAJOR: 4078 (15 / 30 / 30) -> AVG-RTPM: 135ms
    [junit] MAJOR: Mutants killed / live: 15 (8-7-0) / 133
    [junit] MAJOR: ------------------------------------------------------------
    [junit] MAJOR: 3/11 - org.apache.commons.math.distribution.NormalDistributionImpl_ESTest7 (11ms / 31):
    [junit] MAJOR: 9631 (5 / 31 / 31) -> AVG-RTPM: 179ms
    [junit] MAJOR: Mutants killed / live: 20 (15-14-0) / 128
    [junit] MAJOR: ------------------------------------------------------------
    [junit] MAJOR: 4/11 - org.apache.commons.math.distribution.NormalDistributionImpl_ESTest6 (12ms / 39):
    [junit] MAJOR: 20502 (8 / 39 / 39) -> AVG-RTPM: 278ms
    [junit] MAJOR: Mutants killed / live: 28 (28-21-0) / 120
    [junit] MAJOR: ------------------------------------------------------------
    [junit] MAJOR: 5/11 - org.apache.commons.math.distribution.NormalDistributionImpl_ESTest9 (12ms / 34):
    [junit] MAJOR: 34749 (8 / 34 / 34) -> AVG-RTPM: 419ms
    [junit] MAJOR: Mutants killed / live: 36 (38-28-0) / 112
    [junit] MAJOR: ------------------------------------------------------------
    [junit] MAJOR: 6/11 - org.apache.commons.math.distribution.NormalDistributionImpl_ESTest1 (13ms / 21):
    [junit] MAJOR: 46381 (3 / 21 / 21) -> AVG-RTPM: 553ms
    [junit] MAJOR: Mutants killed / live: 39 (41-35-0) / 109
    [junit] MAJOR: ------------------------------------------------------------
    [junit] MAJOR: 7/11 - org.apache.commons.math.distribution.NormalDistributionImpl_ESTest8 (18ms / 101):
    [junit] MAJOR: 147029 (24 / 101 / 101) -> AVG-RTPM: 996ms
    [junit] MAJOR: Mutants killed / live: 63 (58-58-2) / 85
    [junit] MAJOR: ------------------------------------------------------------
    [junit] MAJOR: 8/11 - org.apache.commons.math.distribution.NormalDistributionImpl_ESTest2 (19ms / 83):
    [junit] MAJOR: 282342 (18 / 83 / 83) -> AVG-RTPM: 1630ms
    [junit] MAJOR: Mutants killed / live: 81 (67-77-3) / 67
    [junit] MAJOR: ------------------------------------------------------------
    [junit] MAJOR: 9/11 - org.apache.commons.math.distribution.NormalDistributionImpl_ESTest3 (23ms / 66):
    [junit] MAJOR: 385407 (23 / 66 / 66) -> AVG-RTPM: 1561ms
    [junit] MAJOR: Mutants killed / live: 104 (68-125-15) / 44
    [junit] MAJOR: ------------------------------------------------------------
    [junit] MAJOR: 10/11 - org.apache.commons.math.distribution.NormalDistributionImpl_ESTest10 (29ms / 43):
    [junit] MAJOR: 448153 (20 / 43 / 43) -> AVG-RTPM: 1459ms
    [junit] MAJOR: Mutants killed / live: 124 (68-161-22) / 24
    [junit] MAJOR: ------------------------------------------------------------
    [junit] MAJOR: 11/11 - org.apache.commons.math.distribution.NormalDistributionImpl_ESTest0 (40ms / 30):
    [junit] MAJOR: 547821 (5 / 30 / 30) -> AVG-RTPM: 3322ms
    [junit] MAJOR: Mutants killed / live: 129 (75-170-24) / 19
    [junit] MAJOR: ------------------------------------------------------------
    [junit] MAJOR: Summary:
    [junit] MAJOR: 
    [junit] MAJOR: Analysis time:  547.8 seconds
    [junit] MAJOR: Mutation score: 87.16% (87.16%)
    [junit] MAJOR: Mutants killed / live: 129 (75-170-24) / 19
    [junit] MAJOR: Mutant executions: 478
    [junit] MAJOR: ------------------------------------------------------------
    [junit] MAJOR: Export summary of results (to summary.csv)
    [junit] MAJOR: Export mutant kill details (to /tmp/run_mutation.pl_114251_1501594600/103f/kill.csv)
    [junit] MAJOR: Export kill map (to killMap.csv)!

BUILD SUCCESSFUL
Total time: 9 minutes 18 seconds
