
init:

junit-present:

setProxy:

noProxy:
     [echo] Proxy not used.

get-custom-dep-commons-logging.jar:

get-dep-commons-logging.jar:
      [get] Getting: http://www.ibiblio.org/maven/commons-logging/jars/commons-logging-1.0.4.jar
      [get] To: /home/donghwan/.maven/repository/commons-logging/jars/commons-logging-1.0.4.jar
      [get] Error opening connection java.io.FileNotFoundException: http://www.ibiblio.org/maven/commons-logging/jars/commons-logging-1.0.4.jar
      [get] Error opening connection java.io.FileNotFoundException: http://www.ibiblio.org/maven/commons-logging/jars/commons-logging-1.0.4.jar
      [get] Error opening connection java.io.FileNotFoundException: http://www.ibiblio.org/maven/commons-logging/jars/commons-logging-1.0.4.jar
      [get] Can't get http://www.ibiblio.org/maven/commons-logging/jars/commons-logging-1.0.4.jar to /home/donghwan/.maven/repository/commons-logging/jars/commons-logging-1.0.4.jar

get-custom-dep-commons-discovery.jar:

get-dep-commons-discovery.jar:
      [get] Getting: http://www.ibiblio.org/maven/commons-discovery/jars/commons-discovery-0.2.jar
      [get] To: /home/donghwan/.maven/repository/commons-discovery/jars/commons-discovery-0.2.jar
      [get] Error opening connection java.io.FileNotFoundException: http://www.ibiblio.org/maven/commons-discovery/jars/commons-discovery-0.2.jar
      [get] Error opening connection java.io.FileNotFoundException: http://www.ibiblio.org/maven/commons-discovery/jars/commons-discovery-0.2.jar
      [get] Error opening connection java.io.FileNotFoundException: http://www.ibiblio.org/maven/commons-discovery/jars/commons-discovery-0.2.jar
      [get] Can't get http://www.ibiblio.org/maven/commons-discovery/jars/commons-discovery-0.2.jar to /home/donghwan/.maven/repository/commons-discovery/jars/commons-discovery-0.2.jar

get-deps:

compile:
    [javac] /tmp/run_mutation.pl_101792_1501354593/104f/build.xml:72: warning: 'includeantruntime' was not set, defaulting to build.sysclasspath=last; set to false for repeatable builds

compile-tests:
    [mkdir] Created dir: /tmp/run_mutation.pl_101792_1501354593/104f/target/test-classes
    [javac] /tmp/run_mutation.pl_101792_1501354593/104f/build.xml:149: warning: 'includeantruntime' was not set, defaulting to build.sysclasspath=last; set to false for repeatable builds
    [javac] Compiling 162 source files to /tmp/run_mutation.pl_101792_1501354593/104f/target/test-classes
    [javac] /tmp/run_mutation.pl_101792_1501354593/104f/src/test/org/apache/commons/math/TestUtils.java:27: warning: [deprecation] Assert in junit.framework has been deprecated
    [javac] import junit.framework.Assert;
    [javac]                       ^
    [javac] /tmp/run_mutation.pl_101792_1501354593/104f/src/test/org/apache/commons/math/TestUtils.java:59: warning: [deprecation] Assert in junit.framework has been deprecated
    [javac]             Assert.assertTrue("" + actual + " is not NaN.",
    [javac]             ^
    [javac] /tmp/run_mutation.pl_101792_1501354593/104f/src/test/org/apache/commons/math/TestUtils.java:62: warning: [deprecation] Assert in junit.framework has been deprecated
    [javac]             Assert.assertEquals(msg, expected, actual, delta);
    [javac]             ^
    [javac] /tmp/run_mutation.pl_101792_1501354593/104f/src/test/org/apache/commons/math/TestUtils.java:96: warning: [deprecation] Assert in junit.framework has been deprecated
    [javac]         Assert.assertEquals(a.length, b.length);
    [javac]         ^
    [javac] /tmp/run_mutation.pl_101792_1501354593/104f/src/test/org/apache/commons/math/TestUtils.java:98: warning: [deprecation] Assert in junit.framework has been deprecated
    [javac]             Assert.assertEquals(a[i], b[i], tolerance);
    [javac]             ^
    [javac] /tmp/run_mutation.pl_101792_1501354593/104f/src/test/org/apache/commons/math/TestUtils.java:162: warning: [deprecation] Assert in junit.framework has been deprecated
    [javac]         Assert.assertEquals("Equals check", object, object2);
    [javac]         ^
    [javac] /tmp/run_mutation.pl_101792_1501354593/104f/src/test/org/apache/commons/math/TestUtils.java:163: warning: [deprecation] Assert in junit.framework has been deprecated
    [javac]         Assert.assertEquals("HashCode check", object.hashCode(), object2.hashCode());
    [javac]         ^
    [javac] /tmp/run_mutation.pl_101792_1501354593/104f/src/test/org/apache/commons/math/TestUtils.java:193: warning: [deprecation] Assert in junit.framework has been deprecated
    [javac]             Assert.assertTrue(msg, Double.isNaN(actual));
    [javac]             ^
    [javac] /tmp/run_mutation.pl_101792_1501354593/104f/src/test/org/apache/commons/math/TestUtils.java:195: warning: [deprecation] Assert in junit.framework has been deprecated
    [javac]             Assert.assertTrue(msg, Double.isNaN(expected));
    [javac]             ^
    [javac] /tmp/run_mutation.pl_101792_1501354593/104f/src/test/org/apache/commons/math/TestUtils.java:197: warning: [deprecation] Assert in junit.framework has been deprecated
    [javac]             Assert.assertEquals(expected, actual, relativeError);
    [javac]             ^
    [javac] /tmp/run_mutation.pl_101792_1501354593/104f/src/test/org/apache/commons/math/TestUtils.java:199: warning: [deprecation] Assert in junit.framework has been deprecated
    [javac]             Assert.assertEquals(msg, actual, expected, relativeError);
    [javac]             ^
    [javac] /tmp/run_mutation.pl_101792_1501354593/104f/src/test/org/apache/commons/math/TestUtils.java:202: warning: [deprecation] Assert in junit.framework has been deprecated
    [javac]             Assert.assertEquals(msg, 0.0, x, relativeError);
    [javac]             ^
    [javac] /tmp/run_mutation.pl_101792_1501354593/104f/src/test/org/apache/commons/math/TestUtils.java:228: warning: [deprecation] Assert in junit.framework has been deprecated
    [javac]             Assert.fail(msg + 
    [javac]             ^
    [javac] /tmp/run_mutation.pl_101792_1501354593/104f/src/test/org/apache/commons/math/TestUtils.java:267: warning: [deprecation] Assert in junit.framework has been deprecated
    [javac]             Assert.fail(msg + " Unable to find" + x);
    [javac]             ^
    [javac] Note: Some input files use unchecked or unsafe operations.
    [javac] Note: Recompile with -Xlint:unchecked for details.
    [javac] 14 warnings
     [copy] Copying 11 files to /tmp/run_mutation.pl_101792_1501354593/104f/target/test-classes

compile.tests:

update.all.tests:

mutation.test:
     [echo] Running mutation analysis ...
    [junit] MAJOR: Mutation analysis enabled
SLF4J: Failed to load class "org.slf4j.impl.StaticLoggerBinder".
SLF4J: Defaulting to no-operation (NOP) logger implementation
SLF4J: See http://www.slf4j.org/codes.html#StaticLoggerBinder for further details.
    [junit] MAJOR: ------------------------------------------------------------
    [junit] MAJOR: Run 16 ordered tests to verify independence
    [junit] MAJOR: ------------------------------------------------------------
    [junit] MAJOR: Preprocessing time: 4.20 seconds
    [junit] MAJOR: ------------------------------------------------------------
    [junit] MAJOR: Mutants generated: 433
    [junit] MAJOR: Mutants covered:   433 (100.00%)
    [junit] MAJOR: ------------------------------------------------------------
    [junit] MAJOR: Export test map to (testMap.csv)
    [junit] MAJOR: Export coverage map to (covMap.csv)
    [junit] MAJOR: Exclude 0 mutants
    [junit] MAJOR: ------------------------------------------------------------
    [junit] MAJOR: Run mutation analysis with 16 individual tests
    [junit] MAJOR: ------------------------------------------------------------
    [junit] MAJOR: 1/16 - org.apache.commons.math.special.Gamma_ESTest6 (-42ms / 87):
    [junit] MAJOR: 14367 (0 / 87 / 87) -> AVG-RTPM: 165ms
    [junit] MAJOR: Mutants killed / live: 0 (0-0-0) / 433
    [junit] MAJOR: ------------------------------------------------------------
    [junit] MAJOR: 2/16 - org.apache.commons.math.special.Gamma_ESTest7 (7ms / 98):
    [junit] MAJOR: 60277 (18 / 98 / 98) -> AVG-RTPM: 468ms
    [junit] MAJOR: Mutants killed / live: 18 (18-0-0) / 415
    [junit] MAJOR: ------------------------------------------------------------
    [junit] MAJOR: 3/16 - org.apache.commons.math.special.Gamma_ESTest9 (7ms / 345):
    [junit] MAJOR: 240901 (269 / 345 / 345) -> AVG-RTPM: 523ms
    [junit] MAJOR: Mutants killed / live: 287 (36-252-15) / 146
    [junit] MAJOR: ------------------------------------------------------------
    [junit] MAJOR: 4/16 - org.apache.commons.math.special.Gamma_ESTest4 (8ms / 69):
    [junit] MAJOR: 260481 (42 / 69 / 69) -> AVG-RTPM: 283ms
    [junit] MAJOR: Mutants killed / live: 329 (36-321-15) / 104
    [junit] MAJOR: ------------------------------------------------------------
    [junit] MAJOR: 5/16 - org.apache.commons.math.special.Gamma_ESTest5 (8ms / 78):
    [junit] MAJOR: 283292 (0 / 78 / 78) -> AVG-RTPM: 292ms
    [junit] MAJOR: Mutants killed / live: 329 (36-399-15) / 104
    [junit] MAJOR: ------------------------------------------------------------
    [junit] MAJOR: 6/16 - org.apache.commons.math.special.Gamma_ESTest3 (9ms / 69):
    [junit] MAJOR: 303015 (0 / 69 / 69) -> AVG-RTPM: 285ms
    [junit] MAJOR: Mutants killed / live: 329 (36-468-15) / 104
    [junit] MAJOR: ------------------------------------------------------------
    [junit] MAJOR: 7/16 - org.apache.commons.math.special.Gamma_ESTest1 (10ms / 55):
    [junit] MAJOR: 318869 (4 / 55 / 55) -> AVG-RTPM: 288ms
    [junit] MAJOR: Mutants killed / live: 333 (36-523-15) / 100
    [junit] MAJOR: ------------------------------------------------------------
    [junit] MAJOR: 8/16 - org.apache.commons.math.special.Gamma_ESTest8 (12ms / 148):
    [junit] MAJOR: 365654 (36 / 148 / 148) -> AVG-RTPM: 316ms
    [junit] MAJOR: Mutants killed / live: 369 (36-671-15) / 64
    [junit] MAJOR: ------------------------------------------------------------
    [junit] MAJOR: 9/16 - org.apache.commons.math.special.Gamma_ESTest10 (19ms / 69):
    [junit] MAJOR: 387610 (0 / 69 / 69) -> AVG-RTPM: 318ms
    [junit] MAJOR: Mutants killed / live: 369 (36-740-15) / 64
    [junit] MAJOR: ------------------------------------------------------------
    [junit] MAJOR: 10/16 - org.apache.commons.math.special.Gamma_ESTest15 (22ms / 364):
    [junit] MAJOR: 504904 (62 / 364 / 364) -> AVG-RTPM: 322ms
    [junit] MAJOR: Mutants killed / live: 431 (36-1104-15) / 2
    [junit] MAJOR: ------------------------------------------------------------
    [junit] MAJOR: 11/16 - org.apache.commons.math.special.Gamma_ESTest2 (23ms / 64):
    [junit] MAJOR: 525175 (0 / 64 / 64) -> AVG-RTPM: 316ms
    [junit] MAJOR: Mutants killed / live: 431 (36-1168-15) / 2
    [junit] MAJOR: ------------------------------------------------------------
    [junit] MAJOR: 12/16 - org.apache.commons.math.special.Gamma_ESTest12 (24ms / 87):
    [junit] MAJOR: 553149 (0 / 87 / 87) -> AVG-RTPM: 321ms
    [junit] MAJOR: Mutants killed / live: 431 (36-1255-15) / 2
    [junit] MAJOR: ------------------------------------------------------------
    [junit] MAJOR: 13/16 - org.apache.commons.math.special.Gamma_ESTest11 (25ms / 78):
    [junit] MAJOR: 578202 (0 / 78 / 78) -> AVG-RTPM: 321ms
    [junit] MAJOR: Mutants killed / live: 431 (36-1333-15) / 2
    [junit] MAJOR: ------------------------------------------------------------
    [junit] MAJOR: 14/16 - org.apache.commons.math.special.Gamma_ESTest13 (25ms / 98):
    [junit] MAJOR: 609535 (2 / 98 / 98) -> AVG-RTPM: 319ms
    [junit] MAJOR: Mutants killed / live: 433 (36-1431-15) / 0
    [junit] MAJOR: ------------------------------------------------------------
    [junit] MAJOR: 15/16 - org.apache.commons.math.special.Gamma_ESTest14 (28ms / 216):
    [junit] MAJOR: 678606 (0 / 216 / 216) -> AVG-RTPM: 319ms
    [junit] MAJOR: Mutants killed / live: 433 (36-1647-15) / 0
    [junit] MAJOR: ------------------------------------------------------------
    [junit] MAJOR: 16/16 - org.apache.commons.math.special.Gamma_ESTest0 (38ms / 69):
    [junit] MAJOR: 700830 (0 / 69 / 69) -> AVG-RTPM: 322ms
    [junit] MAJOR: Mutants killed / live: 433 (36-1716-15) / 0
    [junit] MAJOR: ------------------------------------------------------------
    [junit] MAJOR: Summary:
    [junit] MAJOR: 
    [junit] MAJOR: Analysis time:  700.8 seconds
    [junit] MAJOR: Mutation score: 100.00% (100.00%)
    [junit] MAJOR: Mutants killed / live: 433 (36-1716-15) / 0
    [junit] MAJOR: Mutant executions: 1994
    [junit] MAJOR: ------------------------------------------------------------
    [junit] MAJOR: Export summary of results (to summary.csv)
    [junit] MAJOR: Export mutant kill details (to /tmp/run_mutation.pl_101792_1501354593/104f/kill.csv)
    [junit] MAJOR: Export kill map (to killMap.csv)!

BUILD SUCCESSFUL
Total time: 11 minutes 51 seconds
