
init:

junit-present:

setProxy:

noProxy:
     [echo] Proxy not used.

get-custom-dep-commons-logging.jar:

get-dep-commons-logging.jar:
      [get] Getting: http://www.ibiblio.org/maven/commons-logging/jars/commons-logging-1.0.4.jar
      [get] To: /home/donghwan/.maven/repository/commons-logging/jars/commons-logging-1.0.4.jar
      [get] Error opening connection java.io.FileNotFoundException: http://www.ibiblio.org/maven/commons-logging/jars/commons-logging-1.0.4.jar
      [get] Error opening connection java.io.FileNotFoundException: http://www.ibiblio.org/maven/commons-logging/jars/commons-logging-1.0.4.jar
      [get] Error opening connection java.io.FileNotFoundException: http://www.ibiblio.org/maven/commons-logging/jars/commons-logging-1.0.4.jar
      [get] Can't get http://www.ibiblio.org/maven/commons-logging/jars/commons-logging-1.0.4.jar to /home/donghwan/.maven/repository/commons-logging/jars/commons-logging-1.0.4.jar

get-custom-dep-commons-discovery.jar:

get-dep-commons-discovery.jar:
      [get] Getting: http://www.ibiblio.org/maven/commons-discovery/jars/commons-discovery-0.2.jar
      [get] To: /home/donghwan/.maven/repository/commons-discovery/jars/commons-discovery-0.2.jar
      [get] Error opening connection java.io.FileNotFoundException: http://www.ibiblio.org/maven/commons-discovery/jars/commons-discovery-0.2.jar
      [get] Error opening connection java.io.FileNotFoundException: http://www.ibiblio.org/maven/commons-discovery/jars/commons-discovery-0.2.jar
      [get] Error opening connection java.io.FileNotFoundException: http://www.ibiblio.org/maven/commons-discovery/jars/commons-discovery-0.2.jar
      [get] Can't get http://www.ibiblio.org/maven/commons-discovery/jars/commons-discovery-0.2.jar to /home/donghwan/.maven/repository/commons-discovery/jars/commons-discovery-0.2.jar

get-deps:

compile:
    [javac] /tmp/run_mutation.pl_125535_1501599879/104f/build.xml:72: warning: 'includeantruntime' was not set, defaulting to build.sysclasspath=last; set to false for repeatable builds

compile-tests:
    [mkdir] Created dir: /tmp/run_mutation.pl_125535_1501599879/104f/target/test-classes
    [javac] /tmp/run_mutation.pl_125535_1501599879/104f/build.xml:149: warning: 'includeantruntime' was not set, defaulting to build.sysclasspath=last; set to false for repeatable builds
    [javac] Compiling 162 source files to /tmp/run_mutation.pl_125535_1501599879/104f/target/test-classes
    [javac] /tmp/run_mutation.pl_125535_1501599879/104f/src/test/org/apache/commons/math/TestUtils.java:27: warning: [deprecation] Assert in junit.framework has been deprecated
    [javac] import junit.framework.Assert;
    [javac]                       ^
    [javac] /tmp/run_mutation.pl_125535_1501599879/104f/src/test/org/apache/commons/math/TestUtils.java:59: warning: [deprecation] Assert in junit.framework has been deprecated
    [javac]             Assert.assertTrue("" + actual + " is not NaN.",
    [javac]             ^
    [javac] /tmp/run_mutation.pl_125535_1501599879/104f/src/test/org/apache/commons/math/TestUtils.java:62: warning: [deprecation] Assert in junit.framework has been deprecated
    [javac]             Assert.assertEquals(msg, expected, actual, delta);
    [javac]             ^
    [javac] /tmp/run_mutation.pl_125535_1501599879/104f/src/test/org/apache/commons/math/TestUtils.java:96: warning: [deprecation] Assert in junit.framework has been deprecated
    [javac]         Assert.assertEquals(a.length, b.length);
    [javac]         ^
    [javac] /tmp/run_mutation.pl_125535_1501599879/104f/src/test/org/apache/commons/math/TestUtils.java:98: warning: [deprecation] Assert in junit.framework has been deprecated
    [javac]             Assert.assertEquals(a[i], b[i], tolerance);
    [javac]             ^
    [javac] /tmp/run_mutation.pl_125535_1501599879/104f/src/test/org/apache/commons/math/TestUtils.java:162: warning: [deprecation] Assert in junit.framework has been deprecated
    [javac]         Assert.assertEquals("Equals check", object, object2);
    [javac]         ^
    [javac] /tmp/run_mutation.pl_125535_1501599879/104f/src/test/org/apache/commons/math/TestUtils.java:163: warning: [deprecation] Assert in junit.framework has been deprecated
    [javac]         Assert.assertEquals("HashCode check", object.hashCode(), object2.hashCode());
    [javac]         ^
    [javac] /tmp/run_mutation.pl_125535_1501599879/104f/src/test/org/apache/commons/math/TestUtils.java:193: warning: [deprecation] Assert in junit.framework has been deprecated
    [javac]             Assert.assertTrue(msg, Double.isNaN(actual));
    [javac]             ^
    [javac] /tmp/run_mutation.pl_125535_1501599879/104f/src/test/org/apache/commons/math/TestUtils.java:195: warning: [deprecation] Assert in junit.framework has been deprecated
    [javac]             Assert.assertTrue(msg, Double.isNaN(expected));
    [javac]             ^
    [javac] /tmp/run_mutation.pl_125535_1501599879/104f/src/test/org/apache/commons/math/TestUtils.java:197: warning: [deprecation] Assert in junit.framework has been deprecated
    [javac]             Assert.assertEquals(expected, actual, relativeError);
    [javac]             ^
    [javac] /tmp/run_mutation.pl_125535_1501599879/104f/src/test/org/apache/commons/math/TestUtils.java:199: warning: [deprecation] Assert in junit.framework has been deprecated
    [javac]             Assert.assertEquals(msg, actual, expected, relativeError);
    [javac]             ^
    [javac] /tmp/run_mutation.pl_125535_1501599879/104f/src/test/org/apache/commons/math/TestUtils.java:202: warning: [deprecation] Assert in junit.framework has been deprecated
    [javac]             Assert.assertEquals(msg, 0.0, x, relativeError);
    [javac]             ^
    [javac] /tmp/run_mutation.pl_125535_1501599879/104f/src/test/org/apache/commons/math/TestUtils.java:228: warning: [deprecation] Assert in junit.framework has been deprecated
    [javac]             Assert.fail(msg + 
    [javac]             ^
    [javac] /tmp/run_mutation.pl_125535_1501599879/104f/src/test/org/apache/commons/math/TestUtils.java:267: warning: [deprecation] Assert in junit.framework has been deprecated
    [javac]             Assert.fail(msg + " Unable to find" + x);
    [javac]             ^
    [javac] Note: Some input files use unchecked or unsafe operations.
    [javac] Note: Recompile with -Xlint:unchecked for details.
    [javac] 14 warnings
     [copy] Copying 11 files to /tmp/run_mutation.pl_125535_1501599879/104f/target/test-classes

compile.tests:

update.all.tests:

mutation.test:
     [echo] Running mutation analysis ...
    [junit] MAJOR: Mutation analysis enabled
SLF4J: Failed to load class "org.slf4j.impl.StaticLoggerBinder".
SLF4J: Defaulting to no-operation (NOP) logger implementation
SLF4J: See http://www.slf4j.org/codes.html#StaticLoggerBinder for further details.
    [junit] MAJOR: ------------------------------------------------------------
    [junit] MAJOR: Run 16 ordered tests to verify independence
    [junit] MAJOR: ------------------------------------------------------------
    [junit] MAJOR: Preprocessing time: 2.81 seconds
    [junit] MAJOR: ------------------------------------------------------------
    [junit] MAJOR: Mutants generated: 433
    [junit] MAJOR: Mutants covered:   433 (100.00%)
    [junit] MAJOR: ------------------------------------------------------------
    [junit] MAJOR: Export test map to (testMap.csv)
    [junit] MAJOR: Export coverage map to (covMap.csv)
    [junit] MAJOR: Exclude 0 mutants
    [junit] MAJOR: ------------------------------------------------------------
    [junit] MAJOR: Run mutation analysis with 16 individual tests
    [junit] MAJOR: ------------------------------------------------------------
    [junit] MAJOR: 1/16 - org.apache.commons.math.special.Gamma_ESTest3 (7ms / 64):
    [junit] MAJOR: 6861 (0 / 64 / 64) -> AVG-RTPM: 107ms
    [junit] MAJOR: Mutants killed / live: 0 (0-0-0) / 433
    [junit] MAJOR: ------------------------------------------------------------
    [junit] MAJOR: 2/16 - org.apache.commons.math.special.Gamma_ESTest5 (7ms / 69):
    [junit] MAJOR: 23647 (6 / 69 / 69) -> AVG-RTPM: 243ms
    [junit] MAJOR: Mutants killed / live: 6 (0-6-0) / 427
    [junit] MAJOR: ------------------------------------------------------------
    [junit] MAJOR: 3/16 - org.apache.commons.math.special.Gamma_ESTest2 (8ms / 55):
    [junit] MAJOR: 49715 (0 / 55 / 55) -> AVG-RTPM: 473ms
    [junit] MAJOR: Mutants killed / live: 6 (0-6-0) / 427
    [junit] MAJOR: ------------------------------------------------------------
    [junit] MAJOR: 4/16 - org.apache.commons.math.special.Gamma_ESTest6 (8ms / 87):
    [junit] MAJOR: 119420 (14 / 87 / 87) -> AVG-RTPM: 801ms
    [junit] MAJOR: Mutants killed / live: 20 (0-23-1) / 413
    [junit] MAJOR: ------------------------------------------------------------
    [junit] MAJOR: 5/16 - org.apache.commons.math.special.Gamma_ESTest7 (8ms / 98):
    [junit] MAJOR: 198292 (48 / 98 / 98) -> AVG-RTPM: 804ms
    [junit] MAJOR: Mutants killed / live: 68 (1-69-22) / 365
    [junit] MAJOR: ------------------------------------------------------------
    [junit] MAJOR: 6/16 - org.apache.commons.math.special.Gamma_ESTest9 (8ms / 345):
    [junit] MAJOR: 326858 (279 / 345 / 345) -> AVG-RTPM: 372ms
    [junit] MAJOR: Mutants killed / live: 347 (1-407-30) / 86
    [junit] MAJOR: ------------------------------------------------------------
    [junit] MAJOR: 7/16 - org.apache.commons.math.special.Gamma_ESTest1 (9ms / 98):
    [junit] MAJOR: 360728 (2 / 98 / 98) -> AVG-RTPM: 345ms
    [junit] MAJOR: Mutants killed / live: 349 (1-505-30) / 84
    [junit] MAJOR: ------------------------------------------------------------
    [junit] MAJOR: 8/16 - org.apache.commons.math.special.Gamma_ESTest12 (9ms / 69):
    [junit] MAJOR: 384665 (0 / 69 / 69) -> AVG-RTPM: 346ms
    [junit] MAJOR: Mutants killed / live: 349 (1-574-30) / 84
    [junit] MAJOR: ------------------------------------------------------------
    [junit] MAJOR: 9/16 - org.apache.commons.math.special.Gamma_ESTest14 (9ms / 87):
    [junit] MAJOR: 415062 (0 / 87 / 87) -> AVG-RTPM: 349ms
    [junit] MAJOR: Mutants killed / live: 349 (1-661-30) / 84
    [junit] MAJOR: ------------------------------------------------------------
    [junit] MAJOR: 10/16 - org.apache.commons.math.special.Gamma_ESTest15 (9ms / 362):
    [junit] MAJOR: 541398 (84 / 362 / 362) -> AVG-RTPM: 348ms
    [junit] MAJOR: Mutants killed / live: 433 (1-1023-30) / 0
    [junit] MAJOR: ------------------------------------------------------------
    [junit] MAJOR: 11/16 - org.apache.commons.math.special.Gamma_ESTest8 (9ms / 364):
    [junit] MAJOR: 670375 (0 / 364 / 364) -> AVG-RTPM: 354ms
    [junit] MAJOR: Mutants killed / live: 433 (1-1387-30) / 0
    [junit] MAJOR: ------------------------------------------------------------
    [junit] MAJOR: 12/16 - org.apache.commons.math.special.Gamma_ESTest11 (10ms / 69):
    [junit] MAJOR: 694892 (0 / 69 / 69) -> AVG-RTPM: 355ms
    [junit] MAJOR: Mutants killed / live: 433 (1-1456-30) / 0
    [junit] MAJOR: ------------------------------------------------------------
    [junit] MAJOR: 13/16 - org.apache.commons.math.special.Gamma_ESTest4 (10ms / 69):
    [junit] MAJOR: 719606 (0 / 69 / 69) -> AVG-RTPM: 358ms
    [junit] MAJOR: Mutants killed / live: 433 (1-1525-30) / 0
    [junit] MAJOR: ------------------------------------------------------------
    [junit] MAJOR: 14/16 - org.apache.commons.math.special.Gamma_ESTest13 (11ms / 78):
    [junit] MAJOR: 747869 (0 / 78 / 78) -> AVG-RTPM: 362ms
    [junit] MAJOR: Mutants killed / live: 433 (1-1603-30) / 0
    [junit] MAJOR: ------------------------------------------------------------
    [junit] MAJOR: 15/16 - org.apache.commons.math.special.Gamma_ESTest10 (16ms / 148):
    [junit] MAJOR: 803693 (0 / 148 / 148) -> AVG-RTPM: 377ms
    [junit] MAJOR: Mutants killed / live: 433 (1-1751-30) / 0
    [junit] MAJOR: ------------------------------------------------------------
    [junit] MAJOR: 16/16 - org.apache.commons.math.special.Gamma_ESTest0 (19ms / 78):
    [junit] MAJOR: 833310 (0 / 78 / 78) -> AVG-RTPM: 379ms
    [junit] MAJOR: Mutants killed / live: 433 (1-1829-30) / 0
    [junit] MAJOR: ------------------------------------------------------------
    [junit] MAJOR: Summary:
    [junit] MAJOR: 
    [junit] MAJOR: Analysis time:  833.3 seconds
    [junit] MAJOR: Mutation score: 100.00% (100.00%)
    [junit] MAJOR: Mutants killed / live: 433 (1-1829-30) / 0
    [junit] MAJOR: Mutant executions: 2140
    [junit] MAJOR: ------------------------------------------------------------
    [junit] MAJOR: Export summary of results (to summary.csv)
    [junit] MAJOR: Export mutant kill details (to /tmp/run_mutation.pl_125535_1501599879/104f/kill.csv)
    [junit] MAJOR: Export kill map (to killMap.csv)!

BUILD SUCCESSFUL
Total time: 14 minutes 0 seconds
