
init:

junit-present:

setProxy:

noProxy:
     [echo] Proxy not used.

get-custom-dep-commons-logging.jar:

get-dep-commons-logging.jar:
      [get] Getting: http://www.ibiblio.org/maven/commons-logging/jars/commons-logging-1.0.4.jar
      [get] To: /home/to_donghwan/.maven/repository/commons-logging/jars/commons-logging-1.0.4.jar
      [get] Error opening connection java.io.FileNotFoundException: http://www.ibiblio.org/maven/commons-logging/jars/commons-logging-1.0.4.jar
      [get] Error opening connection java.io.FileNotFoundException: http://www.ibiblio.org/maven/commons-logging/jars/commons-logging-1.0.4.jar
      [get] Error opening connection java.io.FileNotFoundException: http://www.ibiblio.org/maven/commons-logging/jars/commons-logging-1.0.4.jar
      [get] Can't get http://www.ibiblio.org/maven/commons-logging/jars/commons-logging-1.0.4.jar to /home/to_donghwan/.maven/repository/commons-logging/jars/commons-logging-1.0.4.jar

get-custom-dep-commons-discovery.jar:

get-dep-commons-discovery.jar:
      [get] Getting: http://www.ibiblio.org/maven/commons-discovery/jars/commons-discovery-0.2.jar
      [get] To: /home/to_donghwan/.maven/repository/commons-discovery/jars/commons-discovery-0.2.jar
      [get] Error opening connection java.io.FileNotFoundException: http://www.ibiblio.org/maven/commons-discovery/jars/commons-discovery-0.2.jar
      [get] Error opening connection java.io.FileNotFoundException: http://www.ibiblio.org/maven/commons-discovery/jars/commons-discovery-0.2.jar
      [get] Error opening connection java.io.FileNotFoundException: http://www.ibiblio.org/maven/commons-discovery/jars/commons-discovery-0.2.jar
      [get] Can't get http://www.ibiblio.org/maven/commons-discovery/jars/commons-discovery-0.2.jar to /home/to_donghwan/.maven/repository/commons-discovery/jars/commons-discovery-0.2.jar

get-deps:

compile:
    [javac] /tmp/run_mutation.pl_116696_1501595182/104f/build.xml:72: warning: 'includeantruntime' was not set, defaulting to build.sysclasspath=last; set to false for repeatable builds

compile-tests:
    [mkdir] Created dir: /tmp/run_mutation.pl_116696_1501595182/104f/target/test-classes
    [javac] /tmp/run_mutation.pl_116696_1501595182/104f/build.xml:149: warning: 'includeantruntime' was not set, defaulting to build.sysclasspath=last; set to false for repeatable builds
    [javac] Compiling 162 source files to /tmp/run_mutation.pl_116696_1501595182/104f/target/test-classes
    [javac] /tmp/run_mutation.pl_116696_1501595182/104f/src/test/org/apache/commons/math/TestUtils.java:27: warning: [deprecation] Assert in junit.framework has been deprecated
    [javac] import junit.framework.Assert;
    [javac]                       ^
    [javac] /tmp/run_mutation.pl_116696_1501595182/104f/src/test/org/apache/commons/math/TestUtils.java:59: warning: [deprecation] Assert in junit.framework has been deprecated
    [javac]             Assert.assertTrue("" + actual + " is not NaN.",
    [javac]             ^
    [javac] /tmp/run_mutation.pl_116696_1501595182/104f/src/test/org/apache/commons/math/TestUtils.java:62: warning: [deprecation] Assert in junit.framework has been deprecated
    [javac]             Assert.assertEquals(msg, expected, actual, delta);
    [javac]             ^
    [javac] /tmp/run_mutation.pl_116696_1501595182/104f/src/test/org/apache/commons/math/TestUtils.java:96: warning: [deprecation] Assert in junit.framework has been deprecated
    [javac]         Assert.assertEquals(a.length, b.length);
    [javac]         ^
    [javac] /tmp/run_mutation.pl_116696_1501595182/104f/src/test/org/apache/commons/math/TestUtils.java:98: warning: [deprecation] Assert in junit.framework has been deprecated
    [javac]             Assert.assertEquals(a[i], b[i], tolerance);
    [javac]             ^
    [javac] /tmp/run_mutation.pl_116696_1501595182/104f/src/test/org/apache/commons/math/TestUtils.java:162: warning: [deprecation] Assert in junit.framework has been deprecated
    [javac]         Assert.assertEquals("Equals check", object, object2);
    [javac]         ^
    [javac] /tmp/run_mutation.pl_116696_1501595182/104f/src/test/org/apache/commons/math/TestUtils.java:163: warning: [deprecation] Assert in junit.framework has been deprecated
    [javac]         Assert.assertEquals("HashCode check", object.hashCode(), object2.hashCode());
    [javac]         ^
    [javac] /tmp/run_mutation.pl_116696_1501595182/104f/src/test/org/apache/commons/math/TestUtils.java:193: warning: [deprecation] Assert in junit.framework has been deprecated
    [javac]             Assert.assertTrue(msg, Double.isNaN(actual));
    [javac]             ^
    [javac] /tmp/run_mutation.pl_116696_1501595182/104f/src/test/org/apache/commons/math/TestUtils.java:195: warning: [deprecation] Assert in junit.framework has been deprecated
    [javac]             Assert.assertTrue(msg, Double.isNaN(expected));
    [javac]             ^
    [javac] /tmp/run_mutation.pl_116696_1501595182/104f/src/test/org/apache/commons/math/TestUtils.java:197: warning: [deprecation] Assert in junit.framework has been deprecated
    [javac]             Assert.assertEquals(expected, actual, relativeError);
    [javac]             ^
    [javac] /tmp/run_mutation.pl_116696_1501595182/104f/src/test/org/apache/commons/math/TestUtils.java:199: warning: [deprecation] Assert in junit.framework has been deprecated
    [javac]             Assert.assertEquals(msg, actual, expected, relativeError);
    [javac]             ^
    [javac] /tmp/run_mutation.pl_116696_1501595182/104f/src/test/org/apache/commons/math/TestUtils.java:202: warning: [deprecation] Assert in junit.framework has been deprecated
    [javac]             Assert.assertEquals(msg, 0.0, x, relativeError);
    [javac]             ^
    [javac] /tmp/run_mutation.pl_116696_1501595182/104f/src/test/org/apache/commons/math/TestUtils.java:228: warning: [deprecation] Assert in junit.framework has been deprecated
    [javac]             Assert.fail(msg + 
    [javac]             ^
    [javac] /tmp/run_mutation.pl_116696_1501595182/104f/src/test/org/apache/commons/math/TestUtils.java:267: warning: [deprecation] Assert in junit.framework has been deprecated
    [javac]             Assert.fail(msg + " Unable to find" + x);
    [javac]             ^
    [javac] Note: Some input files use unchecked or unsafe operations.
    [javac] Note: Recompile with -Xlint:unchecked for details.
    [javac] 14 warnings
     [copy] Copying 11 files to /tmp/run_mutation.pl_116696_1501595182/104f/target/test-classes

compile.tests:

update.all.tests:

mutation.test:
     [echo] Running mutation analysis ...
    [junit] MAJOR: Mutation analysis enabled
SLF4J: Failed to load class "org.slf4j.impl.StaticLoggerBinder".
SLF4J: Defaulting to no-operation (NOP) logger implementation
SLF4J: See http://www.slf4j.org/codes.html#StaticLoggerBinder for further details.
    [junit] MAJOR: ------------------------------------------------------------
    [junit] MAJOR: Run 16 ordered tests to verify independence
    [junit] MAJOR: ------------------------------------------------------------
    [junit] MAJOR: Preprocessing time: 4.44 seconds
    [junit] MAJOR: ------------------------------------------------------------
    [junit] MAJOR: Mutants generated: 433
    [junit] MAJOR: Mutants covered:   433 (100.00%)
    [junit] MAJOR: ------------------------------------------------------------
    [junit] MAJOR: Export test map to (testMap.csv)
    [junit] MAJOR: Export coverage map to (covMap.csv)
    [junit] MAJOR: Exclude 0 mutants
    [junit] MAJOR: ------------------------------------------------------------
    [junit] MAJOR: Run mutation analysis with 16 individual tests
    [junit] MAJOR: ------------------------------------------------------------
    [junit] MAJOR: 1/16 - org.apache.commons.math.special.Gamma_ESTest5 (7ms / 294):
    [junit] MAJOR: 197760 (98 / 294 / 294) -> AVG-RTPM: 672ms
    [junit] MAJOR: Mutants killed / live: 98 (38-44-16) / 335
    [junit] MAJOR: ------------------------------------------------------------
    [junit] MAJOR: 2/16 - org.apache.commons.math.special.Gamma_ESTest9 (7ms / 345):
    [junit] MAJOR: 417141 (285 / 345 / 345) -> AVG-RTPM: 635ms
    [junit] MAJOR: Mutants killed / live: 383 (41-350-45) / 50
    [junit] MAJOR: ------------------------------------------------------------
    [junit] MAJOR: 3/16 - org.apache.commons.math.special.Gamma_ESTest13 (8ms / 78):
    [junit] MAJOR: 450902 (5 / 78 / 78) -> AVG-RTPM: 432ms
    [junit] MAJOR: Mutants killed / live: 388 (41-428-45) / 45
    [junit] MAJOR: ------------------------------------------------------------
    [junit] MAJOR: 4/16 - org.apache.commons.math.special.Gamma_ESTest2 (8ms / 64):
    [junit] MAJOR: 478829 (2 / 64 / 64) -> AVG-RTPM: 436ms
    [junit] MAJOR: Mutants killed / live: 390 (41-492-45) / 43
    [junit] MAJOR: ------------------------------------------------------------
    [junit] MAJOR: 5/16 - org.apache.commons.math.special.Gamma_ESTest7 (8ms / 98):
    [junit] MAJOR: 521373 (2 / 98 / 98) -> AVG-RTPM: 434ms
    [junit] MAJOR: Mutants killed / live: 392 (41-590-45) / 41
    [junit] MAJOR: ------------------------------------------------------------
    [junit] MAJOR: 6/16 - org.apache.commons.math.special.Gamma_ESTest1 (9ms / 55):
    [junit] MAJOR: 543528 (0 / 55 / 55) -> AVG-RTPM: 402ms
    [junit] MAJOR: Mutants killed / live: 392 (41-645-45) / 41
    [junit] MAJOR: ------------------------------------------------------------
    [junit] MAJOR: 7/16 - org.apache.commons.math.special.Gamma_ESTest6 (9ms / 87):
    [junit] MAJOR: 581122 (0 / 87 / 87) -> AVG-RTPM: 432ms
    [junit] MAJOR: Mutants killed / live: 392 (41-732-45) / 41
    [junit] MAJOR: ------------------------------------------------------------
    [junit] MAJOR: 8/16 - org.apache.commons.math.special.Gamma_ESTest8 (9ms / 48):
    [junit] MAJOR: 601853 (0 / 48 / 48) -> AVG-RTPM: 431ms
    [junit] MAJOR: Mutants killed / live: 392 (41-780-45) / 41
    [junit] MAJOR: ------------------------------------------------------------
    [junit] MAJOR: 9/16 - org.apache.commons.math.special.Gamma_ESTest14 (10ms / 87):
    [junit] MAJOR: 637722 (0 / 87 / 87) -> AVG-RTPM: 412ms
    [junit] MAJOR: Mutants killed / live: 392 (41-867-45) / 41
    [junit] MAJOR: ------------------------------------------------------------
    [junit] MAJOR: 10/16 - org.apache.commons.math.special.Gamma_ESTest11 (12ms / 69):
    [junit] MAJOR: 668392 (0 / 69 / 69) -> AVG-RTPM: 444ms
    [junit] MAJOR: Mutants killed / live: 392 (41-936-45) / 41
    [junit] MAJOR: ------------------------------------------------------------
    [junit] MAJOR: 11/16 - org.apache.commons.math.special.Gamma_ESTest15 (12ms / 98):
    [junit] MAJOR: 711876 (2 / 98 / 98) -> AVG-RTPM: 443ms
    [junit] MAJOR: Mutants killed / live: 394 (41-1034-45) / 39
    [junit] MAJOR: ------------------------------------------------------------
    [junit] MAJOR: 12/16 - org.apache.commons.math.special.Gamma_ESTest3 (13ms / 69):
    [junit] MAJOR: 741395 (0 / 69 / 69) -> AVG-RTPM: 427ms
    [junit] MAJOR: Mutants killed / live: 394 (41-1103-45) / 39
    [junit] MAJOR: ------------------------------------------------------------
    [junit] MAJOR: 13/16 - org.apache.commons.math.special.Gamma_ESTest4 (21ms / 69):
    [junit] MAJOR: 771263 (0 / 69 / 69) -> AVG-RTPM: 432ms
    [junit] MAJOR: Mutants killed / live: 394 (41-1172-45) / 39
    [junit] MAJOR: ------------------------------------------------------------
    [junit] MAJOR: 14/16 - org.apache.commons.math.special.Gamma_ESTest0 (22ms / 78):
    [junit] MAJOR: 804665 (0 / 78 / 78) -> AVG-RTPM: 428ms
    [junit] MAJOR: Mutants killed / live: 394 (41-1250-45) / 39
    [junit] MAJOR: ------------------------------------------------------------
    [junit] MAJOR: 15/16 - org.apache.commons.math.special.Gamma_ESTest12 (27ms / 69):
    [junit] MAJOR: 837087 (0 / 69 / 69) -> AVG-RTPM: 469ms
    [junit] MAJOR: Mutants killed / live: 394 (41-1319-45) / 39
    [junit] MAJOR: ------------------------------------------------------------
    [junit] MAJOR: 16/16 - org.apache.commons.math.special.Gamma_ESTest10 (38ms / 248):
    [junit] MAJOR: 963676 (39 / 248 / 248) -> AVG-RTPM: 510ms
    [junit] MAJOR: Mutants killed / live: 433 (41-1567-45) / 0
    [junit] MAJOR: ------------------------------------------------------------
    [junit] MAJOR: Summary:
    [junit] MAJOR: 
    [junit] MAJOR: Analysis time:  963.7 seconds
    [junit] MAJOR: Mutation score: 100.00% (100.00%)
    [junit] MAJOR: Mutants killed / live: 433 (41-1567-45) / 0
    [junit] MAJOR: Mutant executions: 1856
    [junit] MAJOR: ------------------------------------------------------------
    [junit] MAJOR: Export summary of results (to summary.csv)
    [junit] MAJOR: Export mutant kill details (to /tmp/run_mutation.pl_116696_1501595182/104f/kill.csv)
    [junit] MAJOR: Export kill map (to killMap.csv)!

BUILD SUCCESSFUL
Total time: 16 minutes 15 seconds
